=> creating model 'vgg16'
=> loading checkpoint 'checkpoints/vgg-1/model_best.pth.tar'
=> loaded checkpoint 'checkpoints/vgg-1/model_best.pth.tar' 
read conf from:  conf/vgg.conf
checkpoint dir:  checkpoints/1548934292/
weight information for regulizer based pretrain
[tensor(0.0010, device='cuda:0'), tensor(0.0020, device='cuda:0'), tensor(0.0147, device='cuda:0')] [tensor(9.9296e-06, device='cuda:0'), tensor(3.8676e-05, device='cuda:0'), tensor(0.0001, device='cuda:0')]
Epoch: [0][0/5005]	Time 14.557 (14.557)	Data 2.009 (2.009)	Loss 1.4724 (1.4724)	Acc@1 64.062 (64.062)	Acc@5 86.719 (86.719)
Epoch: [0][500/5005]	Time 0.691 (0.735)	Data 0.000 (0.004)	Loss 1.6490 (1.6027)	Acc@1 59.766 (62.256)	Acc@5 83.203 (83.665)
Epoch: [0][1000/5005]	Time 0.719 (0.723)	Data 0.000 (0.003)	Loss 1.5954 (1.5952)	Acc@1 62.500 (62.484)	Acc@5 81.641 (83.717)
Epoch: [0][1500/5005]	Time 0.716 (0.719)	Data 0.000 (0.002)	Loss 1.2940 (1.5941)	Acc@1 70.703 (62.465)	Acc@5 87.109 (83.716)
Epoch: [0][2000/5005]	Time 0.704 (0.717)	Data 0.000 (0.002)	Loss 1.3396 (1.5954)	Acc@1 65.234 (62.468)	Acc@5 86.328 (83.685)
Epoch: [0][2500/5005]	Time 0.695 (0.716)	Data 0.000 (0.002)	Loss 1.7097 (1.5956)	Acc@1 57.422 (62.424)	Acc@5 82.422 (83.692)
Epoch: [0][3000/5005]	Time 0.719 (0.715)	Data 0.000 (0.002)	Loss 1.5107 (1.5926)	Acc@1 67.188 (62.480)	Acc@5 84.766 (83.728)
Epoch: [0][3500/5005]	Time 0.686 (0.715)	Data 0.000 (0.002)	Loss 1.5518 (1.5922)	Acc@1 64.453 (62.488)	Acc@5 84.766 (83.726)
Epoch: [0][4000/5005]	Time 0.684 (0.714)	Data 0.000 (0.002)	Loss 1.5227 (1.5916)	Acc@1 62.500 (62.503)	Acc@5 85.938 (83.733)
Epoch: [0][4500/5005]	Time 0.712 (0.714)	Data 0.000 (0.002)	Loss 1.6379 (1.5915)	Acc@1 62.891 (62.493)	Acc@5 83.594 (83.741)
Epoch: [0][5000/5005]	Time 0.709 (0.714)	Data 0.000 (0.001)	Loss 1.4705 (1.5902)	Acc@1 63.281 (62.518)	Acc@5 86.328 (83.756)
Test: [0/196]	Time 2.985 (2.985)	Loss 0.6477 (0.6477)	Acc@1 85.156 (85.156)	Acc@5 96.484 (96.484)
 * Acc@1 69.914 Acc@5 89.574
weight information for regulizer based pretrain
[tensor(0.0010, device='cuda:0'), tensor(0.0020, device='cuda:0'), tensor(0.0147, device='cuda:0')] [tensor(9.8998e-06, device='cuda:0'), tensor(3.8605e-05, device='cuda:0'), tensor(0.0001, device='cuda:0')]
Epoch: [1][0/5005]	Time 2.751 (2.751)	Data 1.947 (1.947)	Loss 1.7498 (1.7498)	Acc@1 60.938 (60.938)	Acc@5 78.125 (78.125)
Epoch: [1][500/5005]	Time 0.721 (0.711)	Data 0.000 (0.004)	Loss 1.5103 (1.5943)	Acc@1 64.062 (62.389)	Acc@5 85.938 (83.704)
Epoch: [1][1000/5005]	Time 0.715 (0.711)	Data 0.000 (0.003)	Loss 1.5724 (1.5901)	Acc@1 62.500 (62.451)	Acc@5 85.156 (83.805)
Epoch: [1][1500/5005]	Time 0.693 (0.711)	Data 0.000 (0.002)	Loss 1.7697 (1.5874)	Acc@1 57.812 (62.531)	Acc@5 80.078 (83.834)
Epoch: [1][2000/5005]	Time 0.715 (0.711)	Data 0.000 (0.002)	Loss 1.8695 (1.5851)	Acc@1 57.031 (62.554)	Acc@5 79.297 (83.857)
Epoch: [1][2500/5005]	Time 0.707 (0.711)	Data 0.000 (0.002)	Loss 1.6253 (1.5864)	Acc@1 62.891 (62.533)	Acc@5 83.594 (83.829)
Epoch: [1][3000/5005]	Time 0.714 (0.711)	Data 0.000 (0.002)	Loss 1.5156 (1.5871)	Acc@1 64.062 (62.551)	Acc@5 85.547 (83.820)
Epoch: [1][3500/5005]	Time 0.689 (0.711)	Data 0.000 (0.002)	Loss 1.5406 (1.5886)	Acc@1 67.188 (62.523)	Acc@5 85.156 (83.814)
Epoch: [1][4000/5005]	Time 0.710 (0.711)	Data 0.000 (0.002)	Loss 1.5444 (1.5884)	Acc@1 60.156 (62.520)	Acc@5 84.766 (83.806)
Epoch: [1][4500/5005]	Time 0.709 (0.711)	Data 0.000 (0.002)	Loss 1.6265 (1.5887)	Acc@1 62.109 (62.506)	Acc@5 83.984 (83.798)
Epoch: [1][5000/5005]	Time 0.686 (0.710)	Data 0.000 (0.002)	Loss 1.5361 (1.5897)	Acc@1 63.281 (62.482)	Acc@5 87.109 (83.779)
Test: [0/196]	Time 2.944 (2.944)	Loss 0.6466 (0.6466)	Acc@1 85.156 (85.156)	Acc@5 96.484 (96.484)
 * Acc@1 69.900 Acc@5 89.576
weight information for regulizer based pretrain
[tensor(0.0010, device='cuda:0'), tensor(0.0020, device='cuda:0'), tensor(0.0147, device='cuda:0')] [tensor(9.8699e-06, device='cuda:0'), tensor(3.8532e-05, device='cuda:0'), tensor(0.0001, device='cuda:0')]
Epoch: [2][0/5005]	Time 2.345 (2.345)	Data 2.106 (2.106)	Loss 1.5376 (1.5376)	Acc@1 64.844 (64.844)	Acc@5 83.984 (83.984)
Epoch: [2][500/5005]	Time 0.711 (0.715)	Data 0.000 (0.005)	Loss 1.7315 (1.5827)	Acc@1 59.375 (62.721)	Acc@5 80.859 (83.836)
Epoch: [2][1000/5005]	Time 0.714 (0.713)	Data 0.000 (0.003)	Loss 1.5305 (1.5867)	Acc@1 66.406 (62.632)	Acc@5 83.984 (83.763)
Epoch: [2][1500/5005]	Time 0.725 (0.712)	Data 0.000 (0.003)	Loss 1.6000 (1.5840)	Acc@1 59.375 (62.640)	Acc@5 84.766 (83.778)
Epoch: [2][2000/5005]	Time 0.723 (0.712)	Data 0.000 (0.002)	Loss 1.5481 (1.5876)	Acc@1 61.328 (62.525)	Acc@5 83.594 (83.745)
Epoch: [2][2500/5005]	Time 0.714 (0.711)	Data 0.000 (0.002)	Loss 1.8486 (1.5888)	Acc@1 58.203 (62.496)	Acc@5 78.906 (83.733)
Epoch: [2][3000/5005]	Time 0.719 (0.711)	Data 0.000 (0.002)	Loss 1.3952 (1.5891)	Acc@1 64.062 (62.483)	Acc@5 87.891 (83.734)
Epoch: [2][3500/5005]	Time 0.709 (0.711)	Data 0.000 (0.002)	Loss 1.6347 (1.5869)	Acc@1 60.547 (62.511)	Acc@5 85.938 (83.787)
Epoch: [2][4000/5005]	Time 0.718 (0.711)	Data 0.000 (0.002)	Loss 1.6751 (1.5883)	Acc@1 60.938 (62.510)	Acc@5 83.984 (83.766)
Epoch: [2][4500/5005]	Time 0.707 (0.711)	Data 0.000 (0.002)	Loss 1.5071 (1.5880)	Acc@1 66.406 (62.535)	Acc@5 84.375 (83.767)
Epoch: [2][5000/5005]	Time 0.708 (0.711)	Data 0.000 (0.002)	Loss 1.7058 (1.5884)	Acc@1 58.984 (62.535)	Acc@5 81.250 (83.756)
Test: [0/196]	Time 2.996 (2.996)	Loss 0.6467 (0.6467)	Acc@1 85.156 (85.156)	Acc@5 96.484 (96.484)
 * Acc@1 69.904 Acc@5 89.582
weight information for regulizer based pretrain
[tensor(0.0010, device='cuda:0'), tensor(0.0020, device='cuda:0'), tensor(0.0147, device='cuda:0')] [tensor(9.8402e-06, device='cuda:0'), tensor(3.8460e-05, device='cuda:0'), tensor(0.0001, device='cuda:0')]
Epoch: [3][0/5005]	Time 2.264 (2.264)	Data 2.009 (2.009)	Loss 1.3507 (1.3507)	Acc@1 65.625 (65.625)	Acc@5 87.891 (87.891)
Epoch: [3][500/5005]	Time 0.712 (0.711)	Data 0.000 (0.005)	Loss 1.4854 (1.5893)	Acc@1 64.062 (62.440)	Acc@5 85.156 (83.682)
Epoch: [3][1000/5005]	Time 0.683 (0.711)	Data 0.000 (0.003)	Loss 1.5858 (1.5892)	Acc@1 62.891 (62.457)	Acc@5 85.938 (83.757)
Epoch: [3][1500/5005]	Time 0.724 (0.711)	Data 0.000 (0.003)	Loss 1.5229 (1.5891)	Acc@1 68.359 (62.479)	Acc@5 83.984 (83.775)
Epoch: [3][2000/5005]	Time 0.686 (0.711)	Data 0.000 (0.002)	Loss 1.5524 (1.5889)	Acc@1 64.453 (62.508)	Acc@5 83.203 (83.790)
Epoch: [3][2500/5005]	Time 0.692 (0.711)	Data 0.000 (0.002)	Loss 1.6423 (1.5887)	Acc@1 64.453 (62.532)	Acc@5 83.984 (83.794)
Epoch: [3][3000/5005]	Time 0.694 (0.711)	Data 0.000 (0.002)	Loss 1.4498 (1.5887)	Acc@1 63.281 (62.557)	Acc@5 87.891 (83.792)
Epoch: [3][3500/5005]	Time 0.694 (0.711)	Data 0.000 (0.002)	Loss 1.7208 (1.5888)	Acc@1 61.328 (62.562)	Acc@5 79.688 (83.785)
Epoch: [3][4000/5005]	Time 0.712 (0.711)	Data 0.000 (0.002)	Loss 1.2648 (1.5887)	Acc@1 66.797 (62.565)	Acc@5 88.672 (83.778)
Epoch: [3][4500/5005]	Time 0.698 (0.711)	Data 0.000 (0.002)	Loss 1.5012 (1.5883)	Acc@1 66.406 (62.575)	Acc@5 85.156 (83.775)
Epoch: [3][5000/5005]	Time 0.689 (0.710)	Data 0.000 (0.002)	Loss 1.5026 (1.5880)	Acc@1 64.844 (62.595)	Acc@5 85.547 (83.773)
Test: [0/196]	Time 3.057 (3.057)	Loss 0.6464 (0.6464)	Acc@1 85.156 (85.156)	Acc@5 96.484 (96.484)
 * Acc@1 69.894 Acc@5 89.584
weight information for regulizer based pretrain
[tensor(0.0010, device='cuda:0'), tensor(0.0020, device='cuda:0'), tensor(0.0147, device='cuda:0')] [tensor(9.8106e-06, device='cuda:0'), tensor(3.8388e-05, device='cuda:0'), tensor(0.0001, device='cuda:0')]
Epoch: [4][0/5005]	Time 2.468 (2.468)	Data 2.232 (2.232)	Loss 1.5614 (1.5614)	Acc@1 64.453 (64.453)	Acc@5 82.031 (82.031)
Epoch: [4][500/5005]	Time 0.713 (0.711)	Data 0.000 (0.006)	Loss 1.3843 (1.5942)	Acc@1 66.016 (62.625)	Acc@5 87.500 (83.657)
Epoch: [4][1000/5005]	Time 0.674 (0.711)	Data 0.000 (0.003)	Loss 1.5927 (1.5920)	Acc@1 58.594 (62.553)	Acc@5 84.766 (83.679)
Epoch: [4][1500/5005]	Time 0.744 (0.711)	Data 0.000 (0.003)	Loss 1.7802 (1.5890)	Acc@1 58.594 (62.581)	Acc@5 82.812 (83.697)
Epoch: [4][2000/5005]	Time 0.716 (0.711)	Data 0.000 (0.002)	Loss 1.5449 (1.5883)	Acc@1 61.719 (62.569)	Acc@5 85.156 (83.716)
Epoch: [4][2500/5005]	Time 0.690 (0.711)	Data 0.000 (0.002)	Loss 1.4637 (1.5894)	Acc@1 62.891 (62.540)	Acc@5 85.938 (83.715)
Epoch: [4][3000/5005]	Time 0.706 (0.711)	Data 0.000 (0.002)	Loss 1.5530 (1.5885)	Acc@1 62.500 (62.564)	Acc@5 83.984 (83.739)
Epoch: [4][3500/5005]	Time 0.712 (0.711)	Data 0.000 (0.002)	Loss 1.5469 (1.5890)	Acc@1 65.234 (62.559)	Acc@5 82.422 (83.731)
Epoch: [4][4000/5005]	Time 0.717 (0.711)	Data 0.000 (0.002)	Loss 1.6559 (1.5884)	Acc@1 60.938 (62.577)	Acc@5 83.594 (83.745)
Epoch: [4][4500/5005]	Time 0.689 (0.711)	Data 0.000 (0.002)	Loss 1.5445 (1.5876)	Acc@1 65.625 (62.602)	Acc@5 85.156 (83.748)
Epoch: [4][5000/5005]	Time 0.717 (0.711)	Data 0.000 (0.002)	Loss 1.5408 (1.5882)	Acc@1 61.719 (62.594)	Acc@5 85.156 (83.735)
Test: [0/196]	Time 2.958 (2.958)	Loss 0.6453 (0.6453)	Acc@1 85.547 (85.547)	Acc@5 96.484 (96.484)
 * Acc@1 69.948 Acc@5 89.568
weight information for regulizer based pretrain
[tensor(0.0010, device='cuda:0'), tensor(0.0020, device='cuda:0'), tensor(0.0147, device='cuda:0')] [tensor(9.7810e-06, device='cuda:0'), tensor(3.8316e-05, device='cuda:0'), tensor(0.0001, device='cuda:0')]
Epoch: [5][0/5005]	Time 2.431 (2.431)	Data 2.168 (2.168)	Loss 1.6329 (1.6329)	Acc@1 62.109 (62.109)	Acc@5 82.422 (82.422)
Epoch: [5][500/5005]	Time 0.713 (0.713)	Data 0.000 (0.005)	Loss 1.6989 (1.5813)	Acc@1 59.375 (62.513)	Acc@5 82.031 (83.941)
Epoch: [5][1000/5005]	Time 0.713 (0.712)	Data 0.000 (0.003)	Loss 1.6871 (1.5841)	Acc@1 58.984 (62.549)	Acc@5 80.469 (83.873)
Epoch: [5][1500/5005]	Time 0.707 (0.712)	Data 0.000 (0.003)	Loss 1.6665 (1.5883)	Acc@1 60.156 (62.521)	Acc@5 83.203 (83.792)
Epoch: [5][2000/5005]	Time 0.719 (0.711)	Data 0.000 (0.002)	Loss 1.4607 (1.5892)	Acc@1 68.359 (62.496)	Acc@5 84.766 (83.785)
Epoch: [5][2500/5005]	Time 0.710 (0.711)	Data 0.000 (0.002)	Loss 1.6849 (1.5902)	Acc@1 61.719 (62.459)	Acc@5 80.078 (83.766)
Epoch: [5][3000/5005]	Time 0.718 (0.711)	Data 0.000 (0.002)	Loss 1.4835 (1.5896)	Acc@1 65.234 (62.477)	Acc@5 87.891 (83.777)
Epoch: [5][3500/5005]	Time 0.718 (0.711)	Data 0.000 (0.002)	Loss 1.5027 (1.5885)	Acc@1 66.797 (62.500)	Acc@5 85.156 (83.782)
Epoch: [5][4000/5005]	Time 0.721 (0.711)	Data 0.000 (0.002)	Loss 1.6740 (1.5890)	Acc@1 59.766 (62.485)	Acc@5 83.594 (83.775)
Epoch: [5][4500/5005]	Time 0.690 (0.711)	Data 0.000 (0.002)	Loss 1.5021 (1.5882)	Acc@1 65.234 (62.514)	Acc@5 85.156 (83.775)
Epoch: [5][5000/5005]	Time 0.710 (0.711)	Data 0.000 (0.002)	Loss 1.4548 (1.5882)	Acc@1 66.406 (62.512)	Acc@5 86.719 (83.774)
Test: [0/196]	Time 3.022 (3.022)	Loss 0.6431 (0.6431)	Acc@1 85.156 (85.156)	Acc@5 96.484 (96.484)
 * Acc@1 69.920 Acc@5 89.588
weight information for regulizer based pretrain
[tensor(0.0010, device='cuda:0'), tensor(0.0020, device='cuda:0'), tensor(0.0147, device='cuda:0')] [tensor(9.7516e-06, device='cuda:0'), tensor(3.8244e-05, device='cuda:0'), tensor(0.0001, device='cuda:0')]
Epoch: [6][0/5005]	Time 2.438 (2.438)	Data 2.205 (2.205)	Loss 1.4799 (1.4799)	Acc@1 67.578 (67.578)	Acc@5 83.594 (83.594)
Epoch: [6][500/5005]	Time 0.705 (0.712)	Data 0.000 (0.006)	Loss 1.5618 (1.5738)	Acc@1 66.406 (62.799)	Acc@5 84.375 (83.963)
Epoch: [6][1000/5005]	Time 0.679 (0.711)	Data 0.000 (0.003)	Loss 1.7514 (1.5789)	Acc@1 55.078 (62.667)	Acc@5 80.078 (83.899)
Epoch: [6][1500/5005]	Time 0.688 (0.711)	Data 0.000 (0.003)	Loss 1.6600 (1.5795)	Acc@1 58.984 (62.684)	Acc@5 83.203 (83.865)
Epoch: [6][2000/5005]	Time 0.727 (0.711)	Data 0.000 (0.002)	Loss 1.3290 (1.5821)	Acc@1 65.234 (62.658)	Acc@5 87.500 (83.842)
Epoch: [6][2500/5005]	Time 0.681 (0.710)	Data 0.000 (0.002)	Loss 1.7075 (1.5834)	Acc@1 57.422 (62.627)	Acc@5 83.984 (83.818)
Epoch: [6][3000/5005]	Time 0.718 (0.710)	Data 0.000 (0.002)	Loss 1.6626 (1.5833)	Acc@1 62.500 (62.632)	Acc@5 82.031 (83.823)
Epoch: [6][3500/5005]	Time 0.692 (0.710)	Data 0.000 (0.002)	Loss 1.7324 (1.5842)	Acc@1 61.328 (62.614)	Acc@5 80.469 (83.796)
Epoch: [6][4000/5005]	Time 0.716 (0.710)	Data 0.000 (0.002)	Loss 1.5897 (1.5839)	Acc@1 64.062 (62.615)	Acc@5 83.984 (83.794)
Epoch: [6][4500/5005]	Time 0.714 (0.710)	Data 0.000 (0.002)	Loss 1.6551 (1.5839)	Acc@1 61.328 (62.618)	Acc@5 83.203 (83.792)
Epoch: [6][5000/5005]	Time 0.711 (0.710)	Data 0.000 (0.002)	Loss 1.5818 (1.5837)	Acc@1 62.109 (62.623)	Acc@5 83.984 (83.805)
Test: [0/196]	Time 3.001 (3.001)	Loss 0.6429 (0.6429)	Acc@1 85.156 (85.156)	Acc@5 96.484 (96.484)
 * Acc@1 69.910 Acc@5 89.586
weight information for regulizer based pretrain
[tensor(0.0010, device='cuda:0'), tensor(0.0020, device='cuda:0'), tensor(0.0147, device='cuda:0')] [tensor(9.7224e-06, device='cuda:0'), tensor(3.8173e-05, device='cuda:0'), tensor(0.0001, device='cuda:0')]
Epoch: [7][0/5005]	Time 2.323 (2.323)	Data 2.092 (2.092)	Loss 1.8508 (1.8508)	Acc@1 55.859 (55.859)	Acc@5 82.031 (82.031)
Epoch: [7][500/5005]	Time 0.715 (0.710)	Data 0.000 (0.005)	Loss 1.6537 (1.5838)	Acc@1 64.453 (62.717)	Acc@5 83.984 (83.836)
Epoch: [7][1000/5005]	Time 0.714 (0.710)	Data 0.000 (0.003)	Loss 1.6108 (1.5818)	Acc@1 60.938 (62.761)	Acc@5 85.547 (83.861)
Epoch: [7][1500/5005]	Time 0.687 (0.710)	Data 0.000 (0.003)	Loss 1.5235 (1.5809)	Acc@1 60.938 (62.757)	Acc@5 86.719 (83.856)
Epoch: [7][2000/5005]	Time 0.721 (0.710)	Data 0.000 (0.002)	Loss 1.6162 (1.5834)	Acc@1 60.547 (62.677)	Acc@5 81.250 (83.827)
Epoch: [7][2500/5005]	Time 0.717 (0.710)	Data 0.000 (0.002)	Loss 1.6154 (1.5842)	Acc@1 58.594 (62.645)	Acc@5 83.594 (83.803)
Epoch: [7][3000/5005]	Time 0.690 (0.710)	Data 0.000 (0.002)	Loss 1.5453 (1.5843)	Acc@1 62.891 (62.660)	Acc@5 83.594 (83.790)
Epoch: [7][3500/5005]	Time 0.720 (0.710)	Data 0.000 (0.002)	Loss 1.5888 (1.5853)	Acc@1 62.109 (62.638)	Acc@5 80.859 (83.767)
Epoch: [7][4000/5005]	Time 0.716 (0.710)	Data 0.000 (0.002)	Loss 1.6480 (1.5850)	Acc@1 63.281 (62.646)	Acc@5 81.641 (83.770)
Epoch: [7][4500/5005]	Time 0.715 (0.710)	Data 0.000 (0.002)	Loss 1.6019 (1.5850)	Acc@1 63.281 (62.656)	Acc@5 82.031 (83.773)
Epoch: [7][5000/5005]	Time 0.710 (0.710)	Data 0.000 (0.002)	Loss 1.4905 (1.5858)	Acc@1 64.062 (62.626)	Acc@5 85.547 (83.762)
Test: [0/196]	Time 3.059 (3.059)	Loss 0.6440 (0.6440)	Acc@1 85.547 (85.547)	Acc@5 96.484 (96.484)
 * Acc@1 69.928 Acc@5 89.580
weight information for regulizer based pretrain
[tensor(0.0010, device='cuda:0'), tensor(0.0020, device='cuda:0'), tensor(0.0147, device='cuda:0')] [tensor(9.6931e-06, device='cuda:0'), tensor(3.8101e-05, device='cuda:0'), tensor(0.0001, device='cuda:0')]
Epoch: [8][0/5005]	Time 2.443 (2.443)	Data 2.211 (2.211)	Loss 1.6275 (1.6275)	Acc@1 60.547 (60.547)	Acc@5 82.422 (82.422)
Epoch: [8][500/5005]	Time 0.710 (0.710)	Data 0.000 (0.006)	Loss 1.6067 (1.5873)	Acc@1 58.594 (62.525)	Acc@5 84.375 (83.825)
Epoch: [8][1000/5005]	Time 0.713 (0.711)	Data 0.000 (0.003)	Loss 1.6898 (1.5889)	Acc@1 60.156 (62.537)	Acc@5 82.812 (83.781)
Epoch: [8][1500/5005]	Time 0.719 (0.710)	Data 0.000 (0.003)	Loss 1.5470 (1.5836)	Acc@1 64.062 (62.612)	Acc@5 84.375 (83.838)
Epoch: [8][2000/5005]	Time 0.691 (0.710)	Data 0.000 (0.002)	Loss 1.6845 (1.5853)	Acc@1 60.547 (62.603)	Acc@5 82.812 (83.799)
Epoch: [8][2500/5005]	Time 0.711 (0.710)	Data 0.000 (0.002)	Loss 1.4186 (1.5836)	Acc@1 68.750 (62.633)	Acc@5 85.156 (83.826)
Epoch: [8][3000/5005]	Time 0.693 (0.711)	Data 0.000 (0.002)	Loss 1.6717 (1.5838)	Acc@1 58.594 (62.645)	Acc@5 82.422 (83.825)
Epoch: [8][3500/5005]	Time 0.715 (0.711)	Data 0.000 (0.002)	Loss 1.4389 (1.5840)	Acc@1 65.234 (62.623)	Acc@5 87.109 (83.806)
Epoch: [8][4000/5005]	Time 0.709 (0.711)	Data 0.000 (0.002)	Loss 1.6339 (1.5837)	Acc@1 59.375 (62.629)	Acc@5 82.031 (83.818)
Epoch: [8][4500/5005]	Time 0.714 (0.711)	Data 0.000 (0.002)	Loss 1.5854 (1.5830)	Acc@1 58.984 (62.643)	Acc@5 81.641 (83.835)
Epoch: [8][5000/5005]	Time 0.725 (0.711)	Data 0.000 (0.002)	Loss 1.6916 (1.5837)	Acc@1 60.547 (62.634)	Acc@5 82.031 (83.817)
Test: [0/196]	Time 2.980 (2.980)	Loss 0.6437 (0.6437)	Acc@1 85.547 (85.547)	Acc@5 96.484 (96.484)
 * Acc@1 69.908 Acc@5 89.584
weight information for regulizer based pretrain
[tensor(0.0010, device='cuda:0'), tensor(0.0020, device='cuda:0'), tensor(0.0147, device='cuda:0')] [tensor(9.6641e-06, device='cuda:0'), tensor(3.8030e-05, device='cuda:0'), tensor(0.0001, device='cuda:0')]
Epoch: [9][0/5005]	Time 2.567 (2.567)	Data 2.336 (2.336)	Loss 1.4611 (1.4611)	Acc@1 59.766 (59.766)	Acc@5 86.328 (86.328)
Epoch: [9][500/5005]	Time 0.705 (0.711)	Data 0.000 (0.006)	Loss 1.4792 (1.5949)	Acc@1 69.141 (62.429)	Acc@5 83.984 (83.566)
Epoch: [9][1000/5005]	Time 0.716 (0.711)	Data 0.000 (0.004)	Loss 1.6513 (1.5910)	Acc@1 56.250 (62.460)	Acc@5 83.984 (83.640)
Epoch: [9][1500/5005]	Time 0.712 (0.711)	Data 0.000 (0.003)	Loss 1.3228 (1.5896)	Acc@1 66.016 (62.511)	Acc@5 87.500 (83.703)
Epoch: [9][2000/5005]	Time 0.703 (0.711)	Data 0.000 (0.002)	Loss 1.4718 (1.5858)	Acc@1 64.062 (62.573)	Acc@5 83.984 (83.761)
Epoch: [9][2500/5005]	Time 0.691 (0.711)	Data 0.000 (0.002)	Loss 1.7106 (1.5856)	Acc@1 61.328 (62.557)	Acc@5 80.469 (83.758)
Epoch: [9][3000/5005]	Time 0.716 (0.711)	Data 0.000 (0.002)	Loss 1.6641 (1.5854)	Acc@1 61.719 (62.584)	Acc@5 80.859 (83.759)
Epoch: [9][3500/5005]	Time 0.701 (0.711)	Data 0.000 (0.002)	Loss 1.5661 (1.5856)	Acc@1 62.500 (62.588)	Acc@5 84.766 (83.781)
Epoch: [9][4000/5005]	Time 0.707 (0.711)	Data 0.000 (0.002)	Loss 1.7182 (1.5856)	Acc@1 53.516 (62.589)	Acc@5 81.641 (83.788)
Epoch: [9][4500/5005]	Time 0.693 (0.711)	Data 0.000 (0.002)	Loss 1.7237 (1.5852)	Acc@1 58.984 (62.581)	Acc@5 82.812 (83.805)
Epoch: [9][5000/5005]	Time 0.691 (0.710)	Data 0.000 (0.002)	Loss 1.8802 (1.5851)	Acc@1 54.297 (62.579)	Acc@5 80.469 (83.801)
Test: [0/196]	Time 3.066 (3.066)	Loss 0.6438 (0.6438)	Acc@1 85.547 (85.547)	Acc@5 96.484 (96.484)
 * Acc@1 69.942 Acc@5 89.588
