=> creating model 'vgg16'
=> loading checkpoint 'checkpoints/vgg-5/model_best.pth.tar'
=> loaded checkpoint 'checkpoints/vgg-5/model_best.pth.tar' 
read conf from:  conf/vgg.conf
checkpoint dir:  checkpoints/1549357606/
weight information for regulizer based pretrain
[tensor(0.0005, device='cuda:0'), tensor(0.0011, device='cuda:0'), tensor(0.0147, device='cuda:0')] [tensor(6.6093e-06, device='cuda:0'), tensor(2.8278e-05, device='cuda:0'), tensor(0.0001, device='cuda:0')]
Epoch: [0][0/5005]	Time 20.082 (20.082)	Data 2.151 (2.151)	Loss 2.1271 (2.1271)	Acc@1 53.125 (53.125)	Acc@5 75.391 (75.391)
Epoch: [0][500/5005]	Time 0.711 (0.746)	Data 0.000 (0.005)	Loss 1.9052 (2.0465)	Acc@1 56.641 (52.628)	Acc@5 76.172 (76.860)
Epoch: [0][1000/5005]	Time 0.710 (0.727)	Data 0.000 (0.003)	Loss 1.6975 (1.9898)	Acc@1 60.938 (53.728)	Acc@5 82.422 (77.759)
Epoch: [0][1500/5005]	Time 0.711 (0.721)	Data 0.000 (0.002)	Loss 1.9549 (1.9567)	Acc@1 57.031 (54.460)	Acc@5 77.344 (78.328)
Epoch: [0][2000/5005]	Time 0.702 (0.718)	Data 0.000 (0.002)	Loss 2.1423 (1.9345)	Acc@1 51.172 (54.908)	Acc@5 76.562 (78.684)
Epoch: [0][2500/5005]	Time 0.704 (0.716)	Data 0.000 (0.002)	Loss 1.9021 (1.9181)	Acc@1 54.688 (55.281)	Acc@5 78.906 (78.940)
Epoch: [0][3000/5005]	Time 0.715 (0.715)	Data 0.000 (0.002)	Loss 1.7718 (1.9050)	Acc@1 58.594 (55.565)	Acc@5 81.641 (79.167)
Epoch: [0][3500/5005]	Time 0.716 (0.714)	Data 0.000 (0.002)	Loss 1.7885 (1.8948)	Acc@1 58.203 (55.794)	Acc@5 78.906 (79.339)
Epoch: [0][4000/5005]	Time 0.717 (0.713)	Data 0.000 (0.002)	Loss 1.6860 (1.8870)	Acc@1 56.641 (56.005)	Acc@5 84.766 (79.472)
Epoch: [0][4500/5005]	Time 0.687 (0.712)	Data 0.000 (0.002)	Loss 1.9127 (1.8792)	Acc@1 54.297 (56.182)	Acc@5 78.516 (79.603)
Epoch: [0][5000/5005]	Time 0.723 (0.712)	Data 0.000 (0.002)	Loss 1.8835 (1.8727)	Acc@1 57.422 (56.337)	Acc@5 79.688 (79.723)
Test: [0/196]	Time 3.091 (3.091)	Loss 0.6960 (0.6960)	Acc@1 82.812 (82.812)	Acc@5 96.094 (96.094)
 * Acc@1 67.560 Acc@5 88.352
weight information for regulizer based pretrain
[tensor(0.0005, device='cuda:0'), tensor(0.0011, device='cuda:0'), tensor(0.0147, device='cuda:0')] [tensor(6.6761e-06, device='cuda:0'), tensor(2.8731e-05, device='cuda:0'), tensor(0.0001, device='cuda:0')]
Epoch: [1][0/5005]	Time 3.220 (3.220)	Data 2.464 (2.464)	Loss 1.7072 (1.7072)	Acc@1 61.719 (61.719)	Acc@5 82.812 (82.812)
Epoch: [1][500/5005]	Time 0.709 (0.713)	Data 0.000 (0.005)	Loss 1.8167 (1.8152)	Acc@1 58.594 (57.659)	Acc@5 78.906 (80.613)
Epoch: [1][1000/5005]	Time 0.714 (0.711)	Data 0.000 (0.003)	Loss 1.8620 (1.8129)	Acc@1 59.375 (57.733)	Acc@5 81.641 (80.726)
Epoch: [1][1500/5005]	Time 0.692 (0.710)	Data 0.000 (0.003)	Loss 1.9222 (1.8095)	Acc@1 61.719 (57.841)	Acc@5 78.516 (80.775)
Epoch: [1][2000/5005]	Time 0.730 (0.709)	Data 0.000 (0.002)	Loss 1.9097 (1.8068)	Acc@1 62.109 (57.891)	Acc@5 75.781 (80.807)
Epoch: [1][2500/5005]	Time 0.709 (0.709)	Data 0.000 (0.002)	Loss 1.7969 (1.8032)	Acc@1 60.938 (57.980)	Acc@5 78.906 (80.858)
Epoch: [1][3000/5005]	Time 0.712 (0.709)	Data 0.000 (0.002)	Loss 1.8179 (1.8020)	Acc@1 63.281 (58.015)	Acc@5 80.859 (80.885)
Epoch: [1][3500/5005]	Time 0.691 (0.708)	Data 0.000 (0.002)	Loss 1.8424 (1.7987)	Acc@1 55.859 (58.095)	Acc@5 80.469 (80.928)
Epoch: [1][4000/5005]	Time 0.706 (0.708)	Data 0.000 (0.002)	Loss 1.6967 (1.7967)	Acc@1 57.812 (58.144)	Acc@5 85.547 (80.950)
Epoch: [1][4500/5005]	Time 0.709 (0.708)	Data 0.000 (0.002)	Loss 1.9023 (1.7945)	Acc@1 51.562 (58.182)	Acc@5 81.641 (80.987)
Epoch: [1][5000/5005]	Time 0.714 (0.708)	Data 0.000 (0.002)	Loss 1.7380 (1.7925)	Acc@1 62.109 (58.209)	Acc@5 80.469 (81.009)
Test: [0/196]	Time 3.119 (3.119)	Loss 0.6790 (0.6790)	Acc@1 83.203 (83.203)	Acc@5 96.484 (96.484)
 * Acc@1 67.844 Acc@5 88.518
weight information for regulizer based pretrain
[tensor(0.0005, device='cuda:0'), tensor(0.0011, device='cuda:0'), tensor(0.0147, device='cuda:0')] [tensor(6.7837e-06, device='cuda:0'), tensor(2.9448e-05, device='cuda:0'), tensor(0.0001, device='cuda:0')]
Epoch: [2][0/5005]	Time 2.348 (2.348)	Data 2.079 (2.079)	Loss 1.7331 (1.7331)	Acc@1 56.250 (56.250)	Acc@5 83.984 (83.984)
Epoch: [2][500/5005]	Time 0.707 (0.713)	Data 0.000 (0.005)	Loss 1.7625 (1.7708)	Acc@1 55.859 (58.640)	Acc@5 79.688 (81.236)
Epoch: [2][1000/5005]	Time 0.714 (0.712)	Data 0.000 (0.003)	Loss 1.8317 (1.7674)	Acc@1 56.641 (58.676)	Acc@5 80.078 (81.312)
Epoch: [2][1500/5005]	Time 0.708 (0.711)	Data 0.000 (0.003)	Loss 1.8660 (1.7696)	Acc@1 58.203 (58.656)	Acc@5 81.250 (81.304)
Epoch: [2][2000/5005]	Time 0.726 (0.710)	Data 0.000 (0.002)	Loss 2.1366 (1.7690)	Acc@1 51.953 (58.711)	Acc@5 73.047 (81.277)
Epoch: [2][2500/5005]	Time 0.691 (0.710)	Data 0.000 (0.002)	Loss 1.7842 (1.7674)	Acc@1 56.641 (58.784)	Acc@5 82.422 (81.314)
Epoch: [2][3000/5005]	Time 0.708 (0.709)	Data 0.000 (0.002)	Loss 1.6258 (1.7676)	Acc@1 63.281 (58.776)	Acc@5 83.594 (81.305)
Epoch: [2][3500/5005]	Time 0.715 (0.709)	Data 0.000 (0.002)	Loss 1.7824 (1.7667)	Acc@1 58.984 (58.802)	Acc@5 79.688 (81.317)
Epoch: [2][4000/5005]	Time 0.661 (0.709)	Data 0.000 (0.002)	Loss 1.7851 (1.7660)	Acc@1 55.859 (58.795)	Acc@5 80.469 (81.335)
Epoch: [2][4500/5005]	Time 0.713 (0.708)	Data 0.000 (0.002)	Loss 1.7818 (1.7658)	Acc@1 57.031 (58.808)	Acc@5 81.641 (81.349)
Epoch: [2][5000/5005]	Time 0.708 (0.708)	Data 0.000 (0.002)	Loss 1.7777 (1.7654)	Acc@1 56.641 (58.802)	Acc@5 80.078 (81.361)
Test: [0/196]	Time 3.273 (3.273)	Loss 0.6786 (0.6786)	Acc@1 82.422 (82.422)	Acc@5 96.484 (96.484)
 * Acc@1 68.002 Acc@5 88.608
weight information for regulizer based pretrain
[tensor(0.0005, device='cuda:0'), tensor(0.0011, device='cuda:0'), tensor(0.0147, device='cuda:0')] [tensor(6.8838e-06, device='cuda:0'), tensor(3.0120e-05, device='cuda:0'), tensor(0.0001, device='cuda:0')]
Epoch: [3][0/5005]	Time 2.516 (2.516)	Data 2.241 (2.241)	Loss 1.7424 (1.7424)	Acc@1 58.594 (58.594)	Acc@5 80.469 (80.469)
Epoch: [3][500/5005]	Time 0.739 (0.712)	Data 0.000 (0.006)	Loss 1.7597 (1.7589)	Acc@1 60.156 (59.040)	Acc@5 79.297 (81.376)
Epoch: [3][1000/5005]	Time 0.692 (0.710)	Data 0.000 (0.003)	Loss 1.6406 (1.7564)	Acc@1 61.719 (59.035)	Acc@5 81.641 (81.388)
Epoch: [3][1500/5005]	Time 0.712 (0.709)	Data 0.000 (0.003)	Loss 1.9100 (1.7538)	Acc@1 58.203 (59.052)	Acc@5 81.250 (81.426)
Epoch: [3][2000/5005]	Time 0.713 (0.708)	Data 0.000 (0.002)	Loss 1.8490 (1.7522)	Acc@1 57.031 (59.088)	Acc@5 79.688 (81.462)
Epoch: [3][2500/5005]	Time 0.716 (0.708)	Data 0.000 (0.002)	Loss 1.7833 (1.7531)	Acc@1 59.375 (59.056)	Acc@5 80.859 (81.463)
Epoch: [3][3000/5005]	Time 0.710 (0.708)	Data 0.000 (0.002)	Loss 1.6646 (1.7529)	Acc@1 63.281 (59.057)	Acc@5 84.375 (81.476)
Epoch: [3][3500/5005]	Time 0.715 (0.708)	Data 0.000 (0.002)	Loss 1.7734 (1.7512)	Acc@1 59.375 (59.105)	Acc@5 79.688 (81.503)
Epoch: [3][4000/5005]	Time 0.710 (0.708)	Data 0.000 (0.002)	Loss 1.6861 (1.7502)	Acc@1 60.938 (59.136)	Acc@5 80.078 (81.527)
Epoch: [3][4500/5005]	Time 0.706 (0.708)	Data 0.000 (0.002)	Loss 1.7656 (1.7496)	Acc@1 59.375 (59.123)	Acc@5 82.031 (81.538)
Epoch: [3][5000/5005]	Time 0.708 (0.708)	Data 0.000 (0.002)	Loss 1.6745 (1.7482)	Acc@1 62.109 (59.154)	Acc@5 80.078 (81.565)
Test: [0/196]	Time 3.041 (3.041)	Loss 0.6730 (0.6730)	Acc@1 82.422 (82.422)	Acc@5 96.484 (96.484)
 * Acc@1 68.194 Acc@5 88.656
weight information for regulizer based pretrain
[tensor(0.0005, device='cuda:0'), tensor(0.0011, device='cuda:0'), tensor(0.0147, device='cuda:0')] [tensor(6.9773e-06, device='cuda:0'), tensor(3.0751e-05, device='cuda:0'), tensor(0.0001, device='cuda:0')]
Epoch: [4][0/5005]	Time 2.562 (2.562)	Data 2.326 (2.326)	Loss 1.6851 (1.6851)	Acc@1 59.766 (59.766)	Acc@5 83.984 (83.984)
Epoch: [4][500/5005]	Time 0.692 (0.713)	Data 0.000 (0.006)	Loss 1.7664 (1.7357)	Acc@1 62.109 (59.426)	Acc@5 82.031 (81.672)
Epoch: [4][1000/5005]	Time 0.707 (0.711)	Data 0.000 (0.004)	Loss 1.7346 (1.7354)	Acc@1 62.500 (59.406)	Acc@5 81.250 (81.754)
Epoch: [4][1500/5005]	Time 0.707 (0.710)	Data 0.000 (0.003)	Loss 1.7847 (1.7375)	Acc@1 57.812 (59.363)	Acc@5 82.812 (81.725)
Epoch: [4][2000/5005]	Time 0.707 (0.709)	Data 0.000 (0.002)	Loss 1.7085 (1.7368)	Acc@1 65.625 (59.415)	Acc@5 80.078 (81.728)
Epoch: [4][2500/5005]	Time 0.692 (0.709)	Data 0.000 (0.002)	Loss 1.8312 (1.7358)	Acc@1 56.641 (59.413)	Acc@5 82.031 (81.757)
Epoch: [4][3000/5005]	Time 0.694 (0.709)	Data 0.000 (0.002)	Loss 1.8633 (1.7336)	Acc@1 53.125 (59.430)	Acc@5 78.125 (81.792)
Epoch: [4][3500/5005]	Time 0.692 (0.709)	Data 0.000 (0.002)	Loss 1.9943 (1.7331)	Acc@1 55.859 (59.439)	Acc@5 74.609 (81.803)
Epoch: [4][4000/5005]	Time 0.715 (0.709)	Data 0.000 (0.002)	Loss 1.8056 (1.7333)	Acc@1 58.594 (59.414)	Acc@5 83.984 (81.790)
Epoch: [4][4500/5005]	Time 0.723 (0.708)	Data 0.000 (0.002)	Loss 1.7320 (1.7331)	Acc@1 59.766 (59.436)	Acc@5 82.031 (81.795)
Epoch: [4][5000/5005]	Time 0.707 (0.708)	Data 0.000 (0.002)	Loss 1.6652 (1.7327)	Acc@1 59.766 (59.454)	Acc@5 83.594 (81.790)
Test: [0/196]	Time 3.059 (3.059)	Loss 0.6687 (0.6687)	Acc@1 82.422 (82.422)	Acc@5 96.484 (96.484)
 * Acc@1 68.228 Acc@5 88.704
weight information for regulizer based pretrain
[tensor(0.0005, device='cuda:0'), tensor(0.0011, device='cuda:0'), tensor(0.0147, device='cuda:0')] [tensor(7.0662e-06, device='cuda:0'), tensor(3.1354e-05, device='cuda:0'), tensor(0.0001, device='cuda:0')]
Epoch: [5][0/5005]	Time 2.188 (2.188)	Data 1.952 (1.952)	Loss 1.7484 (1.7484)	Acc@1 61.719 (61.719)	Acc@5 80.859 (80.859)
Epoch: [5][500/5005]	Time 0.716 (0.711)	Data 0.000 (0.005)	Loss 1.7242 (1.7338)	Acc@1 65.234 (59.542)	Acc@5 82.422 (81.748)
Epoch: [5][1000/5005]	Time 0.693 (0.709)	Data 0.000 (0.003)	Loss 1.5721 (1.7346)	Acc@1 62.891 (59.503)	Acc@5 84.766 (81.691)
Epoch: [5][1500/5005]	Time 0.714 (0.708)	Data 0.000 (0.003)	Loss 1.9260 (1.7330)	Acc@1 57.031 (59.545)	Acc@5 77.734 (81.756)
Epoch: [5][2000/5005]	Time 0.692 (0.708)	Data 0.000 (0.002)	Loss 1.5161 (1.7301)	Acc@1 62.109 (59.624)	Acc@5 86.328 (81.824)
Epoch: [5][2500/5005]	Time 0.690 (0.708)	Data 0.000 (0.002)	Loss 1.5994 (1.7313)	Acc@1 60.547 (59.566)	Acc@5 83.594 (81.811)
Epoch: [5][3000/5005]	Time 0.692 (0.708)	Data 0.000 (0.002)	Loss 1.7152 (1.7297)	Acc@1 62.109 (59.588)	Acc@5 82.422 (81.846)
Epoch: [5][3500/5005]	Time 0.717 (0.708)	Data 0.000 (0.002)	Loss 1.6325 (1.7290)	Acc@1 60.547 (59.594)	Acc@5 84.375 (81.856)
Epoch: [5][4000/5005]	Time 0.689 (0.708)	Data 0.000 (0.002)	Loss 2.1054 (1.7281)	Acc@1 50.000 (59.602)	Acc@5 72.266 (81.864)
Epoch: [5][4500/5005]	Time 0.707 (0.708)	Data 0.000 (0.002)	Loss 1.5269 (1.7272)	Acc@1 66.406 (59.629)	Acc@5 82.812 (81.881)
Epoch: [5][5000/5005]	Time 0.703 (0.708)	Data 0.000 (0.002)	Loss 1.5524 (1.7263)	Acc@1 60.547 (59.643)	Acc@5 86.328 (81.896)
Test: [0/196]	Time 3.296 (3.296)	Loss 0.6668 (0.6668)	Acc@1 82.422 (82.422)	Acc@5 96.484 (96.484)
 * Acc@1 68.300 Acc@5 88.736
weight information for regulizer based pretrain
[tensor(0.0005, device='cuda:0'), tensor(0.0011, device='cuda:0'), tensor(0.0147, device='cuda:0')] [tensor(7.1499e-06, device='cuda:0'), tensor(3.1924e-05, device='cuda:0'), tensor(0.0001, device='cuda:0')]
Epoch: [6][0/5005]	Time 2.504 (2.504)	Data 2.233 (2.233)	Loss 1.5756 (1.5756)	Acc@1 61.719 (61.719)	Acc@5 83.984 (83.984)
Epoch: [6][500/5005]	Time 0.714 (0.712)	Data 0.000 (0.006)	Loss 1.5650 (1.7193)	Acc@1 65.234 (59.830)	Acc@5 83.203 (82.013)
Epoch: [6][1000/5005]	Time 0.713 (0.710)	Data 0.000 (0.003)	Loss 1.6469 (1.7191)	Acc@1 58.594 (59.743)	Acc@5 83.203 (82.019)
Epoch: [6][1500/5005]	Time 0.705 (0.709)	Data 0.000 (0.003)	Loss 1.6570 (1.7189)	Acc@1 60.547 (59.809)	Acc@5 85.156 (82.022)
Epoch: [6][2000/5005]	Time 0.710 (0.709)	Data 0.000 (0.002)	Loss 1.7261 (1.7186)	Acc@1 60.547 (59.799)	Acc@5 81.250 (82.008)
Epoch: [6][2500/5005]	Time 0.713 (0.709)	Data 0.000 (0.002)	Loss 1.5806 (1.7194)	Acc@1 63.672 (59.753)	Acc@5 82.812 (81.998)
Epoch: [6][3000/5005]	Time 0.706 (0.708)	Data 0.000 (0.002)	Loss 1.7022 (1.7195)	Acc@1 59.375 (59.749)	Acc@5 84.375 (81.994)
Epoch: [6][3500/5005]	Time 0.693 (0.708)	Data 0.000 (0.002)	Loss 1.8560 (1.7172)	Acc@1 59.375 (59.790)	Acc@5 78.906 (82.025)
Epoch: [6][4000/5005]	Time 0.706 (0.708)	Data 0.000 (0.002)	Loss 1.7184 (1.7165)	Acc@1 57.422 (59.812)	Acc@5 83.203 (82.023)
Epoch: [6][4500/5005]	Time 0.695 (0.708)	Data 0.000 (0.002)	Loss 1.7874 (1.7163)	Acc@1 57.812 (59.814)	Acc@5 80.078 (82.015)
Epoch: [6][5000/5005]	Time 0.690 (0.708)	Data 0.000 (0.002)	Loss 1.5628 (1.7158)	Acc@1 61.328 (59.812)	Acc@5 85.156 (82.028)
Test: [0/196]	Time 3.005 (3.005)	Loss 0.6673 (0.6673)	Acc@1 82.422 (82.422)	Acc@5 96.484 (96.484)
 * Acc@1 68.364 Acc@5 88.770
weight information for regulizer based pretrain
[tensor(0.0005, device='cuda:0'), tensor(0.0011, device='cuda:0'), tensor(0.0147, device='cuda:0')] [tensor(7.2301e-06, device='cuda:0'), tensor(3.2472e-05, device='cuda:0'), tensor(0.0001, device='cuda:0')]
Epoch: [7][0/5005]	Time 2.856 (2.856)	Data 2.627 (2.627)	Loss 1.6991 (1.6991)	Acc@1 58.984 (58.984)	Acc@5 82.812 (82.812)
Epoch: [7][500/5005]	Time 0.715 (0.713)	Data 0.000 (0.006)	Loss 1.5463 (1.7168)	Acc@1 63.672 (59.878)	Acc@5 85.547 (81.917)
Epoch: [7][1000/5005]	Time 0.693 (0.710)	Data 0.000 (0.004)	Loss 1.5624 (1.7121)	Acc@1 61.719 (59.888)	Acc@5 85.938 (82.063)
Epoch: [7][1500/5005]	Time 0.690 (0.709)	Data 0.000 (0.003)	Loss 1.6761 (1.7099)	Acc@1 61.328 (59.883)	Acc@5 81.641 (82.142)
Epoch: [7][2000/5005]	Time 0.736 (0.709)	Data 0.000 (0.003)	Loss 1.7134 (1.7083)	Acc@1 60.156 (59.909)	Acc@5 80.469 (82.165)
Epoch: [7][2500/5005]	Time 0.689 (0.709)	Data 0.000 (0.002)	Loss 1.6701 (1.7087)	Acc@1 62.500 (59.904)	Acc@5 83.984 (82.149)
Epoch: [7][3000/5005]	Time 0.713 (0.709)	Data 0.000 (0.002)	Loss 1.7006 (1.7086)	Acc@1 59.375 (59.923)	Acc@5 83.203 (82.162)
Epoch: [7][3500/5005]	Time 0.712 (0.708)	Data 0.000 (0.002)	Loss 1.6960 (1.7082)	Acc@1 59.766 (59.943)	Acc@5 80.469 (82.161)
Epoch: [7][4000/5005]	Time 0.713 (0.708)	Data 0.000 (0.002)	Loss 1.5387 (1.7081)	Acc@1 60.938 (59.941)	Acc@5 84.375 (82.133)
Epoch: [7][4500/5005]	Time 0.712 (0.708)	Data 0.000 (0.002)	Loss 1.5093 (1.7078)	Acc@1 65.625 (59.949)	Acc@5 83.984 (82.145)
Epoch: [7][5000/5005]	Time 0.716 (0.708)	Data 0.000 (0.002)	Loss 1.6360 (1.7078)	Acc@1 62.500 (59.948)	Acc@5 83.594 (82.141)
Test: [0/196]	Time 3.239 (3.239)	Loss 0.6631 (0.6631)	Acc@1 82.422 (82.422)	Acc@5 96.484 (96.484)
 * Acc@1 68.444 Acc@5 88.770
weight information for regulizer based pretrain
[tensor(0.0005, device='cuda:0'), tensor(0.0011, device='cuda:0'), tensor(0.0147, device='cuda:0')] [tensor(7.3072e-06, device='cuda:0'), tensor(3.3002e-05, device='cuda:0'), tensor(0.0001, device='cuda:0')]
Epoch: [8][0/5005]	Time 2.679 (2.679)	Data 2.443 (2.443)	Loss 1.7503 (1.7503)	Acc@1 60.547 (60.547)	Acc@5 82.812 (82.812)
Epoch: [8][500/5005]	Time 0.709 (0.713)	Data 0.000 (0.006)	Loss 1.9433 (1.6964)	Acc@1 56.250 (60.297)	Acc@5 79.297 (82.272)
Epoch: [8][1000/5005]	Time 0.710 (0.711)	Data 0.000 (0.004)	Loss 1.7344 (1.7015)	Acc@1 59.766 (60.153)	Acc@5 82.422 (82.162)
Epoch: [8][1500/5005]	Time 0.706 (0.710)	Data 0.000 (0.003)	Loss 1.6202 (1.7025)	Acc@1 63.672 (60.095)	Acc@5 81.641 (82.154)
Epoch: [8][2000/5005]	Time 0.693 (0.709)	Data 0.000 (0.002)	Loss 1.6445 (1.7044)	Acc@1 62.500 (60.042)	Acc@5 82.812 (82.150)
Epoch: [8][2500/5005]	Time 0.705 (0.709)	Data 0.000 (0.002)	Loss 1.6577 (1.7051)	Acc@1 62.891 (60.011)	Acc@5 82.812 (82.169)
Epoch: [8][3000/5005]	Time 0.708 (0.709)	Data 0.000 (0.002)	Loss 1.5587 (1.7029)	Acc@1 60.938 (60.048)	Acc@5 83.594 (82.202)
Epoch: [8][3500/5005]	Time 0.696 (0.709)	Data 0.000 (0.002)	Loss 1.7462 (1.7034)	Acc@1 61.328 (60.044)	Acc@5 80.859 (82.190)
Epoch: [8][4000/5005]	Time 0.704 (0.709)	Data 0.000 (0.002)	Loss 1.7486 (1.7025)	Acc@1 62.109 (60.064)	Acc@5 80.078 (82.201)
Epoch: [8][4500/5005]	Time 0.717 (0.709)	Data 0.000 (0.002)	Loss 1.7766 (1.7028)	Acc@1 60.547 (60.065)	Acc@5 78.906 (82.193)
Epoch: [8][5000/5005]	Time 0.701 (0.708)	Data 0.000 (0.002)	Loss 1.7904 (1.7036)	Acc@1 57.422 (60.042)	Acc@5 80.859 (82.183)
Test: [0/196]	Time 3.209 (3.209)	Loss 0.6604 (0.6604)	Acc@1 82.422 (82.422)	Acc@5 96.484 (96.484)
 * Acc@1 68.486 Acc@5 88.838
weight information for regulizer based pretrain
[tensor(0.0005, device='cuda:0'), tensor(0.0012, device='cuda:0'), tensor(0.0147, device='cuda:0')] [tensor(7.3814e-06, device='cuda:0'), tensor(3.3513e-05, device='cuda:0'), tensor(0.0001, device='cuda:0')]
Epoch: [9][0/5005]	Time 2.513 (2.513)	Data 2.238 (2.238)	Loss 1.8670 (1.8670)	Acc@1 53.906 (53.906)	Acc@5 79.297 (79.297)
Epoch: [9][500/5005]	Time 0.707 (0.711)	Data 0.000 (0.006)	Loss 1.5868 (1.7000)	Acc@1 61.328 (60.007)	Acc@5 84.375 (82.218)
Epoch: [9][1000/5005]	Time 0.737 (0.710)	Data 0.000 (0.003)	Loss 1.4263 (1.6940)	Acc@1 63.281 (60.165)	Acc@5 85.156 (82.332)
Epoch: [9][1500/5005]	Time 0.719 (0.710)	Data 0.000 (0.003)	Loss 1.9382 (1.6969)	Acc@1 52.734 (60.164)	Acc@5 80.859 (82.282)
Epoch: [9][2000/5005]	Time 0.721 (0.710)	Data 0.000 (0.002)	Loss 1.5653 (1.6956)	Acc@1 64.453 (60.211)	Acc@5 83.984 (82.289)
Epoch: [9][2500/5005]	Time 0.692 (0.710)	Data 0.000 (0.002)	Loss 1.6002 (1.6987)	Acc@1 57.031 (60.154)	Acc@5 83.203 (82.242)
Epoch: [9][3000/5005]	Time 0.702 (0.710)	Data 0.000 (0.002)	Loss 1.8503 (1.6989)	Acc@1 54.688 (60.149)	Acc@5 80.469 (82.250)
Epoch: [9][3500/5005]	Time 0.710 (0.710)	Data 0.000 (0.002)	Loss 1.5332 (1.6989)	Acc@1 61.328 (60.143)	Acc@5 84.766 (82.242)
Epoch: [9][4000/5005]	Time 0.693 (0.710)	Data 0.000 (0.002)	Loss 1.7719 (1.6976)	Acc@1 58.984 (60.170)	Acc@5 80.469 (82.254)
Epoch: [9][4500/5005]	Time 0.739 (0.709)	Data 0.000 (0.002)	Loss 1.8505 (1.6973)	Acc@1 58.984 (60.184)	Acc@5 78.125 (82.244)
Epoch: [9][5000/5005]	Time 0.699 (0.709)	Data 0.000 (0.002)	Loss 1.5894 (1.6970)	Acc@1 60.547 (60.181)	Acc@5 83.203 (82.238)
Test: [0/196]	Time 2.888 (2.888)	Loss 0.6641 (0.6641)	Acc@1 82.812 (82.812)	Acc@5 96.484 (96.484)
 * Acc@1 68.514 Acc@5 88.874
weight information for regulizer based pretrain
[tensor(0.0005, device='cuda:0'), tensor(0.0012, device='cuda:0'), tensor(0.0147, device='cuda:0')] [tensor(7.4530e-06, device='cuda:0'), tensor(3.4008e-05, device='cuda:0'), tensor(0.0001, device='cuda:0')]
Epoch: [10][0/5005]	Time 2.280 (2.280)	Data 2.005 (2.005)	Loss 1.8109 (1.8109)	Acc@1 58.984 (58.984)	Acc@5 80.078 (80.078)
Epoch: [10][500/5005]	Time 0.702 (0.704)	Data 0.000 (0.005)	Loss 1.5877 (1.6945)	Acc@1 63.281 (60.160)	Acc@5 87.109 (82.282)
Epoch: [10][1000/5005]	Time 0.697 (0.703)	Data 0.000 (0.003)	Loss 1.9484 (1.6928)	Acc@1 56.250 (60.231)	Acc@5 76.953 (82.354)
Epoch: [10][1500/5005]	Time 0.729 (0.703)	Data 0.000 (0.003)	Loss 1.8192 (1.6944)	Acc@1 54.688 (60.211)	Acc@5 81.250 (82.324)
Epoch: [10][2000/5005]	Time 0.701 (0.702)	Data 0.000 (0.002)	Loss 1.6696 (1.6921)	Acc@1 62.891 (60.268)	Acc@5 80.469 (82.333)
Epoch: [10][2500/5005]	Time 0.704 (0.702)	Data 0.000 (0.002)	Loss 1.8427 (1.6933)	Acc@1 60.156 (60.260)	Acc@5 78.125 (82.331)
Epoch: [10][3000/5005]	Time 0.693 (0.702)	Data 0.000 (0.002)	Loss 1.7984 (1.6948)	Acc@1 57.422 (60.218)	Acc@5 82.422 (82.294)
Epoch: [10][3500/5005]	Time 0.736 (0.702)	Data 0.000 (0.002)	Loss 1.5042 (1.6934)	Acc@1 64.453 (60.256)	Acc@5 84.766 (82.302)
Epoch: [10][4000/5005]	Time 0.708 (0.702)	Data 0.000 (0.002)	Loss 1.8718 (1.6945)	Acc@1 59.766 (60.250)	Acc@5 82.031 (82.292)
Epoch: [10][4500/5005]	Time 0.706 (0.702)	Data 0.000 (0.002)	Loss 1.5958 (1.6949)	Acc@1 55.859 (60.259)	Acc@5 85.938 (82.268)
Epoch: [10][5000/5005]	Time 0.693 (0.702)	Data 0.000 (0.002)	Loss 1.5807 (1.6944)	Acc@1 61.328 (60.279)	Acc@5 83.984 (82.275)
Test: [0/196]	Time 2.941 (2.941)	Loss 0.6605 (0.6605)	Acc@1 82.812 (82.812)	Acc@5 96.484 (96.484)
 * Acc@1 68.568 Acc@5 88.880
weight information for regulizer based pretrain
[tensor(0.0005, device='cuda:0'), tensor(0.0012, device='cuda:0'), tensor(0.0147, device='cuda:0')] [tensor(7.5219e-06, device='cuda:0'), tensor(3.4486e-05, device='cuda:0'), tensor(0.0001, device='cuda:0')]
Epoch: [11][0/5005]	Time 2.155 (2.155)	Data 1.927 (1.927)	Loss 1.9292 (1.9292)	Acc@1 54.688 (54.688)	Acc@5 78.516 (78.516)
Epoch: [11][500/5005]	Time 0.694 (0.703)	Data 0.000 (0.005)	Loss 1.7441 (1.6800)	Acc@1 60.156 (60.572)	Acc@5 82.422 (82.517)
Epoch: [11][1000/5005]	Time 0.697 (0.702)	Data 0.000 (0.003)	Loss 1.6163 (1.6840)	Acc@1 60.547 (60.452)	Acc@5 81.641 (82.476)
Epoch: [11][1500/5005]	Time 0.698 (0.702)	Data 0.000 (0.003)	Loss 1.7516 (1.6852)	Acc@1 60.547 (60.443)	Acc@5 80.859 (82.424)
Epoch: [11][2000/5005]	Time 0.703 (0.702)	Data 0.000 (0.002)	Loss 1.6334 (1.6842)	Acc@1 62.109 (60.466)	Acc@5 82.031 (82.432)
Epoch: [11][2500/5005]	Time 0.702 (0.701)	Data 0.000 (0.002)	Loss 1.5998 (1.6852)	Acc@1 62.109 (60.468)	Acc@5 85.547 (82.420)
Epoch: [11][3000/5005]	Time 0.699 (0.701)	Data 0.000 (0.002)	Loss 1.7170 (1.6858)	Acc@1 55.469 (60.446)	Acc@5 83.203 (82.399)
Epoch: [11][3500/5005]	Time 0.696 (0.701)	Data 0.000 (0.002)	Loss 1.7492 (1.6862)	Acc@1 62.500 (60.452)	Acc@5 80.859 (82.404)
Epoch: [11][4000/5005]	Time 0.696 (0.701)	Data 0.000 (0.002)	Loss 1.6345 (1.6868)	Acc@1 60.547 (60.426)	Acc@5 85.156 (82.399)
Epoch: [11][4500/5005]	Time 0.714 (0.701)	Data 0.000 (0.002)	Loss 1.6586 (1.6867)	Acc@1 60.156 (60.428)	Acc@5 83.203 (82.397)
Epoch: [11][5000/5005]	Time 0.706 (0.701)	Data 0.000 (0.002)	Loss 1.9326 (1.6862)	Acc@1 51.172 (60.428)	Acc@5 77.344 (82.402)
Test: [0/196]	Time 2.792 (2.792)	Loss 0.6552 (0.6552)	Acc@1 82.812 (82.812)	Acc@5 96.484 (96.484)
 * Acc@1 68.588 Acc@5 88.904
weight information for regulizer based pretrain
[tensor(0.0006, device='cuda:0'), tensor(0.0012, device='cuda:0'), tensor(0.0147, device='cuda:0')] [tensor(7.5889e-06, device='cuda:0'), tensor(3.4952e-05, device='cuda:0'), tensor(0.0001, device='cuda:0')]
Epoch: [12][0/5005]	Time 2.149 (2.149)	Data 1.879 (1.879)	Loss 1.6845 (1.6845)	Acc@1 59.375 (59.375)	Acc@5 84.375 (84.375)
Epoch: [12][500/5005]	Time 0.694 (0.703)	Data 0.000 (0.005)	Loss 1.7286 (1.6886)	Acc@1 58.594 (60.420)	Acc@5 82.812 (82.356)
Epoch: [12][1000/5005]	Time 0.686 (0.702)	Data 0.000 (0.003)	Loss 1.7376 (1.6886)	Acc@1 58.594 (60.462)	Acc@5 83.984 (82.393)
Epoch: [12][1500/5005]	Time 0.699 (0.702)	Data 0.000 (0.002)	Loss 1.5895 (1.6844)	Acc@1 62.109 (60.473)	Acc@5 83.984 (82.419)
Epoch: [12][2000/5005]	Time 0.703 (0.701)	Data 0.000 (0.002)	Loss 1.7184 (1.6836)	Acc@1 62.891 (60.445)	Acc@5 84.375 (82.448)
Epoch: [12][2500/5005]	Time 0.704 (0.701)	Data 0.000 (0.002)	Loss 1.7241 (1.6849)	Acc@1 60.156 (60.420)	Acc@5 84.375 (82.433)
Epoch: [12][3000/5005]	Time 0.704 (0.701)	Data 0.000 (0.002)	Loss 1.6219 (1.6846)	Acc@1 58.594 (60.436)	Acc@5 83.984 (82.432)
Epoch: [12][3500/5005]	Time 0.693 (0.701)	Data 0.000 (0.002)	Loss 1.5142 (1.6831)	Acc@1 64.844 (60.464)	Acc@5 84.766 (82.465)
Epoch: [12][4000/5005]	Time 0.696 (0.701)	Data 0.000 (0.002)	Loss 1.9143 (1.6832)	Acc@1 57.812 (60.461)	Acc@5 80.078 (82.467)
Epoch: [12][4500/5005]	Time 0.704 (0.701)	Data 0.000 (0.002)	Loss 1.7022 (1.6832)	Acc@1 59.375 (60.469)	Acc@5 81.641 (82.462)
Epoch: [12][5000/5005]	Time 0.696 (0.701)	Data 0.000 (0.002)	Loss 1.3555 (1.6821)	Acc@1 67.969 (60.492)	Acc@5 85.938 (82.471)
Test: [0/196]	Time 2.920 (2.920)	Loss 0.6581 (0.6581)	Acc@1 83.203 (83.203)	Acc@5 96.484 (96.484)
 * Acc@1 68.582 Acc@5 88.916
weight information for regulizer based pretrain
[tensor(0.0006, device='cuda:0'), tensor(0.0012, device='cuda:0'), tensor(0.0147, device='cuda:0')] [tensor(7.6539e-06, device='cuda:0'), tensor(3.5406e-05, device='cuda:0'), tensor(0.0001, device='cuda:0')]
Epoch: [13][0/5005]	Time 2.546 (2.546)	Data 2.321 (2.321)	Loss 1.8809 (1.8809)	Acc@1 57.422 (57.422)	Acc@5 78.906 (78.906)
Epoch: [13][500/5005]	Time 0.708 (0.704)	Data 0.000 (0.006)	Loss 1.6819 (1.6810)	Acc@1 61.719 (60.542)	Acc@5 81.641 (82.445)
Epoch: [13][1000/5005]	Time 0.730 (0.702)	Data 0.000 (0.004)	Loss 1.7061 (1.6783)	Acc@1 62.109 (60.663)	Acc@5 82.031 (82.468)
Epoch: [13][1500/5005]	Time 0.668 (0.702)	Data 0.000 (0.003)	Loss 1.6358 (1.6789)	Acc@1 60.938 (60.624)	Acc@5 83.203 (82.455)
Epoch: [13][2000/5005]	Time 0.699 (0.701)	Data 0.000 (0.002)	Loss 1.7039 (1.6815)	Acc@1 60.938 (60.586)	Acc@5 82.031 (82.428)
Epoch: [13][2500/5005]	Time 0.699 (0.701)	Data 0.000 (0.002)	Loss 1.8473 (1.6812)	Acc@1 59.375 (60.599)	Acc@5 80.078 (82.421)
Epoch: [13][3000/5005]	Time 0.695 (0.701)	Data 0.000 (0.002)	Loss 1.7124 (1.6809)	Acc@1 58.203 (60.575)	Acc@5 80.859 (82.431)
Epoch: [13][3500/5005]	Time 0.728 (0.701)	Data 0.000 (0.002)	Loss 1.4179 (1.6798)	Acc@1 65.625 (60.589)	Acc@5 86.719 (82.439)
Epoch: [13][4000/5005]	Time 0.733 (0.701)	Data 0.000 (0.002)	Loss 1.6618 (1.6796)	Acc@1 60.156 (60.579)	Acc@5 82.812 (82.437)
Epoch: [13][4500/5005]	Time 0.697 (0.701)	Data 0.000 (0.002)	Loss 1.5902 (1.6780)	Acc@1 61.328 (60.604)	Acc@5 84.375 (82.472)
Epoch: [13][5000/5005]	Time 0.703 (0.701)	Data 0.000 (0.002)	Loss 1.5002 (1.6780)	Acc@1 61.719 (60.597)	Acc@5 87.109 (82.475)
Test: [0/196]	Time 2.942 (2.942)	Loss 0.6570 (0.6570)	Acc@1 83.203 (83.203)	Acc@5 96.484 (96.484)
 * Acc@1 68.602 Acc@5 88.916
weight information for regulizer based pretrain
[tensor(0.0006, device='cuda:0'), tensor(0.0012, device='cuda:0'), tensor(0.0147, device='cuda:0')] [tensor(7.7172e-06, device='cuda:0'), tensor(3.5849e-05, device='cuda:0'), tensor(0.0001, device='cuda:0')]
Epoch: [14][0/5005]	Time 2.196 (2.196)	Data 1.919 (1.919)	Loss 1.8300 (1.8300)	Acc@1 54.297 (54.297)	Acc@5 81.641 (81.641)
Epoch: [14][500/5005]	Time 0.696 (0.703)	Data 0.000 (0.005)	Loss 1.6548 (1.6738)	Acc@1 57.422 (60.716)	Acc@5 83.984 (82.568)
Epoch: [14][1000/5005]	Time 0.720 (0.702)	Data 0.000 (0.003)	Loss 1.6568 (1.6760)	Acc@1 63.672 (60.626)	Acc@5 81.250 (82.542)
Epoch: [14][1500/5005]	Time 0.696 (0.702)	Data 0.000 (0.002)	Loss 1.7501 (1.6768)	Acc@1 57.422 (60.593)	Acc@5 80.469 (82.498)
Epoch: [14][2000/5005]	Time 0.697 (0.701)	Data 0.000 (0.002)	Loss 1.8837 (1.6795)	Acc@1 58.984 (60.537)	Acc@5 77.344 (82.469)
Epoch: [14][2500/5005]	Time 0.696 (0.701)	Data 0.000 (0.002)	Loss 1.6974 (1.6778)	Acc@1 63.281 (60.580)	Acc@5 81.641 (82.507)
Epoch: [14][3000/5005]	Time 0.696 (0.701)	Data 0.000 (0.002)	Loss 1.8715 (1.6766)	Acc@1 55.078 (60.600)	Acc@5 77.344 (82.536)
Epoch: [14][3500/5005]	Time 0.696 (0.701)	Data 0.000 (0.002)	Loss 1.6245 (1.6760)	Acc@1 61.719 (60.621)	Acc@5 81.250 (82.546)
Epoch: [14][4000/5005]	Time 0.699 (0.701)	Data 0.000 (0.002)	Loss 1.7170 (1.6759)	Acc@1 57.031 (60.643)	Acc@5 80.859 (82.543)
Epoch: [14][4500/5005]	Time 0.705 (0.701)	Data 0.000 (0.002)	Loss 1.5365 (1.6760)	Acc@1 60.156 (60.652)	Acc@5 86.719 (82.541)
Epoch: [14][5000/5005]	Time 0.697 (0.701)	Data 0.000 (0.002)	Loss 1.6338 (1.6759)	Acc@1 61.328 (60.652)	Acc@5 83.594 (82.544)
Test: [0/196]	Time 2.865 (2.865)	Loss 0.6568 (0.6568)	Acc@1 83.203 (83.203)	Acc@5 96.484 (96.484)
 * Acc@1 68.672 Acc@5 88.924
weight information for regulizer based pretrain
[tensor(0.0006, device='cuda:0'), tensor(0.0012, device='cuda:0'), tensor(0.0147, device='cuda:0')] [tensor(7.7779e-06, device='cuda:0'), tensor(3.6275e-05, device='cuda:0'), tensor(0.0001, device='cuda:0')]
Epoch: [15][0/5005]	Time 2.449 (2.449)	Data 2.216 (2.216)	Loss 1.5783 (1.5783)	Acc@1 60.156 (60.156)	Acc@5 82.812 (82.812)
Epoch: [15][500/5005]	Time 0.692 (0.705)	Data 0.000 (0.006)	Loss 1.5951 (1.6710)	Acc@1 65.625 (60.694)	Acc@5 84.375 (82.601)
Epoch: [15][1000/5005]	Time 0.691 (0.703)	Data 0.000 (0.003)	Loss 1.7695 (1.6741)	Acc@1 58.984 (60.626)	Acc@5 81.250 (82.517)
Epoch: [15][1500/5005]	Time 0.698 (0.702)	Data 0.000 (0.003)	Loss 1.8452 (1.6724)	Acc@1 55.859 (60.651)	Acc@5 81.641 (82.593)
Epoch: [15][2000/5005]	Time 0.694 (0.702)	Data 0.000 (0.002)	Loss 1.6813 (1.6717)	Acc@1 60.156 (60.710)	Acc@5 81.250 (82.609)
Epoch: [15][2500/5005]	Time 0.696 (0.702)	Data 0.000 (0.002)	Loss 1.6399 (1.6714)	Acc@1 62.500 (60.733)	Acc@5 84.375 (82.607)
Epoch: [15][3000/5005]	Time 0.696 (0.701)	Data 0.000 (0.002)	Loss 1.5705 (1.6714)	Acc@1 62.109 (60.727)	Acc@5 83.594 (82.607)
Epoch: [15][3500/5005]	Time 0.693 (0.701)	Data 0.000 (0.002)	Loss 1.9384 (1.6703)	Acc@1 55.469 (60.759)	Acc@5 78.125 (82.614)
Epoch: [15][4000/5005]	Time 0.703 (0.701)	Data 0.000 (0.002)	Loss 1.6814 (1.6701)	Acc@1 61.719 (60.780)	Acc@5 82.422 (82.618)
Epoch: [15][4500/5005]	Time 0.697 (0.701)	Data 0.000 (0.002)	Loss 1.5665 (1.6703)	Acc@1 64.453 (60.762)	Acc@5 84.375 (82.612)
Epoch: [15][5000/5005]	Time 0.699 (0.701)	Data 0.000 (0.002)	Loss 1.6202 (1.6701)	Acc@1 62.891 (60.763)	Acc@5 82.031 (82.617)
Test: [0/196]	Time 2.958 (2.958)	Loss 0.6556 (0.6556)	Acc@1 83.203 (83.203)	Acc@5 96.094 (96.094)
 * Acc@1 68.736 Acc@5 88.926
weight information for regulizer based pretrain
[tensor(0.0006, device='cuda:0'), tensor(0.0012, device='cuda:0'), tensor(0.0147, device='cuda:0')] [tensor(7.8379e-06, device='cuda:0'), tensor(3.6697e-05, device='cuda:0'), tensor(0.0001, device='cuda:0')]
Epoch: [16][0/5005]	Time 2.195 (2.195)	Data 1.974 (1.974)	Loss 1.6991 (1.6991)	Acc@1 61.328 (61.328)	Acc@5 81.641 (81.641)
Epoch: [16][500/5005]	Time 0.696 (0.704)	Data 0.000 (0.005)	Loss 1.4375 (1.6666)	Acc@1 65.625 (60.807)	Acc@5 87.109 (82.611)
Epoch: [16][1000/5005]	Time 0.694 (0.702)	Data 0.000 (0.003)	Loss 1.7765 (1.6663)	Acc@1 58.203 (60.786)	Acc@5 78.516 (82.689)
Epoch: [16][1500/5005]	Time 0.695 (0.701)	Data 0.000 (0.003)	Loss 1.7955 (1.6693)	Acc@1 57.812 (60.727)	Acc@5 80.469 (82.643)
Epoch: [16][2000/5005]	Time 0.705 (0.701)	Data 0.000 (0.002)	Loss 1.6854 (1.6684)	Acc@1 61.719 (60.742)	Acc@5 83.203 (82.686)
Epoch: [16][2500/5005]	Time 0.697 (0.701)	Data 0.000 (0.002)	Loss 1.7533 (1.6686)	Acc@1 57.422 (60.748)	Acc@5 81.250 (82.655)
Epoch: [16][3000/5005]	Time 0.699 (0.701)	Data 0.000 (0.002)	Loss 1.5386 (1.6675)	Acc@1 62.500 (60.758)	Acc@5 85.547 (82.662)
Epoch: [16][3500/5005]	Time 0.701 (0.701)	Data 0.000 (0.002)	Loss 1.5614 (1.6674)	Acc@1 64.062 (60.767)	Acc@5 85.547 (82.672)
Epoch: [16][4000/5005]	Time 0.706 (0.701)	Data 0.000 (0.002)	Loss 1.7238 (1.6675)	Acc@1 60.156 (60.757)	Acc@5 81.641 (82.663)
Epoch: [16][4500/5005]	Time 0.730 (0.701)	Data 0.000 (0.002)	Loss 1.6576 (1.6663)	Acc@1 62.891 (60.785)	Acc@5 82.031 (82.676)
Epoch: [16][5000/5005]	Time 0.698 (0.701)	Data 0.000 (0.002)	Loss 1.4564 (1.6658)	Acc@1 58.984 (60.801)	Acc@5 87.109 (82.683)
Test: [0/196]	Time 2.929 (2.929)	Loss 0.6557 (0.6557)	Acc@1 83.203 (83.203)	Acc@5 96.484 (96.484)
 * Acc@1 68.778 Acc@5 88.948
weight information for regulizer based pretrain
[tensor(0.0006, device='cuda:0'), tensor(0.0012, device='cuda:0'), tensor(0.0147, device='cuda:0')] [tensor(7.8956e-06, device='cuda:0'), tensor(3.7104e-05, device='cuda:0'), tensor(0.0001, device='cuda:0')]
Epoch: [17][0/5005]	Time 2.302 (2.302)	Data 2.075 (2.075)	Loss 1.9135 (1.9135)	Acc@1 57.031 (57.031)	Acc@5 78.516 (78.516)
Epoch: [17][500/5005]	Time 0.695 (0.704)	Data 0.000 (0.005)	Loss 1.7089 (1.6701)	Acc@1 58.594 (60.711)	Acc@5 82.812 (82.708)
Epoch: [17][1000/5005]	Time 0.695 (0.702)	Data 0.000 (0.003)	Loss 1.7186 (1.6682)	Acc@1 58.594 (60.793)	Acc@5 82.422 (82.691)
Epoch: [17][1500/5005]	Time 0.695 (0.701)	Data 0.000 (0.003)	Loss 1.6213 (1.6676)	Acc@1 60.547 (60.852)	Acc@5 85.156 (82.627)
Epoch: [17][2000/5005]	Time 0.699 (0.701)	Data 0.000 (0.002)	Loss 1.5271 (1.6669)	Acc@1 66.016 (60.811)	Acc@5 84.375 (82.637)
Epoch: [17][2500/5005]	Time 0.729 (0.701)	Data 0.000 (0.002)	Loss 1.6430 (1.6657)	Acc@1 58.594 (60.841)	Acc@5 82.422 (82.651)
Epoch: [17][3000/5005]	Time 0.693 (0.701)	Data 0.000 (0.002)	Loss 1.7867 (1.6648)	Acc@1 62.891 (60.852)	Acc@5 80.469 (82.674)
Epoch: [17][3500/5005]	Time 0.702 (0.701)	Data 0.000 (0.002)	Loss 1.6312 (1.6667)	Acc@1 61.719 (60.805)	Acc@5 83.594 (82.644)
Epoch: [17][4000/5005]	Time 0.693 (0.701)	Data 0.000 (0.002)	Loss 1.5630 (1.6646)	Acc@1 66.797 (60.851)	Acc@5 83.594 (82.685)
Epoch: [17][4500/5005]	Time 0.707 (0.702)	Data 0.000 (0.002)	Loss 1.5979 (1.6646)	Acc@1 57.812 (60.852)	Acc@5 83.984 (82.676)
Epoch: [17][5000/5005]	Time 0.701 (0.703)	Data 0.000 (0.002)	Loss 1.6742 (1.6640)	Acc@1 63.672 (60.883)	Acc@5 82.812 (82.687)
Test: [0/196]	Time 3.034 (3.034)	Loss 0.6514 (0.6514)	Acc@1 83.203 (83.203)	Acc@5 96.484 (96.484)
 * Acc@1 68.754 Acc@5 88.932
weight information for regulizer based pretrain
[tensor(0.0006, device='cuda:0'), tensor(0.0012, device='cuda:0'), tensor(0.0147, device='cuda:0')] [tensor(7.9518e-06, device='cuda:0'), tensor(3.7503e-05, device='cuda:0'), tensor(0.0001, device='cuda:0')]
Epoch: [18][0/5005]	Time 2.659 (2.659)	Data 2.421 (2.421)	Loss 1.5501 (1.5501)	Acc@1 60.547 (60.547)	Acc@5 85.547 (85.547)
Epoch: [18][500/5005]	Time 0.716 (0.711)	Data 0.000 (0.006)	Loss 1.5931 (1.6573)	Acc@1 59.766 (60.933)	Acc@5 83.984 (82.821)
Epoch: [18][1000/5005]	Time 0.715 (0.709)	Data 0.000 (0.004)	Loss 1.8149 (1.6587)	Acc@1 60.547 (60.949)	Acc@5 79.297 (82.780)
Epoch: [18][1500/5005]	Time 0.704 (0.708)	Data 0.000 (0.003)	Loss 1.7461 (1.6611)	Acc@1 56.250 (60.914)	Acc@5 82.422 (82.720)
Epoch: [18][2000/5005]	Time 0.707 (0.708)	Data 0.000 (0.002)	Loss 1.9173 (1.6605)	Acc@1 57.422 (60.926)	Acc@5 77.344 (82.721)
Epoch: [18][2500/5005]	Time 0.745 (0.708)	Data 0.000 (0.002)	Loss 1.8395 (1.6603)	Acc@1 53.906 (60.888)	Acc@5 80.078 (82.725)
Epoch: [18][3000/5005]	Time 0.697 (0.708)	Data 0.000 (0.002)	Loss 1.5725 (1.6591)	Acc@1 61.719 (60.934)	Acc@5 83.984 (82.743)
Epoch: [18][3500/5005]	Time 0.692 (0.708)	Data 0.000 (0.002)	Loss 1.7441 (1.6595)	Acc@1 61.328 (60.940)	Acc@5 81.641 (82.738)
Epoch: [18][4000/5005]	Time 0.720 (0.708)	Data 0.000 (0.002)	Loss 1.5038 (1.6608)	Acc@1 60.547 (60.930)	Acc@5 83.594 (82.719)
Epoch: [18][4500/5005]	Time 0.692 (0.708)	Data 0.000 (0.002)	Loss 1.7671 (1.6598)	Acc@1 63.281 (60.948)	Acc@5 82.031 (82.753)
Epoch: [18][5000/5005]	Time 0.705 (0.708)	Data 0.000 (0.002)	Loss 1.6397 (1.6604)	Acc@1 60.547 (60.936)	Acc@5 82.812 (82.746)
Test: [0/196]	Time 3.228 (3.228)	Loss 0.6535 (0.6535)	Acc@1 83.203 (83.203)	Acc@5 96.484 (96.484)
 * Acc@1 68.792 Acc@5 88.966
weight information for regulizer based pretrain
[tensor(0.0006, device='cuda:0'), tensor(0.0012, device='cuda:0'), tensor(0.0147, device='cuda:0')] [tensor(8.0067e-06, device='cuda:0'), tensor(3.7892e-05, device='cuda:0'), tensor(0.0001, device='cuda:0')]
Epoch: [19][0/5005]	Time 2.507 (2.507)	Data 2.242 (2.242)	Loss 1.7730 (1.7730)	Acc@1 60.156 (60.156)	Acc@5 80.859 (80.859)
Epoch: [19][500/5005]	Time 0.707 (0.710)	Data 0.000 (0.006)	Loss 1.5930 (1.6585)	Acc@1 62.891 (60.915)	Acc@5 83.594 (82.773)
Epoch: [19][1000/5005]	Time 0.691 (0.708)	Data 0.000 (0.003)	Loss 1.7178 (1.6549)	Acc@1 62.500 (61.093)	Acc@5 82.422 (82.812)
Epoch: [19][1500/5005]	Time 0.704 (0.708)	Data 0.000 (0.003)	Loss 1.6385 (1.6572)	Acc@1 62.500 (61.029)	Acc@5 81.250 (82.769)
Epoch: [19][2000/5005]	Time 0.689 (0.708)	Data 0.000 (0.002)	Loss 1.6333 (1.6557)	Acc@1 60.938 (61.047)	Acc@5 83.594 (82.778)
Epoch: [19][2500/5005]	Time 0.706 (0.708)	Data 0.000 (0.002)	Loss 1.7044 (1.6582)	Acc@1 58.594 (61.004)	Acc@5 81.641 (82.768)
Epoch: [19][3000/5005]	Time 0.734 (0.707)	Data 0.000 (0.002)	Loss 1.6515 (1.6582)	Acc@1 60.156 (60.980)	Acc@5 85.547 (82.770)
Epoch: [19][3500/5005]	Time 0.710 (0.707)	Data 0.000 (0.002)	Loss 1.7303 (1.6587)	Acc@1 58.594 (60.978)	Acc@5 82.812 (82.758)
Epoch: [19][4000/5005]	Time 0.721 (0.707)	Data 0.000 (0.002)	Loss 1.6660 (1.6592)	Acc@1 63.281 (60.969)	Acc@5 79.297 (82.749)
Epoch: [19][4500/5005]	Time 0.713 (0.707)	Data 0.000 (0.002)	Loss 1.8066 (1.6595)	Acc@1 55.859 (60.975)	Acc@5 81.641 (82.738)
Epoch: [19][5000/5005]	Time 0.693 (0.707)	Data 0.000 (0.002)	Loss 1.5610 (1.6593)	Acc@1 60.547 (60.985)	Acc@5 83.594 (82.739)
Test: [0/196]	Time 3.189 (3.189)	Loss 0.6498 (0.6498)	Acc@1 83.203 (83.203)	Acc@5 96.484 (96.484)
 * Acc@1 68.842 Acc@5 88.980
weight information for regulizer based pretrain
[tensor(0.0006, device='cuda:0'), tensor(0.0012, device='cuda:0'), tensor(0.0147, device='cuda:0')] [tensor(8.0598e-06, device='cuda:0'), tensor(3.8271e-05, device='cuda:0'), tensor(0.0001, device='cuda:0')]
Epoch: [20][0/5005]	Time 2.727 (2.727)	Data 2.479 (2.479)	Loss 1.6556 (1.6556)	Acc@1 59.375 (59.375)	Acc@5 84.375 (84.375)
Epoch: [20][500/5005]	Time 0.718 (0.712)	Data 0.000 (0.006)	Loss 1.6649 (1.6504)	Acc@1 62.109 (61.104)	Acc@5 83.984 (82.837)
Epoch: [20][1000/5005]	Time 0.733 (0.710)	Data 0.000 (0.004)	Loss 1.7661 (1.6507)	Acc@1 57.031 (61.102)	Acc@5 83.594 (82.852)
Epoch: [20][1500/5005]	Time 0.712 (0.710)	Data 0.000 (0.003)	Loss 1.6345 (1.6549)	Acc@1 62.500 (61.089)	Acc@5 84.766 (82.803)
Epoch: [20][2000/5005]	Time 0.744 (0.709)	Data 0.000 (0.002)	Loss 1.6255 (1.6551)	Acc@1 61.719 (61.102)	Acc@5 85.547 (82.801)
Epoch: [20][2500/5005]	Time 0.718 (0.709)	Data 0.000 (0.002)	Loss 1.8120 (1.6561)	Acc@1 55.859 (61.057)	Acc@5 81.250 (82.761)
Epoch: [20][3000/5005]	Time 0.690 (0.709)	Data 0.000 (0.002)	Loss 1.6856 (1.6557)	Acc@1 60.547 (61.057)	Acc@5 84.766 (82.763)
Epoch: [20][3500/5005]	Time 0.741 (0.708)	Data 0.000 (0.002)	Loss 1.6798 (1.6561)	Acc@1 63.672 (61.036)	Acc@5 82.422 (82.759)
Epoch: [20][4000/5005]	Time 0.695 (0.708)	Data 0.000 (0.002)	Loss 1.5735 (1.6564)	Acc@1 61.328 (61.018)	Acc@5 82.812 (82.751)
Epoch: [20][4500/5005]	Time 0.691 (0.708)	Data 0.000 (0.002)	Loss 1.3824 (1.6564)	Acc@1 69.141 (61.009)	Acc@5 85.156 (82.754)
Epoch: [20][5000/5005]	Time 0.714 (0.708)	Data 0.000 (0.002)	Loss 1.5829 (1.6555)	Acc@1 65.234 (61.022)	Acc@5 83.594 (82.781)
Test: [0/196]	Time 3.237 (3.237)	Loss 0.6484 (0.6484)	Acc@1 83.203 (83.203)	Acc@5 96.484 (96.484)
 * Acc@1 68.846 Acc@5 88.998
weight information for regulizer based pretrain
[tensor(0.0006, device='cuda:0'), tensor(0.0012, device='cuda:0'), tensor(0.0147, device='cuda:0')] [tensor(8.1125e-06, device='cuda:0'), tensor(3.8647e-05, device='cuda:0'), tensor(0.0001, device='cuda:0')]
Epoch: [21][0/5005]	Time 2.632 (2.632)	Data 2.394 (2.394)	Loss 1.6293 (1.6293)	Acc@1 64.062 (64.062)	Acc@5 78.516 (78.516)
Epoch: [21][500/5005]	Time 0.696 (0.711)	Data 0.000 (0.006)	Loss 1.7159 (1.6574)	Acc@1 61.719 (60.984)	Acc@5 81.641 (82.639)
Epoch: [21][1000/5005]	Time 0.710 (0.709)	Data 0.000 (0.004)	Loss 1.4784 (1.6547)	Acc@1 63.672 (61.103)	Acc@5 83.984 (82.725)
Epoch: [21][1500/5005]	Time 0.703 (0.709)	Data 0.000 (0.003)	Loss 1.6633 (1.6538)	Acc@1 61.328 (61.075)	Acc@5 82.422 (82.745)
Epoch: [21][2000/5005]	Time 0.711 (0.709)	Data 0.000 (0.002)	Loss 1.6147 (1.6546)	Acc@1 60.156 (61.014)	Acc@5 85.156 (82.772)
Epoch: [21][2500/5005]	Time 0.737 (0.709)	Data 0.000 (0.002)	Loss 1.6676 (1.6550)	Acc@1 61.719 (61.028)	Acc@5 81.250 (82.784)
Epoch: [21][3000/5005]	Time 0.717 (0.709)	Data 0.000 (0.002)	Loss 1.5751 (1.6532)	Acc@1 60.156 (61.078)	Acc@5 82.422 (82.808)
Epoch: [21][3500/5005]	Time 0.731 (0.708)	Data 0.000 (0.002)	Loss 1.8725 (1.6530)	Acc@1 57.812 (61.103)	Acc@5 77.734 (82.806)
Epoch: [21][4000/5005]	Time 0.695 (0.708)	Data 0.000 (0.002)	Loss 1.6752 (1.6527)	Acc@1 60.547 (61.107)	Acc@5 81.641 (82.812)
Epoch: [21][4500/5005]	Time 0.711 (0.708)	Data 0.000 (0.002)	Loss 1.6008 (1.6513)	Acc@1 60.938 (61.119)	Acc@5 84.375 (82.832)
Epoch: [21][5000/5005]	Time 0.718 (0.708)	Data 0.000 (0.002)	Loss 1.5993 (1.6515)	Acc@1 62.500 (61.112)	Acc@5 83.984 (82.834)
Test: [0/196]	Time 3.157 (3.157)	Loss 0.6478 (0.6478)	Acc@1 83.203 (83.203)	Acc@5 96.484 (96.484)
 * Acc@1 68.882 Acc@5 89.002
weight information for regulizer based pretrain
[tensor(0.0006, device='cuda:0'), tensor(0.0012, device='cuda:0'), tensor(0.0147, device='cuda:0')] [tensor(8.1633e-06, device='cuda:0'), tensor(3.9011e-05, device='cuda:0'), tensor(0.0001, device='cuda:0')]
Epoch: [22][0/5005]	Time 3.181 (3.181)	Data 2.952 (2.952)	Loss 1.6993 (1.6993)	Acc@1 59.766 (59.766)	Acc@5 80.859 (80.859)
Epoch: [22][500/5005]	Time 0.693 (0.713)	Data 0.000 (0.007)	Loss 1.6254 (1.6490)	Acc@1 61.719 (61.129)	Acc@5 85.156 (82.968)
Epoch: [22][1000/5005]	Time 0.708 (0.711)	Data 0.000 (0.004)	Loss 1.5771 (1.6458)	Acc@1 60.938 (61.231)	Acc@5 83.203 (82.937)
Epoch: [22][1500/5005]	Time 0.709 (0.710)	Data 0.000 (0.003)	Loss 1.8408 (1.6465)	Acc@1 58.594 (61.212)	Acc@5 78.125 (82.897)
Epoch: [22][2000/5005]	Time 0.712 (0.709)	Data 0.000 (0.003)	Loss 1.5985 (1.6484)	Acc@1 61.719 (61.166)	Acc@5 84.766 (82.903)
Epoch: [22][2500/5005]	Time 0.717 (0.709)	Data 0.000 (0.002)	Loss 1.5750 (1.6476)	Acc@1 60.547 (61.156)	Acc@5 84.766 (82.904)
Epoch: [22][3000/5005]	Time 0.717 (0.709)	Data 0.000 (0.002)	Loss 1.5504 (1.6474)	Acc@1 65.625 (61.161)	Acc@5 83.203 (82.890)
Epoch: [22][3500/5005]	Time 0.671 (0.709)	Data 0.000 (0.002)	Loss 1.9848 (1.6473)	Acc@1 57.031 (61.194)	Acc@5 78.125 (82.887)
Epoch: [22][4000/5005]	Time 0.691 (0.709)	Data 0.000 (0.002)	Loss 1.7763 (1.6477)	Acc@1 55.859 (61.186)	Acc@5 80.469 (82.887)
Epoch: [22][4500/5005]	Time 0.692 (0.708)	Data 0.000 (0.002)	Loss 1.7991 (1.6478)	Acc@1 59.375 (61.185)	Acc@5 78.125 (82.885)
Epoch: [22][5000/5005]	Time 0.712 (0.708)	Data 0.000 (0.002)	Loss 1.8015 (1.6478)	Acc@1 58.203 (61.191)	Acc@5 79.297 (82.886)
Test: [0/196]	Time 3.368 (3.368)	Loss 0.6498 (0.6498)	Acc@1 82.812 (82.812)	Acc@5 96.484 (96.484)
 * Acc@1 68.938 Acc@5 89.016
weight information for regulizer based pretrain
[tensor(0.0006, device='cuda:0'), tensor(0.0012, device='cuda:0'), tensor(0.0147, device='cuda:0')] [tensor(8.2134e-06, device='cuda:0'), tensor(3.9370e-05, device='cuda:0'), tensor(0.0001, device='cuda:0')]
Epoch: [23][0/5005]	Time 2.841 (2.841)	Data 2.612 (2.612)	Loss 1.6561 (1.6561)	Acc@1 62.891 (62.891)	Acc@5 82.031 (82.031)
Epoch: [23][500/5005]	Time 0.721 (0.712)	Data 0.000 (0.006)	Loss 1.4700 (1.6357)	Acc@1 64.844 (61.487)	Acc@5 86.328 (82.999)
Epoch: [23][1000/5005]	Time 0.740 (0.710)	Data 0.000 (0.004)	Loss 1.7037 (1.6394)	Acc@1 61.328 (61.417)	Acc@5 82.812 (83.045)
Epoch: [23][1500/5005]	Time 0.691 (0.709)	Data 0.000 (0.003)	Loss 1.6016 (1.6431)	Acc@1 60.938 (61.334)	Acc@5 83.594 (82.934)
Epoch: [23][2000/5005]	Time 0.694 (0.709)	Data 0.000 (0.002)	Loss 1.6988 (1.6442)	Acc@1 60.547 (61.262)	Acc@5 82.812 (82.936)
Epoch: [23][2500/5005]	Time 0.692 (0.708)	Data 0.000 (0.002)	Loss 1.6436 (1.6453)	Acc@1 58.594 (61.236)	Acc@5 82.812 (82.927)
Epoch: [23][3000/5005]	Time 0.737 (0.708)	Data 0.000 (0.002)	Loss 1.9323 (1.6449)	Acc@1 54.297 (61.219)	Acc@5 78.125 (82.915)
Epoch: [23][3500/5005]	Time 0.693 (0.708)	Data 0.000 (0.002)	Loss 1.6452 (1.6462)	Acc@1 60.156 (61.163)	Acc@5 85.938 (82.892)
Epoch: [23][4000/5005]	Time 0.704 (0.708)	Data 0.000 (0.002)	Loss 1.7869 (1.6457)	Acc@1 57.031 (61.168)	Acc@5 80.469 (82.912)
Epoch: [23][4500/5005]	Time 0.708 (0.708)	Data 0.000 (0.002)	Loss 1.7504 (1.6459)	Acc@1 58.203 (61.155)	Acc@5 79.688 (82.905)
Epoch: [23][5000/5005]	Time 0.717 (0.708)	Data 0.000 (0.002)	Loss 1.7418 (1.6460)	Acc@1 60.938 (61.138)	Acc@5 82.812 (82.897)
Test: [0/196]	Time 3.254 (3.254)	Loss 0.6487 (0.6487)	Acc@1 83.203 (83.203)	Acc@5 96.484 (96.484)
 * Acc@1 68.930 Acc@5 89.032
weight information for regulizer based pretrain
[tensor(0.0006, device='cuda:0'), tensor(0.0012, device='cuda:0'), tensor(0.0147, device='cuda:0')] [tensor(8.2625e-06, device='cuda:0'), tensor(3.9723e-05, device='cuda:0'), tensor(0.0001, device='cuda:0')]
Epoch: [24][0/5005]	Time 2.377 (2.377)	Data 2.121 (2.121)	Loss 1.5714 (1.5714)	Acc@1 57.812 (57.812)	Acc@5 85.156 (85.156)
Epoch: [24][500/5005]	Time 0.706 (0.709)	Data 0.000 (0.005)	Loss 1.7239 (1.6388)	Acc@1 62.109 (61.308)	Acc@5 80.859 (82.971)
Epoch: [24][1000/5005]	Time 0.712 (0.708)	Data 0.000 (0.003)	Loss 1.5850 (1.6452)	Acc@1 60.547 (61.253)	Acc@5 85.938 (82.908)
Epoch: [24][1500/5005]	Time 0.714 (0.707)	Data 0.000 (0.003)	Loss 1.8625 (1.6448)	Acc@1 53.516 (61.235)	Acc@5 80.078 (82.892)
Epoch: [24][2000/5005]	Time 0.702 (0.706)	Data 0.000 (0.002)	Loss 1.4876 (1.6453)	Acc@1 66.016 (61.207)	Acc@5 83.594 (82.884)
Epoch: [24][2500/5005]	Time 0.717 (0.706)	Data 0.000 (0.002)	Loss 1.5735 (1.6425)	Acc@1 63.281 (61.271)	Acc@5 83.984 (82.933)
Epoch: [24][3000/5005]	Time 0.692 (0.706)	Data 0.000 (0.002)	Loss 1.7206 (1.6440)	Acc@1 60.156 (61.283)	Acc@5 83.594 (82.908)
Epoch: [24][3500/5005]	Time 0.720 (0.706)	Data 0.000 (0.002)	Loss 1.7626 (1.6441)	Acc@1 58.984 (61.281)	Acc@5 81.641 (82.924)
Epoch: [24][4000/5005]	Time 0.718 (0.706)	Data 0.000 (0.002)	Loss 1.7239 (1.6444)	Acc@1 60.938 (61.261)	Acc@5 80.859 (82.914)
Epoch: [24][4500/5005]	Time 0.707 (0.706)	Data 0.000 (0.002)	Loss 1.8736 (1.6454)	Acc@1 56.250 (61.209)	Acc@5 77.734 (82.905)
Epoch: [24][5000/5005]	Time 0.705 (0.706)	Data 0.000 (0.002)	Loss 1.6317 (1.6442)	Acc@1 60.938 (61.224)	Acc@5 83.594 (82.930)
Test: [0/196]	Time 3.281 (3.281)	Loss 0.6481 (0.6481)	Acc@1 82.812 (82.812)	Acc@5 96.484 (96.484)
 * Acc@1 68.936 Acc@5 89.036
weight information for regulizer based pretrain
[tensor(0.0006, device='cuda:0'), tensor(0.0012, device='cuda:0'), tensor(0.0147, device='cuda:0')] [tensor(8.3101e-06, device='cuda:0'), tensor(4.0065e-05, device='cuda:0'), tensor(0.0001, device='cuda:0')]
Epoch: [25][0/5005]	Time 2.404 (2.404)	Data 2.165 (2.165)	Loss 1.7462 (1.7462)	Acc@1 61.328 (61.328)	Acc@5 80.078 (80.078)
Epoch: [25][500/5005]	Time 0.715 (0.712)	Data 0.000 (0.005)	Loss 1.7872 (1.6482)	Acc@1 58.594 (61.206)	Acc@5 80.078 (82.845)
Epoch: [25][1000/5005]	Time 0.707 (0.710)	Data 0.000 (0.003)	Loss 1.6741 (1.6492)	Acc@1 59.766 (61.160)	Acc@5 83.203 (82.823)
Epoch: [25][1500/5005]	Time 0.704 (0.709)	Data 0.000 (0.003)	Loss 1.6810 (1.6519)	Acc@1 58.984 (61.159)	Acc@5 83.594 (82.780)
Epoch: [25][2000/5005]	Time 0.744 (0.709)	Data 0.000 (0.002)	Loss 1.5493 (1.6486)	Acc@1 64.453 (61.182)	Acc@5 85.938 (82.838)
Epoch: [25][2500/5005]	Time 0.708 (0.708)	Data 0.000 (0.002)	Loss 1.6697 (1.6468)	Acc@1 62.891 (61.235)	Acc@5 81.641 (82.859)
Epoch: [25][3000/5005]	Time 0.715 (0.708)	Data 0.000 (0.002)	Loss 1.6077 (1.6462)	Acc@1 64.453 (61.230)	Acc@5 82.422 (82.878)
Epoch: [25][3500/5005]	Time 0.697 (0.708)	Data 0.000 (0.002)	Loss 1.6083 (1.6462)	Acc@1 62.500 (61.242)	Acc@5 81.250 (82.886)
Epoch: [25][4000/5005]	Time 0.720 (0.708)	Data 0.000 (0.002)	Loss 1.7688 (1.6458)	Acc@1 59.766 (61.228)	Acc@5 83.594 (82.878)
Epoch: [25][4500/5005]	Time 0.694 (0.708)	Data 0.000 (0.002)	Loss 1.6558 (1.6452)	Acc@1 61.719 (61.234)	Acc@5 80.469 (82.895)
Epoch: [25][5000/5005]	Time 0.707 (0.708)	Data 0.000 (0.002)	Loss 1.4360 (1.6446)	Acc@1 65.234 (61.241)	Acc@5 85.547 (82.908)
Test: [0/196]	Time 3.282 (3.282)	Loss 0.6480 (0.6480)	Acc@1 82.812 (82.812)	Acc@5 96.484 (96.484)
 * Acc@1 68.922 Acc@5 89.062
weight information for regulizer based pretrain
[tensor(0.0006, device='cuda:0'), tensor(0.0012, device='cuda:0'), tensor(0.0147, device='cuda:0')] [tensor(8.3562e-06, device='cuda:0'), tensor(4.0399e-05, device='cuda:0'), tensor(0.0001, device='cuda:0')]
Epoch: [26][0/5005]	Time 2.508 (2.508)	Data 2.272 (2.272)	Loss 1.7360 (1.7360)	Acc@1 60.938 (60.938)	Acc@5 84.375 (84.375)
Epoch: [26][500/5005]	Time 0.711 (0.710)	Data 0.000 (0.006)	Loss 1.6070 (1.6377)	Acc@1 66.016 (61.298)	Acc@5 84.375 (83.078)
Epoch: [26][1000/5005]	Time 0.718 (0.710)	Data 0.000 (0.003)	Loss 1.6800 (1.6375)	Acc@1 58.203 (61.332)	Acc@5 81.641 (83.086)
Epoch: [26][1500/5005]	Time 0.712 (0.710)	Data 0.000 (0.003)	Loss 1.5826 (1.6422)	Acc@1 62.109 (61.258)	Acc@5 83.594 (83.022)
Epoch: [26][2000/5005]	Time 0.703 (0.710)	Data 0.000 (0.002)	Loss 1.6629 (1.6418)	Acc@1 60.938 (61.286)	Acc@5 81.641 (83.024)
Epoch: [26][2500/5005]	Time 0.717 (0.709)	Data 0.000 (0.002)	Loss 1.6731 (1.6407)	Acc@1 60.547 (61.323)	Acc@5 79.688 (83.017)
Epoch: [26][3000/5005]	Time 0.683 (0.709)	Data 0.000 (0.002)	Loss 1.7211 (1.6414)	Acc@1 63.281 (61.286)	Acc@5 82.031 (83.006)
Epoch: [26][3500/5005]	Time 0.691 (0.709)	Data 0.000 (0.002)	Loss 1.5790 (1.6418)	Acc@1 62.891 (61.309)	Acc@5 84.766 (83.006)
Epoch: [26][4000/5005]	Time 0.657 (0.709)	Data 0.000 (0.002)	Loss 1.7071 (1.6423)	Acc@1 60.938 (61.287)	Acc@5 81.641 (82.989)
Epoch: [26][4500/5005]	Time 0.696 (0.708)	Data 0.000 (0.002)	Loss 1.5905 (1.6424)	Acc@1 60.938 (61.280)	Acc@5 82.812 (82.990)
Epoch: [26][5000/5005]	Time 0.693 (0.708)	Data 0.000 (0.002)	Loss 1.5924 (1.6419)	Acc@1 63.672 (61.283)	Acc@5 82.812 (83.002)
Test: [0/196]	Time 3.015 (3.015)	Loss 0.6468 (0.6468)	Acc@1 83.203 (83.203)	Acc@5 96.484 (96.484)
 * Acc@1 68.966 Acc@5 89.042
weight information for regulizer based pretrain
[tensor(0.0006, device='cuda:0'), tensor(0.0013, device='cuda:0'), tensor(0.0147, device='cuda:0')] [tensor(8.4014e-06, device='cuda:0'), tensor(4.0727e-05, device='cuda:0'), tensor(0.0001, device='cuda:0')]
Epoch: [27][0/5005]	Time 2.542 (2.542)	Data 2.306 (2.306)	Loss 1.5003 (1.5003)	Acc@1 63.672 (63.672)	Acc@5 83.984 (83.984)
Epoch: [27][500/5005]	Time 0.717 (0.713)	Data 0.000 (0.006)	Loss 1.4840 (1.6394)	Acc@1 62.500 (61.354)	Acc@5 87.500 (82.908)
Epoch: [27][1000/5005]	Time 0.710 (0.712)	Data 0.000 (0.004)	Loss 1.4267 (1.6369)	Acc@1 64.844 (61.400)	Acc@5 83.203 (83.031)
Epoch: [27][1500/5005]	Time 0.710 (0.711)	Data 0.000 (0.003)	Loss 1.6052 (1.6384)	Acc@1 62.500 (61.387)	Acc@5 82.812 (83.009)
Epoch: [27][2000/5005]	Time 0.711 (0.710)	Data 0.000 (0.002)	Loss 1.9249 (1.6388)	Acc@1 60.156 (61.381)	Acc@5 76.953 (82.986)
Epoch: [27][2500/5005]	Time 0.711 (0.710)	Data 0.000 (0.002)	Loss 1.6721 (1.6387)	Acc@1 59.375 (61.397)	Acc@5 83.984 (82.980)
Epoch: [27][3000/5005]	Time 0.706 (0.710)	Data 0.000 (0.002)	Loss 1.5176 (1.6387)	Acc@1 62.500 (61.396)	Acc@5 85.938 (82.984)
Epoch: [27][3500/5005]	Time 0.706 (0.709)	Data 0.000 (0.002)	Loss 1.9360 (1.6381)	Acc@1 55.078 (61.410)	Acc@5 78.906 (82.994)
Epoch: [27][4000/5005]	Time 0.713 (0.709)	Data 0.000 (0.002)	Loss 1.7268 (1.6386)	Acc@1 61.719 (61.407)	Acc@5 80.469 (82.989)
Epoch: [27][4500/5005]	Time 0.714 (0.709)	Data 0.000 (0.002)	Loss 1.6075 (1.6380)	Acc@1 63.281 (61.405)	Acc@5 83.984 (82.998)
Epoch: [27][5000/5005]	Time 0.712 (0.709)	Data 0.000 (0.002)	Loss 1.5753 (1.6385)	Acc@1 67.188 (61.377)	Acc@5 81.641 (82.985)
Test: [0/196]	Time 3.217 (3.217)	Loss 0.6457 (0.6457)	Acc@1 83.203 (83.203)	Acc@5 96.875 (96.875)
 * Acc@1 68.994 Acc@5 89.052
weight information for regulizer based pretrain
[tensor(0.0006, device='cuda:0'), tensor(0.0013, device='cuda:0'), tensor(0.0147, device='cuda:0')] [tensor(8.4459e-06, device='cuda:0'), tensor(4.1050e-05, device='cuda:0'), tensor(0.0001, device='cuda:0')]
Epoch: [28][0/5005]	Time 2.781 (2.781)	Data 2.548 (2.548)	Loss 1.7168 (1.7168)	Acc@1 60.547 (60.547)	Acc@5 82.031 (82.031)
Epoch: [28][500/5005]	Time 0.690 (0.712)	Data 0.000 (0.006)	Loss 1.7098 (1.6306)	Acc@1 57.812 (61.476)	Acc@5 81.641 (83.121)
Epoch: [28][1000/5005]	Time 0.714 (0.710)	Data 0.000 (0.004)	Loss 1.6605 (1.6367)	Acc@1 62.109 (61.364)	Acc@5 81.641 (83.035)
Epoch: [28][1500/5005]	Time 0.697 (0.709)	Data 0.000 (0.003)	Loss 1.6508 (1.6380)	Acc@1 62.891 (61.368)	Acc@5 82.812 (83.012)
Epoch: [28][2000/5005]	Time 0.720 (0.709)	Data 0.000 (0.002)	Loss 1.7042 (1.6372)	Acc@1 61.328 (61.398)	Acc@5 81.250 (83.025)
Epoch: [28][2500/5005]	Time 0.691 (0.708)	Data 0.000 (0.002)	Loss 1.6696 (1.6376)	Acc@1 59.375 (61.392)	Acc@5 84.375 (83.011)
Epoch: [28][3000/5005]	Time 0.709 (0.708)	Data 0.000 (0.002)	Loss 1.4347 (1.6382)	Acc@1 67.188 (61.369)	Acc@5 84.375 (83.008)
Epoch: [28][3500/5005]	Time 0.693 (0.708)	Data 0.000 (0.002)	Loss 1.8575 (1.6385)	Acc@1 55.078 (61.363)	Acc@5 80.078 (83.003)
Epoch: [28][4000/5005]	Time 0.724 (0.708)	Data 0.000 (0.002)	Loss 1.8604 (1.6390)	Acc@1 54.688 (61.360)	Acc@5 80.859 (82.993)
Epoch: [28][4500/5005]	Time 0.745 (0.708)	Data 0.000 (0.002)	Loss 1.4799 (1.6388)	Acc@1 66.406 (61.357)	Acc@5 86.328 (82.990)
Epoch: [28][5000/5005]	Time 0.693 (0.708)	Data 0.000 (0.002)	Loss 1.7249 (1.6377)	Acc@1 63.281 (61.375)	Acc@5 80.859 (83.005)
Test: [0/196]	Time 3.241 (3.241)	Loss 0.6478 (0.6478)	Acc@1 83.203 (83.203)	Acc@5 96.484 (96.484)
 * Acc@1 69.044 Acc@5 89.062
weight information for regulizer based pretrain
[tensor(0.0006, device='cuda:0'), tensor(0.0013, device='cuda:0'), tensor(0.0147, device='cuda:0')] [tensor(8.4895e-06, device='cuda:0'), tensor(4.1368e-05, device='cuda:0'), tensor(0.0001, device='cuda:0')]
Epoch: [29][0/5005]	Time 2.705 (2.705)	Data 2.430 (2.430)	Loss 1.4665 (1.4665)	Acc@1 66.406 (66.406)	Acc@5 87.500 (87.500)
Epoch: [29][500/5005]	Time 0.670 (0.712)	Data 0.000 (0.006)	Loss 1.5007 (1.6324)	Acc@1 64.062 (61.542)	Acc@5 83.984 (83.135)
Epoch: [29][1000/5005]	Time 0.713 (0.709)	Data 0.000 (0.004)	Loss 1.6978 (1.6365)	Acc@1 58.203 (61.452)	Acc@5 83.984 (83.012)
Epoch: [29][1500/5005]	Time 0.721 (0.709)	Data 0.000 (0.003)	Loss 1.6098 (1.6365)	Acc@1 64.062 (61.366)	Acc@5 82.422 (83.005)
Epoch: [29][2000/5005]	Time 0.707 (0.709)	Data 0.000 (0.002)	Loss 1.5312 (1.6408)	Acc@1 60.938 (61.330)	Acc@5 85.938 (82.948)
Epoch: [29][2500/5005]	Time 0.727 (0.708)	Data 0.000 (0.002)	Loss 1.7300 (1.6398)	Acc@1 60.938 (61.326)	Acc@5 79.297 (82.962)
Epoch: [29][3000/5005]	Time 0.692 (0.708)	Data 0.000 (0.002)	Loss 1.6971 (1.6385)	Acc@1 58.594 (61.366)	Acc@5 83.203 (82.979)
Epoch: [29][3500/5005]	Time 0.716 (0.708)	Data 0.000 (0.002)	Loss 1.3372 (1.6380)	Acc@1 69.141 (61.364)	Acc@5 87.500 (82.977)
Epoch: [29][4000/5005]	Time 0.715 (0.708)	Data 0.000 (0.002)	Loss 1.5957 (1.6375)	Acc@1 61.719 (61.390)	Acc@5 83.203 (82.984)
Epoch: [29][4500/5005]	Time 0.692 (0.708)	Data 0.000 (0.002)	Loss 1.7936 (1.6374)	Acc@1 60.156 (61.384)	Acc@5 80.859 (83.004)
Epoch: [29][5000/5005]	Time 0.705 (0.708)	Data 0.000 (0.002)	Loss 1.5717 (1.6366)	Acc@1 62.891 (61.396)	Acc@5 86.719 (83.028)
Test: [0/196]	Time 3.329 (3.329)	Loss 0.6471 (0.6471)	Acc@1 83.203 (83.203)	Acc@5 96.484 (96.484)
 * Acc@1 69.020 Acc@5 89.082
