=> creating model 'vgg16'
=> loading checkpoint 'checkpoints/vgg-2/model_best.pth.tar'
=> loaded checkpoint 'checkpoints/vgg-2/model_best.pth.tar' 
read conf from:  conf/vgg.conf
checkpoint dir:  checkpoints/1548991056/
weight information for regulizer based pretrain
[tensor(0.0010, device='cuda:0'), tensor(0.0020, device='cuda:0'), tensor(0.0147, device='cuda:0')] [tensor(9.7810e-06, device='cuda:0'), tensor(3.8316e-05, device='cuda:0'), tensor(0.0001, device='cuda:0')]
Epoch: [0][0/5005]	Time 14.579 (14.579)	Data 1.848 (1.848)	Loss 1.5975 (1.5975)	Acc@1 64.844 (64.844)	Acc@5 83.203 (83.203)
Epoch: [0][500/5005]	Time 0.723 (0.736)	Data 0.000 (0.004)	Loss 1.7042 (1.5914)	Acc@1 58.984 (62.492)	Acc@5 82.031 (83.749)
Epoch: [0][1000/5005]	Time 0.712 (0.723)	Data 0.000 (0.002)	Loss 1.5055 (1.5811)	Acc@1 65.625 (62.647)	Acc@5 83.984 (83.871)
Epoch: [0][1500/5005]	Time 0.691 (0.719)	Data 0.000 (0.002)	Loss 1.5261 (1.5800)	Acc@1 63.672 (62.689)	Acc@5 83.984 (83.858)
Epoch: [0][2000/5005]	Time 0.694 (0.717)	Data 0.000 (0.002)	Loss 1.5172 (1.5795)	Acc@1 64.062 (62.695)	Acc@5 85.156 (83.884)
Epoch: [0][2500/5005]	Time 0.734 (0.716)	Data 0.000 (0.002)	Loss 1.7634 (1.5829)	Acc@1 62.109 (62.606)	Acc@5 81.250 (83.845)
Epoch: [0][3000/5005]	Time 0.707 (0.715)	Data 0.000 (0.002)	Loss 1.4735 (1.5829)	Acc@1 60.547 (62.615)	Acc@5 86.328 (83.843)
Epoch: [0][3500/5005]	Time 0.740 (0.714)	Data 0.000 (0.002)	Loss 1.5321 (1.5829)	Acc@1 61.719 (62.626)	Acc@5 83.984 (83.849)
Epoch: [0][4000/5005]	Time 0.709 (0.714)	Data 0.000 (0.002)	Loss 1.5043 (1.5827)	Acc@1 62.500 (62.627)	Acc@5 83.594 (83.854)
Epoch: [0][4500/5005]	Time 0.694 (0.713)	Data 0.000 (0.001)	Loss 1.6779 (1.5841)	Acc@1 55.469 (62.587)	Acc@5 85.156 (83.815)
Epoch: [0][5000/5005]	Time 0.713 (0.713)	Data 0.000 (0.001)	Loss 1.5124 (1.5837)	Acc@1 67.969 (62.593)	Acc@5 84.766 (83.818)
Test: [0/196]	Time 2.923 (2.923)	Loss 0.6422 (0.6422)	Acc@1 85.547 (85.547)	Acc@5 96.484 (96.484)
 * Acc@1 69.920 Acc@5 89.584
weight information for regulizer based pretrain
[tensor(0.0010, device='cuda:0'), tensor(0.0020, device='cuda:0'), tensor(0.0147, device='cuda:0')] [tensor(9.7904e-06, device='cuda:0'), tensor(3.8395e-05, device='cuda:0'), tensor(0.0001, device='cuda:0')]
Epoch: [1][0/5005]	Time 2.928 (2.928)	Data 2.165 (2.165)	Loss 1.3442 (1.3442)	Acc@1 66.016 (66.016)	Acc@5 86.719 (86.719)
Epoch: [1][500/5005]	Time 0.720 (0.713)	Data 0.000 (0.005)	Loss 1.6323 (1.5849)	Acc@1 57.422 (62.562)	Acc@5 84.375 (83.874)
Epoch: [1][1000/5005]	Time 0.691 (0.712)	Data 0.000 (0.003)	Loss 1.5872 (1.5768)	Acc@1 64.844 (62.712)	Acc@5 84.766 (83.955)
Epoch: [1][1500/5005]	Time 0.711 (0.712)	Data 0.000 (0.002)	Loss 1.7490 (1.5803)	Acc@1 61.328 (62.655)	Acc@5 82.812 (83.885)
Epoch: [1][2000/5005]	Time 0.711 (0.711)	Data 0.000 (0.002)	Loss 1.5794 (1.5811)	Acc@1 61.719 (62.646)	Acc@5 82.031 (83.857)
Epoch: [1][2500/5005]	Time 0.711 (0.711)	Data 0.000 (0.002)	Loss 1.5962 (1.5826)	Acc@1 64.453 (62.610)	Acc@5 83.594 (83.839)
Epoch: [1][3000/5005]	Time 0.716 (0.711)	Data 0.000 (0.002)	Loss 1.5581 (1.5825)	Acc@1 62.500 (62.616)	Acc@5 84.375 (83.837)
Epoch: [1][3500/5005]	Time 0.717 (0.711)	Data 0.000 (0.002)	Loss 1.5200 (1.5830)	Acc@1 64.062 (62.624)	Acc@5 84.766 (83.844)
Epoch: [1][4000/5005]	Time 0.718 (0.711)	Data 0.000 (0.002)	Loss 1.5780 (1.5831)	Acc@1 64.062 (62.610)	Acc@5 83.984 (83.839)
Epoch: [1][4500/5005]	Time 0.722 (0.711)	Data 0.000 (0.002)	Loss 1.6556 (1.5832)	Acc@1 60.547 (62.600)	Acc@5 85.156 (83.837)
Epoch: [1][5000/5005]	Time 0.717 (0.711)	Data 0.000 (0.002)	Loss 1.4809 (1.5827)	Acc@1 66.797 (62.622)	Acc@5 82.812 (83.833)
Test: [0/196]	Time 2.922 (2.922)	Loss 0.6417 (0.6417)	Acc@1 85.547 (85.547)	Acc@5 96.484 (96.484)
 * Acc@1 69.922 Acc@5 89.578
weight information for regulizer based pretrain
[tensor(0.0010, device='cuda:0'), tensor(0.0020, device='cuda:0'), tensor(0.0147, device='cuda:0')] [tensor(9.7995e-06, device='cuda:0'), tensor(3.8473e-05, device='cuda:0'), tensor(0.0001, device='cuda:0')]
Epoch: [2][0/5005]	Time 2.312 (2.312)	Data 2.019 (2.019)	Loss 1.6755 (1.6755)	Acc@1 61.719 (61.719)	Acc@5 84.375 (84.375)
Epoch: [2][500/5005]	Time 0.731 (0.714)	Data 0.000 (0.005)	Loss 1.5919 (1.5712)	Acc@1 62.891 (62.788)	Acc@5 84.375 (84.041)
Epoch: [2][1000/5005]	Time 0.714 (0.712)	Data 0.000 (0.003)	Loss 1.5054 (1.5830)	Acc@1 61.719 (62.564)	Acc@5 82.812 (83.916)
Epoch: [2][1500/5005]	Time 0.713 (0.711)	Data 0.000 (0.002)	Loss 1.6606 (1.5826)	Acc@1 64.062 (62.603)	Acc@5 83.984 (83.890)
Epoch: [2][2000/5005]	Time 0.688 (0.711)	Data 0.000 (0.002)	Loss 1.5496 (1.5815)	Acc@1 60.938 (62.633)	Acc@5 85.938 (83.875)
Epoch: [2][2500/5005]	Time 0.715 (0.711)	Data 0.000 (0.002)	Loss 1.4972 (1.5828)	Acc@1 65.625 (62.626)	Acc@5 87.109 (83.838)
Epoch: [2][3000/5005]	Time 0.744 (0.711)	Data 0.000 (0.002)	Loss 1.5135 (1.5822)	Acc@1 64.844 (62.653)	Acc@5 85.547 (83.839)
Epoch: [2][3500/5005]	Time 0.707 (0.711)	Data 0.000 (0.002)	Loss 1.7654 (1.5816)	Acc@1 60.938 (62.647)	Acc@5 78.516 (83.851)
Epoch: [2][4000/5005]	Time 0.725 (0.711)	Data 0.000 (0.002)	Loss 1.6149 (1.5813)	Acc@1 60.938 (62.650)	Acc@5 79.297 (83.853)
Epoch: [2][4500/5005]	Time 0.718 (0.711)	Data 0.000 (0.002)	Loss 1.7865 (1.5820)	Acc@1 58.203 (62.628)	Acc@5 80.469 (83.833)
Epoch: [2][5000/5005]	Time 0.703 (0.710)	Data 0.000 (0.002)	Loss 1.7582 (1.5826)	Acc@1 58.984 (62.622)	Acc@5 80.078 (83.828)
Test: [0/196]	Time 2.909 (2.909)	Loss 0.6425 (0.6425)	Acc@1 85.547 (85.547)	Acc@5 96.484 (96.484)
 * Acc@1 69.940 Acc@5 89.588
weight information for regulizer based pretrain
[tensor(0.0010, device='cuda:0'), tensor(0.0020, device='cuda:0'), tensor(0.0147, device='cuda:0')] [tensor(9.8082e-06, device='cuda:0'), tensor(3.8548e-05, device='cuda:0'), tensor(0.0001, device='cuda:0')]
Epoch: [3][0/5005]	Time 2.137 (2.137)	Data 1.906 (1.906)	Loss 1.6958 (1.6958)	Acc@1 63.281 (63.281)	Acc@5 82.031 (82.031)
Epoch: [3][500/5005]	Time 0.749 (0.713)	Data 0.000 (0.005)	Loss 1.6064 (1.5848)	Acc@1 65.625 (62.620)	Acc@5 83.984 (83.814)
Epoch: [3][1000/5005]	Time 0.713 (0.711)	Data 0.000 (0.003)	Loss 1.4568 (1.5813)	Acc@1 68.359 (62.733)	Acc@5 86.328 (83.878)
Epoch: [3][1500/5005]	Time 0.703 (0.711)	Data 0.000 (0.002)	Loss 1.5966 (1.5780)	Acc@1 64.062 (62.776)	Acc@5 81.641 (83.897)
Epoch: [3][2000/5005]	Time 0.703 (0.711)	Data 0.000 (0.002)	Loss 1.5378 (1.5779)	Acc@1 65.625 (62.751)	Acc@5 83.594 (83.905)
Epoch: [3][2500/5005]	Time 0.744 (0.711)	Data 0.000 (0.002)	Loss 1.5604 (1.5801)	Acc@1 61.328 (62.691)	Acc@5 83.594 (83.877)
Epoch: [3][3000/5005]	Time 0.719 (0.711)	Data 0.000 (0.002)	Loss 1.5863 (1.5802)	Acc@1 61.328 (62.704)	Acc@5 82.812 (83.877)
Epoch: [3][3500/5005]	Time 0.714 (0.710)	Data 0.000 (0.002)	Loss 1.7392 (1.5806)	Acc@1 61.328 (62.700)	Acc@5 83.594 (83.853)
Epoch: [3][4000/5005]	Time 0.732 (0.710)	Data 0.000 (0.002)	Loss 1.5567 (1.5802)	Acc@1 62.891 (62.710)	Acc@5 85.156 (83.851)
Epoch: [3][4500/5005]	Time 0.709 (0.711)	Data 0.000 (0.002)	Loss 1.6584 (1.5809)	Acc@1 58.203 (62.673)	Acc@5 80.469 (83.841)
Epoch: [3][5000/5005]	Time 0.722 (0.710)	Data 0.000 (0.002)	Loss 1.4377 (1.5810)	Acc@1 66.016 (62.671)	Acc@5 85.156 (83.842)
Test: [0/196]	Time 2.935 (2.935)	Loss 0.6415 (0.6415)	Acc@1 85.547 (85.547)	Acc@5 96.484 (96.484)
 * Acc@1 69.938 Acc@5 89.572
weight information for regulizer based pretrain
[tensor(0.0010, device='cuda:0'), tensor(0.0020, device='cuda:0'), tensor(0.0147, device='cuda:0')] [tensor(9.8167e-06, device='cuda:0'), tensor(3.8622e-05, device='cuda:0'), tensor(0.0001, device='cuda:0')]
Epoch: [4][0/5005]	Time 2.336 (2.336)	Data 2.078 (2.078)	Loss 1.7216 (1.7216)	Acc@1 60.938 (60.938)	Acc@5 79.297 (79.297)
Epoch: [4][500/5005]	Time 0.720 (0.713)	Data 0.000 (0.005)	Loss 1.4814 (1.5764)	Acc@1 65.625 (62.713)	Acc@5 87.500 (83.982)
Epoch: [4][1000/5005]	Time 0.706 (0.712)	Data 0.000 (0.003)	Loss 1.7746 (1.5785)	Acc@1 60.938 (62.581)	Acc@5 80.859 (83.945)
Epoch: [4][1500/5005]	Time 0.712 (0.712)	Data 0.000 (0.003)	Loss 1.7027 (1.5799)	Acc@1 58.984 (62.621)	Acc@5 83.984 (83.911)
Epoch: [4][2000/5005]	Time 0.716 (0.711)	Data 0.000 (0.002)	Loss 1.3901 (1.5827)	Acc@1 64.844 (62.579)	Acc@5 85.938 (83.862)
Epoch: [4][2500/5005]	Time 0.724 (0.711)	Data 0.000 (0.002)	Loss 1.6094 (1.5830)	Acc@1 59.766 (62.583)	Acc@5 83.984 (83.868)
Epoch: [4][3000/5005]	Time 0.748 (0.711)	Data 0.000 (0.002)	Loss 1.5329 (1.5833)	Acc@1 64.062 (62.572)	Acc@5 83.203 (83.854)
Epoch: [4][3500/5005]	Time 0.706 (0.711)	Data 0.000 (0.002)	Loss 1.4769 (1.5807)	Acc@1 62.891 (62.617)	Acc@5 83.984 (83.895)
Epoch: [4][4000/5005]	Time 0.683 (0.711)	Data 0.000 (0.002)	Loss 1.4699 (1.5794)	Acc@1 67.578 (62.596)	Acc@5 88.281 (83.916)
Epoch: [4][4500/5005]	Time 0.704 (0.711)	Data 0.000 (0.002)	Loss 1.4760 (1.5790)	Acc@1 62.891 (62.609)	Acc@5 85.547 (83.916)
Epoch: [4][5000/5005]	Time 0.698 (0.711)	Data 0.000 (0.002)	Loss 1.4569 (1.5795)	Acc@1 66.016 (62.619)	Acc@5 83.984 (83.904)
Test: [0/196]	Time 2.861 (2.861)	Loss 0.6404 (0.6404)	Acc@1 85.547 (85.547)	Acc@5 96.484 (96.484)
 * Acc@1 69.954 Acc@5 89.598
weight information for regulizer based pretrain
[tensor(0.0010, device='cuda:0'), tensor(0.0020, device='cuda:0'), tensor(0.0147, device='cuda:0')] [tensor(9.8251e-06, device='cuda:0'), tensor(3.8696e-05, device='cuda:0'), tensor(0.0001, device='cuda:0')]
Epoch: [5][0/5005]	Time 2.441 (2.441)	Data 2.212 (2.212)	Loss 1.6001 (1.6001)	Acc@1 60.547 (60.547)	Acc@5 81.641 (81.641)
Epoch: [5][500/5005]	Time 0.714 (0.714)	Data 0.000 (0.006)	Loss 1.9066 (1.5747)	Acc@1 57.812 (62.843)	Acc@5 79.688 (84.008)
Epoch: [5][1000/5005]	Time 0.703 (0.713)	Data 0.000 (0.003)	Loss 1.4487 (1.5801)	Acc@1 64.062 (62.692)	Acc@5 87.109 (83.886)
Epoch: [5][1500/5005]	Time 0.685 (0.712)	Data 0.000 (0.003)	Loss 1.4674 (1.5839)	Acc@1 64.844 (62.601)	Acc@5 83.984 (83.835)
Epoch: [5][2000/5005]	Time 0.693 (0.712)	Data 0.000 (0.002)	Loss 1.3048 (1.5827)	Acc@1 68.750 (62.615)	Acc@5 88.281 (83.839)
Epoch: [5][2500/5005]	Time 0.691 (0.711)	Data 0.000 (0.002)	Loss 1.5847 (1.5816)	Acc@1 61.719 (62.627)	Acc@5 82.812 (83.848)
Epoch: [5][3000/5005]	Time 0.712 (0.711)	Data 0.000 (0.002)	Loss 1.7356 (1.5816)	Acc@1 63.281 (62.648)	Acc@5 81.641 (83.851)
Epoch: [5][3500/5005]	Time 0.712 (0.711)	Data 0.000 (0.002)	Loss 1.3584 (1.5800)	Acc@1 67.578 (62.669)	Acc@5 88.281 (83.883)
Epoch: [5][4000/5005]	Time 0.720 (0.711)	Data 0.000 (0.002)	Loss 1.6257 (1.5812)	Acc@1 62.109 (62.666)	Acc@5 84.766 (83.856)
Epoch: [5][4500/5005]	Time 0.711 (0.711)	Data 0.000 (0.002)	Loss 1.5649 (1.5813)	Acc@1 62.109 (62.673)	Acc@5 83.594 (83.845)
Epoch: [5][5000/5005]	Time 0.717 (0.711)	Data 0.000 (0.002)	Loss 1.5261 (1.5810)	Acc@1 64.844 (62.669)	Acc@5 83.984 (83.847)
Test: [0/196]	Time 2.949 (2.949)	Loss 0.6415 (0.6415)	Acc@1 85.547 (85.547)	Acc@5 96.484 (96.484)
 * Acc@1 69.966 Acc@5 89.602
weight information for regulizer based pretrain
[tensor(0.0010, device='cuda:0'), tensor(0.0020, device='cuda:0'), tensor(0.0147, device='cuda:0')] [tensor(9.8332e-06, device='cuda:0'), tensor(3.8767e-05, device='cuda:0'), tensor(0.0001, device='cuda:0')]
Epoch: [6][0/5005]	Time 2.445 (2.445)	Data 2.220 (2.220)	Loss 1.6228 (1.6228)	Acc@1 61.719 (61.719)	Acc@5 83.203 (83.203)
Epoch: [6][500/5005]	Time 0.750 (0.714)	Data 0.000 (0.006)	Loss 1.5899 (1.5752)	Acc@1 62.500 (62.768)	Acc@5 81.641 (83.878)
Epoch: [6][1000/5005]	Time 0.718 (0.713)	Data 0.000 (0.003)	Loss 1.5698 (1.5760)	Acc@1 63.281 (62.823)	Acc@5 87.500 (83.859)
Epoch: [6][1500/5005]	Time 0.745 (0.712)	Data 0.000 (0.003)	Loss 1.7339 (1.5789)	Acc@1 59.766 (62.747)	Acc@5 81.250 (83.808)
Epoch: [6][2000/5005]	Time 0.683 (0.711)	Data 0.000 (0.002)	Loss 1.3433 (1.5799)	Acc@1 65.234 (62.732)	Acc@5 88.281 (83.806)
Epoch: [6][2500/5005]	Time 0.716 (0.711)	Data 0.000 (0.002)	Loss 1.6003 (1.5794)	Acc@1 63.672 (62.715)	Acc@5 85.547 (83.816)
Epoch: [6][3000/5005]	Time 0.692 (0.711)	Data 0.000 (0.002)	Loss 1.5310 (1.5779)	Acc@1 65.625 (62.712)	Acc@5 86.328 (83.840)
Epoch: [6][3500/5005]	Time 0.718 (0.711)	Data 0.000 (0.002)	Loss 1.6781 (1.5784)	Acc@1 62.109 (62.701)	Acc@5 81.641 (83.829)
Epoch: [6][4000/5005]	Time 0.733 (0.711)	Data 0.000 (0.002)	Loss 1.6091 (1.5776)	Acc@1 60.938 (62.694)	Acc@5 82.812 (83.851)
Epoch: [6][4500/5005]	Time 0.685 (0.711)	Data 0.000 (0.002)	Loss 1.6248 (1.5764)	Acc@1 60.938 (62.718)	Acc@5 80.469 (83.877)
Epoch: [6][5000/5005]	Time 0.712 (0.711)	Data 0.000 (0.002)	Loss 1.6085 (1.5773)	Acc@1 60.938 (62.690)	Acc@5 83.594 (83.866)
Test: [0/196]	Time 2.923 (2.923)	Loss 0.6411 (0.6411)	Acc@1 85.547 (85.547)	Acc@5 96.484 (96.484)
 * Acc@1 69.954 Acc@5 89.602
weight information for regulizer based pretrain
[tensor(0.0010, device='cuda:0'), tensor(0.0020, device='cuda:0'), tensor(0.0147, device='cuda:0')] [tensor(9.8413e-06, device='cuda:0'), tensor(3.8839e-05, device='cuda:0'), tensor(0.0001, device='cuda:0')]
Epoch: [7][0/5005]	Time 2.233 (2.233)	Data 1.998 (1.998)	Loss 1.7015 (1.7015)	Acc@1 57.031 (57.031)	Acc@5 81.250 (81.250)
Epoch: [7][500/5005]	Time 0.703 (0.712)	Data 0.000 (0.005)	Loss 1.7664 (1.5698)	Acc@1 58.984 (62.843)	Acc@5 80.859 (83.939)
Epoch: [7][1000/5005]	Time 0.721 (0.712)	Data 0.000 (0.003)	Loss 1.5361 (1.5740)	Acc@1 60.156 (62.728)	Acc@5 85.156 (83.926)
Epoch: [7][1500/5005]	Time 0.715 (0.711)	Data 0.000 (0.003)	Loss 1.5450 (1.5746)	Acc@1 66.406 (62.730)	Acc@5 85.938 (83.874)
Epoch: [7][2000/5005]	Time 0.722 (0.711)	Data 0.000 (0.002)	Loss 1.7056 (1.5737)	Acc@1 58.984 (62.748)	Acc@5 82.812 (83.878)
Epoch: [7][2500/5005]	Time 0.741 (0.710)	Data 0.000 (0.002)	Loss 1.6924 (1.5737)	Acc@1 60.938 (62.790)	Acc@5 83.594 (83.889)
Epoch: [7][3000/5005]	Time 0.714 (0.710)	Data 0.000 (0.002)	Loss 1.5177 (1.5760)	Acc@1 64.453 (62.766)	Acc@5 82.422 (83.864)
Epoch: [7][3500/5005]	Time 0.714 (0.710)	Data 0.000 (0.002)	Loss 1.7455 (1.5768)	Acc@1 61.719 (62.744)	Acc@5 83.203 (83.846)
Epoch: [7][4000/5005]	Time 0.713 (0.710)	Data 0.000 (0.002)	Loss 1.5288 (1.5782)	Acc@1 62.891 (62.724)	Acc@5 85.547 (83.824)
Epoch: [7][4500/5005]	Time 0.752 (0.710)	Data 0.000 (0.002)	Loss 1.4920 (1.5779)	Acc@1 64.453 (62.749)	Acc@5 85.156 (83.840)
Epoch: [7][5000/5005]	Time 0.715 (0.710)	Data 0.000 (0.002)	Loss 1.5676 (1.5782)	Acc@1 62.109 (62.735)	Acc@5 84.766 (83.834)
Test: [0/196]	Time 2.944 (2.944)	Loss 0.6386 (0.6386)	Acc@1 85.547 (85.547)	Acc@5 96.484 (96.484)
 * Acc@1 69.980 Acc@5 89.610
weight information for regulizer based pretrain
[tensor(0.0010, device='cuda:0'), tensor(0.0020, device='cuda:0'), tensor(0.0147, device='cuda:0')] [tensor(9.8492e-06, device='cuda:0'), tensor(3.8909e-05, device='cuda:0'), tensor(0.0001, device='cuda:0')]
Epoch: [8][0/5005]	Time 2.248 (2.248)	Data 1.980 (1.980)	Loss 1.6978 (1.6978)	Acc@1 59.375 (59.375)	Acc@5 81.250 (81.250)
Epoch: [8][500/5005]	Time 0.703 (0.710)	Data 0.000 (0.005)	Loss 1.6930 (1.5725)	Acc@1 61.719 (62.792)	Acc@5 81.250 (83.858)
Epoch: [8][1000/5005]	Time 0.711 (0.710)	Data 0.000 (0.003)	Loss 1.5859 (1.5760)	Acc@1 62.109 (62.722)	Acc@5 85.156 (83.852)
Epoch: [8][1500/5005]	Time 0.723 (0.711)	Data 0.000 (0.002)	Loss 1.6319 (1.5764)	Acc@1 63.281 (62.750)	Acc@5 82.031 (83.854)
Epoch: [8][2000/5005]	Time 0.714 (0.711)	Data 0.000 (0.002)	Loss 1.6306 (1.5750)	Acc@1 64.453 (62.777)	Acc@5 82.812 (83.885)
Epoch: [8][2500/5005]	Time 0.715 (0.711)	Data 0.000 (0.002)	Loss 1.6160 (1.5753)	Acc@1 60.547 (62.765)	Acc@5 84.375 (83.897)
Epoch: [8][3000/5005]	Time 0.708 (0.711)	Data 0.000 (0.002)	Loss 1.5509 (1.5737)	Acc@1 64.844 (62.808)	Acc@5 85.156 (83.921)
Epoch: [8][3500/5005]	Time 0.710 (0.710)	Data 0.000 (0.002)	Loss 1.4821 (1.5738)	Acc@1 62.109 (62.797)	Acc@5 85.938 (83.913)
Epoch: [8][4000/5005]	Time 0.714 (0.710)	Data 0.000 (0.002)	Loss 1.4771 (1.5747)	Acc@1 63.281 (62.780)	Acc@5 85.547 (83.899)
Epoch: [8][4500/5005]	Time 0.708 (0.710)	Data 0.000 (0.002)	Loss 1.5215 (1.5747)	Acc@1 60.938 (62.786)	Acc@5 85.938 (83.891)
Epoch: [8][5000/5005]	Time 0.694 (0.710)	Data 0.000 (0.002)	Loss 1.7510 (1.5745)	Acc@1 58.984 (62.778)	Acc@5 80.078 (83.901)
Test: [0/196]	Time 2.934 (2.934)	Loss 0.6377 (0.6377)	Acc@1 85.547 (85.547)	Acc@5 96.484 (96.484)
 * Acc@1 69.998 Acc@5 89.636
weight information for regulizer based pretrain
[tensor(0.0010, device='cuda:0'), tensor(0.0020, device='cuda:0'), tensor(0.0147, device='cuda:0')] [tensor(9.8570e-06, device='cuda:0'), tensor(3.8979e-05, device='cuda:0'), tensor(0.0001, device='cuda:0')]
Epoch: [9][0/5005]	Time 2.469 (2.469)	Data 2.243 (2.243)	Loss 1.3528 (1.3528)	Acc@1 65.234 (65.234)	Acc@5 89.453 (89.453)
Epoch: [9][500/5005]	Time 0.713 (0.712)	Data 0.000 (0.006)	Loss 1.6486 (1.5729)	Acc@1 63.281 (62.867)	Acc@5 83.984 (84.009)
Epoch: [9][1000/5005]	Time 0.717 (0.711)	Data 0.000 (0.003)	Loss 1.5441 (1.5712)	Acc@1 65.625 (62.877)	Acc@5 84.375 (83.931)
Epoch: [9][1500/5005]	Time 0.693 (0.711)	Data 0.000 (0.003)	Loss 1.6272 (1.5714)	Acc@1 61.328 (62.887)	Acc@5 82.422 (83.912)
Epoch: [9][2000/5005]	Time 0.684 (0.711)	Data 0.000 (0.002)	Loss 1.7015 (1.5736)	Acc@1 65.625 (62.860)	Acc@5 81.641 (83.877)
Epoch: [9][2500/5005]	Time 0.715 (0.711)	Data 0.000 (0.002)	Loss 1.7399 (1.5722)	Acc@1 60.938 (62.863)	Acc@5 81.641 (83.908)
Epoch: [9][3000/5005]	Time 0.694 (0.711)	Data 0.000 (0.002)	Loss 1.7245 (1.5725)	Acc@1 58.594 (62.854)	Acc@5 80.859 (83.911)
Epoch: [9][3500/5005]	Time 0.725 (0.711)	Data 0.000 (0.002)	Loss 1.5762 (1.5721)	Acc@1 60.547 (62.843)	Acc@5 84.375 (83.915)
Epoch: [9][4000/5005]	Time 0.716 (0.711)	Data 0.000 (0.002)	Loss 1.6130 (1.5726)	Acc@1 60.938 (62.822)	Acc@5 83.594 (83.923)
Epoch: [9][4500/5005]	Time 0.732 (0.711)	Data 0.000 (0.002)	Loss 1.3459 (1.5724)	Acc@1 66.406 (62.821)	Acc@5 88.281 (83.935)
Epoch: [9][5000/5005]	Time 0.716 (0.711)	Data 0.000 (0.002)	Loss 1.5727 (1.5728)	Acc@1 60.547 (62.829)	Acc@5 84.766 (83.932)
Test: [0/196]	Time 2.927 (2.927)	Loss 0.6393 (0.6393)	Acc@1 85.547 (85.547)	Acc@5 96.484 (96.484)
 * Acc@1 69.996 Acc@5 89.628
weight information for regulizer based pretrain
[tensor(0.0010, device='cuda:0'), tensor(0.0020, device='cuda:0'), tensor(0.0147, device='cuda:0')] [tensor(9.8647e-06, device='cuda:0'), tensor(3.9048e-05, device='cuda:0'), tensor(0.0001, device='cuda:0')]
Epoch: [10][0/5005]	Time 2.231 (2.231)	Data 1.959 (1.959)	Loss 1.5883 (1.5883)	Acc@1 64.844 (64.844)	Acc@5 83.594 (83.594)
Epoch: [10][500/5005]	Time 0.697 (0.706)	Data 0.000 (0.005)	Loss 1.5651 (1.5637)	Acc@1 62.500 (62.883)	Acc@5 81.641 (83.959)
Epoch: [10][1000/5005]	Time 0.695 (0.704)	Data 0.000 (0.003)	Loss 1.5475 (1.5732)	Acc@1 62.500 (62.742)	Acc@5 83.203 (83.897)
Epoch: [10][1500/5005]	Time 0.661 (0.703)	Data 0.000 (0.002)	Loss 1.3012 (1.5760)	Acc@1 70.312 (62.672)	Acc@5 85.938 (83.892)
Epoch: [10][2000/5005]	Time 0.695 (0.703)	Data 0.000 (0.002)	Loss 1.7974 (1.5755)	Acc@1 60.938 (62.723)	Acc@5 81.250 (83.896)
Epoch: [10][2500/5005]	Time 0.728 (0.702)	Data 0.000 (0.002)	Loss 1.5059 (1.5762)	Acc@1 64.453 (62.720)	Acc@5 83.594 (83.883)
Epoch: [10][3000/5005]	Time 0.712 (0.702)	Data 0.000 (0.002)	Loss 1.6313 (1.5753)	Acc@1 64.453 (62.726)	Acc@5 82.422 (83.875)
Epoch: [10][3500/5005]	Time 0.697 (0.702)	Data 0.000 (0.002)	Loss 1.6601 (1.5754)	Acc@1 59.375 (62.733)	Acc@5 82.422 (83.872)
Epoch: [10][4000/5005]	Time 0.674 (0.702)	Data 0.000 (0.002)	Loss 1.7764 (1.5753)	Acc@1 60.938 (62.741)	Acc@5 82.422 (83.860)
Epoch: [10][4500/5005]	Time 0.697 (0.702)	Data 0.000 (0.002)	Loss 1.7949 (1.5758)	Acc@1 58.984 (62.742)	Acc@5 81.641 (83.854)
Epoch: [10][5000/5005]	Time 0.697 (0.702)	Data 0.000 (0.002)	Loss 1.5602 (1.5758)	Acc@1 66.797 (62.740)	Acc@5 84.766 (83.855)
Test: [0/196]	Time 2.855 (2.855)	Loss 0.6387 (0.6387)	Acc@1 85.547 (85.547)	Acc@5 96.484 (96.484)
 * Acc@1 69.986 Acc@5 89.642
weight information for regulizer based pretrain
[tensor(0.0010, device='cuda:0'), tensor(0.0020, device='cuda:0'), tensor(0.0147, device='cuda:0')] [tensor(9.8722e-06, device='cuda:0'), tensor(3.9115e-05, device='cuda:0'), tensor(0.0001, device='cuda:0')]
Epoch: [11][0/5005]	Time 2.129 (2.129)	Data 1.900 (1.900)	Loss 1.6540 (1.6540)	Acc@1 64.844 (64.844)	Acc@5 82.422 (82.422)
Epoch: [11][500/5005]	Time 0.704 (0.703)	Data 0.000 (0.005)	Loss 1.7744 (1.5791)	Acc@1 62.891 (62.534)	Acc@5 78.125 (83.921)
Epoch: [11][1000/5005]	Time 0.698 (0.702)	Data 0.000 (0.003)	Loss 1.6867 (1.5773)	Acc@1 59.766 (62.617)	Acc@5 80.859 (83.907)
Epoch: [11][1500/5005]	Time 0.699 (0.702)	Data 0.000 (0.002)	Loss 1.3925 (1.5748)	Acc@1 68.359 (62.673)	Acc@5 84.375 (83.942)
Epoch: [11][2000/5005]	Time 0.703 (0.702)	Data 0.000 (0.002)	Loss 1.6892 (1.5748)	Acc@1 58.984 (62.680)	Acc@5 81.641 (83.933)
Epoch: [11][2500/5005]	Time 0.710 (0.702)	Data 0.000 (0.002)	Loss 1.4326 (1.5724)	Acc@1 67.969 (62.745)	Acc@5 85.547 (83.954)
Epoch: [11][3000/5005]	Time 0.697 (0.702)	Data 0.000 (0.002)	Loss 1.6072 (1.5720)	Acc@1 62.109 (62.765)	Acc@5 83.984 (83.943)
Epoch: [11][3500/5005]	Time 0.698 (0.702)	Data 0.000 (0.002)	Loss 1.5380 (1.5728)	Acc@1 64.453 (62.754)	Acc@5 85.156 (83.945)
Epoch: [11][4000/5005]	Time 0.695 (0.702)	Data 0.000 (0.002)	Loss 1.6830 (1.5725)	Acc@1 61.328 (62.769)	Acc@5 80.469 (83.951)
Epoch: [11][4500/5005]	Time 0.702 (0.702)	Data 0.000 (0.002)	Loss 1.5158 (1.5732)	Acc@1 64.453 (62.756)	Acc@5 85.156 (83.951)
Epoch: [11][5000/5005]	Time 0.699 (0.702)	Data 0.000 (0.002)	Loss 1.5571 (1.5724)	Acc@1 64.062 (62.772)	Acc@5 82.031 (83.978)
Test: [0/196]	Time 2.859 (2.859)	Loss 0.6391 (0.6391)	Acc@1 85.547 (85.547)	Acc@5 96.484 (96.484)
 * Acc@1 70.010 Acc@5 89.630
weight information for regulizer based pretrain
[tensor(0.0010, device='cuda:0'), tensor(0.0020, device='cuda:0'), tensor(0.0147, device='cuda:0')] [tensor(9.8796e-06, device='cuda:0'), tensor(3.9182e-05, device='cuda:0'), tensor(0.0001, device='cuda:0')]
Epoch: [12][0/5005]	Time 2.293 (2.293)	Data 2.057 (2.057)	Loss 1.7883 (1.7883)	Acc@1 58.203 (58.203)	Acc@5 76.562 (76.562)
Epoch: [12][500/5005]	Time 0.700 (0.704)	Data 0.000 (0.005)	Loss 1.6568 (1.5729)	Acc@1 61.328 (62.732)	Acc@5 82.812 (83.924)
Epoch: [12][1000/5005]	Time 0.700 (0.703)	Data 0.000 (0.003)	Loss 1.8241 (1.5665)	Acc@1 60.156 (62.943)	Acc@5 82.422 (83.970)
Epoch: [12][1500/5005]	Time 0.698 (0.702)	Data 0.000 (0.003)	Loss 1.6658 (1.5717)	Acc@1 64.062 (62.848)	Acc@5 83.594 (83.906)
Epoch: [12][2000/5005]	Time 0.701 (0.702)	Data 0.000 (0.002)	Loss 1.5253 (1.5735)	Acc@1 61.328 (62.806)	Acc@5 84.766 (83.904)
Epoch: [12][2500/5005]	Time 0.695 (0.702)	Data 0.000 (0.002)	Loss 1.4796 (1.5734)	Acc@1 60.547 (62.792)	Acc@5 86.328 (83.893)
Epoch: [12][3000/5005]	Time 0.695 (0.702)	Data 0.000 (0.002)	Loss 1.4533 (1.5723)	Acc@1 66.406 (62.803)	Acc@5 87.891 (83.926)
Epoch: [12][3500/5005]	Time 0.706 (0.702)	Data 0.000 (0.002)	Loss 1.5319 (1.5726)	Acc@1 66.016 (62.823)	Acc@5 83.984 (83.921)
Epoch: [12][4000/5005]	Time 0.720 (0.702)	Data 0.000 (0.002)	Loss 1.4835 (1.5718)	Acc@1 60.547 (62.828)	Acc@5 85.156 (83.929)
Epoch: [12][4500/5005]	Time 0.699 (0.702)	Data 0.000 (0.002)	Loss 1.4036 (1.5725)	Acc@1 64.844 (62.807)	Acc@5 85.938 (83.929)
Epoch: [12][5000/5005]	Time 0.704 (0.702)	Data 0.000 (0.002)	Loss 1.6229 (1.5721)	Acc@1 61.719 (62.810)	Acc@5 82.422 (83.934)
Test: [0/196]	Time 2.876 (2.876)	Loss 0.6388 (0.6388)	Acc@1 85.547 (85.547)	Acc@5 96.484 (96.484)
 * Acc@1 70.026 Acc@5 89.630
weight information for regulizer based pretrain
[tensor(0.0010, device='cuda:0'), tensor(0.0020, device='cuda:0'), tensor(0.0147, device='cuda:0')] [tensor(9.8870e-06, device='cuda:0'), tensor(3.9249e-05, device='cuda:0'), tensor(0.0001, device='cuda:0')]
Epoch: [13][0/5005]	Time 2.299 (2.299)	Data 2.043 (2.043)	Loss 1.4309 (1.4309)	Acc@1 65.625 (65.625)	Acc@5 87.500 (87.500)
Epoch: [13][500/5005]	Time 0.694 (0.704)	Data 0.000 (0.005)	Loss 1.7391 (1.5688)	Acc@1 62.891 (62.895)	Acc@5 80.859 (84.121)
Epoch: [13][1000/5005]	Time 0.699 (0.703)	Data 0.000 (0.003)	Loss 1.7511 (1.5674)	Acc@1 57.422 (62.918)	Acc@5 80.469 (84.014)
Epoch: [13][1500/5005]	Time 0.698 (0.702)	Data 0.000 (0.003)	Loss 1.6089 (1.5682)	Acc@1 62.109 (62.945)	Acc@5 83.203 (83.969)
Epoch: [13][2000/5005]	Time 0.697 (0.702)	Data 0.000 (0.002)	Loss 1.6294 (1.5671)	Acc@1 60.547 (62.956)	Acc@5 83.594 (83.985)
Epoch: [13][2500/5005]	Time 0.706 (0.702)	Data 0.000 (0.002)	Loss 1.7101 (1.5673)	Acc@1 58.594 (62.938)	Acc@5 80.859 (83.981)
Epoch: [13][3000/5005]	Time 0.696 (0.702)	Data 0.000 (0.002)	Loss 1.7100 (1.5680)	Acc@1 57.031 (62.922)	Acc@5 82.422 (83.987)
Epoch: [13][3500/5005]	Time 0.697 (0.702)	Data 0.000 (0.002)	Loss 1.5619 (1.5685)	Acc@1 64.062 (62.919)	Acc@5 82.031 (83.981)
Epoch: [13][4000/5005]	Time 0.696 (0.701)	Data 0.000 (0.002)	Loss 1.4458 (1.5698)	Acc@1 66.797 (62.921)	Acc@5 86.328 (83.953)
Epoch: [13][4500/5005]	Time 0.680 (0.701)	Data 0.000 (0.002)	Loss 1.4714 (1.5690)	Acc@1 63.672 (62.921)	Acc@5 87.891 (83.983)
Epoch: [13][5000/5005]	Time 0.695 (0.700)	Data 0.000 (0.002)	Loss 1.4976 (1.5693)	Acc@1 65.625 (62.896)	Acc@5 85.547 (83.974)
Test: [0/196]	Time 2.865 (2.865)	Loss 0.6379 (0.6379)	Acc@1 85.547 (85.547)	Acc@5 96.484 (96.484)
 * Acc@1 70.018 Acc@5 89.656
weight information for regulizer based pretrain
[tensor(0.0010, device='cuda:0'), tensor(0.0020, device='cuda:0'), tensor(0.0147, device='cuda:0')] [tensor(9.8943e-06, device='cuda:0'), tensor(3.9316e-05, device='cuda:0'), tensor(0.0001, device='cuda:0')]
Epoch: [14][0/5005]	Time 2.109 (2.109)	Data 1.843 (1.843)	Loss 1.7035 (1.7035)	Acc@1 62.500 (62.500)	Acc@5 79.688 (79.688)
Epoch: [14][500/5005]	Time 0.697 (0.703)	Data 0.000 (0.005)	Loss 1.7071 (1.5774)	Acc@1 58.984 (62.871)	Acc@5 82.422 (83.820)
Epoch: [14][1000/5005]	Time 0.695 (0.702)	Data 0.000 (0.003)	Loss 1.5432 (1.5763)	Acc@1 65.234 (62.783)	Acc@5 82.812 (83.831)
Epoch: [14][1500/5005]	Time 0.697 (0.702)	Data 0.000 (0.002)	Loss 1.5326 (1.5729)	Acc@1 64.062 (62.850)	Acc@5 83.203 (83.867)
Epoch: [14][2000/5005]	Time 0.694 (0.702)	Data 0.000 (0.002)	Loss 1.5044 (1.5729)	Acc@1 64.062 (62.849)	Acc@5 85.938 (83.893)
Epoch: [14][2500/5005]	Time 0.696 (0.702)	Data 0.000 (0.002)	Loss 1.7734 (1.5704)	Acc@1 60.938 (62.910)	Acc@5 79.688 (83.920)
Epoch: [14][3000/5005]	Time 0.699 (0.702)	Data 0.000 (0.002)	Loss 1.4773 (1.5681)	Acc@1 64.844 (62.976)	Acc@5 84.766 (83.963)
Epoch: [14][3500/5005]	Time 0.693 (0.701)	Data 0.000 (0.002)	Loss 1.5595 (1.5692)	Acc@1 65.625 (62.921)	Acc@5 83.594 (83.949)
Epoch: [14][4000/5005]	Time 0.650 (0.701)	Data 0.000 (0.002)	Loss 1.8599 (1.5701)	Acc@1 61.719 (62.908)	Acc@5 80.078 (83.941)
Epoch: [14][4500/5005]	Time 0.698 (0.701)	Data 0.000 (0.002)	Loss 1.5263 (1.5695)	Acc@1 63.281 (62.910)	Acc@5 85.156 (83.952)
Epoch: [14][5000/5005]	Time 0.696 (0.701)	Data 0.000 (0.002)	Loss 1.5839 (1.5692)	Acc@1 66.406 (62.904)	Acc@5 83.203 (83.948)
Test: [0/196]	Time 2.833 (2.833)	Loss 0.6357 (0.6357)	Acc@1 85.156 (85.156)	Acc@5 96.484 (96.484)
 * Acc@1 70.016 Acc@5 89.650
weight information for regulizer based pretrain
[tensor(0.0010, device='cuda:0'), tensor(0.0020, device='cuda:0'), tensor(0.0147, device='cuda:0')] [tensor(9.9014e-06, device='cuda:0'), tensor(3.9381e-05, device='cuda:0'), tensor(0.0001, device='cuda:0')]
Epoch: [15][0/5005]	Time 2.412 (2.412)	Data 2.187 (2.187)	Loss 1.5323 (1.5323)	Acc@1 62.109 (62.109)	Acc@5 82.422 (82.422)
Epoch: [15][500/5005]	Time 0.693 (0.704)	Data 0.000 (0.006)	Loss 1.3482 (1.5665)	Acc@1 71.875 (62.863)	Acc@5 86.719 (83.946)
Epoch: [15][1000/5005]	Time 0.702 (0.702)	Data 0.000 (0.003)	Loss 1.5396 (1.5620)	Acc@1 60.938 (62.983)	Acc@5 82.812 (84.096)
Epoch: [15][1500/5005]	Time 0.703 (0.702)	Data 0.000 (0.003)	Loss 1.7438 (1.5640)	Acc@1 64.844 (63.022)	Acc@5 81.250 (84.089)
Epoch: [15][2000/5005]	Time 0.698 (0.702)	Data 0.000 (0.002)	Loss 1.6768 (1.5635)	Acc@1 56.250 (63.021)	Acc@5 80.469 (84.106)
Epoch: [15][2500/5005]	Time 0.696 (0.702)	Data 0.000 (0.002)	Loss 1.5890 (1.5647)	Acc@1 60.938 (62.982)	Acc@5 84.375 (84.086)
Epoch: [15][3000/5005]	Time 0.696 (0.702)	Data 0.000 (0.002)	Loss 1.6481 (1.5633)	Acc@1 60.547 (62.983)	Acc@5 82.031 (84.099)
Epoch: [15][3500/5005]	Time 0.695 (0.702)	Data 0.000 (0.002)	Loss 1.5107 (1.5647)	Acc@1 66.016 (62.959)	Acc@5 83.594 (84.070)
Epoch: [15][4000/5005]	Time 0.699 (0.702)	Data 0.000 (0.002)	Loss 1.3295 (1.5655)	Acc@1 70.703 (62.944)	Acc@5 86.719 (84.055)
Epoch: [15][4500/5005]	Time 0.707 (0.702)	Data 0.000 (0.002)	Loss 1.5683 (1.5659)	Acc@1 61.328 (62.945)	Acc@5 84.766 (84.042)
Epoch: [15][5000/5005]	Time 0.699 (0.702)	Data 0.000 (0.002)	Loss 1.6362 (1.5670)	Acc@1 61.719 (62.920)	Acc@5 83.203 (84.017)
Test: [0/196]	Time 2.815 (2.815)	Loss 0.6354 (0.6354)	Acc@1 85.156 (85.156)	Acc@5 96.484 (96.484)
 * Acc@1 70.020 Acc@5 89.672
weight information for regulizer based pretrain
[tensor(0.0010, device='cuda:0'), tensor(0.0020, device='cuda:0'), tensor(0.0147, device='cuda:0')] [tensor(9.9085e-06, device='cuda:0'), tensor(3.9446e-05, device='cuda:0'), tensor(0.0001, device='cuda:0')]
Epoch: [16][0/5005]	Time 2.461 (2.461)	Data 2.242 (2.242)	Loss 1.6127 (1.6127)	Acc@1 60.156 (60.156)	Acc@5 85.156 (85.156)
Epoch: [16][500/5005]	Time 0.697 (0.705)	Data 0.000 (0.006)	Loss 1.5316 (1.5569)	Acc@1 60.547 (63.153)	Acc@5 84.766 (84.040)
Epoch: [16][1000/5005]	Time 0.696 (0.703)	Data 0.000 (0.003)	Loss 1.5834 (1.5656)	Acc@1 61.719 (62.983)	Acc@5 82.812 (83.917)
Epoch: [16][1500/5005]	Time 0.706 (0.702)	Data 0.000 (0.003)	Loss 1.4633 (1.5676)	Acc@1 66.016 (62.937)	Acc@5 85.938 (83.927)
Epoch: [16][2000/5005]	Time 0.693 (0.702)	Data 0.000 (0.002)	Loss 1.6934 (1.5673)	Acc@1 60.156 (62.938)	Acc@5 80.469 (83.935)
Epoch: [16][2500/5005]	Time 0.704 (0.702)	Data 0.000 (0.002)	Loss 1.7525 (1.5685)	Acc@1 59.766 (62.917)	Acc@5 83.203 (83.937)
Epoch: [16][3000/5005]	Time 0.711 (0.702)	Data 0.000 (0.002)	Loss 1.6107 (1.5688)	Acc@1 58.594 (62.912)	Acc@5 85.156 (83.951)
Epoch: [16][3500/5005]	Time 0.698 (0.702)	Data 0.000 (0.002)	Loss 1.6565 (1.5681)	Acc@1 59.375 (62.909)	Acc@5 82.812 (83.954)
Epoch: [16][4000/5005]	Time 0.695 (0.702)	Data 0.000 (0.002)	Loss 1.7073 (1.5687)	Acc@1 60.156 (62.900)	Acc@5 80.859 (83.941)
Epoch: [16][4500/5005]	Time 0.696 (0.702)	Data 0.000 (0.002)	Loss 1.7867 (1.5680)	Acc@1 58.984 (62.900)	Acc@5 80.078 (83.958)
Epoch: [16][5000/5005]	Time 0.698 (0.702)	Data 0.000 (0.002)	Loss 1.4986 (1.5677)	Acc@1 62.891 (62.905)	Acc@5 87.500 (83.974)
Test: [0/196]	Time 2.865 (2.865)	Loss 0.6357 (0.6357)	Acc@1 85.547 (85.547)	Acc@5 96.484 (96.484)
 * Acc@1 70.010 Acc@5 89.654
weight information for regulizer based pretrain
[tensor(0.0010, device='cuda:0'), tensor(0.0020, device='cuda:0'), tensor(0.0147, device='cuda:0')] [tensor(9.9155e-06, device='cuda:0'), tensor(3.9510e-05, device='cuda:0'), tensor(0.0001, device='cuda:0')]
Epoch: [17][0/5005]	Time 2.217 (2.217)	Data 1.952 (1.952)	Loss 1.7605 (1.7605)	Acc@1 62.109 (62.109)	Acc@5 80.078 (80.078)
Epoch: [17][500/5005]	Time 0.708 (0.704)	Data 0.000 (0.005)	Loss 1.6167 (1.5593)	Acc@1 59.766 (63.185)	Acc@5 82.812 (84.070)
Epoch: [17][1000/5005]	Time 0.696 (0.703)	Data 0.000 (0.003)	Loss 1.7274 (1.5597)	Acc@1 62.891 (63.046)	Acc@5 81.250 (84.115)
Epoch: [17][1500/5005]	Time 0.700 (0.703)	Data 0.000 (0.002)	Loss 1.5988 (1.5629)	Acc@1 62.109 (62.947)	Acc@5 82.812 (84.035)
Epoch: [17][2000/5005]	Time 0.702 (0.702)	Data 0.000 (0.002)	Loss 1.4666 (1.5640)	Acc@1 64.453 (62.958)	Acc@5 88.281 (84.020)
Epoch: [17][2500/5005]	Time 0.722 (0.702)	Data 0.000 (0.002)	Loss 1.5313 (1.5649)	Acc@1 64.062 (62.935)	Acc@5 83.984 (84.008)
Epoch: [17][3000/5005]	Time 0.699 (0.702)	Data 0.000 (0.002)	Loss 1.6000 (1.5651)	Acc@1 64.844 (62.928)	Acc@5 85.156 (84.000)
Epoch: [17][3500/5005]	Time 0.704 (0.702)	Data 0.000 (0.002)	Loss 1.5625 (1.5665)	Acc@1 63.281 (62.895)	Acc@5 83.594 (83.965)
Epoch: [17][4000/5005]	Time 0.694 (0.702)	Data 0.000 (0.002)	Loss 1.6519 (1.5667)	Acc@1 64.844 (62.883)	Acc@5 82.422 (83.973)
Epoch: [17][4500/5005]	Time 0.718 (0.702)	Data 0.000 (0.002)	Loss 1.7330 (1.5669)	Acc@1 62.109 (62.900)	Acc@5 81.250 (83.963)
Epoch: [17][5000/5005]	Time 0.699 (0.702)	Data 0.000 (0.002)	Loss 1.5264 (1.5675)	Acc@1 64.844 (62.886)	Acc@5 81.250 (83.960)
Test: [0/196]	Time 2.867 (2.867)	Loss 0.6354 (0.6354)	Acc@1 85.156 (85.156)	Acc@5 96.484 (96.484)
 * Acc@1 70.002 Acc@5 89.668
weight information for regulizer based pretrain
[tensor(0.0010, device='cuda:0'), tensor(0.0020, device='cuda:0'), tensor(0.0147, device='cuda:0')] [tensor(9.9223e-06, device='cuda:0'), tensor(3.9574e-05, device='cuda:0'), tensor(0.0001, device='cuda:0')]
Epoch: [18][0/5005]	Time 2.327 (2.327)	Data 2.103 (2.103)	Loss 1.6198 (1.6198)	Acc@1 62.109 (62.109)	Acc@5 82.031 (82.031)
Epoch: [18][500/5005]	Time 0.717 (0.705)	Data 0.000 (0.005)	Loss 1.5560 (1.5646)	Acc@1 60.156 (62.892)	Acc@5 85.938 (83.953)
Epoch: [18][1000/5005]	Time 0.702 (0.703)	Data 0.000 (0.003)	Loss 1.5384 (1.5655)	Acc@1 64.453 (62.901)	Acc@5 84.766 (83.955)
Epoch: [18][1500/5005]	Time 0.704 (0.703)	Data 0.000 (0.003)	Loss 1.3329 (1.5648)	Acc@1 68.359 (62.898)	Acc@5 85.938 (83.961)
Epoch: [18][2000/5005]	Time 0.701 (0.702)	Data 0.000 (0.002)	Loss 1.5251 (1.5666)	Acc@1 67.578 (62.885)	Acc@5 85.156 (83.938)
Epoch: [18][2500/5005]	Time 0.702 (0.702)	Data 0.000 (0.002)	Loss 1.6755 (1.5688)	Acc@1 62.891 (62.852)	Acc@5 81.250 (83.917)
Epoch: [18][3000/5005]	Time 0.702 (0.702)	Data 0.000 (0.002)	Loss 1.4567 (1.5696)	Acc@1 65.625 (62.855)	Acc@5 85.547 (83.910)
Epoch: [18][3500/5005]	Time 0.696 (0.702)	Data 0.000 (0.002)	Loss 1.5884 (1.5674)	Acc@1 65.625 (62.917)	Acc@5 83.594 (83.916)
Epoch: [18][4000/5005]	Time 0.699 (0.702)	Data 0.000 (0.002)	Loss 1.3893 (1.5668)	Acc@1 65.234 (62.926)	Acc@5 86.328 (83.926)
Epoch: [18][4500/5005]	Time 0.696 (0.702)	Data 0.000 (0.002)	Loss 1.6457 (1.5668)	Acc@1 61.328 (62.926)	Acc@5 83.984 (83.945)
Epoch: [18][5000/5005]	Time 0.695 (0.702)	Data 0.000 (0.002)	Loss 1.5390 (1.5656)	Acc@1 62.891 (62.946)	Acc@5 82.422 (83.971)
Test: [0/196]	Time 2.854 (2.854)	Loss 0.6352 (0.6352)	Acc@1 85.547 (85.547)	Acc@5 96.484 (96.484)
 * Acc@1 70.050 Acc@5 89.680
weight information for regulizer based pretrain
[tensor(0.0010, device='cuda:0'), tensor(0.0020, device='cuda:0'), tensor(0.0147, device='cuda:0')] [tensor(9.9291e-06, device='cuda:0'), tensor(3.9637e-05, device='cuda:0'), tensor(0.0001, device='cuda:0')]
Epoch: [19][0/5005]	Time 2.182 (2.182)	Data 1.946 (1.946)	Loss 1.4923 (1.4923)	Acc@1 63.672 (63.672)	Acc@5 85.156 (85.156)
Epoch: [19][500/5005]	Time 0.704 (0.704)	Data 0.000 (0.005)	Loss 1.4573 (1.5681)	Acc@1 63.281 (62.926)	Acc@5 85.156 (84.066)
Epoch: [19][1000/5005]	Time 0.702 (0.703)	Data 0.000 (0.003)	Loss 1.4674 (1.5678)	Acc@1 66.016 (62.904)	Acc@5 85.156 (84.025)
Epoch: [19][1500/5005]	Time 0.703 (0.702)	Data 0.000 (0.002)	Loss 1.4029 (1.5660)	Acc@1 66.016 (62.918)	Acc@5 87.891 (84.045)
Epoch: [19][2000/5005]	Time 0.700 (0.702)	Data 0.000 (0.002)	Loss 1.6172 (1.5641)	Acc@1 65.625 (62.938)	Acc@5 83.594 (84.082)
Epoch: [19][2500/5005]	Time 0.719 (0.702)	Data 0.000 (0.002)	Loss 1.6753 (1.5647)	Acc@1 60.938 (62.918)	Acc@5 80.859 (84.056)
Epoch: [19][3000/5005]	Time 0.696 (0.702)	Data 0.000 (0.002)	Loss 1.5074 (1.5644)	Acc@1 59.375 (62.919)	Acc@5 85.547 (84.039)
Epoch: [19][3500/5005]	Time 0.709 (0.702)	Data 0.000 (0.002)	Loss 1.6256 (1.5647)	Acc@1 59.766 (62.912)	Acc@5 83.203 (84.033)
Epoch: [19][4000/5005]	Time 0.703 (0.702)	Data 0.000 (0.002)	Loss 1.7110 (1.5641)	Acc@1 60.156 (62.941)	Acc@5 81.250 (84.052)
Epoch: [19][4500/5005]	Time 0.700 (0.702)	Data 0.000 (0.002)	Loss 1.3028 (1.5642)	Acc@1 68.359 (62.956)	Acc@5 86.719 (84.050)
Epoch: [19][5000/5005]	Time 0.704 (0.702)	Data 0.000 (0.002)	Loss 1.3416 (1.5639)	Acc@1 67.578 (62.954)	Acc@5 89.453 (84.045)
Test: [0/196]	Time 2.852 (2.852)	Loss 0.6348 (0.6348)	Acc@1 85.547 (85.547)	Acc@5 96.484 (96.484)
 * Acc@1 70.048 Acc@5 89.678
weight information for regulizer based pretrain
[tensor(0.0010, device='cuda:0'), tensor(0.0020, device='cuda:0'), tensor(0.0147, device='cuda:0')] [tensor(9.9358e-06, device='cuda:0'), tensor(3.9699e-05, device='cuda:0'), tensor(0.0001, device='cuda:0')]
Epoch: [20][0/5005]	Time 2.299 (2.299)	Data 2.077 (2.077)	Loss 1.4885 (1.4885)	Acc@1 65.625 (65.625)	Acc@5 85.156 (85.156)
Epoch: [20][500/5005]	Time 0.727 (0.704)	Data 0.000 (0.005)	Loss 1.5508 (1.5751)	Acc@1 62.500 (62.720)	Acc@5 82.812 (83.896)
Epoch: [20][1000/5005]	Time 0.692 (0.702)	Data 0.000 (0.003)	Loss 1.7452 (1.5716)	Acc@1 60.547 (62.903)	Acc@5 80.859 (83.938)
Epoch: [20][1500/5005]	Time 0.698 (0.702)	Data 0.000 (0.003)	Loss 1.5923 (1.5692)	Acc@1 61.328 (62.930)	Acc@5 84.375 (83.984)
Epoch: [20][2000/5005]	Time 0.697 (0.702)	Data 0.000 (0.002)	Loss 1.5122 (1.5671)	Acc@1 62.891 (62.958)	Acc@5 84.766 (83.986)
Epoch: [20][2500/5005]	Time 0.732 (0.702)	Data 0.000 (0.002)	Loss 1.6286 (1.5675)	Acc@1 60.938 (62.948)	Acc@5 81.641 (83.958)
Epoch: [20][3000/5005]	Time 0.700 (0.701)	Data 0.000 (0.002)	Loss 1.4648 (1.5664)	Acc@1 68.359 (62.973)	Acc@5 85.938 (83.974)
Epoch: [20][3500/5005]	Time 0.731 (0.701)	Data 0.000 (0.002)	Loss 1.5312 (1.5656)	Acc@1 65.234 (62.968)	Acc@5 85.547 (83.980)
Epoch: [20][4000/5005]	Time 0.703 (0.701)	Data 0.000 (0.002)	Loss 1.5527 (1.5646)	Acc@1 62.109 (62.989)	Acc@5 85.156 (84.003)
Epoch: [20][4500/5005]	Time 0.695 (0.701)	Data 0.000 (0.002)	Loss 1.6381 (1.5649)	Acc@1 62.500 (62.983)	Acc@5 81.641 (84.002)
Epoch: [20][5000/5005]	Time 0.699 (0.701)	Data 0.000 (0.002)	Loss 1.6651 (1.5642)	Acc@1 62.500 (62.991)	Acc@5 81.641 (84.015)
Test: [0/196]	Time 2.862 (2.862)	Loss 0.6333 (0.6333)	Acc@1 85.547 (85.547)	Acc@5 96.484 (96.484)
 * Acc@1 70.030 Acc@5 89.682
weight information for regulizer based pretrain
[tensor(0.0010, device='cuda:0'), tensor(0.0020, device='cuda:0'), tensor(0.0147, device='cuda:0')] [tensor(9.9425e-06, device='cuda:0'), tensor(3.9762e-05, device='cuda:0'), tensor(0.0001, device='cuda:0')]
Epoch: [21][0/5005]	Time 2.243 (2.243)	Data 1.976 (1.976)	Loss 1.5725 (1.5725)	Acc@1 60.938 (60.938)	Acc@5 84.375 (84.375)
Epoch: [21][500/5005]	Time 0.706 (0.704)	Data 0.000 (0.005)	Loss 1.4784 (1.5569)	Acc@1 64.844 (63.196)	Acc@5 85.938 (84.273)
Epoch: [21][1000/5005]	Time 0.694 (0.703)	Data 0.000 (0.003)	Loss 1.5384 (1.5583)	Acc@1 63.281 (63.115)	Acc@5 82.422 (84.157)
Epoch: [21][1500/5005]	Time 0.698 (0.702)	Data 0.000 (0.002)	Loss 1.6606 (1.5611)	Acc@1 60.156 (63.028)	Acc@5 81.641 (84.090)
Epoch: [21][2000/5005]	Time 0.698 (0.702)	Data 0.000 (0.002)	Loss 1.5846 (1.5599)	Acc@1 65.234 (63.062)	Acc@5 83.203 (84.096)
Epoch: [21][2500/5005]	Time 0.694 (0.702)	Data 0.000 (0.002)	Loss 1.5533 (1.5593)	Acc@1 63.281 (63.042)	Acc@5 83.594 (84.101)
Epoch: [21][3000/5005]	Time 0.696 (0.702)	Data 0.000 (0.002)	Loss 1.5373 (1.5589)	Acc@1 64.844 (63.050)	Acc@5 82.812 (84.104)
Epoch: [21][3500/5005]	Time 0.696 (0.702)	Data 0.000 (0.002)	Loss 1.5849 (1.5600)	Acc@1 62.891 (63.034)	Acc@5 85.547 (84.086)
Epoch: [21][4000/5005]	Time 0.701 (0.702)	Data 0.000 (0.002)	Loss 1.4426 (1.5599)	Acc@1 62.500 (63.056)	Acc@5 85.547 (84.087)
Epoch: [21][4500/5005]	Time 0.660 (0.702)	Data 0.000 (0.002)	Loss 1.5546 (1.5607)	Acc@1 62.500 (63.041)	Acc@5 85.156 (84.073)
Epoch: [21][5000/5005]	Time 0.705 (0.701)	Data 0.000 (0.002)	Loss 1.7211 (1.5607)	Acc@1 60.156 (63.028)	Acc@5 80.078 (84.078)
Test: [0/196]	Time 2.874 (2.874)	Loss 0.6333 (0.6333)	Acc@1 85.547 (85.547)	Acc@5 96.484 (96.484)
 * Acc@1 70.032 Acc@5 89.678
weight information for regulizer based pretrain
[tensor(0.0010, device='cuda:0'), tensor(0.0020, device='cuda:0'), tensor(0.0147, device='cuda:0')] [tensor(9.9491e-06, device='cuda:0'), tensor(3.9824e-05, device='cuda:0'), tensor(0.0001, device='cuda:0')]
Epoch: [22][0/5005]	Time 2.116 (2.116)	Data 1.882 (1.882)	Loss 1.5264 (1.5264)	Acc@1 64.844 (64.844)	Acc@5 83.203 (83.203)
Epoch: [22][500/5005]	Time 0.702 (0.703)	Data 0.000 (0.005)	Loss 1.5572 (1.5575)	Acc@1 63.672 (63.248)	Acc@5 83.594 (84.146)
Epoch: [22][1000/5005]	Time 0.694 (0.702)	Data 0.000 (0.003)	Loss 1.7155 (1.5620)	Acc@1 58.594 (63.147)	Acc@5 83.594 (83.977)
Epoch: [22][1500/5005]	Time 0.716 (0.702)	Data 0.000 (0.002)	Loss 1.5466 (1.5624)	Acc@1 61.719 (63.114)	Acc@5 85.156 (83.965)
Epoch: [22][2000/5005]	Time 0.704 (0.701)	Data 0.000 (0.002)	Loss 1.6512 (1.5604)	Acc@1 64.453 (63.085)	Acc@5 80.078 (84.021)
Epoch: [22][2500/5005]	Time 0.695 (0.700)	Data 0.000 (0.002)	Loss 1.3438 (1.5603)	Acc@1 64.062 (63.110)	Acc@5 86.719 (84.029)
Epoch: [22][3000/5005]	Time 0.696 (0.700)	Data 0.000 (0.002)	Loss 1.5986 (1.5599)	Acc@1 62.891 (63.124)	Acc@5 83.594 (84.036)
Epoch: [22][3500/5005]	Time 0.697 (0.701)	Data 0.000 (0.002)	Loss 1.5722 (1.5603)	Acc@1 64.062 (63.132)	Acc@5 82.422 (84.026)
Epoch: [22][4000/5005]	Time 0.697 (0.700)	Data 0.000 (0.002)	Loss 1.4495 (1.5607)	Acc@1 62.891 (63.091)	Acc@5 86.719 (84.045)
Epoch: [22][4500/5005]	Time 0.698 (0.701)	Data 0.000 (0.002)	Loss 1.5405 (1.5611)	Acc@1 66.016 (63.085)	Acc@5 84.766 (84.040)
Epoch: [22][5000/5005]	Time 0.698 (0.701)	Data 0.000 (0.002)	Loss 1.3556 (1.5619)	Acc@1 68.359 (63.069)	Acc@5 84.375 (84.029)
Test: [0/196]	Time 2.847 (2.847)	Loss 0.6334 (0.6334)	Acc@1 85.547 (85.547)	Acc@5 96.484 (96.484)
 * Acc@1 70.054 Acc@5 89.696
weight information for regulizer based pretrain
[tensor(0.0010, device='cuda:0'), tensor(0.0020, device='cuda:0'), tensor(0.0147, device='cuda:0')] [tensor(9.9555e-06, device='cuda:0'), tensor(3.9884e-05, device='cuda:0'), tensor(0.0001, device='cuda:0')]
Epoch: [23][0/5005]	Time 2.242 (2.242)	Data 1.974 (1.974)	Loss 1.4908 (1.4908)	Acc@1 64.062 (64.062)	Acc@5 83.984 (83.984)
Epoch: [23][500/5005]	Time 0.699 (0.705)	Data 0.000 (0.005)	Loss 1.4826 (1.5688)	Acc@1 64.844 (62.911)	Acc@5 86.719 (83.916)
Epoch: [23][1000/5005]	Time 0.698 (0.703)	Data 0.000 (0.003)	Loss 1.4728 (1.5692)	Acc@1 62.500 (62.910)	Acc@5 87.500 (83.880)
Epoch: [23][1500/5005]	Time 0.661 (0.703)	Data 0.000 (0.002)	Loss 1.6095 (1.5667)	Acc@1 58.594 (62.921)	Acc@5 82.812 (83.945)
Epoch: [23][2000/5005]	Time 0.704 (0.702)	Data 0.000 (0.002)	Loss 1.5363 (1.5672)	Acc@1 65.625 (62.912)	Acc@5 83.594 (83.934)
Epoch: [23][2500/5005]	Time 0.694 (0.702)	Data 0.000 (0.002)	Loss 1.4151 (1.5665)	Acc@1 64.844 (62.941)	Acc@5 86.328 (83.971)
Epoch: [23][3000/5005]	Time 0.696 (0.702)	Data 0.000 (0.002)	Loss 1.4297 (1.5650)	Acc@1 67.188 (62.978)	Acc@5 85.938 (83.986)
Epoch: [23][3500/5005]	Time 0.702 (0.702)	Data 0.000 (0.002)	Loss 1.5745 (1.5636)	Acc@1 60.547 (62.980)	Acc@5 84.766 (84.010)
Epoch: [23][4000/5005]	Time 0.699 (0.702)	Data 0.000 (0.002)	Loss 1.6495 (1.5628)	Acc@1 62.109 (62.997)	Acc@5 82.422 (84.024)
Epoch: [23][4500/5005]	Time 0.696 (0.702)	Data 0.000 (0.002)	Loss 1.3599 (1.5622)	Acc@1 66.797 (63.016)	Acc@5 83.984 (84.032)
Epoch: [23][5000/5005]	Time 0.697 (0.702)	Data 0.000 (0.002)	Loss 1.5326 (1.5620)	Acc@1 64.453 (63.013)	Acc@5 83.984 (84.038)
Test: [0/196]	Time 2.839 (2.839)	Loss 0.6334 (0.6334)	Acc@1 85.547 (85.547)	Acc@5 96.484 (96.484)
 * Acc@1 70.060 Acc@5 89.684
weight information for regulizer based pretrain
[tensor(0.0010, device='cuda:0'), tensor(0.0020, device='cuda:0'), tensor(0.0147, device='cuda:0')] [tensor(9.9619e-06, device='cuda:0'), tensor(3.9945e-05, device='cuda:0'), tensor(0.0001, device='cuda:0')]
Epoch: [24][0/5005]	Time 2.128 (2.128)	Data 1.896 (1.896)	Loss 1.5983 (1.5983)	Acc@1 63.672 (63.672)	Acc@5 81.250 (81.250)
Epoch: [24][500/5005]	Time 0.694 (0.704)	Data 0.000 (0.005)	Loss 1.4326 (1.5613)	Acc@1 68.359 (63.009)	Acc@5 87.109 (84.040)
Epoch: [24][1000/5005]	Time 0.703 (0.703)	Data 0.000 (0.003)	Loss 1.3508 (1.5599)	Acc@1 66.797 (63.026)	Acc@5 86.719 (84.082)
Epoch: [24][1500/5005]	Time 0.698 (0.702)	Data 0.000 (0.002)	Loss 1.4828 (1.5586)	Acc@1 65.234 (63.054)	Acc@5 86.328 (84.093)
Epoch: [24][2000/5005]	Time 0.726 (0.702)	Data 0.000 (0.002)	Loss 1.4764 (1.5606)	Acc@1 64.844 (63.037)	Acc@5 85.938 (84.080)
Epoch: [24][2500/5005]	Time 0.726 (0.702)	Data 0.000 (0.002)	Loss 1.6496 (1.5610)	Acc@1 62.109 (63.049)	Acc@5 82.422 (84.089)
Epoch: [24][3000/5005]	Time 0.699 (0.702)	Data 0.000 (0.002)	Loss 1.6631 (1.5609)	Acc@1 61.719 (63.044)	Acc@5 82.422 (84.087)
Epoch: [24][3500/5005]	Time 0.697 (0.702)	Data 0.000 (0.002)	Loss 1.5366 (1.5608)	Acc@1 62.891 (63.046)	Acc@5 83.984 (84.084)
Epoch: [24][4000/5005]	Time 0.697 (0.702)	Data 0.000 (0.002)	Loss 1.5353 (1.5607)	Acc@1 64.844 (63.044)	Acc@5 85.547 (84.066)
Epoch: [24][4500/5005]	Time 0.696 (0.701)	Data 0.000 (0.002)	Loss 1.5088 (1.5603)	Acc@1 62.109 (63.052)	Acc@5 84.375 (84.067)
Epoch: [24][5000/5005]	Time 0.696 (0.701)	Data 0.000 (0.002)	Loss 1.5267 (1.5600)	Acc@1 62.500 (63.059)	Acc@5 82.812 (84.070)
Test: [0/196]	Time 2.799 (2.799)	Loss 0.6335 (0.6335)	Acc@1 85.547 (85.547)	Acc@5 96.484 (96.484)
 * Acc@1 70.074 Acc@5 89.690
weight information for regulizer based pretrain
[tensor(0.0010, device='cuda:0'), tensor(0.0020, device='cuda:0'), tensor(0.0147, device='cuda:0')] [tensor(9.9683e-06, device='cuda:0'), tensor(4.0006e-05, device='cuda:0'), tensor(0.0001, device='cuda:0')]
Epoch: [25][0/5005]	Time 2.378 (2.378)	Data 2.158 (2.158)	Loss 1.7249 (1.7249)	Acc@1 57.422 (57.422)	Acc@5 82.812 (82.812)
Epoch: [25][500/5005]	Time 0.693 (0.705)	Data 0.000 (0.005)	Loss 1.4740 (1.5557)	Acc@1 67.188 (63.228)	Acc@5 85.156 (84.135)
Epoch: [25][1000/5005]	Time 0.697 (0.703)	Data 0.000 (0.003)	Loss 1.5249 (1.5595)	Acc@1 64.453 (62.980)	Acc@5 82.422 (84.092)
Epoch: [25][1500/5005]	Time 0.693 (0.702)	Data 0.000 (0.003)	Loss 1.6587 (1.5557)	Acc@1 57.031 (63.093)	Acc@5 83.594 (84.155)
Epoch: [25][2000/5005]	Time 0.704 (0.702)	Data 0.000 (0.002)	Loss 1.6817 (1.5588)	Acc@1 63.672 (63.041)	Acc@5 84.375 (84.096)
Epoch: [25][2500/5005]	Time 0.694 (0.702)	Data 0.000 (0.002)	Loss 1.5176 (1.5579)	Acc@1 67.578 (63.072)	Acc@5 82.031 (84.099)
Epoch: [25][3000/5005]	Time 0.704 (0.702)	Data 0.000 (0.002)	Loss 1.6240 (1.5583)	Acc@1 60.547 (63.060)	Acc@5 84.375 (84.094)
Epoch: [25][3500/5005]	Time 0.698 (0.702)	Data 0.000 (0.002)	Loss 1.4516 (1.5610)	Acc@1 67.969 (63.002)	Acc@5 86.719 (84.052)
Epoch: [25][4000/5005]	Time 0.697 (0.702)	Data 0.000 (0.002)	Loss 1.6496 (1.5604)	Acc@1 59.766 (63.011)	Acc@5 82.031 (84.063)
Epoch: [25][4500/5005]	Time 0.711 (0.702)	Data 0.000 (0.002)	Loss 1.4733 (1.5607)	Acc@1 67.578 (63.007)	Acc@5 85.938 (84.048)
Epoch: [25][5000/5005]	Time 0.697 (0.702)	Data 0.000 (0.002)	Loss 1.4200 (1.5614)	Acc@1 66.797 (62.994)	Acc@5 85.156 (84.036)
Test: [0/196]	Time 2.918 (2.918)	Loss 0.6329 (0.6329)	Acc@1 85.156 (85.156)	Acc@5 96.484 (96.484)
 * Acc@1 70.068 Acc@5 89.684
weight information for regulizer based pretrain
[tensor(0.0010, device='cuda:0'), tensor(0.0020, device='cuda:0'), tensor(0.0147, device='cuda:0')] [tensor(9.9745e-06, device='cuda:0'), tensor(4.0065e-05, device='cuda:0'), tensor(0.0001, device='cuda:0')]
Epoch: [26][0/5005]	Time 2.333 (2.333)	Data 2.100 (2.100)	Loss 1.5184 (1.5184)	Acc@1 61.328 (61.328)	Acc@5 86.719 (86.719)
Epoch: [26][500/5005]	Time 0.696 (0.705)	Data 0.000 (0.005)	Loss 1.5471 (1.5657)	Acc@1 66.016 (63.007)	Acc@5 83.594 (84.005)
Epoch: [26][1000/5005]	Time 0.697 (0.703)	Data 0.000 (0.003)	Loss 1.4572 (1.5620)	Acc@1 62.500 (63.060)	Acc@5 85.547 (84.021)
Epoch: [26][1500/5005]	Time 0.705 (0.702)	Data 0.000 (0.003)	Loss 1.5931 (1.5619)	Acc@1 63.281 (63.049)	Acc@5 84.375 (84.017)
Epoch: [26][2000/5005]	Time 0.696 (0.702)	Data 0.000 (0.002)	Loss 1.6328 (1.5609)	Acc@1 61.719 (63.031)	Acc@5 83.203 (84.060)
Epoch: [26][2500/5005]	Time 0.696 (0.702)	Data 0.000 (0.002)	Loss 1.6195 (1.5602)	Acc@1 61.719 (63.038)	Acc@5 82.812 (84.061)
Epoch: [26][3000/5005]	Time 0.663 (0.702)	Data 0.000 (0.002)	Loss 1.4291 (1.5597)	Acc@1 63.281 (63.040)	Acc@5 86.328 (84.061)
Epoch: [26][3500/5005]	Time 0.697 (0.702)	Data 0.000 (0.002)	Loss 1.7060 (1.5602)	Acc@1 58.594 (63.018)	Acc@5 79.297 (84.053)
Epoch: [26][4000/5005]	Time 0.698 (0.702)	Data 0.000 (0.002)	Loss 1.5399 (1.5601)	Acc@1 64.062 (63.028)	Acc@5 84.375 (84.058)
Epoch: [26][4500/5005]	Time 0.692 (0.702)	Data 0.000 (0.002)	Loss 1.5594 (1.5601)	Acc@1 60.547 (63.038)	Acc@5 84.766 (84.057)
Epoch: [26][5000/5005]	Time 0.695 (0.702)	Data 0.000 (0.002)	Loss 1.6326 (1.5596)	Acc@1 63.281 (63.055)	Acc@5 82.031 (84.061)
Test: [0/196]	Time 2.880 (2.880)	Loss 0.6331 (0.6331)	Acc@1 85.156 (85.156)	Acc@5 96.484 (96.484)
 * Acc@1 70.072 Acc@5 89.682
weight information for regulizer based pretrain
[tensor(0.0010, device='cuda:0'), tensor(0.0020, device='cuda:0'), tensor(0.0147, device='cuda:0')] [tensor(9.9808e-06, device='cuda:0'), tensor(4.0125e-05, device='cuda:0'), tensor(0.0001, device='cuda:0')]
Epoch: [27][0/5005]	Time 2.127 (2.127)	Data 1.860 (1.860)	Loss 1.5328 (1.5328)	Acc@1 62.500 (62.500)	Acc@5 83.984 (83.984)
Epoch: [27][500/5005]	Time 0.702 (0.703)	Data 0.000 (0.005)	Loss 1.6145 (1.5467)	Acc@1 61.719 (63.315)	Acc@5 82.812 (84.281)
Epoch: [27][1000/5005]	Time 0.700 (0.702)	Data 0.000 (0.003)	Loss 1.5616 (1.5511)	Acc@1 63.281 (63.242)	Acc@5 83.984 (84.203)
Epoch: [27][1500/5005]	Time 0.696 (0.702)	Data 0.000 (0.002)	Loss 1.6948 (1.5554)	Acc@1 57.031 (63.180)	Acc@5 83.594 (84.125)
Epoch: [27][2000/5005]	Time 0.699 (0.701)	Data 0.000 (0.002)	Loss 1.7265 (1.5571)	Acc@1 62.109 (63.103)	Acc@5 80.078 (84.119)
Epoch: [27][2500/5005]	Time 0.697 (0.701)	Data 0.000 (0.002)	Loss 1.5088 (1.5561)	Acc@1 62.109 (63.109)	Acc@5 83.984 (84.118)
Epoch: [27][3000/5005]	Time 0.688 (0.701)	Data 0.000 (0.002)	Loss 1.6145 (1.5576)	Acc@1 60.938 (63.075)	Acc@5 83.594 (84.096)
Epoch: [27][3500/5005]	Time 0.695 (0.699)	Data 0.000 (0.002)	Loss 1.5694 (1.5574)	Acc@1 65.234 (63.073)	Acc@5 83.594 (84.099)
Epoch: [27][4000/5005]	Time 0.692 (0.699)	Data 0.000 (0.002)	Loss 1.6398 (1.5576)	Acc@1 59.375 (63.074)	Acc@5 82.422 (84.090)
Epoch: [27][4500/5005]	Time 0.698 (0.699)	Data 0.000 (0.002)	Loss 1.3995 (1.5570)	Acc@1 65.625 (63.084)	Acc@5 85.547 (84.098)
Epoch: [27][5000/5005]	Time 0.696 (0.699)	Data 0.000 (0.002)	Loss 1.5699 (1.5576)	Acc@1 62.500 (63.081)	Acc@5 85.156 (84.090)
Test: [0/196]	Time 2.818 (2.818)	Loss 0.6319 (0.6319)	Acc@1 85.156 (85.156)	Acc@5 96.484 (96.484)
 * Acc@1 70.080 Acc@5 89.670
weight information for regulizer based pretrain
[tensor(0.0010, device='cuda:0'), tensor(0.0020, device='cuda:0'), tensor(0.0147, device='cuda:0')] [tensor(9.9870e-06, device='cuda:0'), tensor(4.0184e-05, device='cuda:0'), tensor(0.0001, device='cuda:0')]
Epoch: [28][0/5005]	Time 2.227 (2.227)	Data 1.960 (1.960)	Loss 1.5189 (1.5189)	Acc@1 64.062 (64.062)	Acc@5 82.812 (82.812)
Epoch: [28][500/5005]	Time 0.694 (0.705)	Data 0.000 (0.005)	Loss 1.5699 (1.5448)	Acc@1 62.500 (63.411)	Acc@5 83.984 (84.345)
Epoch: [28][1000/5005]	Time 0.695 (0.703)	Data 0.000 (0.003)	Loss 1.7916 (1.5537)	Acc@1 57.422 (63.257)	Acc@5 81.641 (84.142)
Epoch: [28][1500/5005]	Time 0.696 (0.702)	Data 0.000 (0.002)	Loss 1.3186 (1.5569)	Acc@1 66.797 (63.144)	Acc@5 87.891 (84.090)
Epoch: [28][2000/5005]	Time 0.725 (0.702)	Data 0.000 (0.002)	Loss 1.4425 (1.5602)	Acc@1 62.500 (63.095)	Acc@5 85.156 (84.086)
Epoch: [28][2500/5005]	Time 0.691 (0.702)	Data 0.000 (0.002)	Loss 1.6939 (1.5599)	Acc@1 61.328 (63.074)	Acc@5 81.641 (84.081)
Epoch: [28][3000/5005]	Time 0.697 (0.702)	Data 0.000 (0.002)	Loss 1.4277 (1.5599)	Acc@1 68.359 (63.066)	Acc@5 84.375 (84.085)
Epoch: [28][3500/5005]	Time 0.667 (0.702)	Data 0.000 (0.002)	Loss 1.6228 (1.5599)	Acc@1 62.891 (63.066)	Acc@5 82.812 (84.077)
Epoch: [28][4000/5005]	Time 0.664 (0.702)	Data 0.000 (0.002)	Loss 1.4240 (1.5593)	Acc@1 65.234 (63.073)	Acc@5 84.766 (84.076)
Epoch: [28][4500/5005]	Time 0.712 (0.702)	Data 0.000 (0.002)	Loss 1.5950 (1.5593)	Acc@1 60.938 (63.068)	Acc@5 81.641 (84.072)
Epoch: [28][5000/5005]	Time 0.699 (0.702)	Data 0.000 (0.002)	Loss 1.5266 (1.5595)	Acc@1 64.844 (63.050)	Acc@5 83.203 (84.076)
Test: [0/196]	Time 2.859 (2.859)	Loss 0.6316 (0.6316)	Acc@1 85.156 (85.156)	Acc@5 96.484 (96.484)
 * Acc@1 70.082 Acc@5 89.696
weight information for regulizer based pretrain
[tensor(0.0010, device='cuda:0'), tensor(0.0020, device='cuda:0'), tensor(0.0147, device='cuda:0')] [tensor(9.9931e-06, device='cuda:0'), tensor(4.0243e-05, device='cuda:0'), tensor(0.0001, device='cuda:0')]
Epoch: [29][0/5005]	Time 2.283 (2.283)	Data 2.050 (2.050)	Loss 1.5756 (1.5756)	Acc@1 63.281 (63.281)	Acc@5 82.422 (82.422)
Epoch: [29][500/5005]	Time 0.701 (0.705)	Data 0.000 (0.005)	Loss 1.4012 (1.5534)	Acc@1 64.062 (63.124)	Acc@5 88.672 (84.065)
Epoch: [29][1000/5005]	Time 0.719 (0.703)	Data 0.000 (0.003)	Loss 1.5666 (1.5565)	Acc@1 64.844 (63.067)	Acc@5 83.594 (84.076)
Epoch: [29][1500/5005]	Time 0.703 (0.702)	Data 0.000 (0.003)	Loss 1.5020 (1.5568)	Acc@1 69.141 (63.128)	Acc@5 85.156 (84.096)
Epoch: [29][2000/5005]	Time 0.695 (0.702)	Data 0.000 (0.002)	Loss 1.4787 (1.5563)	Acc@1 62.891 (63.141)	Acc@5 83.203 (84.117)
Epoch: [29][2500/5005]	Time 0.698 (0.702)	Data 0.000 (0.002)	Loss 1.4009 (1.5560)	Acc@1 64.062 (63.153)	Acc@5 87.891 (84.107)
Epoch: [29][3000/5005]	Time 0.699 (0.702)	Data 0.000 (0.002)	Loss 1.7121 (1.5557)	Acc@1 61.719 (63.154)	Acc@5 79.688 (84.100)
Epoch: [29][3500/5005]	Time 0.685 (0.702)	Data 0.000 (0.002)	Loss 1.8294 (1.5564)	Acc@1 60.156 (63.145)	Acc@5 76.562 (84.087)
Epoch: [29][4000/5005]	Time 0.704 (0.702)	Data 0.000 (0.002)	Loss 1.4274 (1.5563)	Acc@1 66.016 (63.139)	Acc@5 86.328 (84.083)
Epoch: [29][4500/5005]	Time 0.725 (0.702)	Data 0.000 (0.002)	Loss 1.3091 (1.5559)	Acc@1 68.359 (63.128)	Acc@5 87.109 (84.083)
Epoch: [29][5000/5005]	Time 0.705 (0.702)	Data 0.000 (0.002)	Loss 1.6494 (1.5562)	Acc@1 61.328 (63.136)	Acc@5 83.203 (84.079)
Test: [0/196]	Time 2.859 (2.859)	Loss 0.6315 (0.6315)	Acc@1 85.156 (85.156)	Acc@5 96.484 (96.484)
 * Acc@1 70.100 Acc@5 89.680
