=> creating model 'vgg16'
=> loading checkpoint 'checkpoints/vgg-25p-1/model_best.pth.tar'
=> loaded checkpoint 'checkpoints/vgg-25p-1/model_best.pth.tar' 
read conf from:  conf/vgg.conf
checkpoint dir:  checkpoints/1549508384/
weight information for regulizer based pretrain
[tensor(0.0006, device='cuda:0'), tensor(0.0013, device='cuda:0'), tensor(0.0147, device='cuda:0')] [tensor(8.4895e-06, device='cuda:0'), tensor(4.1368e-05, device='cuda:0'), tensor(0.0001, device='cuda:0')]
Epoch: [0][0/5005]	Time 19.771 (19.771)	Data 2.368 (2.368)	Loss 1.6012 (1.6012)	Acc@1 61.719 (61.719)	Acc@5 80.469 (80.469)
Epoch: [0][500/5005]	Time 0.713 (0.745)	Data 0.000 (0.005)	Loss 1.4964 (1.6318)	Acc@1 60.547 (61.421)	Acc@5 85.547 (83.080)
Epoch: [0][1000/5005]	Time 0.721 (0.727)	Data 0.000 (0.003)	Loss 1.6194 (1.6349)	Acc@1 62.109 (61.401)	Acc@5 83.203 (83.074)
Epoch: [0][1500/5005]	Time 0.717 (0.721)	Data 0.000 (0.003)	Loss 1.8476 (1.6360)	Acc@1 55.078 (61.419)	Acc@5 78.516 (83.049)
Epoch: [0][2000/5005]	Time 0.698 (0.717)	Data 0.000 (0.002)	Loss 1.7245 (1.6386)	Acc@1 61.719 (61.379)	Acc@5 80.469 (83.013)
Epoch: [0][2500/5005]	Time 0.710 (0.715)	Data 0.000 (0.002)	Loss 1.6249 (1.6366)	Acc@1 61.328 (61.407)	Acc@5 82.812 (83.055)
Epoch: [0][3000/5005]	Time 0.692 (0.714)	Data 0.000 (0.002)	Loss 1.6038 (1.6366)	Acc@1 60.156 (61.413)	Acc@5 85.156 (83.053)
Epoch: [0][3500/5005]	Time 0.710 (0.713)	Data 0.000 (0.002)	Loss 1.8513 (1.6360)	Acc@1 55.859 (61.443)	Acc@5 79.297 (83.052)
Epoch: [0][4000/5005]	Time 0.692 (0.712)	Data 0.000 (0.002)	Loss 1.5598 (1.6363)	Acc@1 64.062 (61.440)	Acc@5 82.031 (83.035)
Epoch: [0][4500/5005]	Time 0.705 (0.712)	Data 0.000 (0.002)	Loss 1.6474 (1.6365)	Acc@1 60.938 (61.428)	Acc@5 80.859 (83.032)
Epoch: [0][5000/5005]	Time 0.705 (0.712)	Data 0.000 (0.002)	Loss 1.6105 (1.6372)	Acc@1 61.328 (61.426)	Acc@5 83.984 (83.022)
Test: [0/196]	Time 3.168 (3.168)	Loss 0.6462 (0.6462)	Acc@1 83.203 (83.203)	Acc@5 96.484 (96.484)
 * Acc@1 69.018 Acc@5 89.070
weight information for regulizer based pretrain
[tensor(0.0006, device='cuda:0'), tensor(0.0013, device='cuda:0'), tensor(0.0147, device='cuda:0')] [tensor(8.4977e-06, device='cuda:0'), tensor(4.1429e-05, device='cuda:0'), tensor(0.0001, device='cuda:0')]
Epoch: [1][0/5005]	Time 3.282 (3.282)	Data 2.296 (2.296)	Loss 1.8533 (1.8533)	Acc@1 58.984 (58.984)	Acc@5 82.422 (82.422)
Epoch: [1][500/5005]	Time 0.729 (0.714)	Data 0.000 (0.005)	Loss 1.6265 (1.6398)	Acc@1 60.547 (61.475)	Acc@5 83.984 (82.974)
Epoch: [1][1000/5005]	Time 0.702 (0.711)	Data 0.000 (0.003)	Loss 1.8337 (1.6380)	Acc@1 57.812 (61.502)	Acc@5 80.078 (83.010)
Epoch: [1][1500/5005]	Time 0.713 (0.711)	Data 0.000 (0.002)	Loss 1.6153 (1.6389)	Acc@1 62.500 (61.407)	Acc@5 86.328 (82.981)
Epoch: [1][2000/5005]	Time 0.704 (0.710)	Data 0.000 (0.002)	Loss 1.5959 (1.6375)	Acc@1 62.500 (61.402)	Acc@5 82.422 (82.995)
Epoch: [1][2500/5005]	Time 0.709 (0.709)	Data 0.000 (0.002)	Loss 1.4646 (1.6359)	Acc@1 66.016 (61.436)	Acc@5 84.375 (83.023)
Epoch: [1][3000/5005]	Time 0.743 (0.709)	Data 0.000 (0.002)	Loss 1.5367 (1.6368)	Acc@1 63.672 (61.421)	Acc@5 83.984 (83.013)
Epoch: [1][3500/5005]	Time 0.706 (0.709)	Data 0.000 (0.002)	Loss 1.3875 (1.6371)	Acc@1 63.672 (61.419)	Acc@5 88.281 (83.001)
Epoch: [1][4000/5005]	Time 0.699 (0.708)	Data 0.000 (0.002)	Loss 1.8673 (1.6372)	Acc@1 53.125 (61.416)	Acc@5 82.422 (82.998)
Epoch: [1][4500/5005]	Time 0.710 (0.708)	Data 0.000 (0.002)	Loss 1.7572 (1.6375)	Acc@1 58.594 (61.407)	Acc@5 79.688 (82.992)
Epoch: [1][5000/5005]	Time 0.716 (0.708)	Data 0.000 (0.002)	Loss 1.6711 (1.6372)	Acc@1 59.375 (61.408)	Acc@5 85.547 (83.005)
Test: [0/196]	Time 3.022 (3.022)	Loss 0.6454 (0.6454)	Acc@1 83.203 (83.203)	Acc@5 96.484 (96.484)
 * Acc@1 69.010 Acc@5 89.074
weight information for regulizer based pretrain
[tensor(0.0006, device='cuda:0'), tensor(0.0013, device='cuda:0'), tensor(0.0147, device='cuda:0')] [tensor(8.5062e-06, device='cuda:0'), tensor(4.1491e-05, device='cuda:0'), tensor(0.0001, device='cuda:0')]
Epoch: [2][0/5005]	Time 2.550 (2.550)	Data 2.318 (2.318)	Loss 1.7546 (1.7546)	Acc@1 59.766 (59.766)	Acc@5 80.859 (80.859)
Epoch: [2][500/5005]	Time 0.708 (0.710)	Data 0.000 (0.006)	Loss 1.7020 (1.6340)	Acc@1 58.203 (61.422)	Acc@5 85.547 (83.097)
Epoch: [2][1000/5005]	Time 0.748 (0.709)	Data 0.000 (0.004)	Loss 1.7017 (1.6389)	Acc@1 61.328 (61.376)	Acc@5 82.422 (83.029)
Epoch: [2][1500/5005]	Time 0.707 (0.709)	Data 0.000 (0.003)	Loss 1.6804 (1.6387)	Acc@1 59.375 (61.406)	Acc@5 80.469 (83.022)
Epoch: [2][2000/5005]	Time 0.716 (0.709)	Data 0.000 (0.002)	Loss 1.4179 (1.6376)	Acc@1 65.234 (61.434)	Acc@5 85.938 (83.046)
Epoch: [2][2500/5005]	Time 0.717 (0.708)	Data 0.000 (0.002)	Loss 1.7109 (1.6384)	Acc@1 59.375 (61.412)	Acc@5 81.641 (83.041)
Epoch: [2][3000/5005]	Time 0.707 (0.708)	Data 0.000 (0.002)	Loss 1.6392 (1.6381)	Acc@1 65.234 (61.406)	Acc@5 83.203 (83.042)
Epoch: [2][3500/5005]	Time 0.708 (0.708)	Data 0.000 (0.002)	Loss 1.5291 (1.6378)	Acc@1 63.672 (61.399)	Acc@5 85.156 (83.035)
Epoch: [2][4000/5005]	Time 0.686 (0.708)	Data 0.000 (0.002)	Loss 1.6046 (1.6379)	Acc@1 60.156 (61.402)	Acc@5 83.594 (83.028)
Epoch: [2][4500/5005]	Time 0.709 (0.708)	Data 0.000 (0.002)	Loss 1.8565 (1.6382)	Acc@1 56.250 (61.390)	Acc@5 80.469 (83.023)
Epoch: [2][5000/5005]	Time 0.721 (0.708)	Data 0.000 (0.002)	Loss 1.7166 (1.6373)	Acc@1 60.547 (61.417)	Acc@5 83.594 (83.036)
Test: [0/196]	Time 3.163 (3.163)	Loss 0.6450 (0.6450)	Acc@1 83.203 (83.203)	Acc@5 96.875 (96.875)
 * Acc@1 69.016 Acc@5 89.068
weight information for regulizer based pretrain
[tensor(0.0006, device='cuda:0'), tensor(0.0013, device='cuda:0'), tensor(0.0147, device='cuda:0')] [tensor(8.5143e-06, device='cuda:0'), tensor(4.1552e-05, device='cuda:0'), tensor(0.0001, device='cuda:0')]
Epoch: [3][0/5005]	Time 2.559 (2.559)	Data 2.281 (2.281)	Loss 1.7685 (1.7685)	Acc@1 60.156 (60.156)	Acc@5 81.250 (81.250)
Epoch: [3][500/5005]	Time 0.693 (0.711)	Data 0.000 (0.006)	Loss 1.6725 (1.6410)	Acc@1 61.328 (61.328)	Acc@5 83.984 (82.969)
Epoch: [3][1000/5005]	Time 0.705 (0.709)	Data 0.000 (0.003)	Loss 1.6791 (1.6441)	Acc@1 62.109 (61.250)	Acc@5 82.812 (82.883)
Epoch: [3][1500/5005]	Time 0.689 (0.709)	Data 0.000 (0.003)	Loss 1.5407 (1.6427)	Acc@1 60.156 (61.256)	Acc@5 86.719 (82.927)
Epoch: [3][2000/5005]	Time 0.714 (0.709)	Data 0.000 (0.002)	Loss 1.5778 (1.6406)	Acc@1 64.844 (61.310)	Acc@5 82.422 (82.942)
Epoch: [3][2500/5005]	Time 0.708 (0.709)	Data 0.000 (0.002)	Loss 1.4672 (1.6402)	Acc@1 66.016 (61.334)	Acc@5 84.375 (82.962)
Epoch: [3][3000/5005]	Time 0.725 (0.708)	Data 0.000 (0.002)	Loss 1.6925 (1.6412)	Acc@1 60.938 (61.346)	Acc@5 82.422 (82.933)
Epoch: [3][3500/5005]	Time 0.710 (0.708)	Data 0.000 (0.002)	Loss 1.6948 (1.6392)	Acc@1 58.984 (61.388)	Acc@5 83.203 (82.960)
Epoch: [3][4000/5005]	Time 0.709 (0.708)	Data 0.000 (0.002)	Loss 1.8318 (1.6383)	Acc@1 58.594 (61.392)	Acc@5 78.906 (82.975)
Epoch: [3][4500/5005]	Time 0.708 (0.708)	Data 0.000 (0.002)	Loss 1.5599 (1.6378)	Acc@1 60.938 (61.386)	Acc@5 85.938 (82.985)
Epoch: [3][5000/5005]	Time 0.719 (0.708)	Data 0.000 (0.002)	Loss 1.6144 (1.6376)	Acc@1 60.938 (61.389)	Acc@5 85.547 (82.986)
Test: [0/196]	Time 3.016 (3.016)	Loss 0.6447 (0.6447)	Acc@1 83.203 (83.203)	Acc@5 96.875 (96.875)
 * Acc@1 69.016 Acc@5 89.080
weight information for regulizer based pretrain
[tensor(0.0006, device='cuda:0'), tensor(0.0013, device='cuda:0'), tensor(0.0147, device='cuda:0')] [tensor(8.5225e-06, device='cuda:0'), tensor(4.1612e-05, device='cuda:0'), tensor(0.0001, device='cuda:0')]
Epoch: [4][0/5005]	Time 2.399 (2.399)	Data 2.157 (2.157)	Loss 1.6615 (1.6615)	Acc@1 58.984 (58.984)	Acc@5 83.984 (83.984)
Epoch: [4][500/5005]	Time 0.711 (0.711)	Data 0.000 (0.006)	Loss 1.4929 (1.6384)	Acc@1 62.500 (61.327)	Acc@5 85.938 (83.056)
Epoch: [4][1000/5005]	Time 0.709 (0.709)	Data 0.000 (0.003)	Loss 1.8589 (1.6430)	Acc@1 60.938 (61.340)	Acc@5 78.125 (82.946)
Epoch: [4][1500/5005]	Time 0.718 (0.708)	Data 0.000 (0.003)	Loss 1.4994 (1.6413)	Acc@1 66.797 (61.429)	Acc@5 85.938 (82.927)
Epoch: [4][2000/5005]	Time 0.722 (0.708)	Data 0.001 (0.002)	Loss 1.6832 (1.6381)	Acc@1 62.500 (61.473)	Acc@5 80.078 (82.976)
Epoch: [4][2500/5005]	Time 0.725 (0.707)	Data 0.000 (0.002)	Loss 1.7092 (1.6360)	Acc@1 59.375 (61.505)	Acc@5 82.422 (83.003)
Epoch: [4][3000/5005]	Time 0.721 (0.707)	Data 0.000 (0.002)	Loss 1.7604 (1.6355)	Acc@1 59.766 (61.503)	Acc@5 81.250 (83.024)
Epoch: [4][3500/5005]	Time 0.734 (0.708)	Data 0.000 (0.002)	Loss 1.5264 (1.6369)	Acc@1 64.062 (61.465)	Acc@5 86.328 (83.002)
Epoch: [4][4000/5005]	Time 0.711 (0.708)	Data 0.000 (0.002)	Loss 1.4028 (1.6372)	Acc@1 65.625 (61.438)	Acc@5 85.547 (82.995)
Epoch: [4][4500/5005]	Time 0.713 (0.708)	Data 0.000 (0.002)	Loss 1.6608 (1.6375)	Acc@1 56.250 (61.427)	Acc@5 81.250 (82.998)
Epoch: [4][5000/5005]	Time 0.718 (0.708)	Data 0.000 (0.002)	Loss 1.6680 (1.6372)	Acc@1 58.203 (61.442)	Acc@5 83.984 (83.013)
Test: [0/196]	Time 3.162 (3.162)	Loss 0.6442 (0.6442)	Acc@1 83.203 (83.203)	Acc@5 96.875 (96.875)
 * Acc@1 69.026 Acc@5 89.080
weight information for regulizer based pretrain
[tensor(0.0006, device='cuda:0'), tensor(0.0013, device='cuda:0'), tensor(0.0147, device='cuda:0')] [tensor(8.5307e-06, device='cuda:0'), tensor(4.1673e-05, device='cuda:0'), tensor(0.0001, device='cuda:0')]
Epoch: [5][0/5005]	Time 2.640 (2.640)	Data 2.367 (2.367)	Loss 1.5506 (1.5506)	Acc@1 60.547 (60.547)	Acc@5 84.375 (84.375)
Epoch: [5][500/5005]	Time 0.698 (0.712)	Data 0.000 (0.006)	Loss 1.7525 (1.6235)	Acc@1 59.375 (61.607)	Acc@5 81.250 (83.119)
Epoch: [5][1000/5005]	Time 0.704 (0.710)	Data 0.000 (0.004)	Loss 1.5805 (1.6310)	Acc@1 62.500 (61.444)	Acc@5 82.812 (83.084)
Epoch: [5][1500/5005]	Time 0.703 (0.709)	Data 0.000 (0.003)	Loss 1.5753 (1.6357)	Acc@1 62.500 (61.342)	Acc@5 83.984 (83.013)
Epoch: [5][2000/5005]	Time 0.686 (0.709)	Data 0.000 (0.002)	Loss 1.2524 (1.6353)	Acc@1 69.531 (61.396)	Acc@5 89.844 (83.022)
Epoch: [5][2500/5005]	Time 0.699 (0.708)	Data 0.000 (0.002)	Loss 1.5843 (1.6370)	Acc@1 60.938 (61.378)	Acc@5 84.375 (82.989)
Epoch: [5][3000/5005]	Time 0.691 (0.708)	Data 0.000 (0.002)	Loss 1.6413 (1.6361)	Acc@1 59.375 (61.402)	Acc@5 85.938 (82.999)
Epoch: [5][3500/5005]	Time 0.720 (0.708)	Data 0.000 (0.002)	Loss 1.9543 (1.6351)	Acc@1 56.250 (61.454)	Acc@5 75.781 (83.024)
Epoch: [5][4000/5005]	Time 0.694 (0.708)	Data 0.000 (0.002)	Loss 1.6797 (1.6357)	Acc@1 59.766 (61.427)	Acc@5 80.469 (83.016)
Epoch: [5][4500/5005]	Time 0.713 (0.708)	Data 0.000 (0.002)	Loss 1.7449 (1.6362)	Acc@1 55.469 (61.425)	Acc@5 82.812 (83.011)
Epoch: [5][5000/5005]	Time 0.707 (0.708)	Data 0.000 (0.002)	Loss 1.6917 (1.6353)	Acc@1 62.500 (61.442)	Acc@5 83.984 (83.024)
Test: [0/196]	Time 3.034 (3.034)	Loss 0.6446 (0.6446)	Acc@1 83.203 (83.203)	Acc@5 96.484 (96.484)
 * Acc@1 69.022 Acc@5 89.086
weight information for regulizer based pretrain
[tensor(0.0006, device='cuda:0'), tensor(0.0013, device='cuda:0'), tensor(0.0147, device='cuda:0')] [tensor(8.5389e-06, device='cuda:0'), tensor(4.1734e-05, device='cuda:0'), tensor(0.0001, device='cuda:0')]
Epoch: [6][0/5005]	Time 2.651 (2.651)	Data 2.410 (2.410)	Loss 1.5565 (1.5565)	Acc@1 62.891 (62.891)	Acc@5 83.594 (83.594)
Epoch: [6][500/5005]	Time 0.692 (0.712)	Data 0.000 (0.006)	Loss 1.5610 (1.6373)	Acc@1 61.328 (61.486)	Acc@5 84.766 (82.972)
Epoch: [6][1000/5005]	Time 0.696 (0.710)	Data 0.000 (0.004)	Loss 1.6528 (1.6313)	Acc@1 59.766 (61.593)	Acc@5 83.984 (83.052)
Epoch: [6][1500/5005]	Time 0.708 (0.710)	Data 0.000 (0.003)	Loss 1.6181 (1.6356)	Acc@1 64.453 (61.494)	Acc@5 84.375 (83.014)
Epoch: [6][2000/5005]	Time 0.713 (0.710)	Data 0.000 (0.002)	Loss 1.6271 (1.6359)	Acc@1 57.812 (61.499)	Acc@5 84.766 (82.999)
Epoch: [6][2500/5005]	Time 0.697 (0.709)	Data 0.000 (0.002)	Loss 1.6030 (1.6335)	Acc@1 62.109 (61.525)	Acc@5 82.422 (83.066)
Epoch: [6][3000/5005]	Time 0.691 (0.708)	Data 0.000 (0.002)	Loss 1.5553 (1.6327)	Acc@1 61.719 (61.521)	Acc@5 85.938 (83.078)
Epoch: [6][3500/5005]	Time 0.706 (0.707)	Data 0.000 (0.002)	Loss 1.6225 (1.6345)	Acc@1 62.891 (61.503)	Acc@5 83.594 (83.045)
Epoch: [6][4000/5005]	Time 0.701 (0.706)	Data 0.000 (0.002)	Loss 1.6164 (1.6351)	Acc@1 64.453 (61.494)	Acc@5 83.594 (83.038)
Epoch: [6][4500/5005]	Time 0.705 (0.705)	Data 0.000 (0.002)	Loss 1.6657 (1.6365)	Acc@1 61.719 (61.458)	Acc@5 84.375 (83.027)
Epoch: [6][5000/5005]	Time 0.704 (0.705)	Data 0.000 (0.002)	Loss 1.6055 (1.6373)	Acc@1 61.328 (61.447)	Acc@5 84.375 (83.021)
Test: [0/196]	Time 2.902 (2.902)	Loss 0.6442 (0.6442)	Acc@1 83.203 (83.203)	Acc@5 96.484 (96.484)
 * Acc@1 69.026 Acc@5 89.084
weight information for regulizer based pretrain
[tensor(0.0006, device='cuda:0'), tensor(0.0013, device='cuda:0'), tensor(0.0147, device='cuda:0')] [tensor(8.5468e-06, device='cuda:0'), tensor(4.1793e-05, device='cuda:0'), tensor(0.0001, device='cuda:0')]
Epoch: [7][0/5005]	Time 2.272 (2.272)	Data 2.047 (2.047)	Loss 1.7311 (1.7311)	Acc@1 58.594 (58.594)	Acc@5 82.031 (82.031)
Epoch: [7][500/5005]	Time 0.718 (0.704)	Data 0.000 (0.005)	Loss 1.6193 (1.6363)	Acc@1 62.500 (61.438)	Acc@5 84.375 (83.074)
Epoch: [7][1000/5005]	Time 0.665 (0.703)	Data 0.000 (0.003)	Loss 1.5762 (1.6363)	Acc@1 64.062 (61.425)	Acc@5 84.766 (83.047)
Epoch: [7][1500/5005]	Time 0.699 (0.702)	Data 0.000 (0.003)	Loss 1.7520 (1.6378)	Acc@1 61.328 (61.400)	Acc@5 79.688 (83.009)
Epoch: [7][2000/5005]	Time 0.734 (0.702)	Data 0.000 (0.002)	Loss 1.4456 (1.6358)	Acc@1 66.406 (61.427)	Acc@5 86.719 (83.032)
Epoch: [7][2500/5005]	Time 0.705 (0.702)	Data 0.000 (0.002)	Loss 1.5094 (1.6346)	Acc@1 62.891 (61.453)	Acc@5 85.547 (83.061)
Epoch: [7][3000/5005]	Time 0.700 (0.702)	Data 0.000 (0.002)	Loss 1.5533 (1.6353)	Acc@1 63.281 (61.448)	Acc@5 83.594 (83.068)
Epoch: [7][3500/5005]	Time 0.696 (0.702)	Data 0.000 (0.002)	Loss 1.6290 (1.6359)	Acc@1 65.625 (61.457)	Acc@5 82.812 (83.049)
Epoch: [7][4000/5005]	Time 0.721 (0.702)	Data 0.000 (0.002)	Loss 1.4827 (1.6352)	Acc@1 66.406 (61.490)	Acc@5 85.547 (83.057)
Epoch: [7][4500/5005]	Time 0.669 (0.701)	Data 0.000 (0.002)	Loss 1.5159 (1.6352)	Acc@1 63.281 (61.506)	Acc@5 82.812 (83.062)
Epoch: [7][5000/5005]	Time 0.699 (0.701)	Data 0.000 (0.002)	Loss 1.6630 (1.6357)	Acc@1 62.109 (61.492)	Acc@5 81.641 (83.048)
Test: [0/196]	Time 2.931 (2.931)	Loss 0.6439 (0.6439)	Acc@1 83.203 (83.203)	Acc@5 96.875 (96.875)
 * Acc@1 69.026 Acc@5 89.088
weight information for regulizer based pretrain
[tensor(0.0006, device='cuda:0'), tensor(0.0013, device='cuda:0'), tensor(0.0147, device='cuda:0')] [tensor(8.5549e-06, device='cuda:0'), tensor(4.1853e-05, device='cuda:0'), tensor(0.0001, device='cuda:0')]
Epoch: [8][0/5005]	Time 2.178 (2.178)	Data 1.938 (1.938)	Loss 1.4085 (1.4085)	Acc@1 66.406 (66.406)	Acc@5 84.766 (84.766)
Epoch: [8][500/5005]	Time 0.675 (0.703)	Data 0.000 (0.005)	Loss 1.5188 (1.6378)	Acc@1 67.578 (61.334)	Acc@5 83.984 (82.972)
Epoch: [8][1000/5005]	Time 0.693 (0.702)	Data 0.000 (0.003)	Loss 1.5329 (1.6349)	Acc@1 63.281 (61.435)	Acc@5 83.984 (83.037)
Epoch: [8][1500/5005]	Time 0.699 (0.701)	Data 0.000 (0.002)	Loss 1.8305 (1.6321)	Acc@1 57.031 (61.421)	Acc@5 78.906 (83.094)
Epoch: [8][2000/5005]	Time 0.699 (0.701)	Data 0.000 (0.002)	Loss 1.6973 (1.6329)	Acc@1 60.938 (61.444)	Acc@5 82.422 (83.062)
Epoch: [8][2500/5005]	Time 0.742 (0.701)	Data 0.000 (0.002)	Loss 1.7553 (1.6338)	Acc@1 60.938 (61.473)	Acc@5 80.469 (83.050)
Epoch: [8][3000/5005]	Time 0.734 (0.701)	Data 0.000 (0.002)	Loss 1.4736 (1.6325)	Acc@1 64.844 (61.485)	Acc@5 84.375 (83.067)
Epoch: [8][3500/5005]	Time 0.702 (0.701)	Data 0.000 (0.002)	Loss 1.7028 (1.6330)	Acc@1 57.812 (61.471)	Acc@5 82.031 (83.066)
Epoch: [8][4000/5005]	Time 0.694 (0.701)	Data 0.000 (0.002)	Loss 1.7992 (1.6318)	Acc@1 57.812 (61.488)	Acc@5 80.469 (83.081)
Epoch: [8][4500/5005]	Time 0.702 (0.701)	Data 0.000 (0.002)	Loss 1.5172 (1.6316)	Acc@1 63.281 (61.491)	Acc@5 84.375 (83.081)
Epoch: [8][5000/5005]	Time 0.698 (0.701)	Data 0.000 (0.002)	Loss 1.7166 (1.6321)	Acc@1 59.375 (61.479)	Acc@5 81.641 (83.087)
Test: [0/196]	Time 2.863 (2.863)	Loss 0.6436 (0.6436)	Acc@1 83.203 (83.203)	Acc@5 96.875 (96.875)
 * Acc@1 69.036 Acc@5 89.090
weight information for regulizer based pretrain
[tensor(0.0006, device='cuda:0'), tensor(0.0013, device='cuda:0'), tensor(0.0147, device='cuda:0')] [tensor(8.5631e-06, device='cuda:0'), tensor(4.1914e-05, device='cuda:0'), tensor(0.0001, device='cuda:0')]
Epoch: [9][0/5005]	Time 2.536 (2.536)	Data 2.314 (2.314)	Loss 1.6188 (1.6188)	Acc@1 61.328 (61.328)	Acc@5 82.422 (82.422)
Epoch: [9][500/5005]	Time 0.668 (0.704)	Data 0.000 (0.006)	Loss 1.4811 (1.6374)	Acc@1 66.406 (61.331)	Acc@5 84.766 (82.981)
Epoch: [9][1000/5005]	Time 0.699 (0.702)	Data 0.000 (0.003)	Loss 1.4774 (1.6317)	Acc@1 67.188 (61.522)	Acc@5 85.547 (83.105)
Epoch: [9][1500/5005]	Time 0.682 (0.702)	Data 0.000 (0.003)	Loss 1.5628 (1.6328)	Acc@1 61.719 (61.515)	Acc@5 82.812 (83.116)
Epoch: [9][2000/5005]	Time 0.698 (0.702)	Data 0.000 (0.002)	Loss 1.4454 (1.6338)	Acc@1 67.969 (61.510)	Acc@5 87.109 (83.077)
Epoch: [9][2500/5005]	Time 0.730 (0.701)	Data 0.000 (0.002)	Loss 1.5670 (1.6339)	Acc@1 64.844 (61.499)	Acc@5 82.422 (83.068)
Epoch: [9][3000/5005]	Time 0.730 (0.701)	Data 0.000 (0.002)	Loss 1.6875 (1.6341)	Acc@1 60.156 (61.515)	Acc@5 82.422 (83.055)
Epoch: [9][3500/5005]	Time 0.705 (0.701)	Data 0.000 (0.002)	Loss 1.5930 (1.6344)	Acc@1 62.109 (61.499)	Acc@5 84.375 (83.035)
Epoch: [9][4000/5005]	Time 0.699 (0.701)	Data 0.000 (0.002)	Loss 1.8643 (1.6343)	Acc@1 58.203 (61.505)	Acc@5 78.906 (83.047)
Epoch: [9][4500/5005]	Time 0.698 (0.701)	Data 0.000 (0.002)	Loss 1.6906 (1.6341)	Acc@1 61.328 (61.508)	Acc@5 80.078 (83.057)
Epoch: [9][5000/5005]	Time 0.698 (0.701)	Data 0.000 (0.002)	Loss 1.7998 (1.6344)	Acc@1 57.031 (61.502)	Acc@5 78.906 (83.051)
Test: [0/196]	Time 2.790 (2.790)	Loss 0.6431 (0.6431)	Acc@1 83.203 (83.203)	Acc@5 96.875 (96.875)
 * Acc@1 69.032 Acc@5 89.096
weight information for regulizer based pretrain
[tensor(0.0006, device='cuda:0'), tensor(0.0013, device='cuda:0'), tensor(0.0147, device='cuda:0')] [tensor(8.5711e-06, device='cuda:0'), tensor(4.1973e-05, device='cuda:0'), tensor(0.0001, device='cuda:0')]
Epoch: [10][0/5005]	Time 2.298 (2.298)	Data 2.067 (2.067)	Loss 1.5003 (1.5003)	Acc@1 65.234 (65.234)	Acc@5 85.156 (85.156)
Epoch: [10][500/5005]	Time 0.698 (0.704)	Data 0.000 (0.005)	Loss 1.5340 (1.6283)	Acc@1 59.375 (61.697)	Acc@5 80.859 (83.223)
Epoch: [10][1000/5005]	Time 0.729 (0.702)	Data 0.000 (0.003)	Loss 1.6393 (1.6327)	Acc@1 58.594 (61.500)	Acc@5 81.641 (83.132)
Epoch: [10][1500/5005]	Time 0.695 (0.702)	Data 0.000 (0.003)	Loss 1.5955 (1.6334)	Acc@1 64.062 (61.481)	Acc@5 82.031 (83.069)
Epoch: [10][2000/5005]	Time 0.704 (0.702)	Data 0.000 (0.002)	Loss 1.5468 (1.6321)	Acc@1 59.766 (61.531)	Acc@5 83.594 (83.104)
Epoch: [10][2500/5005]	Time 0.698 (0.701)	Data 0.000 (0.002)	Loss 1.7239 (1.6334)	Acc@1 61.719 (61.520)	Acc@5 82.812 (83.045)
Epoch: [10][3000/5005]	Time 0.700 (0.701)	Data 0.000 (0.002)	Loss 1.7478 (1.6339)	Acc@1 58.594 (61.510)	Acc@5 81.641 (83.034)
Epoch: [10][3500/5005]	Time 0.703 (0.701)	Data 0.000 (0.002)	Loss 1.5214 (1.6339)	Acc@1 62.109 (61.494)	Acc@5 85.156 (83.034)
Epoch: [10][4000/5005]	Time 0.697 (0.701)	Data 0.000 (0.002)	Loss 1.5947 (1.6329)	Acc@1 64.453 (61.513)	Acc@5 83.203 (83.045)
Epoch: [10][4500/5005]	Time 0.692 (0.701)	Data 0.000 (0.002)	Loss 1.6224 (1.6332)	Acc@1 58.203 (61.503)	Acc@5 81.641 (83.042)
Epoch: [10][5000/5005]	Time 0.695 (0.701)	Data 0.000 (0.002)	Loss 1.5376 (1.6327)	Acc@1 63.281 (61.511)	Acc@5 85.938 (83.059)
Test: [0/196]	Time 2.916 (2.916)	Loss 0.6434 (0.6434)	Acc@1 83.203 (83.203)	Acc@5 96.875 (96.875)
 * Acc@1 69.028 Acc@5 89.102
weight information for regulizer based pretrain
[tensor(0.0006, device='cuda:0'), tensor(0.0013, device='cuda:0'), tensor(0.0147, device='cuda:0')] [tensor(8.5791e-06, device='cuda:0'), tensor(4.2033e-05, device='cuda:0'), tensor(0.0001, device='cuda:0')]
Epoch: [11][0/5005]	Time 2.463 (2.463)	Data 2.238 (2.238)	Loss 1.4431 (1.4431)	Acc@1 63.672 (63.672)	Acc@5 85.547 (85.547)
Epoch: [11][500/5005]	Time 0.704 (0.704)	Data 0.000 (0.006)	Loss 1.6966 (1.6166)	Acc@1 62.109 (61.791)	Acc@5 81.641 (83.269)
Epoch: [11][1000/5005]	Time 0.697 (0.703)	Data 0.000 (0.003)	Loss 1.6277 (1.6275)	Acc@1 60.938 (61.658)	Acc@5 80.469 (83.189)
Epoch: [11][1500/5005]	Time 0.697 (0.702)	Data 0.000 (0.003)	Loss 1.6408 (1.6305)	Acc@1 60.156 (61.592)	Acc@5 81.641 (83.125)
Epoch: [11][2000/5005]	Time 0.697 (0.702)	Data 0.000 (0.002)	Loss 1.6540 (1.6308)	Acc@1 58.594 (61.582)	Acc@5 83.594 (83.124)
Epoch: [11][2500/5005]	Time 0.731 (0.702)	Data 0.000 (0.002)	Loss 1.5413 (1.6312)	Acc@1 63.672 (61.562)	Acc@5 87.891 (83.141)
Epoch: [11][3000/5005]	Time 0.704 (0.701)	Data 0.000 (0.002)	Loss 1.5392 (1.6319)	Acc@1 62.500 (61.538)	Acc@5 84.766 (83.120)
Epoch: [11][3500/5005]	Time 0.698 (0.701)	Data 0.000 (0.002)	Loss 1.5450 (1.6315)	Acc@1 62.500 (61.555)	Acc@5 83.984 (83.118)
Epoch: [11][4000/5005]	Time 0.738 (0.701)	Data 0.000 (0.002)	Loss 1.7150 (1.6336)	Acc@1 59.766 (61.523)	Acc@5 81.641 (83.090)
Epoch: [11][4500/5005]	Time 0.696 (0.701)	Data 0.000 (0.002)	Loss 1.7551 (1.6338)	Acc@1 58.594 (61.519)	Acc@5 82.031 (83.075)
Epoch: [11][5000/5005]	Time 0.696 (0.701)	Data 0.000 (0.002)	Loss 1.6671 (1.6330)	Acc@1 59.375 (61.528)	Acc@5 81.641 (83.084)
Test: [0/196]	Time 2.900 (2.900)	Loss 0.6435 (0.6435)	Acc@1 83.203 (83.203)	Acc@5 96.875 (96.875)
 * Acc@1 69.026 Acc@5 89.096
weight information for regulizer based pretrain
[tensor(0.0006, device='cuda:0'), tensor(0.0013, device='cuda:0'), tensor(0.0147, device='cuda:0')] [tensor(8.5872e-06, device='cuda:0'), tensor(4.2092e-05, device='cuda:0'), tensor(0.0001, device='cuda:0')]
Epoch: [12][0/5005]	Time 2.214 (2.214)	Data 1.926 (1.926)	Loss 1.6956 (1.6956)	Acc@1 62.500 (62.500)	Acc@5 82.031 (82.031)
Epoch: [12][500/5005]	Time 0.693 (0.703)	Data 0.000 (0.005)	Loss 1.5668 (1.6267)	Acc@1 65.234 (61.585)	Acc@5 82.031 (83.133)
Epoch: [12][1000/5005]	Time 0.692 (0.702)	Data 0.000 (0.003)	Loss 1.5332 (1.6295)	Acc@1 64.453 (61.622)	Acc@5 84.375 (83.061)
Epoch: [12][1500/5005]	Time 0.698 (0.702)	Data 0.000 (0.002)	Loss 1.5377 (1.6301)	Acc@1 63.672 (61.591)	Acc@5 83.594 (83.068)
Epoch: [12][2000/5005]	Time 0.701 (0.701)	Data 0.000 (0.002)	Loss 1.5391 (1.6325)	Acc@1 62.500 (61.504)	Acc@5 84.375 (83.082)
Epoch: [12][2500/5005]	Time 0.711 (0.701)	Data 0.000 (0.002)	Loss 1.4790 (1.6332)	Acc@1 61.719 (61.497)	Acc@5 84.375 (83.072)
Epoch: [12][3000/5005]	Time 0.702 (0.701)	Data 0.000 (0.002)	Loss 1.6097 (1.6336)	Acc@1 58.594 (61.484)	Acc@5 84.375 (83.078)
Epoch: [12][3500/5005]	Time 0.697 (0.701)	Data 0.000 (0.002)	Loss 1.5590 (1.6334)	Acc@1 63.281 (61.480)	Acc@5 84.375 (83.086)
Epoch: [12][4000/5005]	Time 0.698 (0.701)	Data 0.000 (0.002)	Loss 1.5289 (1.6327)	Acc@1 62.891 (61.498)	Acc@5 87.109 (83.092)
Epoch: [12][4500/5005]	Time 0.702 (0.701)	Data 0.000 (0.002)	Loss 1.4638 (1.6324)	Acc@1 61.328 (61.492)	Acc@5 87.109 (83.094)
Epoch: [12][5000/5005]	Time 0.695 (0.701)	Data 0.000 (0.002)	Loss 1.4890 (1.6325)	Acc@1 66.406 (61.483)	Acc@5 83.203 (83.090)
Test: [0/196]	Time 2.878 (2.878)	Loss 0.6440 (0.6440)	Acc@1 83.203 (83.203)	Acc@5 96.875 (96.875)
 * Acc@1 69.028 Acc@5 89.094
weight information for regulizer based pretrain
[tensor(0.0006, device='cuda:0'), tensor(0.0013, device='cuda:0'), tensor(0.0147, device='cuda:0')] [tensor(8.5950e-06, device='cuda:0'), tensor(4.2151e-05, device='cuda:0'), tensor(0.0001, device='cuda:0')]
Epoch: [13][0/5005]	Time 2.389 (2.389)	Data 2.164 (2.164)	Loss 1.5771 (1.5771)	Acc@1 60.938 (60.938)	Acc@5 82.422 (82.422)
Epoch: [13][500/5005]	Time 0.703 (0.703)	Data 0.000 (0.005)	Loss 1.4729 (1.6440)	Acc@1 60.938 (61.170)	Acc@5 86.328 (82.936)
Epoch: [13][1000/5005]	Time 0.694 (0.702)	Data 0.000 (0.003)	Loss 1.8270 (1.6385)	Acc@1 57.812 (61.393)	Acc@5 80.859 (83.007)
Epoch: [13][1500/5005]	Time 0.735 (0.702)	Data 0.000 (0.003)	Loss 1.6440 (1.6389)	Acc@1 59.375 (61.371)	Acc@5 82.031 (82.994)
Epoch: [13][2000/5005]	Time 0.694 (0.702)	Data 0.000 (0.002)	Loss 1.7285 (1.6399)	Acc@1 61.719 (61.407)	Acc@5 83.203 (82.985)
Epoch: [13][2500/5005]	Time 0.698 (0.701)	Data 0.000 (0.002)	Loss 1.8282 (1.6371)	Acc@1 60.938 (61.451)	Acc@5 82.031 (83.012)
Epoch: [13][3000/5005]	Time 0.722 (0.701)	Data 0.000 (0.002)	Loss 1.8111 (1.6354)	Acc@1 56.250 (61.470)	Acc@5 84.375 (83.035)
Epoch: [13][3500/5005]	Time 0.704 (0.701)	Data 0.000 (0.002)	Loss 1.6532 (1.6357)	Acc@1 61.328 (61.458)	Acc@5 82.031 (83.027)
Epoch: [13][4000/5005]	Time 0.694 (0.701)	Data 0.000 (0.002)	Loss 1.4846 (1.6358)	Acc@1 62.500 (61.446)	Acc@5 85.938 (83.023)
Epoch: [13][4500/5005]	Time 0.695 (0.701)	Data 0.000 (0.002)	Loss 1.6679 (1.6365)	Acc@1 58.984 (61.431)	Acc@5 80.859 (83.012)
Epoch: [13][5000/5005]	Time 0.698 (0.701)	Data 0.000 (0.002)	Loss 1.7742 (1.6355)	Acc@1 58.984 (61.465)	Acc@5 80.859 (83.018)
Test: [0/196]	Time 2.794 (2.794)	Loss 0.6441 (0.6441)	Acc@1 83.203 (83.203)	Acc@5 96.875 (96.875)
 * Acc@1 69.030 Acc@5 89.100
weight information for regulizer based pretrain
[tensor(0.0006, device='cuda:0'), tensor(0.0013, device='cuda:0'), tensor(0.0147, device='cuda:0')] [tensor(8.6028e-06, device='cuda:0'), tensor(4.2209e-05, device='cuda:0'), tensor(0.0001, device='cuda:0')]
Epoch: [14][0/5005]	Time 2.347 (2.347)	Data 2.106 (2.106)	Loss 1.4756 (1.4756)	Acc@1 63.672 (63.672)	Acc@5 84.375 (84.375)
Epoch: [14][500/5005]	Time 0.701 (0.704)	Data 0.000 (0.005)	Loss 1.8725 (1.6285)	Acc@1 57.031 (61.621)	Acc@5 82.031 (83.065)
Epoch: [14][1000/5005]	Time 0.691 (0.702)	Data 0.000 (0.003)	Loss 1.6818 (1.6267)	Acc@1 63.281 (61.738)	Acc@5 81.250 (83.197)
Epoch: [14][1500/5005]	Time 0.738 (0.702)	Data 0.000 (0.003)	Loss 1.5796 (1.6304)	Acc@1 60.938 (61.665)	Acc@5 82.812 (83.140)
Epoch: [14][2000/5005]	Time 0.695 (0.702)	Data 0.000 (0.002)	Loss 1.4367 (1.6290)	Acc@1 62.891 (61.647)	Acc@5 86.328 (83.164)
Epoch: [14][2500/5005]	Time 0.697 (0.702)	Data 0.000 (0.002)	Loss 1.7584 (1.6302)	Acc@1 56.250 (61.583)	Acc@5 83.984 (83.145)
Epoch: [14][3000/5005]	Time 0.696 (0.701)	Data 0.000 (0.002)	Loss 1.6670 (1.6313)	Acc@1 62.109 (61.550)	Acc@5 81.641 (83.110)
Epoch: [14][3500/5005]	Time 0.698 (0.701)	Data 0.000 (0.002)	Loss 1.4251 (1.6313)	Acc@1 63.281 (61.555)	Acc@5 84.766 (83.101)
Epoch: [14][4000/5005]	Time 0.702 (0.701)	Data 0.000 (0.002)	Loss 1.5256 (1.6316)	Acc@1 64.453 (61.550)	Acc@5 83.203 (83.097)
Epoch: [14][4500/5005]	Time 0.695 (0.701)	Data 0.000 (0.002)	Loss 1.7405 (1.6317)	Acc@1 58.203 (61.542)	Acc@5 79.688 (83.085)
Epoch: [14][5000/5005]	Time 0.703 (0.701)	Data 0.000 (0.002)	Loss 1.5870 (1.6311)	Acc@1 60.938 (61.549)	Acc@5 83.594 (83.092)
Test: [0/196]	Time 2.951 (2.951)	Loss 0.6437 (0.6437)	Acc@1 83.203 (83.203)	Acc@5 96.875 (96.875)
 * Acc@1 69.050 Acc@5 89.096
weight information for regulizer based pretrain
[tensor(0.0006, device='cuda:0'), tensor(0.0013, device='cuda:0'), tensor(0.0147, device='cuda:0')] [tensor(8.6107e-06, device='cuda:0'), tensor(4.2268e-05, device='cuda:0'), tensor(0.0001, device='cuda:0')]
Epoch: [15][0/5005]	Time 2.371 (2.371)	Data 2.148 (2.148)	Loss 1.6120 (1.6120)	Acc@1 62.891 (62.891)	Acc@5 83.203 (83.203)
Epoch: [15][500/5005]	Time 0.694 (0.704)	Data 0.000 (0.005)	Loss 1.5428 (1.6370)	Acc@1 64.844 (61.373)	Acc@5 83.203 (83.004)
Epoch: [15][1000/5005]	Time 0.726 (0.702)	Data 0.000 (0.003)	Loss 1.5580 (1.6357)	Acc@1 59.766 (61.456)	Acc@5 84.766 (83.029)
Epoch: [15][1500/5005]	Time 0.698 (0.702)	Data 0.000 (0.003)	Loss 1.7493 (1.6307)	Acc@1 62.500 (61.539)	Acc@5 81.250 (83.112)
Epoch: [15][2000/5005]	Time 0.700 (0.702)	Data 0.000 (0.002)	Loss 1.7348 (1.6298)	Acc@1 59.375 (61.566)	Acc@5 82.031 (83.121)
Epoch: [15][2500/5005]	Time 0.699 (0.702)	Data 0.000 (0.002)	Loss 1.6286 (1.6302)	Acc@1 59.375 (61.535)	Acc@5 82.422 (83.136)
Epoch: [15][3000/5005]	Time 0.698 (0.701)	Data 0.000 (0.002)	Loss 1.6749 (1.6293)	Acc@1 63.281 (61.560)	Acc@5 83.203 (83.127)
Epoch: [15][3500/5005]	Time 0.701 (0.701)	Data 0.000 (0.002)	Loss 1.9148 (1.6301)	Acc@1 54.688 (61.543)	Acc@5 79.297 (83.113)
Epoch: [15][4000/5005]	Time 0.705 (0.701)	Data 0.000 (0.002)	Loss 1.7611 (1.6305)	Acc@1 58.594 (61.538)	Acc@5 81.250 (83.106)
Epoch: [15][4500/5005]	Time 0.693 (0.701)	Data 0.000 (0.002)	Loss 1.4802 (1.6320)	Acc@1 66.797 (61.505)	Acc@5 84.766 (83.093)
Epoch: [15][5000/5005]	Time 0.703 (0.701)	Data 0.000 (0.002)	Loss 1.3139 (1.6317)	Acc@1 68.750 (61.518)	Acc@5 87.891 (83.104)
Test: [0/196]	Time 2.875 (2.875)	Loss 0.6426 (0.6426)	Acc@1 83.203 (83.203)	Acc@5 96.875 (96.875)
 * Acc@1 69.058 Acc@5 89.104
weight information for regulizer based pretrain
[tensor(0.0006, device='cuda:0'), tensor(0.0013, device='cuda:0'), tensor(0.0147, device='cuda:0')] [tensor(8.6185e-06, device='cuda:0'), tensor(4.2326e-05, device='cuda:0'), tensor(0.0001, device='cuda:0')]
Epoch: [16][0/5005]	Time 2.417 (2.417)	Data 2.190 (2.190)	Loss 1.6788 (1.6788)	Acc@1 60.938 (60.938)	Acc@5 83.203 (83.203)
Epoch: [16][500/5005]	Time 0.733 (0.705)	Data 0.000 (0.006)	Loss 1.6534 (1.6318)	Acc@1 60.156 (61.501)	Acc@5 81.250 (83.044)
Epoch: [16][1000/5005]	Time 0.710 (0.703)	Data 0.000 (0.003)	Loss 1.4697 (1.6321)	Acc@1 61.719 (61.501)	Acc@5 86.719 (83.059)
Epoch: [16][1500/5005]	Time 0.699 (0.702)	Data 0.000 (0.003)	Loss 1.6763 (1.6317)	Acc@1 62.109 (61.507)	Acc@5 81.250 (83.018)
Epoch: [16][2000/5005]	Time 0.675 (0.702)	Data 0.000 (0.002)	Loss 1.7140 (1.6303)	Acc@1 58.594 (61.523)	Acc@5 83.594 (83.050)
Epoch: [16][2500/5005]	Time 0.682 (0.701)	Data 0.000 (0.002)	Loss 1.5833 (1.6312)	Acc@1 60.156 (61.500)	Acc@5 82.812 (83.037)
Epoch: [16][3000/5005]	Time 0.696 (0.701)	Data 0.000 (0.002)	Loss 1.5796 (1.6320)	Acc@1 62.891 (61.493)	Acc@5 84.375 (83.026)
Epoch: [16][3500/5005]	Time 0.697 (0.701)	Data 0.000 (0.002)	Loss 1.4342 (1.6323)	Acc@1 66.797 (61.508)	Acc@5 86.719 (83.031)
Epoch: [16][4000/5005]	Time 0.698 (0.701)	Data 0.000 (0.002)	Loss 1.8053 (1.6329)	Acc@1 59.375 (61.498)	Acc@5 80.078 (83.027)
Epoch: [16][4500/5005]	Time 0.700 (0.701)	Data 0.000 (0.002)	Loss 1.7883 (1.6329)	Acc@1 60.547 (61.514)	Acc@5 81.250 (83.019)
Epoch: [16][5000/5005]	Time 0.706 (0.701)	Data 0.000 (0.002)	Loss 1.4649 (1.6330)	Acc@1 66.406 (61.503)	Acc@5 85.938 (83.011)
Test: [0/196]	Time 2.951 (2.951)	Loss 0.6422 (0.6422)	Acc@1 83.203 (83.203)	Acc@5 96.875 (96.875)
 * Acc@1 69.050 Acc@5 89.104
weight information for regulizer based pretrain
[tensor(0.0006, device='cuda:0'), tensor(0.0013, device='cuda:0'), tensor(0.0147, device='cuda:0')] [tensor(8.6262e-06, device='cuda:0'), tensor(4.2383e-05, device='cuda:0'), tensor(0.0001, device='cuda:0')]
Epoch: [17][0/5005]	Time 2.299 (2.299)	Data 2.057 (2.057)	Loss 1.6697 (1.6697)	Acc@1 61.719 (61.719)	Acc@5 82.812 (82.812)
Epoch: [17][500/5005]	Time 0.701 (0.704)	Data 0.000 (0.005)	Loss 1.6850 (1.6226)	Acc@1 58.594 (61.581)	Acc@5 82.422 (83.235)
Epoch: [17][1000/5005]	Time 0.700 (0.702)	Data 0.000 (0.003)	Loss 1.8776 (1.6238)	Acc@1 60.547 (61.580)	Acc@5 78.125 (83.240)
Epoch: [17][1500/5005]	Time 0.703 (0.702)	Data 0.000 (0.003)	Loss 1.6035 (1.6281)	Acc@1 61.719 (61.544)	Acc@5 82.031 (83.172)
Epoch: [17][2000/5005]	Time 0.694 (0.702)	Data 0.000 (0.002)	Loss 1.5762 (1.6303)	Acc@1 61.719 (61.528)	Acc@5 85.547 (83.130)
Epoch: [17][2500/5005]	Time 0.695 (0.702)	Data 0.000 (0.002)	Loss 1.6422 (1.6306)	Acc@1 64.453 (61.542)	Acc@5 83.203 (83.117)
Epoch: [17][3000/5005]	Time 0.696 (0.701)	Data 0.000 (0.002)	Loss 1.6417 (1.6305)	Acc@1 61.328 (61.551)	Acc@5 83.203 (83.111)
Epoch: [17][3500/5005]	Time 0.694 (0.701)	Data 0.000 (0.002)	Loss 1.6119 (1.6323)	Acc@1 64.062 (61.513)	Acc@5 83.984 (83.082)
Epoch: [17][4000/5005]	Time 0.699 (0.701)	Data 0.000 (0.002)	Loss 1.3763 (1.6322)	Acc@1 65.625 (61.493)	Acc@5 87.500 (83.077)
Epoch: [17][4500/5005]	Time 0.702 (0.701)	Data 0.000 (0.002)	Loss 1.6176 (1.6326)	Acc@1 58.594 (61.495)	Acc@5 83.203 (83.079)
Epoch: [17][5000/5005]	Time 0.701 (0.701)	Data 0.000 (0.002)	Loss 1.9094 (1.6324)	Acc@1 57.422 (61.504)	Acc@5 81.250 (83.087)
Test: [0/196]	Time 2.910 (2.910)	Loss 0.6426 (0.6426)	Acc@1 83.203 (83.203)	Acc@5 96.875 (96.875)
 * Acc@1 69.052 Acc@5 89.118
weight information for regulizer based pretrain
[tensor(0.0006, device='cuda:0'), tensor(0.0013, device='cuda:0'), tensor(0.0147, device='cuda:0')] [tensor(8.6339e-06, device='cuda:0'), tensor(4.2441e-05, device='cuda:0'), tensor(0.0001, device='cuda:0')]
Epoch: [18][0/5005]	Time 2.370 (2.370)	Data 2.138 (2.138)	Loss 1.5477 (1.5477)	Acc@1 64.453 (64.453)	Acc@5 83.984 (83.984)
Epoch: [18][500/5005]	Time 0.696 (0.704)	Data 0.000 (0.005)	Loss 1.5200 (1.6284)	Acc@1 58.594 (61.477)	Acc@5 85.938 (83.107)
Epoch: [18][1000/5005]	Time 0.694 (0.702)	Data 0.000 (0.003)	Loss 1.7832 (1.6276)	Acc@1 59.766 (61.543)	Acc@5 80.469 (83.176)
Epoch: [18][1500/5005]	Time 0.706 (0.701)	Data 0.000 (0.003)	Loss 1.6406 (1.6273)	Acc@1 60.547 (61.579)	Acc@5 80.859 (83.153)
Epoch: [18][2000/5005]	Time 0.701 (0.701)	Data 0.000 (0.002)	Loss 1.4389 (1.6303)	Acc@1 62.500 (61.512)	Acc@5 85.156 (83.110)
Epoch: [18][2500/5005]	Time 0.702 (0.701)	Data 0.000 (0.002)	Loss 1.5762 (1.6301)	Acc@1 65.234 (61.524)	Acc@5 82.422 (83.134)
Epoch: [18][3000/5005]	Time 0.696 (0.701)	Data 0.000 (0.002)	Loss 1.7967 (1.6304)	Acc@1 57.031 (61.506)	Acc@5 79.688 (83.117)
Epoch: [18][3500/5005]	Time 0.702 (0.701)	Data 0.000 (0.002)	Loss 1.5500 (1.6309)	Acc@1 60.156 (61.496)	Acc@5 83.594 (83.110)
Epoch: [18][4000/5005]	Time 0.697 (0.701)	Data 0.000 (0.002)	Loss 1.4201 (1.6314)	Acc@1 62.109 (61.499)	Acc@5 87.109 (83.110)
Epoch: [18][4500/5005]	Time 0.707 (0.701)	Data 0.000 (0.002)	Loss 1.6118 (1.6313)	Acc@1 58.203 (61.496)	Acc@5 83.594 (83.110)
Epoch: [18][5000/5005]	Time 0.696 (0.701)	Data 0.000 (0.002)	Loss 1.5328 (1.6304)	Acc@1 59.766 (61.519)	Acc@5 87.500 (83.134)
Test: [0/196]	Time 2.894 (2.894)	Loss 0.6425 (0.6425)	Acc@1 83.203 (83.203)	Acc@5 96.875 (96.875)
 * Acc@1 69.068 Acc@5 89.112
weight information for regulizer based pretrain
[tensor(0.0006, device='cuda:0'), tensor(0.0013, device='cuda:0'), tensor(0.0147, device='cuda:0')] [tensor(8.6416e-06, device='cuda:0'), tensor(4.2499e-05, device='cuda:0'), tensor(0.0001, device='cuda:0')]
Epoch: [19][0/5005]	Time 2.387 (2.387)	Data 2.164 (2.164)	Loss 1.5967 (1.5967)	Acc@1 59.375 (59.375)	Acc@5 83.594 (83.594)
Epoch: [19][500/5005]	Time 0.714 (0.703)	Data 0.000 (0.005)	Loss 1.5572 (1.6291)	Acc@1 64.844 (61.628)	Acc@5 85.547 (83.135)
Epoch: [19][1000/5005]	Time 0.697 (0.702)	Data 0.000 (0.003)	Loss 1.4892 (1.6317)	Acc@1 63.281 (61.600)	Acc@5 85.547 (83.088)
Epoch: [19][1500/5005]	Time 0.705 (0.701)	Data 0.000 (0.003)	Loss 1.7103 (1.6302)	Acc@1 61.719 (61.586)	Acc@5 82.422 (83.094)
Epoch: [19][2000/5005]	Time 0.697 (0.701)	Data 0.000 (0.002)	Loss 1.7540 (1.6293)	Acc@1 58.594 (61.562)	Acc@5 80.859 (83.083)
Epoch: [19][2500/5005]	Time 0.699 (0.701)	Data 0.000 (0.002)	Loss 1.3742 (1.6281)	Acc@1 65.625 (61.558)	Acc@5 87.500 (83.083)
Epoch: [19][3000/5005]	Time 0.705 (0.701)	Data 0.000 (0.002)	Loss 1.6290 (1.6293)	Acc@1 56.250 (61.526)	Acc@5 83.594 (83.066)
Epoch: [19][3500/5005]	Time 0.696 (0.701)	Data 0.000 (0.002)	Loss 1.7639 (1.6289)	Acc@1 55.469 (61.524)	Acc@5 80.078 (83.070)
Epoch: [19][4000/5005]	Time 0.703 (0.701)	Data 0.000 (0.002)	Loss 1.6845 (1.6277)	Acc@1 60.156 (61.558)	Acc@5 81.250 (83.083)
Epoch: [19][4500/5005]	Time 0.692 (0.701)	Data 0.000 (0.002)	Loss 1.5243 (1.6282)	Acc@1 64.062 (61.541)	Acc@5 87.109 (83.084)
Epoch: [19][5000/5005]	Time 0.695 (0.701)	Data 0.000 (0.002)	Loss 1.7396 (1.6297)	Acc@1 57.422 (61.514)	Acc@5 77.344 (83.061)
Test: [0/196]	Time 2.829 (2.829)	Loss 0.6422 (0.6422)	Acc@1 83.203 (83.203)	Acc@5 96.875 (96.875)
 * Acc@1 69.072 Acc@5 89.122
weight information for regulizer based pretrain
[tensor(0.0006, device='cuda:0'), tensor(0.0013, device='cuda:0'), tensor(0.0147, device='cuda:0')] [tensor(8.6494e-06, device='cuda:0'), tensor(4.2557e-05, device='cuda:0'), tensor(0.0001, device='cuda:0')]
Epoch: [20][0/5005]	Time 2.419 (2.419)	Data 2.200 (2.200)	Loss 1.5919 (1.5919)	Acc@1 62.891 (62.891)	Acc@5 85.547 (85.547)
Epoch: [20][500/5005]	Time 0.702 (0.704)	Data 0.000 (0.006)	Loss 1.6465 (1.6275)	Acc@1 58.984 (61.536)	Acc@5 84.766 (83.165)
Epoch: [20][1000/5005]	Time 0.694 (0.703)	Data 0.000 (0.003)	Loss 1.7032 (1.6325)	Acc@1 60.156 (61.527)	Acc@5 82.031 (83.068)
Epoch: [20][1500/5005]	Time 0.695 (0.702)	Data 0.000 (0.003)	Loss 1.5093 (1.6340)	Acc@1 64.453 (61.479)	Acc@5 83.984 (83.057)
Epoch: [20][2000/5005]	Time 0.701 (0.702)	Data 0.000 (0.002)	Loss 1.8169 (1.6326)	Acc@1 57.422 (61.513)	Acc@5 80.859 (83.072)
Epoch: [20][2500/5005]	Time 0.696 (0.701)	Data 0.000 (0.002)	Loss 1.4584 (1.6326)	Acc@1 62.500 (61.531)	Acc@5 85.156 (83.063)
Epoch: [20][3000/5005]	Time 0.705 (0.701)	Data 0.000 (0.002)	Loss 1.7913 (1.6326)	Acc@1 60.938 (61.550)	Acc@5 80.078 (83.066)
Epoch: [20][3500/5005]	Time 0.696 (0.701)	Data 0.000 (0.002)	Loss 1.5989 (1.6335)	Acc@1 62.500 (61.526)	Acc@5 83.594 (83.057)
Epoch: [20][4000/5005]	Time 0.716 (0.701)	Data 0.000 (0.002)	Loss 1.7249 (1.6328)	Acc@1 61.328 (61.531)	Acc@5 82.812 (83.064)
Epoch: [20][4500/5005]	Time 0.692 (0.701)	Data 0.000 (0.002)	Loss 1.6275 (1.6312)	Acc@1 61.719 (61.554)	Acc@5 81.250 (83.096)
Epoch: [20][5000/5005]	Time 0.706 (0.701)	Data 0.000 (0.002)	Loss 1.8434 (1.6314)	Acc@1 61.328 (61.567)	Acc@5 80.859 (83.080)
Test: [0/196]	Time 2.921 (2.921)	Loss 0.6426 (0.6426)	Acc@1 83.203 (83.203)	Acc@5 96.875 (96.875)
 * Acc@1 69.054 Acc@5 89.122
weight information for regulizer based pretrain
[tensor(0.0006, device='cuda:0'), tensor(0.0013, device='cuda:0'), tensor(0.0147, device='cuda:0')] [tensor(8.6570e-06, device='cuda:0'), tensor(4.2613e-05, device='cuda:0'), tensor(0.0001, device='cuda:0')]
Epoch: [21][0/5005]	Time 2.423 (2.423)	Data 2.206 (2.206)	Loss 1.6207 (1.6207)	Acc@1 62.109 (62.109)	Acc@5 83.984 (83.984)
Epoch: [21][500/5005]	Time 0.695 (0.704)	Data 0.000 (0.006)	Loss 1.5032 (1.6221)	Acc@1 67.969 (61.566)	Acc@5 84.766 (83.220)
Epoch: [21][1000/5005]	Time 0.697 (0.702)	Data 0.000 (0.003)	Loss 1.5261 (1.6250)	Acc@1 60.547 (61.563)	Acc@5 83.984 (83.093)
Epoch: [21][1500/5005]	Time 0.699 (0.702)	Data 0.000 (0.003)	Loss 1.7042 (1.6260)	Acc@1 59.375 (61.602)	Acc@5 82.812 (83.115)
Epoch: [21][2000/5005]	Time 0.706 (0.702)	Data 0.000 (0.002)	Loss 1.6327 (1.6277)	Acc@1 61.328 (61.573)	Acc@5 83.203 (83.098)
Epoch: [21][2500/5005]	Time 0.649 (0.701)	Data 0.000 (0.002)	Loss 1.4027 (1.6273)	Acc@1 63.672 (61.593)	Acc@5 86.719 (83.118)
Epoch: [21][3000/5005]	Time 0.697 (0.701)	Data 0.000 (0.002)	Loss 1.5780 (1.6271)	Acc@1 65.625 (61.596)	Acc@5 83.203 (83.118)
Epoch: [21][3500/5005]	Time 0.718 (0.701)	Data 0.000 (0.002)	Loss 1.6938 (1.6272)	Acc@1 64.062 (61.610)	Acc@5 80.859 (83.114)
Epoch: [21][4000/5005]	Time 0.701 (0.701)	Data 0.000 (0.002)	Loss 1.4702 (1.6283)	Acc@1 64.062 (61.581)	Acc@5 85.156 (83.106)
Epoch: [21][4500/5005]	Time 0.705 (0.701)	Data 0.000 (0.002)	Loss 1.8052 (1.6284)	Acc@1 57.422 (61.582)	Acc@5 80.469 (83.110)
Epoch: [21][5000/5005]	Time 0.700 (0.701)	Data 0.000 (0.002)	Loss 1.6819 (1.6288)	Acc@1 61.719 (61.564)	Acc@5 82.031 (83.091)
Test: [0/196]	Time 2.873 (2.873)	Loss 0.6427 (0.6427)	Acc@1 83.203 (83.203)	Acc@5 96.484 (96.484)
 * Acc@1 69.072 Acc@5 89.110
weight information for regulizer based pretrain
[tensor(0.0006, device='cuda:0'), tensor(0.0013, device='cuda:0'), tensor(0.0147, device='cuda:0')] [tensor(8.6647e-06, device='cuda:0'), tensor(4.2671e-05, device='cuda:0'), tensor(0.0001, device='cuda:0')]
Epoch: [22][0/5005]	Time 2.218 (2.218)	Data 1.999 (1.999)	Loss 1.6462 (1.6462)	Acc@1 60.156 (60.156)	Acc@5 85.938 (85.938)
Epoch: [22][500/5005]	Time 0.697 (0.703)	Data 0.000 (0.005)	Loss 1.9217 (1.6272)	Acc@1 58.594 (61.563)	Acc@5 79.297 (83.231)
Epoch: [22][1000/5005]	Time 0.696 (0.702)	Data 0.000 (0.003)	Loss 1.6370 (1.6311)	Acc@1 60.156 (61.582)	Acc@5 86.328 (83.116)
Epoch: [22][1500/5005]	Time 0.694 (0.701)	Data 0.000 (0.003)	Loss 1.6305 (1.6300)	Acc@1 59.375 (61.610)	Acc@5 84.766 (83.126)
Epoch: [22][2000/5005]	Time 0.725 (0.701)	Data 0.000 (0.002)	Loss 1.6225 (1.6271)	Acc@1 60.938 (61.634)	Acc@5 84.375 (83.164)
Epoch: [22][2500/5005]	Time 0.697 (0.701)	Data 0.000 (0.002)	Loss 1.5264 (1.6273)	Acc@1 62.891 (61.633)	Acc@5 84.766 (83.156)
Epoch: [22][3000/5005]	Time 0.703 (0.701)	Data 0.000 (0.002)	Loss 1.5008 (1.6274)	Acc@1 67.578 (61.633)	Acc@5 85.156 (83.162)
Epoch: [22][3500/5005]	Time 0.697 (0.701)	Data 0.000 (0.002)	Loss 1.5036 (1.6269)	Acc@1 65.625 (61.623)	Acc@5 84.766 (83.174)
Epoch: [22][4000/5005]	Time 0.695 (0.701)	Data 0.000 (0.002)	Loss 1.8583 (1.6286)	Acc@1 53.516 (61.601)	Acc@5 79.297 (83.134)
Epoch: [22][4500/5005]	Time 0.727 (0.701)	Data 0.000 (0.002)	Loss 1.6365 (1.6284)	Acc@1 60.547 (61.572)	Acc@5 83.984 (83.132)
Epoch: [22][5000/5005]	Time 0.696 (0.701)	Data 0.000 (0.002)	Loss 1.8091 (1.6289)	Acc@1 60.156 (61.578)	Acc@5 81.641 (83.125)
Test: [0/196]	Time 2.951 (2.951)	Loss 0.6421 (0.6421)	Acc@1 83.203 (83.203)	Acc@5 96.484 (96.484)
 * Acc@1 69.072 Acc@5 89.114
weight information for regulizer based pretrain
[tensor(0.0006, device='cuda:0'), tensor(0.0013, device='cuda:0'), tensor(0.0147, device='cuda:0')] [tensor(8.6724e-06, device='cuda:0'), tensor(4.2728e-05, device='cuda:0'), tensor(0.0001, device='cuda:0')]
Epoch: [23][0/5005]	Time 2.457 (2.457)	Data 2.232 (2.232)	Loss 1.7533 (1.7533)	Acc@1 59.375 (59.375)	Acc@5 80.078 (80.078)
