=> creating model 'vgg16'
=> loading checkpoint 'checkpoints/vgg-3/model_best.pth.tar'
=> loaded checkpoint 'checkpoints/vgg-3/model_best.pth.tar' 
read conf from:  conf/vgg.conf
checkpoint dir:  checkpoints/1549114681/
weight information for regulizer based pretrain
[tensor(0.0010, device='cuda:0'), tensor(0.0020, device='cuda:0'), tensor(0.0147, device='cuda:0')] [tensor(9.9991e-06, device='cuda:0'), tensor(4.0301e-05, device='cuda:0'), tensor(0.0001, device='cuda:0')]
Epoch: [0][0/5005]	Time 14.671 (14.671)	Data 2.294 (2.294)	Loss 1.5333 (1.5333)	Acc@1 61.719 (61.719)	Acc@5 85.156 (85.156)
Epoch: [0][500/5005]	Time 0.706 (0.733)	Data 0.000 (0.005)	Loss 1.6072 (1.5550)	Acc@1 61.719 (63.114)	Acc@5 83.984 (84.077)
Epoch: [0][1000/5005]	Time 0.741 (0.720)	Data 0.000 (0.003)	Loss 1.4588 (1.5525)	Acc@1 63.672 (63.237)	Acc@5 85.156 (84.119)
Epoch: [0][1500/5005]	Time 0.699 (0.715)	Data 0.000 (0.002)	Loss 1.4649 (1.5513)	Acc@1 62.500 (63.232)	Acc@5 86.719 (84.161)
Epoch: [0][2000/5005]	Time 0.690 (0.713)	Data 0.000 (0.002)	Loss 1.5099 (1.5503)	Acc@1 65.234 (63.262)	Acc@5 83.984 (84.183)
Epoch: [0][2500/5005]	Time 0.703 (0.712)	Data 0.000 (0.002)	Loss 1.3876 (1.5529)	Acc@1 63.672 (63.222)	Acc@5 87.109 (84.147)
Epoch: [0][3000/5005]	Time 0.707 (0.711)	Data 0.000 (0.002)	Loss 1.4842 (1.5539)	Acc@1 64.453 (63.204)	Acc@5 86.328 (84.148)
Epoch: [0][3500/5005]	Time 0.691 (0.711)	Data 0.000 (0.002)	Loss 1.4093 (1.5544)	Acc@1 65.625 (63.202)	Acc@5 87.500 (84.133)
Epoch: [0][4000/5005]	Time 0.704 (0.710)	Data 0.000 (0.002)	Loss 1.3833 (1.5548)	Acc@1 67.578 (63.179)	Acc@5 84.375 (84.124)
Epoch: [0][4500/5005]	Time 0.689 (0.710)	Data 0.000 (0.002)	Loss 1.4967 (1.5548)	Acc@1 64.844 (63.176)	Acc@5 84.766 (84.114)
Epoch: [0][5000/5005]	Time 0.710 (0.709)	Data 0.000 (0.002)	Loss 1.3824 (1.5535)	Acc@1 65.625 (63.209)	Acc@5 85.938 (84.136)
Test: [0/196]	Time 3.056 (3.056)	Loss 0.6306 (0.6306)	Acc@1 85.156 (85.156)	Acc@5 96.484 (96.484)
 * Acc@1 70.096 Acc@5 89.714
weight information for regulizer based pretrain
[tensor(0.0010, device='cuda:0'), tensor(0.0020, device='cuda:0'), tensor(0.0147, device='cuda:0')] [tensor(1.0005e-05, device='cuda:0'), tensor(4.0359e-05, device='cuda:0'), tensor(0.0001, device='cuda:0')]
Epoch: [1][0/5005]	Time 3.239 (3.239)	Data 2.457 (2.457)	Loss 1.4957 (1.4957)	Acc@1 65.234 (65.234)	Acc@5 85.547 (85.547)
Epoch: [1][500/5005]	Time 0.690 (0.713)	Data 0.000 (0.006)	Loss 1.3662 (1.5570)	Acc@1 66.406 (63.106)	Acc@5 89.844 (84.201)
Epoch: [1][1000/5005]	Time 0.712 (0.710)	Data 0.000 (0.003)	Loss 1.6086 (1.5597)	Acc@1 57.812 (63.021)	Acc@5 84.766 (84.109)
Epoch: [1][1500/5005]	Time 0.705 (0.710)	Data 0.000 (0.003)	Loss 1.5715 (1.5573)	Acc@1 61.719 (63.086)	Acc@5 84.766 (84.145)
Epoch: [1][2000/5005]	Time 0.714 (0.710)	Data 0.000 (0.002)	Loss 1.4917 (1.5566)	Acc@1 64.844 (63.079)	Acc@5 84.766 (84.147)
Epoch: [1][2500/5005]	Time 0.706 (0.710)	Data 0.000 (0.002)	Loss 1.6459 (1.5558)	Acc@1 60.547 (63.084)	Acc@5 82.422 (84.137)
Epoch: [1][3000/5005]	Time 0.714 (0.710)	Data 0.000 (0.002)	Loss 1.3324 (1.5554)	Acc@1 66.797 (63.127)	Acc@5 87.109 (84.147)
Epoch: [1][3500/5005]	Time 0.706 (0.710)	Data 0.000 (0.002)	Loss 1.5510 (1.5551)	Acc@1 64.062 (63.163)	Acc@5 82.812 (84.160)
Epoch: [1][4000/5005]	Time 0.713 (0.709)	Data 0.000 (0.002)	Loss 1.5134 (1.5551)	Acc@1 62.891 (63.159)	Acc@5 83.594 (84.154)
Epoch: [1][4500/5005]	Time 0.687 (0.709)	Data 0.000 (0.002)	Loss 1.5244 (1.5560)	Acc@1 62.109 (63.133)	Acc@5 85.938 (84.131)
Epoch: [1][5000/5005]	Time 0.700 (0.709)	Data 0.000 (0.002)	Loss 1.6213 (1.5559)	Acc@1 62.500 (63.149)	Acc@5 82.812 (84.135)
Test: [0/196]	Time 3.041 (3.041)	Loss 0.6301 (0.6301)	Acc@1 85.156 (85.156)	Acc@5 96.484 (96.484)
 * Acc@1 70.094 Acc@5 89.702
weight information for regulizer based pretrain
[tensor(0.0010, device='cuda:0'), tensor(0.0020, device='cuda:0'), tensor(0.0147, device='cuda:0')] [tensor(1.0011e-05, device='cuda:0'), tensor(4.0416e-05, device='cuda:0'), tensor(0.0001, device='cuda:0')]
Epoch: [2][0/5005]	Time 2.567 (2.567)	Data 2.317 (2.317)	Loss 1.5597 (1.5597)	Acc@1 65.234 (65.234)	Acc@5 83.203 (83.203)
Epoch: [2][500/5005]	Time 0.717 (0.711)	Data 0.000 (0.006)	Loss 1.6508 (1.5639)	Acc@1 60.938 (62.980)	Acc@5 83.984 (83.946)
Epoch: [2][1000/5005]	Time 0.704 (0.710)	Data 0.000 (0.003)	Loss 1.6108 (1.5624)	Acc@1 65.234 (62.976)	Acc@5 82.422 (84.021)
Epoch: [2][1500/5005]	Time 0.707 (0.709)	Data 0.000 (0.003)	Loss 1.4918 (1.5599)	Acc@1 60.938 (63.013)	Acc@5 83.984 (84.067)
Epoch: [2][2000/5005]	Time 0.742 (0.709)	Data 0.000 (0.002)	Loss 1.4996 (1.5576)	Acc@1 63.672 (63.077)	Acc@5 84.766 (84.116)
Epoch: [2][2500/5005]	Time 0.710 (0.708)	Data 0.000 (0.002)	Loss 1.6093 (1.5576)	Acc@1 62.500 (63.075)	Acc@5 83.203 (84.110)
Epoch: [2][3000/5005]	Time 0.709 (0.708)	Data 0.000 (0.002)	Loss 1.6896 (1.5580)	Acc@1 62.500 (63.063)	Acc@5 82.031 (84.095)
Epoch: [2][3500/5005]	Time 0.719 (0.708)	Data 0.000 (0.002)	Loss 1.8435 (1.5563)	Acc@1 55.078 (63.108)	Acc@5 78.516 (84.105)
Epoch: [2][4000/5005]	Time 0.708 (0.708)	Data 0.000 (0.002)	Loss 1.4996 (1.5553)	Acc@1 63.672 (63.133)	Acc@5 85.156 (84.136)
Epoch: [2][4500/5005]	Time 0.708 (0.708)	Data 0.000 (0.002)	Loss 1.3960 (1.5562)	Acc@1 64.453 (63.130)	Acc@5 86.328 (84.130)
Epoch: [2][5000/5005]	Time 0.697 (0.708)	Data 0.000 (0.002)	Loss 1.5380 (1.5552)	Acc@1 60.547 (63.143)	Acc@5 83.594 (84.140)
Test: [0/196]	Time 3.030 (3.030)	Loss 0.6310 (0.6310)	Acc@1 85.156 (85.156)	Acc@5 96.484 (96.484)
 * Acc@1 70.092 Acc@5 89.706
weight information for regulizer based pretrain
[tensor(0.0010, device='cuda:0'), tensor(0.0020, device='cuda:0'), tensor(0.0147, device='cuda:0')] [tensor(1.0017e-05, device='cuda:0'), tensor(4.0473e-05, device='cuda:0'), tensor(0.0001, device='cuda:0')]
Epoch: [3][0/5005]	Time 2.436 (2.436)	Data 2.198 (2.198)	Loss 1.6156 (1.6156)	Acc@1 58.203 (58.203)	Acc@5 83.203 (83.203)
Epoch: [3][500/5005]	Time 0.705 (0.712)	Data 0.000 (0.006)	Loss 1.4681 (1.5575)	Acc@1 64.844 (63.044)	Acc@5 87.109 (84.140)
Epoch: [3][1000/5005]	Time 0.692 (0.710)	Data 0.000 (0.003)	Loss 1.4431 (1.5589)	Acc@1 64.062 (63.059)	Acc@5 85.547 (84.074)
Epoch: [3][1500/5005]	Time 0.707 (0.710)	Data 0.000 (0.003)	Loss 1.4099 (1.5537)	Acc@1 62.891 (63.167)	Acc@5 86.328 (84.167)
Epoch: [3][2000/5005]	Time 0.724 (0.709)	Data 0.000 (0.002)	Loss 1.4135 (1.5534)	Acc@1 67.188 (63.178)	Acc@5 82.812 (84.157)
Epoch: [3][2500/5005]	Time 0.711 (0.709)	Data 0.000 (0.002)	Loss 1.4704 (1.5526)	Acc@1 67.578 (63.160)	Acc@5 85.938 (84.160)
Epoch: [3][3000/5005]	Time 0.688 (0.709)	Data 0.000 (0.002)	Loss 1.4961 (1.5525)	Acc@1 66.797 (63.150)	Acc@5 83.203 (84.152)
Epoch: [3][3500/5005]	Time 0.714 (0.709)	Data 0.000 (0.002)	Loss 1.6936 (1.5532)	Acc@1 60.938 (63.144)	Acc@5 82.031 (84.117)
Epoch: [3][4000/5005]	Time 0.692 (0.708)	Data 0.000 (0.002)	Loss 1.5709 (1.5528)	Acc@1 65.625 (63.171)	Acc@5 82.031 (84.137)
Epoch: [3][4500/5005]	Time 0.709 (0.708)	Data 0.000 (0.002)	Loss 1.5606 (1.5518)	Acc@1 63.281 (63.204)	Acc@5 85.547 (84.157)
Epoch: [3][5000/5005]	Time 0.712 (0.708)	Data 0.000 (0.002)	Loss 1.5504 (1.5515)	Acc@1 63.281 (63.206)	Acc@5 83.984 (84.173)
Test: [0/196]	Time 2.968 (2.968)	Loss 0.6310 (0.6310)	Acc@1 85.156 (85.156)	Acc@5 96.484 (96.484)
 * Acc@1 70.112 Acc@5 89.716
weight information for regulizer based pretrain
[tensor(0.0010, device='cuda:0'), tensor(0.0020, device='cuda:0'), tensor(0.0147, device='cuda:0')] [tensor(1.0023e-05, device='cuda:0'), tensor(4.0530e-05, device='cuda:0'), tensor(0.0001, device='cuda:0')]
Epoch: [4][0/5005]	Time 2.170 (2.170)	Data 1.924 (1.924)	Loss 1.5527 (1.5527)	Acc@1 65.625 (65.625)	Acc@5 82.812 (82.812)
Epoch: [4][500/5005]	Time 0.706 (0.711)	Data 0.000 (0.005)	Loss 1.4038 (1.5564)	Acc@1 65.625 (63.163)	Acc@5 85.938 (84.099)
Epoch: [4][1000/5005]	Time 0.714 (0.710)	Data 0.000 (0.003)	Loss 1.4744 (1.5537)	Acc@1 64.844 (63.270)	Acc@5 82.031 (84.121)
Epoch: [4][1500/5005]	Time 0.703 (0.709)	Data 0.000 (0.002)	Loss 1.5857 (1.5581)	Acc@1 61.719 (63.199)	Acc@5 81.641 (84.050)
Epoch: [4][2000/5005]	Time 0.676 (0.709)	Data 0.000 (0.002)	Loss 1.4459 (1.5567)	Acc@1 60.938 (63.204)	Acc@5 88.281 (84.077)
Epoch: [4][2500/5005]	Time 0.711 (0.709)	Data 0.000 (0.002)	Loss 1.5767 (1.5549)	Acc@1 62.891 (63.235)	Acc@5 85.156 (84.095)
Epoch: [4][3000/5005]	Time 0.713 (0.709)	Data 0.000 (0.002)	Loss 1.6928 (1.5538)	Acc@1 59.375 (63.261)	Acc@5 83.594 (84.110)
Epoch: [4][3500/5005]	Time 0.715 (0.709)	Data 0.000 (0.002)	Loss 1.7149 (1.5539)	Acc@1 57.422 (63.252)	Acc@5 83.594 (84.114)
Epoch: [4][4000/5005]	Time 0.706 (0.708)	Data 0.000 (0.002)	Loss 1.2950 (1.5538)	Acc@1 66.406 (63.249)	Acc@5 89.453 (84.111)
Epoch: [4][4500/5005]	Time 0.708 (0.708)	Data 0.000 (0.002)	Loss 1.4670 (1.5540)	Acc@1 62.500 (63.241)	Acc@5 87.109 (84.118)
Epoch: [4][5000/5005]	Time 0.685 (0.708)	Data 0.000 (0.002)	Loss 1.6180 (1.5536)	Acc@1 63.281 (63.241)	Acc@5 81.250 (84.128)
Test: [0/196]	Time 2.997 (2.997)	Loss 0.6309 (0.6309)	Acc@1 85.156 (85.156)	Acc@5 96.484 (96.484)
 * Acc@1 70.122 Acc@5 89.728
weight information for regulizer based pretrain
[tensor(0.0010, device='cuda:0'), tensor(0.0020, device='cuda:0'), tensor(0.0147, device='cuda:0')] [tensor(1.0028e-05, device='cuda:0'), tensor(4.0586e-05, device='cuda:0'), tensor(0.0001, device='cuda:0')]
Epoch: [5][0/5005]	Time 2.574 (2.574)	Data 2.353 (2.353)	Loss 1.6346 (1.6346)	Acc@1 58.984 (58.984)	Acc@5 83.594 (83.594)
Epoch: [5][500/5005]	Time 0.695 (0.711)	Data 0.000 (0.006)	Loss 1.3156 (1.5492)	Acc@1 69.531 (63.224)	Acc@5 88.281 (84.185)
Epoch: [5][1000/5005]	Time 0.704 (0.711)	Data 0.000 (0.004)	Loss 1.7470 (1.5512)	Acc@1 58.594 (63.277)	Acc@5 81.641 (84.166)
Epoch: [5][1500/5005]	Time 0.717 (0.710)	Data 0.000 (0.003)	Loss 1.6222 (1.5517)	Acc@1 65.625 (63.270)	Acc@5 82.422 (84.174)
Epoch: [5][2000/5005]	Time 0.693 (0.709)	Data 0.000 (0.002)	Loss 1.6954 (1.5520)	Acc@1 60.156 (63.244)	Acc@5 80.469 (84.170)
Epoch: [5][2500/5005]	Time 0.703 (0.709)	Data 0.000 (0.002)	Loss 1.2788 (1.5501)	Acc@1 70.703 (63.264)	Acc@5 86.719 (84.198)
Epoch: [5][3000/5005]	Time 0.713 (0.709)	Data 0.000 (0.002)	Loss 1.5380 (1.5498)	Acc@1 60.156 (63.279)	Acc@5 82.812 (84.196)
Epoch: [5][3500/5005]	Time 0.694 (0.709)	Data 0.000 (0.002)	Loss 1.3859 (1.5490)	Acc@1 71.094 (63.283)	Acc@5 87.500 (84.221)
Epoch: [5][4000/5005]	Time 0.708 (0.709)	Data 0.000 (0.002)	Loss 1.5068 (1.5494)	Acc@1 61.719 (63.283)	Acc@5 86.328 (84.223)
Epoch: [5][4500/5005]	Time 0.713 (0.709)	Data 0.000 (0.002)	Loss 1.6490 (1.5502)	Acc@1 57.422 (63.272)	Acc@5 84.766 (84.212)
Epoch: [5][5000/5005]	Time 0.718 (0.709)	Data 0.000 (0.002)	Loss 1.5350 (1.5509)	Acc@1 62.500 (63.269)	Acc@5 84.375 (84.207)
Test: [0/196]	Time 3.062 (3.062)	Loss 0.6305 (0.6305)	Acc@1 85.156 (85.156)	Acc@5 96.484 (96.484)
 * Acc@1 70.126 Acc@5 89.732
weight information for regulizer based pretrain
[tensor(0.0010, device='cuda:0'), tensor(0.0020, device='cuda:0'), tensor(0.0147, device='cuda:0')] [tensor(1.0034e-05, device='cuda:0'), tensor(4.0642e-05, device='cuda:0'), tensor(0.0001, device='cuda:0')]
Epoch: [6][0/5005]	Time 2.335 (2.335)	Data 2.063 (2.063)	Loss 1.4575 (1.4575)	Acc@1 66.016 (66.016)	Acc@5 85.156 (85.156)
Epoch: [6][500/5005]	Time 0.713 (0.710)	Data 0.000 (0.005)	Loss 1.6265 (1.5495)	Acc@1 61.719 (63.298)	Acc@5 84.375 (84.182)
Epoch: [6][1000/5005]	Time 0.713 (0.709)	Data 0.000 (0.003)	Loss 1.5565 (1.5511)	Acc@1 59.375 (63.207)	Acc@5 81.641 (84.126)
Epoch: [6][1500/5005]	Time 0.689 (0.709)	Data 0.000 (0.003)	Loss 1.5176 (1.5478)	Acc@1 63.672 (63.248)	Acc@5 83.594 (84.176)
Epoch: [6][2000/5005]	Time 0.667 (0.708)	Data 0.000 (0.002)	Loss 1.2452 (1.5472)	Acc@1 70.312 (63.265)	Acc@5 88.281 (84.202)
Epoch: [6][2500/5005]	Time 0.722 (0.708)	Data 0.000 (0.002)	Loss 1.3219 (1.5484)	Acc@1 69.141 (63.264)	Acc@5 86.719 (84.208)
Epoch: [6][3000/5005]	Time 0.702 (0.708)	Data 0.000 (0.002)	Loss 1.5007 (1.5502)	Acc@1 65.625 (63.204)	Acc@5 84.375 (84.185)
Epoch: [6][3500/5005]	Time 0.708 (0.708)	Data 0.000 (0.002)	Loss 1.4880 (1.5492)	Acc@1 62.891 (63.228)	Acc@5 83.594 (84.206)
Epoch: [6][4000/5005]	Time 0.694 (0.708)	Data 0.000 (0.002)	Loss 1.5695 (1.5504)	Acc@1 64.453 (63.203)	Acc@5 84.375 (84.200)
Epoch: [6][4500/5005]	Time 0.705 (0.708)	Data 0.000 (0.002)	Loss 1.4743 (1.5507)	Acc@1 61.719 (63.207)	Acc@5 84.375 (84.187)
Epoch: [6][5000/5005]	Time 0.697 (0.708)	Data 0.000 (0.002)	Loss 1.5182 (1.5506)	Acc@1 64.453 (63.208)	Acc@5 84.766 (84.182)
Test: [0/196]	Time 2.983 (2.983)	Loss 0.6313 (0.6313)	Acc@1 85.156 (85.156)	Acc@5 96.484 (96.484)
 * Acc@1 70.136 Acc@5 89.738
weight information for regulizer based pretrain
[tensor(0.0010, device='cuda:0'), tensor(0.0020, device='cuda:0'), tensor(0.0147, device='cuda:0')] [tensor(1.0040e-05, device='cuda:0'), tensor(4.0698e-05, device='cuda:0'), tensor(0.0001, device='cuda:0')]
Epoch: [7][0/5005]	Time 2.427 (2.427)	Data 2.149 (2.149)	Loss 1.6399 (1.6399)	Acc@1 63.281 (63.281)	Acc@5 83.594 (83.594)
Epoch: [7][500/5005]	Time 0.690 (0.709)	Data 0.000 (0.005)	Loss 1.6990 (1.5561)	Acc@1 58.984 (63.049)	Acc@5 81.250 (84.072)
Epoch: [7][1000/5005]	Time 0.707 (0.709)	Data 0.000 (0.003)	Loss 1.6381 (1.5535)	Acc@1 59.375 (63.119)	Acc@5 82.812 (84.121)
Epoch: [7][1500/5005]	Time 0.714 (0.709)	Data 0.000 (0.003)	Loss 1.3892 (1.5559)	Acc@1 67.578 (63.097)	Acc@5 89.062 (84.096)
Epoch: [7][2000/5005]	Time 0.720 (0.709)	Data 0.000 (0.002)	Loss 1.6907 (1.5563)	Acc@1 59.766 (63.098)	Acc@5 81.250 (84.092)
Epoch: [7][2500/5005]	Time 0.711 (0.708)	Data 0.000 (0.002)	Loss 1.5841 (1.5535)	Acc@1 60.938 (63.184)	Acc@5 85.938 (84.134)
Epoch: [7][3000/5005]	Time 0.713 (0.708)	Data 0.000 (0.002)	Loss 1.4488 (1.5550)	Acc@1 65.625 (63.147)	Acc@5 87.109 (84.129)
Epoch: [7][3500/5005]	Time 0.714 (0.708)	Data 0.000 (0.002)	Loss 1.5883 (1.5558)	Acc@1 60.938 (63.144)	Acc@5 83.984 (84.112)
Epoch: [7][4000/5005]	Time 0.692 (0.708)	Data 0.000 (0.002)	Loss 1.5989 (1.5549)	Acc@1 62.891 (63.146)	Acc@5 80.859 (84.119)
Epoch: [7][4500/5005]	Time 0.707 (0.708)	Data 0.000 (0.002)	Loss 1.4173 (1.5548)	Acc@1 66.797 (63.142)	Acc@5 85.938 (84.121)
Epoch: [7][5000/5005]	Time 0.704 (0.708)	Data 0.000 (0.002)	Loss 1.5671 (1.5551)	Acc@1 60.547 (63.152)	Acc@5 82.422 (84.125)
Test: [0/196]	Time 3.085 (3.085)	Loss 0.6304 (0.6304)	Acc@1 85.156 (85.156)	Acc@5 96.484 (96.484)
 * Acc@1 70.124 Acc@5 89.738
weight information for regulizer based pretrain
[tensor(0.0010, device='cuda:0'), tensor(0.0020, device='cuda:0'), tensor(0.0147, device='cuda:0')] [tensor(1.0045e-05, device='cuda:0'), tensor(4.0752e-05, device='cuda:0'), tensor(0.0001, device='cuda:0')]
Epoch: [8][0/5005]	Time 2.535 (2.535)	Data 2.295 (2.295)	Loss 1.3481 (1.3481)	Acc@1 69.922 (69.922)	Acc@5 87.891 (87.891)
Epoch: [8][500/5005]	Time 0.706 (0.710)	Data 0.000 (0.006)	Loss 1.6462 (1.5487)	Acc@1 58.594 (63.126)	Acc@5 84.766 (84.244)
Epoch: [8][1000/5005]	Time 0.667 (0.709)	Data 0.000 (0.003)	Loss 1.4333 (1.5554)	Acc@1 65.234 (63.073)	Acc@5 83.984 (84.145)
Epoch: [8][1500/5005]	Time 0.687 (0.709)	Data 0.000 (0.003)	Loss 1.5250 (1.5557)	Acc@1 61.328 (63.104)	Acc@5 87.500 (84.145)
Epoch: [8][2000/5005]	Time 0.708 (0.708)	Data 0.000 (0.002)	Loss 1.4299 (1.5507)	Acc@1 61.719 (63.221)	Acc@5 85.547 (84.215)
Epoch: [8][2500/5005]	Time 0.692 (0.708)	Data 0.000 (0.002)	Loss 1.4590 (1.5503)	Acc@1 66.016 (63.226)	Acc@5 84.375 (84.236)
Epoch: [8][3000/5005]	Time 0.718 (0.708)	Data 0.000 (0.002)	Loss 1.5181 (1.5498)	Acc@1 64.844 (63.243)	Acc@5 83.594 (84.235)
Epoch: [8][3500/5005]	Time 0.706 (0.708)	Data 0.000 (0.002)	Loss 1.4877 (1.5502)	Acc@1 66.016 (63.238)	Acc@5 83.594 (84.216)
Epoch: [8][4000/5005]	Time 0.693 (0.708)	Data 0.000 (0.002)	Loss 1.5283 (1.5490)	Acc@1 65.234 (63.255)	Acc@5 82.812 (84.234)
Epoch: [8][4500/5005]	Time 0.712 (0.708)	Data 0.000 (0.002)	Loss 1.7059 (1.5485)	Acc@1 62.109 (63.257)	Acc@5 82.422 (84.233)
Epoch: [8][5000/5005]	Time 0.691 (0.708)	Data 0.000 (0.002)	Loss 1.3576 (1.5480)	Acc@1 67.578 (63.265)	Acc@5 83.984 (84.239)
Test: [0/196]	Time 2.953 (2.953)	Loss 0.6304 (0.6304)	Acc@1 85.156 (85.156)	Acc@5 96.484 (96.484)
 * Acc@1 70.126 Acc@5 89.726
weight information for regulizer based pretrain
[tensor(0.0010, device='cuda:0'), tensor(0.0020, device='cuda:0'), tensor(0.0147, device='cuda:0')] [tensor(1.0051e-05, device='cuda:0'), tensor(4.0808e-05, device='cuda:0'), tensor(0.0001, device='cuda:0')]
Epoch: [9][0/5005]	Time 2.458 (2.458)	Data 2.229 (2.229)	Loss 1.5928 (1.5928)	Acc@1 63.281 (63.281)	Acc@5 82.422 (82.422)
Epoch: [9][500/5005]	Time 0.707 (0.710)	Data 0.000 (0.006)	Loss 1.4449 (1.5524)	Acc@1 67.969 (63.023)	Acc@5 83.594 (84.206)
Epoch: [9][1000/5005]	Time 0.748 (0.709)	Data 0.000 (0.003)	Loss 1.6616 (1.5544)	Acc@1 59.766 (63.062)	Acc@5 84.766 (84.099)
Epoch: [9][1500/5005]	Time 0.716 (0.708)	Data 0.000 (0.003)	Loss 1.6589 (1.5533)	Acc@1 66.016 (63.132)	Acc@5 83.203 (84.127)
Epoch: [9][2000/5005]	Time 0.713 (0.708)	Data 0.000 (0.002)	Loss 1.6152 (1.5510)	Acc@1 61.328 (63.184)	Acc@5 83.984 (84.185)
Epoch: [9][2500/5005]	Time 0.716 (0.708)	Data 0.000 (0.002)	Loss 1.4823 (1.5489)	Acc@1 64.062 (63.243)	Acc@5 85.938 (84.195)
Epoch: [9][3000/5005]	Time 0.708 (0.708)	Data 0.000 (0.002)	Loss 1.3979 (1.5474)	Acc@1 66.016 (63.302)	Acc@5 88.281 (84.218)
Epoch: [9][3500/5005]	Time 0.707 (0.708)	Data 0.000 (0.002)	Loss 1.5042 (1.5484)	Acc@1 55.859 (63.296)	Acc@5 85.547 (84.205)
Epoch: [9][4000/5005]	Time 0.720 (0.708)	Data 0.000 (0.002)	Loss 1.4330 (1.5478)	Acc@1 63.281 (63.286)	Acc@5 85.938 (84.215)
Epoch: [9][4500/5005]	Time 0.706 (0.708)	Data 0.000 (0.002)	Loss 1.4460 (1.5481)	Acc@1 66.406 (63.298)	Acc@5 86.719 (84.207)
Epoch: [9][5000/5005]	Time 0.709 (0.708)	Data 0.000 (0.002)	Loss 1.4433 (1.5479)	Acc@1 64.844 (63.299)	Acc@5 85.938 (84.216)
Test: [0/196]	Time 3.001 (3.001)	Loss 0.6290 (0.6290)	Acc@1 85.156 (85.156)	Acc@5 96.484 (96.484)
 * Acc@1 70.138 Acc@5 89.742
weight information for regulizer based pretrain
[tensor(0.0010, device='cuda:0'), tensor(0.0020, device='cuda:0'), tensor(0.0147, device='cuda:0')] [tensor(1.0057e-05, device='cuda:0'), tensor(4.0863e-05, device='cuda:0'), tensor(0.0001, device='cuda:0')]
Epoch: [10][0/5005]	Time 2.368 (2.368)	Data 2.133 (2.133)	Loss 1.6480 (1.6480)	Acc@1 61.328 (61.328)	Acc@5 82.422 (82.422)
Epoch: [10][500/5005]	Time 0.693 (0.708)	Data 0.000 (0.005)	Loss 1.5382 (1.5480)	Acc@1 64.453 (63.371)	Acc@5 81.641 (84.228)
Epoch: [10][1000/5005]	Time 0.703 (0.704)	Data 0.000 (0.003)	Loss 1.4959 (1.5491)	Acc@1 64.453 (63.319)	Acc@5 85.547 (84.178)
Epoch: [10][1500/5005]	Time 0.721 (0.703)	Data 0.000 (0.003)	Loss 1.6274 (1.5497)	Acc@1 64.453 (63.254)	Acc@5 82.422 (84.168)
Epoch: [10][2000/5005]	Time 0.704 (0.703)	Data 0.000 (0.002)	Loss 1.5166 (1.5488)	Acc@1 64.453 (63.284)	Acc@5 86.328 (84.174)
Epoch: [10][2500/5005]	Time 0.696 (0.703)	Data 0.000 (0.002)	Loss 1.7617 (1.5498)	Acc@1 57.422 (63.285)	Acc@5 82.422 (84.169)
Epoch: [10][3000/5005]	Time 0.697 (0.702)	Data 0.000 (0.002)	Loss 1.6091 (1.5487)	Acc@1 64.453 (63.302)	Acc@5 85.547 (84.184)
Epoch: [10][3500/5005]	Time 0.699 (0.702)	Data 0.000 (0.002)	Loss 1.5717 (1.5481)	Acc@1 63.281 (63.333)	Acc@5 83.203 (84.195)
Epoch: [10][4000/5005]	Time 0.708 (0.702)	Data 0.000 (0.002)	Loss 1.7343 (1.5488)	Acc@1 59.375 (63.321)	Acc@5 81.250 (84.187)
Epoch: [10][4500/5005]	Time 0.725 (0.702)	Data 0.000 (0.002)	Loss 1.6249 (1.5492)	Acc@1 58.203 (63.315)	Acc@5 84.766 (84.180)
Epoch: [10][5000/5005]	Time 0.700 (0.702)	Data 0.000 (0.002)	Loss 1.5970 (1.5505)	Acc@1 59.766 (63.297)	Acc@5 83.203 (84.151)
Test: [0/196]	Time 2.941 (2.941)	Loss 0.6281 (0.6281)	Acc@1 85.156 (85.156)	Acc@5 96.484 (96.484)
 * Acc@1 70.148 Acc@5 89.732
weight information for regulizer based pretrain
[tensor(0.0010, device='cuda:0'), tensor(0.0021, device='cuda:0'), tensor(0.0147, device='cuda:0')] [tensor(1.0062e-05, device='cuda:0'), tensor(4.0916e-05, device='cuda:0'), tensor(0.0001, device='cuda:0')]
Epoch: [11][0/5005]	Time 2.385 (2.385)	Data 2.163 (2.163)	Loss 1.5250 (1.5250)	Acc@1 63.672 (63.672)	Acc@5 85.938 (85.938)
Epoch: [11][500/5005]	Time 0.695 (0.704)	Data 0.000 (0.005)	Loss 1.3265 (1.5588)	Acc@1 62.891 (62.973)	Acc@5 87.891 (84.051)
Epoch: [11][1000/5005]	Time 0.699 (0.702)	Data 0.000 (0.003)	Loss 1.6165 (1.5549)	Acc@1 56.641 (63.180)	Acc@5 83.984 (84.074)
Epoch: [11][1500/5005]	Time 0.695 (0.702)	Data 0.000 (0.003)	Loss 1.6822 (1.5499)	Acc@1 64.062 (63.322)	Acc@5 82.422 (84.185)
Epoch: [11][2000/5005]	Time 0.710 (0.701)	Data 0.000 (0.002)	Loss 1.6087 (1.5478)	Acc@1 62.500 (63.369)	Acc@5 81.250 (84.185)
Epoch: [11][2500/5005]	Time 0.701 (0.701)	Data 0.000 (0.002)	Loss 1.4662 (1.5477)	Acc@1 60.156 (63.355)	Acc@5 85.547 (84.196)
Epoch: [11][3000/5005]	Time 0.699 (0.701)	Data 0.000 (0.002)	Loss 1.4138 (1.5464)	Acc@1 64.453 (63.344)	Acc@5 86.328 (84.214)
Epoch: [11][3500/5005]	Time 0.705 (0.701)	Data 0.000 (0.002)	Loss 1.5331 (1.5469)	Acc@1 64.062 (63.330)	Acc@5 85.547 (84.223)
Epoch: [11][4000/5005]	Time 0.696 (0.701)	Data 0.000 (0.002)	Loss 1.5684 (1.5473)	Acc@1 62.891 (63.318)	Acc@5 85.547 (84.214)
Epoch: [11][4500/5005]	Time 0.706 (0.701)	Data 0.000 (0.002)	Loss 1.6460 (1.5474)	Acc@1 61.328 (63.315)	Acc@5 82.812 (84.209)
Epoch: [11][5000/5005]	Time 0.708 (0.701)	Data 0.000 (0.002)	Loss 1.5286 (1.5479)	Acc@1 63.672 (63.312)	Acc@5 85.938 (84.193)
Test: [0/196]	Time 2.854 (2.854)	Loss 0.6285 (0.6285)	Acc@1 85.156 (85.156)	Acc@5 96.484 (96.484)
 * Acc@1 70.158 Acc@5 89.726
weight information for regulizer based pretrain
[tensor(0.0010, device='cuda:0'), tensor(0.0021, device='cuda:0'), tensor(0.0147, device='cuda:0')] [tensor(1.0067e-05, device='cuda:0'), tensor(4.0971e-05, device='cuda:0'), tensor(0.0001, device='cuda:0')]
Epoch: [12][0/5005]	Time 2.192 (2.192)	Data 1.927 (1.927)	Loss 1.5847 (1.5847)	Acc@1 64.062 (64.062)	Acc@5 83.984 (83.984)
Epoch: [12][500/5005]	Time 0.697 (0.703)	Data 0.000 (0.005)	Loss 1.6451 (1.5499)	Acc@1 62.500 (63.356)	Acc@5 83.984 (84.162)
Epoch: [12][1000/5005]	Time 0.697 (0.702)	Data 0.000 (0.003)	Loss 1.5531 (1.5483)	Acc@1 61.328 (63.373)	Acc@5 85.156 (84.167)
Epoch: [12][1500/5005]	Time 0.695 (0.702)	Data 0.000 (0.002)	Loss 1.6908 (1.5469)	Acc@1 60.547 (63.378)	Acc@5 80.469 (84.189)
Epoch: [12][2000/5005]	Time 0.710 (0.702)	Data 0.000 (0.002)	Loss 1.5874 (1.5452)	Acc@1 63.281 (63.359)	Acc@5 87.109 (84.241)
Epoch: [12][2500/5005]	Time 0.698 (0.702)	Data 0.000 (0.002)	Loss 1.4412 (1.5484)	Acc@1 65.234 (63.320)	Acc@5 88.672 (84.203)
Epoch: [12][3000/5005]	Time 0.696 (0.702)	Data 0.000 (0.002)	Loss 1.3968 (1.5459)	Acc@1 65.625 (63.352)	Acc@5 86.328 (84.251)
Epoch: [12][3500/5005]	Time 0.692 (0.702)	Data 0.000 (0.002)	Loss 1.4259 (1.5458)	Acc@1 65.625 (63.355)	Acc@5 88.672 (84.240)
Epoch: [12][4000/5005]	Time 0.687 (0.703)	Data 0.000 (0.002)	Loss 1.5353 (1.5458)	Acc@1 64.453 (63.351)	Acc@5 85.156 (84.241)
Epoch: [12][4500/5005]	Time 0.712 (0.704)	Data 0.000 (0.002)	Loss 1.4213 (1.5475)	Acc@1 69.141 (63.329)	Acc@5 85.938 (84.218)
Epoch: [12][5000/5005]	Time 0.703 (0.704)	Data 0.000 (0.002)	Loss 1.7498 (1.5467)	Acc@1 62.891 (63.345)	Acc@5 83.203 (84.220)
Test: [0/196]	Time 2.947 (2.947)	Loss 0.6287 (0.6287)	Acc@1 85.156 (85.156)	Acc@5 96.484 (96.484)
 * Acc@1 70.154 Acc@5 89.730
weight information for regulizer based pretrain
[tensor(0.0010, device='cuda:0'), tensor(0.0021, device='cuda:0'), tensor(0.0147, device='cuda:0')] [tensor(1.0073e-05, device='cuda:0'), tensor(4.1025e-05, device='cuda:0'), tensor(0.0001, device='cuda:0')]
Epoch: [13][0/5005]	Time 2.363 (2.363)	Data 2.126 (2.126)	Loss 1.8446 (1.8446)	Acc@1 61.328 (61.328)	Acc@5 78.125 (78.125)
Epoch: [13][500/5005]	Time 0.704 (0.711)	Data 0.000 (0.005)	Loss 1.4156 (1.5556)	Acc@1 65.625 (63.252)	Acc@5 86.328 (84.014)
Epoch: [13][1000/5005]	Time 0.711 (0.709)	Data 0.000 (0.003)	Loss 1.4304 (1.5557)	Acc@1 63.672 (63.216)	Acc@5 86.328 (84.041)
Epoch: [13][1500/5005]	Time 0.713 (0.709)	Data 0.000 (0.003)	Loss 1.3746 (1.5542)	Acc@1 69.141 (63.217)	Acc@5 87.109 (84.120)
Epoch: [13][2000/5005]	Time 0.710 (0.708)	Data 0.000 (0.002)	Loss 1.6444 (1.5497)	Acc@1 60.547 (63.296)	Acc@5 83.984 (84.180)
Epoch: [13][2500/5005]	Time 0.694 (0.708)	Data 0.000 (0.002)	Loss 1.6300 (1.5474)	Acc@1 66.406 (63.331)	Acc@5 84.766 (84.231)
Epoch: [13][3000/5005]	Time 0.705 (0.708)	Data 0.000 (0.002)	Loss 1.5743 (1.5494)	Acc@1 62.500 (63.276)	Acc@5 82.812 (84.174)
Epoch: [13][3500/5005]	Time 0.706 (0.708)	Data 0.000 (0.002)	Loss 1.4382 (1.5473)	Acc@1 63.672 (63.317)	Acc@5 84.766 (84.208)
Epoch: [13][4000/5005]	Time 0.691 (0.708)	Data 0.000 (0.002)	Loss 1.4323 (1.5470)	Acc@1 66.406 (63.321)	Acc@5 86.719 (84.210)
Epoch: [13][4500/5005]	Time 0.704 (0.708)	Data 0.000 (0.002)	Loss 1.6805 (1.5465)	Acc@1 56.641 (63.333)	Acc@5 80.469 (84.233)
Epoch: [13][5000/5005]	Time 0.690 (0.708)	Data 0.000 (0.002)	Loss 1.6466 (1.5465)	Acc@1 62.109 (63.340)	Acc@5 81.641 (84.237)
Test: [0/196]	Time 2.950 (2.950)	Loss 0.6292 (0.6292)	Acc@1 85.156 (85.156)	Acc@5 96.484 (96.484)
 * Acc@1 70.154 Acc@5 89.738
weight information for regulizer based pretrain
[tensor(0.0010, device='cuda:0'), tensor(0.0021, device='cuda:0'), tensor(0.0147, device='cuda:0')] [tensor(1.0078e-05, device='cuda:0'), tensor(4.1078e-05, device='cuda:0'), tensor(0.0001, device='cuda:0')]
Epoch: [14][0/5005]	Time 2.681 (2.681)	Data 2.461 (2.461)	Loss 1.6542 (1.6542)	Acc@1 62.500 (62.500)	Acc@5 83.203 (83.203)
Epoch: [14][500/5005]	Time 0.696 (0.713)	Data 0.000 (0.006)	Loss 1.8337 (1.5538)	Acc@1 58.594 (63.274)	Acc@5 80.859 (84.007)
Epoch: [14][1000/5005]	Time 0.692 (0.711)	Data 0.000 (0.004)	Loss 1.5148 (1.5496)	Acc@1 66.406 (63.310)	Acc@5 85.156 (84.153)
Epoch: [14][1500/5005]	Time 0.729 (0.710)	Data 0.000 (0.003)	Loss 1.6619 (1.5490)	Acc@1 60.938 (63.322)	Acc@5 83.984 (84.130)
Epoch: [14][2000/5005]	Time 0.717 (0.709)	Data 0.000 (0.002)	Loss 1.4663 (1.5512)	Acc@1 63.281 (63.314)	Acc@5 87.500 (84.080)
Epoch: [14][2500/5005]	Time 0.678 (0.709)	Data 0.000 (0.002)	Loss 1.7887 (1.5497)	Acc@1 57.422 (63.319)	Acc@5 78.516 (84.124)
Epoch: [14][3000/5005]	Time 0.695 (0.709)	Data 0.000 (0.002)	Loss 1.4900 (1.5487)	Acc@1 64.062 (63.335)	Acc@5 85.938 (84.161)
Epoch: [14][3500/5005]	Time 0.706 (0.709)	Data 0.000 (0.002)	Loss 1.6762 (1.5474)	Acc@1 62.500 (63.353)	Acc@5 84.375 (84.194)
Epoch: [14][4000/5005]	Time 0.709 (0.709)	Data 0.000 (0.002)	Loss 1.4680 (1.5468)	Acc@1 65.625 (63.347)	Acc@5 86.328 (84.198)
Epoch: [14][4500/5005]	Time 0.718 (0.709)	Data 0.000 (0.002)	Loss 1.3514 (1.5465)	Acc@1 67.969 (63.362)	Acc@5 86.328 (84.210)
Epoch: [14][5000/5005]	Time 0.691 (0.708)	Data 0.000 (0.002)	Loss 1.4221 (1.5463)	Acc@1 63.281 (63.349)	Acc@5 84.766 (84.208)
Test: [0/196]	Time 2.995 (2.995)	Loss 0.6298 (0.6298)	Acc@1 85.156 (85.156)	Acc@5 96.484 (96.484)
 * Acc@1 70.156 Acc@5 89.730
weight information for regulizer based pretrain
[tensor(0.0010, device='cuda:0'), tensor(0.0021, device='cuda:0'), tensor(0.0147, device='cuda:0')] [tensor(1.0083e-05, device='cuda:0'), tensor(4.1131e-05, device='cuda:0'), tensor(0.0001, device='cuda:0')]
Epoch: [15][0/5005]	Time 2.261 (2.261)	Data 2.027 (2.027)	Loss 1.5830 (1.5830)	Acc@1 64.062 (64.062)	Acc@5 82.031 (82.031)
Epoch: [15][500/5005]	Time 0.709 (0.711)	Data 0.000 (0.005)	Loss 1.3853 (1.5424)	Acc@1 67.188 (63.352)	Acc@5 85.938 (84.315)
Epoch: [15][1000/5005]	Time 0.737 (0.709)	Data 0.000 (0.003)	Loss 1.7379 (1.5418)	Acc@1 63.281 (63.416)	Acc@5 79.297 (84.307)
Epoch: [15][1500/5005]	Time 0.701 (0.709)	Data 0.000 (0.003)	Loss 1.6358 (1.5436)	Acc@1 65.234 (63.431)	Acc@5 84.766 (84.258)
Epoch: [15][2000/5005]	Time 0.719 (0.709)	Data 0.000 (0.002)	Loss 1.6147 (1.5410)	Acc@1 63.672 (63.528)	Acc@5 82.031 (84.289)
Epoch: [15][2500/5005]	Time 0.715 (0.708)	Data 0.000 (0.002)	Loss 1.6176 (1.5445)	Acc@1 61.719 (63.457)	Acc@5 83.984 (84.228)
Epoch: [15][3000/5005]	Time 0.723 (0.708)	Data 0.000 (0.002)	Loss 1.6265 (1.5457)	Acc@1 65.234 (63.409)	Acc@5 82.422 (84.232)
Epoch: [15][3500/5005]	Time 0.691 (0.708)	Data 0.000 (0.002)	Loss 1.5904 (1.5442)	Acc@1 63.281 (63.450)	Acc@5 85.547 (84.248)
Epoch: [15][4000/5005]	Time 0.705 (0.708)	Data 0.000 (0.002)	Loss 1.4703 (1.5436)	Acc@1 65.625 (63.458)	Acc@5 84.375 (84.260)
Epoch: [15][4500/5005]	Time 0.709 (0.708)	Data 0.000 (0.002)	Loss 1.4777 (1.5438)	Acc@1 63.281 (63.439)	Acc@5 82.812 (84.260)
Epoch: [15][5000/5005]	Time 0.693 (0.708)	Data 0.000 (0.002)	Loss 1.5419 (1.5436)	Acc@1 64.062 (63.433)	Acc@5 83.203 (84.270)
Test: [0/196]	Time 2.998 (2.998)	Loss 0.6300 (0.6300)	Acc@1 85.156 (85.156)	Acc@5 96.484 (96.484)
 * Acc@1 70.168 Acc@5 89.716
weight information for regulizer based pretrain
[tensor(0.0010, device='cuda:0'), tensor(0.0021, device='cuda:0'), tensor(0.0147, device='cuda:0')] [tensor(1.0089e-05, device='cuda:0'), tensor(4.1185e-05, device='cuda:0'), tensor(0.0001, device='cuda:0')]
Epoch: [16][0/5005]	Time 2.462 (2.462)	Data 2.230 (2.230)	Loss 1.4739 (1.4739)	Acc@1 67.578 (67.578)	Acc@5 85.547 (85.547)
Epoch: [16][500/5005]	Time 0.693 (0.713)	Data 0.000 (0.006)	Loss 1.5466 (1.5468)	Acc@1 65.625 (63.369)	Acc@5 82.422 (84.171)
Epoch: [16][1000/5005]	Time 0.707 (0.712)	Data 0.000 (0.003)	Loss 1.7233 (1.5452)	Acc@1 58.984 (63.332)	Acc@5 83.984 (84.241)
Epoch: [16][1500/5005]	Time 0.695 (0.711)	Data 0.000 (0.003)	Loss 1.3443 (1.5459)	Acc@1 67.188 (63.264)	Acc@5 85.547 (84.242)
Epoch: [16][2000/5005]	Time 0.710 (0.710)	Data 0.000 (0.002)	Loss 1.5814 (1.5442)	Acc@1 58.203 (63.313)	Acc@5 85.547 (84.258)
Epoch: [16][2500/5005]	Time 0.714 (0.710)	Data 0.000 (0.002)	Loss 1.6179 (1.5458)	Acc@1 62.500 (63.313)	Acc@5 83.203 (84.236)
Epoch: [16][3000/5005]	Time 0.710 (0.709)	Data 0.000 (0.002)	Loss 1.5009 (1.5452)	Acc@1 64.453 (63.338)	Acc@5 83.984 (84.245)
Epoch: [16][3500/5005]	Time 0.720 (0.709)	Data 0.000 (0.002)	Loss 1.6237 (1.5449)	Acc@1 58.984 (63.346)	Acc@5 84.375 (84.241)
Epoch: [16][4000/5005]	Time 0.726 (0.709)	Data 0.000 (0.002)	Loss 1.4900 (1.5443)	Acc@1 64.453 (63.348)	Acc@5 84.375 (84.256)
Epoch: [16][4500/5005]	Time 0.701 (0.709)	Data 0.000 (0.002)	Loss 1.6419 (1.5436)	Acc@1 60.938 (63.361)	Acc@5 84.375 (84.274)
Epoch: [16][5000/5005]	Time 0.705 (0.709)	Data 0.000 (0.002)	Loss 1.7478 (1.5436)	Acc@1 59.375 (63.362)	Acc@5 82.031 (84.272)
Test: [0/196]	Time 2.988 (2.988)	Loss 0.6296 (0.6296)	Acc@1 85.156 (85.156)	Acc@5 96.484 (96.484)
 * Acc@1 70.162 Acc@5 89.718
weight information for regulizer based pretrain
[tensor(0.0010, device='cuda:0'), tensor(0.0021, device='cuda:0'), tensor(0.0147, device='cuda:0')] [tensor(1.0094e-05, device='cuda:0'), tensor(4.1237e-05, device='cuda:0'), tensor(0.0001, device='cuda:0')]
Epoch: [17][0/5005]	Time 2.345 (2.345)	Data 2.113 (2.113)	Loss 1.5948 (1.5948)	Acc@1 62.109 (62.109)	Acc@5 83.594 (83.594)
Epoch: [17][500/5005]	Time 0.719 (0.712)	Data 0.000 (0.005)	Loss 1.3443 (1.5363)	Acc@1 66.406 (63.507)	Acc@5 87.109 (84.384)
Epoch: [17][1000/5005]	Time 0.690 (0.709)	Data 0.000 (0.003)	Loss 1.5545 (1.5450)	Acc@1 61.719 (63.319)	Acc@5 84.375 (84.208)
Epoch: [17][1500/5005]	Time 0.713 (0.709)	Data 0.000 (0.003)	Loss 1.5695 (1.5437)	Acc@1 64.062 (63.369)	Acc@5 83.203 (84.270)
Epoch: [17][2000/5005]	Time 0.688 (0.708)	Data 0.000 (0.002)	Loss 1.5726 (1.5455)	Acc@1 62.500 (63.339)	Acc@5 85.156 (84.247)
Epoch: [17][2500/5005]	Time 0.714 (0.708)	Data 0.000 (0.002)	Loss 1.6192 (1.5456)	Acc@1 62.891 (63.313)	Acc@5 82.031 (84.229)
Epoch: [17][3000/5005]	Time 0.703 (0.708)	Data 0.000 (0.002)	Loss 1.4828 (1.5448)	Acc@1 66.406 (63.331)	Acc@5 84.375 (84.246)
Epoch: [17][3500/5005]	Time 0.741 (0.708)	Data 0.000 (0.002)	Loss 1.8602 (1.5456)	Acc@1 59.766 (63.329)	Acc@5 78.906 (84.225)
Epoch: [17][4000/5005]	Time 0.714 (0.708)	Data 0.000 (0.002)	Loss 1.4174 (1.5452)	Acc@1 69.531 (63.328)	Acc@5 85.938 (84.232)
Epoch: [17][4500/5005]	Time 0.689 (0.708)	Data 0.000 (0.002)	Loss 1.4056 (1.5446)	Acc@1 64.844 (63.356)	Acc@5 88.281 (84.223)
Epoch: [17][5000/5005]	Time 0.703 (0.708)	Data 0.000 (0.002)	Loss 1.5361 (1.5444)	Acc@1 62.500 (63.366)	Acc@5 85.938 (84.224)
Test: [0/196]	Time 3.005 (3.005)	Loss 0.6307 (0.6307)	Acc@1 85.156 (85.156)	Acc@5 96.484 (96.484)
 * Acc@1 70.180 Acc@5 89.726
weight information for regulizer based pretrain
[tensor(0.0010, device='cuda:0'), tensor(0.0021, device='cuda:0'), tensor(0.0147, device='cuda:0')] [tensor(1.0099e-05, device='cuda:0'), tensor(4.1290e-05, device='cuda:0'), tensor(0.0001, device='cuda:0')]
Epoch: [18][0/5005]	Time 2.196 (2.196)	Data 1.965 (1.965)	Loss 1.7255 (1.7255)	Acc@1 57.422 (57.422)	Acc@5 78.906 (78.906)
Epoch: [18][500/5005]	Time 0.704 (0.711)	Data 0.000 (0.005)	Loss 1.4856 (1.5437)	Acc@1 67.578 (63.270)	Acc@5 85.547 (84.264)
Epoch: [18][1000/5005]	Time 0.674 (0.710)	Data 0.000 (0.003)	Loss 1.5563 (1.5456)	Acc@1 59.766 (63.245)	Acc@5 83.594 (84.235)
Epoch: [18][1500/5005]	Time 0.742 (0.710)	Data 0.000 (0.003)	Loss 1.5621 (1.5429)	Acc@1 62.500 (63.346)	Acc@5 84.766 (84.256)
Epoch: [18][2000/5005]	Time 0.729 (0.709)	Data 0.000 (0.002)	Loss 1.5897 (1.5424)	Acc@1 63.281 (63.374)	Acc@5 87.109 (84.273)
Epoch: [18][2500/5005]	Time 0.715 (0.709)	Data 0.000 (0.002)	Loss 1.3900 (1.5403)	Acc@1 67.188 (63.403)	Acc@5 88.281 (84.321)
Epoch: [18][3000/5005]	Time 0.738 (0.709)	Data 0.000 (0.002)	Loss 1.5410 (1.5409)	Acc@1 64.453 (63.390)	Acc@5 83.203 (84.312)
Epoch: [18][3500/5005]	Time 0.695 (0.709)	Data 0.000 (0.002)	Loss 1.6326 (1.5398)	Acc@1 57.812 (63.397)	Acc@5 83.594 (84.326)
Epoch: [18][4000/5005]	Time 0.693 (0.708)	Data 0.000 (0.002)	Loss 1.5374 (1.5421)	Acc@1 61.719 (63.350)	Acc@5 85.156 (84.285)
Epoch: [18][4500/5005]	Time 0.718 (0.708)	Data 0.000 (0.002)	Loss 1.4809 (1.5426)	Acc@1 67.578 (63.368)	Acc@5 87.891 (84.275)
Epoch: [18][5000/5005]	Time 0.706 (0.708)	Data 0.000 (0.002)	Loss 1.6060 (1.5429)	Acc@1 62.109 (63.373)	Acc@5 84.766 (84.265)
Test: [0/196]	Time 2.948 (2.948)	Loss 0.6298 (0.6298)	Acc@1 85.156 (85.156)	Acc@5 96.484 (96.484)
 * Acc@1 70.164 Acc@5 89.720
weight information for regulizer based pretrain
[tensor(0.0010, device='cuda:0'), tensor(0.0021, device='cuda:0'), tensor(0.0147, device='cuda:0')] [tensor(1.0104e-05, device='cuda:0'), tensor(4.1342e-05, device='cuda:0'), tensor(0.0001, device='cuda:0')]
Epoch: [19][0/5005]	Time 2.249 (2.249)	Data 2.019 (2.019)	Loss 1.4937 (1.4937)	Acc@1 65.234 (65.234)	Acc@5 84.375 (84.375)
Epoch: [19][500/5005]	Time 0.712 (0.711)	Data 0.000 (0.005)	Loss 1.5613 (1.5403)	Acc@1 65.234 (63.609)	Acc@5 83.594 (84.278)
Epoch: [19][1000/5005]	Time 0.703 (0.710)	Data 0.000 (0.003)	Loss 1.6192 (1.5383)	Acc@1 59.375 (63.631)	Acc@5 83.984 (84.355)
Epoch: [19][1500/5005]	Time 0.692 (0.709)	Data 0.000 (0.003)	Loss 1.3729 (1.5434)	Acc@1 64.844 (63.530)	Acc@5 86.719 (84.248)
Epoch: [19][2000/5005]	Time 0.706 (0.709)	Data 0.000 (0.002)	Loss 1.5661 (1.5429)	Acc@1 63.281 (63.508)	Acc@5 82.422 (84.254)
Epoch: [19][2500/5005]	Time 0.710 (0.709)	Data 0.000 (0.002)	Loss 1.6948 (1.5425)	Acc@1 57.031 (63.472)	Acc@5 78.906 (84.266)
Epoch: [19][3000/5005]	Time 0.722 (0.708)	Data 0.000 (0.002)	Loss 1.7332 (1.5430)	Acc@1 61.719 (63.452)	Acc@5 80.859 (84.273)
Epoch: [19][3500/5005]	Time 0.697 (0.709)	Data 0.000 (0.002)	Loss 1.5389 (1.5427)	Acc@1 64.844 (63.442)	Acc@5 85.547 (84.282)
Epoch: [19][4000/5005]	Time 0.708 (0.708)	Data 0.000 (0.002)	Loss 1.7248 (1.5426)	Acc@1 59.766 (63.438)	Acc@5 76.953 (84.288)
Epoch: [19][4500/5005]	Time 0.703 (0.708)	Data 0.000 (0.002)	Loss 1.5222 (1.5426)	Acc@1 60.547 (63.446)	Acc@5 86.328 (84.278)
Epoch: [19][5000/5005]	Time 0.706 (0.708)	Data 0.000 (0.002)	Loss 1.5783 (1.5429)	Acc@1 62.109 (63.425)	Acc@5 85.156 (84.279)
Test: [0/196]	Time 2.976 (2.976)	Loss 0.6286 (0.6286)	Acc@1 85.156 (85.156)	Acc@5 96.484 (96.484)
 * Acc@1 70.164 Acc@5 89.728
weight information for regulizer based pretrain
[tensor(0.0010, device='cuda:0'), tensor(0.0021, device='cuda:0'), tensor(0.0147, device='cuda:0')] [tensor(1.0109e-05, device='cuda:0'), tensor(4.1393e-05, device='cuda:0'), tensor(0.0001, device='cuda:0')]
Epoch: [20][0/5005]	Time 2.262 (2.262)	Data 2.024 (2.024)	Loss 1.2537 (1.2537)	Acc@1 68.750 (68.750)	Acc@5 90.625 (90.625)
Epoch: [20][500/5005]	Time 0.707 (0.712)	Data 0.000 (0.005)	Loss 1.5104 (1.5405)	Acc@1 63.672 (63.544)	Acc@5 82.812 (84.303)
Epoch: [20][1000/5005]	Time 0.717 (0.710)	Data 0.000 (0.003)	Loss 1.4035 (1.5451)	Acc@1 64.844 (63.515)	Acc@5 84.375 (84.253)
Epoch: [20][1500/5005]	Time 0.689 (0.710)	Data 0.000 (0.003)	Loss 1.7132 (1.5453)	Acc@1 59.766 (63.456)	Acc@5 82.031 (84.237)
Epoch: [20][2000/5005]	Time 0.658 (0.709)	Data 0.000 (0.002)	Loss 1.6248 (1.5442)	Acc@1 62.500 (63.422)	Acc@5 83.594 (84.246)
Epoch: [20][2500/5005]	Time 0.713 (0.709)	Data 0.000 (0.002)	Loss 1.5266 (1.5414)	Acc@1 60.156 (63.451)	Acc@5 84.766 (84.298)
Epoch: [20][3000/5005]	Time 0.718 (0.709)	Data 0.000 (0.002)	Loss 1.5505 (1.5418)	Acc@1 63.281 (63.462)	Acc@5 83.203 (84.266)
Epoch: [20][3500/5005]	Time 0.695 (0.709)	Data 0.000 (0.002)	Loss 1.7380 (1.5415)	Acc@1 61.328 (63.481)	Acc@5 80.859 (84.283)
Epoch: [20][4000/5005]	Time 0.694 (0.709)	Data 0.000 (0.002)	Loss 1.6285 (1.5422)	Acc@1 62.500 (63.458)	Acc@5 81.250 (84.270)
Epoch: [20][4500/5005]	Time 0.721 (0.708)	Data 0.000 (0.002)	Loss 1.5730 (1.5423)	Acc@1 64.453 (63.457)	Acc@5 82.812 (84.268)
Epoch: [20][5000/5005]	Time 0.710 (0.708)	Data 0.000 (0.002)	Loss 1.5782 (1.5422)	Acc@1 62.500 (63.452)	Acc@5 82.422 (84.265)
Test: [0/196]	Time 3.028 (3.028)	Loss 0.6287 (0.6287)	Acc@1 85.156 (85.156)	Acc@5 96.484 (96.484)
 * Acc@1 70.156 Acc@5 89.720
weight information for regulizer based pretrain
[tensor(0.0010, device='cuda:0'), tensor(0.0021, device='cuda:0'), tensor(0.0147, device='cuda:0')] [tensor(1.0114e-05, device='cuda:0'), tensor(4.1444e-05, device='cuda:0'), tensor(0.0001, device='cuda:0')]
Epoch: [21][0/5005]	Time 2.217 (2.217)	Data 1.959 (1.959)	Loss 1.4171 (1.4171)	Acc@1 65.234 (65.234)	Acc@5 84.766 (84.766)
Epoch: [21][500/5005]	Time 0.692 (0.711)	Data 0.000 (0.005)	Loss 1.6919 (1.5417)	Acc@1 62.500 (63.399)	Acc@5 83.203 (84.351)
Epoch: [21][1000/5005]	Time 0.690 (0.710)	Data 0.000 (0.003)	Loss 1.5152 (1.5409)	Acc@1 61.719 (63.469)	Acc@5 87.500 (84.363)
Epoch: [21][1500/5005]	Time 0.706 (0.709)	Data 0.000 (0.002)	Loss 1.7783 (1.5392)	Acc@1 62.891 (63.481)	Acc@5 81.641 (84.393)
Epoch: [21][2000/5005]	Time 0.715 (0.709)	Data 0.000 (0.002)	Loss 1.5574 (1.5410)	Acc@1 64.844 (63.424)	Acc@5 83.594 (84.341)
Epoch: [21][2500/5005]	Time 0.708 (0.709)	Data 0.000 (0.002)	Loss 1.7461 (1.5422)	Acc@1 57.422 (63.417)	Acc@5 84.766 (84.302)
Epoch: [21][3000/5005]	Time 0.746 (0.709)	Data 0.000 (0.002)	Loss 1.6311 (1.5427)	Acc@1 61.719 (63.431)	Acc@5 83.594 (84.292)
Epoch: [21][3500/5005]	Time 0.736 (0.709)	Data 0.000 (0.002)	Loss 1.5038 (1.5411)	Acc@1 62.500 (63.442)	Acc@5 84.766 (84.315)
Epoch: [21][4000/5005]	Time 0.701 (0.708)	Data 0.000 (0.002)	Loss 1.4944 (1.5400)	Acc@1 59.766 (63.462)	Acc@5 86.328 (84.320)
Epoch: [21][4500/5005]	Time 0.692 (0.708)	Data 0.000 (0.002)	Loss 1.5108 (1.5397)	Acc@1 61.328 (63.458)	Acc@5 88.281 (84.317)
Epoch: [21][5000/5005]	Time 0.716 (0.708)	Data 0.000 (0.002)	Loss 1.5980 (1.5397)	Acc@1 64.844 (63.470)	Acc@5 83.984 (84.313)
Test: [0/196]	Time 2.981 (2.981)	Loss 0.6289 (0.6289)	Acc@1 85.156 (85.156)	Acc@5 96.484 (96.484)
 * Acc@1 70.164 Acc@5 89.732
weight information for regulizer based pretrain
[tensor(0.0010, device='cuda:0'), tensor(0.0021, device='cuda:0'), tensor(0.0147, device='cuda:0')] [tensor(1.0119e-05, device='cuda:0'), tensor(4.1496e-05, device='cuda:0'), tensor(0.0001, device='cuda:0')]
Epoch: [22][0/5005]	Time 2.465 (2.465)	Data 2.230 (2.230)	Loss 1.5367 (1.5367)	Acc@1 64.062 (64.062)	Acc@5 86.328 (86.328)
Epoch: [22][500/5005]	Time 0.687 (0.710)	Data 0.000 (0.006)	Loss 1.7266 (1.5337)	Acc@1 62.500 (63.560)	Acc@5 80.859 (84.313)
Epoch: [22][1000/5005]	Time 0.721 (0.709)	Data 0.000 (0.003)	Loss 1.3458 (1.5384)	Acc@1 64.844 (63.526)	Acc@5 87.891 (84.277)
Epoch: [22][1500/5005]	Time 0.710 (0.709)	Data 0.000 (0.003)	Loss 1.4397 (1.5389)	Acc@1 67.188 (63.474)	Acc@5 87.109 (84.298)
Epoch: [22][2000/5005]	Time 0.688 (0.708)	Data 0.000 (0.002)	Loss 1.6202 (1.5402)	Acc@1 59.375 (63.433)	Acc@5 83.984 (84.288)
Epoch: [22][2500/5005]	Time 0.715 (0.708)	Data 0.000 (0.002)	Loss 1.7227 (1.5422)	Acc@1 62.109 (63.412)	Acc@5 82.812 (84.267)
Epoch: [22][3000/5005]	Time 0.707 (0.708)	Data 0.000 (0.002)	Loss 1.6927 (1.5418)	Acc@1 52.734 (63.416)	Acc@5 82.812 (84.278)
Epoch: [22][3500/5005]	Time 0.704 (0.708)	Data 0.000 (0.002)	Loss 1.6673 (1.5417)	Acc@1 60.156 (63.419)	Acc@5 80.469 (84.287)
Epoch: [22][4000/5005]	Time 0.717 (0.708)	Data 0.000 (0.002)	Loss 1.6879 (1.5414)	Acc@1 61.719 (63.437)	Acc@5 80.859 (84.277)
Epoch: [22][4500/5005]	Time 0.704 (0.708)	Data 0.000 (0.002)	Loss 1.7474 (1.5431)	Acc@1 61.328 (63.408)	Acc@5 81.641 (84.251)
Epoch: [22][5000/5005]	Time 0.705 (0.708)	Data 0.000 (0.002)	Loss 1.2735 (1.5426)	Acc@1 70.703 (63.425)	Acc@5 91.016 (84.256)
Test: [0/196]	Time 3.038 (3.038)	Loss 0.6292 (0.6292)	Acc@1 85.156 (85.156)	Acc@5 96.484 (96.484)
 * Acc@1 70.162 Acc@5 89.730
weight information for regulizer based pretrain
[tensor(0.0010, device='cuda:0'), tensor(0.0021, device='cuda:0'), tensor(0.0147, device='cuda:0')] [tensor(1.0124e-05, device='cuda:0'), tensor(4.1546e-05, device='cuda:0'), tensor(0.0001, device='cuda:0')]
Epoch: [23][0/5005]	Time 2.513 (2.513)	Data 2.248 (2.248)	Loss 1.6455 (1.6455)	Acc@1 64.062 (64.062)	Acc@5 81.250 (81.250)
Epoch: [23][500/5005]	Time 0.690 (0.712)	Data 0.000 (0.006)	Loss 1.5016 (1.5377)	Acc@1 59.766 (63.584)	Acc@5 84.766 (84.353)
Epoch: [23][1000/5005]	Time 0.691 (0.710)	Data 0.000 (0.003)	Loss 1.5746 (1.5407)	Acc@1 61.719 (63.520)	Acc@5 87.109 (84.263)
Epoch: [23][1500/5005]	Time 0.716 (0.709)	Data 0.000 (0.003)	Loss 1.4050 (1.5412)	Acc@1 65.625 (63.441)	Acc@5 85.547 (84.260)
Epoch: [23][2000/5005]	Time 0.714 (0.709)	Data 0.000 (0.002)	Loss 1.5084 (1.5404)	Acc@1 66.406 (63.454)	Acc@5 83.203 (84.280)
Epoch: [23][2500/5005]	Time 0.709 (0.709)	Data 0.000 (0.002)	Loss 1.6579 (1.5398)	Acc@1 61.719 (63.461)	Acc@5 82.031 (84.314)
Epoch: [23][3000/5005]	Time 0.706 (0.708)	Data 0.000 (0.002)	Loss 1.4515 (1.5413)	Acc@1 67.969 (63.437)	Acc@5 85.156 (84.282)
Epoch: [23][3500/5005]	Time 0.712 (0.708)	Data 0.000 (0.002)	Loss 1.6183 (1.5408)	Acc@1 63.281 (63.441)	Acc@5 82.031 (84.296)
Epoch: [23][4000/5005]	Time 0.715 (0.708)	Data 0.000 (0.002)	Loss 1.7271 (1.5408)	Acc@1 61.719 (63.446)	Acc@5 79.297 (84.304)
Epoch: [23][4500/5005]	Time 0.696 (0.708)	Data 0.000 (0.002)	Loss 1.3557 (1.5402)	Acc@1 67.188 (63.445)	Acc@5 89.453 (84.320)
Epoch: [23][5000/5005]	Time 0.708 (0.708)	Data 0.000 (0.002)	Loss 1.5368 (1.5411)	Acc@1 65.625 (63.427)	Acc@5 83.594 (84.307)
Test: [0/196]	Time 3.058 (3.058)	Loss 0.6290 (0.6290)	Acc@1 85.156 (85.156)	Acc@5 96.484 (96.484)
 * Acc@1 70.164 Acc@5 89.738
weight information for regulizer based pretrain
[tensor(0.0010, device='cuda:0'), tensor(0.0021, device='cuda:0'), tensor(0.0147, device='cuda:0')] [tensor(1.0129e-05, device='cuda:0'), tensor(4.1595e-05, device='cuda:0'), tensor(0.0001, device='cuda:0')]
Epoch: [24][0/5005]	Time 2.298 (2.298)	Data 2.021 (2.021)	Loss 1.4973 (1.4973)	Acc@1 64.453 (64.453)	Acc@5 84.375 (84.375)
Epoch: [24][500/5005]	Time 0.703 (0.712)	Data 0.000 (0.005)	Loss 1.1835 (1.5503)	Acc@1 71.484 (63.146)	Acc@5 87.891 (84.169)
Epoch: [24][1000/5005]	Time 0.688 (0.709)	Data 0.000 (0.003)	Loss 1.4279 (1.5427)	Acc@1 66.016 (63.383)	Acc@5 87.109 (84.323)
Epoch: [24][1500/5005]	Time 0.719 (0.709)	Data 0.000 (0.003)	Loss 1.3448 (1.5425)	Acc@1 69.922 (63.391)	Acc@5 87.109 (84.278)
Epoch: [24][2000/5005]	Time 0.742 (0.709)	Data 0.000 (0.002)	Loss 1.5318 (1.5427)	Acc@1 63.281 (63.409)	Acc@5 84.766 (84.256)
Epoch: [24][2500/5005]	Time 0.709 (0.708)	Data 0.000 (0.002)	Loss 1.6748 (1.5423)	Acc@1 59.766 (63.417)	Acc@5 82.812 (84.264)
Epoch: [24][3000/5005]	Time 0.710 (0.708)	Data 0.000 (0.002)	Loss 1.6514 (1.5425)	Acc@1 60.547 (63.414)	Acc@5 83.203 (84.256)
Epoch: [24][3500/5005]	Time 0.706 (0.708)	Data 0.000 (0.002)	Loss 1.7092 (1.5424)	Acc@1 62.109 (63.420)	Acc@5 80.078 (84.260)
Epoch: [24][4000/5005]	Time 0.697 (0.708)	Data 0.000 (0.002)	Loss 1.4045 (1.5420)	Acc@1 62.891 (63.413)	Acc@5 87.891 (84.267)
Epoch: [24][4500/5005]	Time 0.709 (0.708)	Data 0.000 (0.002)	Loss 1.5399 (1.5419)	Acc@1 61.328 (63.419)	Acc@5 82.031 (84.273)
Epoch: [24][5000/5005]	Time 0.693 (0.708)	Data 0.000 (0.002)	Loss 1.4766 (1.5417)	Acc@1 65.625 (63.418)	Acc@5 85.938 (84.285)
Test: [0/196]	Time 3.172 (3.172)	Loss 0.6281 (0.6281)	Acc@1 85.156 (85.156)	Acc@5 96.484 (96.484)
 * Acc@1 70.162 Acc@5 89.744
weight information for regulizer based pretrain
[tensor(0.0010, device='cuda:0'), tensor(0.0021, device='cuda:0'), tensor(0.0147, device='cuda:0')] [tensor(1.0134e-05, device='cuda:0'), tensor(4.1646e-05, device='cuda:0'), tensor(0.0001, device='cuda:0')]
Epoch: [25][0/5005]	Time 2.504 (2.504)	Data 2.270 (2.270)	Loss 1.5176 (1.5176)	Acc@1 64.062 (64.062)	Acc@5 83.984 (83.984)
Epoch: [25][500/5005]	Time 0.692 (0.712)	Data 0.000 (0.006)	Loss 1.6399 (1.5418)	Acc@1 60.547 (63.549)	Acc@5 83.984 (84.230)
Epoch: [25][1000/5005]	Time 0.717 (0.711)	Data 0.000 (0.003)	Loss 1.4452 (1.5409)	Acc@1 69.922 (63.412)	Acc@5 85.547 (84.262)
Epoch: [25][1500/5005]	Time 0.709 (0.710)	Data 0.000 (0.003)	Loss 1.5872 (1.5423)	Acc@1 62.891 (63.400)	Acc@5 86.719 (84.236)
Epoch: [25][2000/5005]	Time 0.692 (0.709)	Data 0.000 (0.002)	Loss 1.7774 (1.5427)	Acc@1 57.812 (63.380)	Acc@5 80.469 (84.227)
Epoch: [25][2500/5005]	Time 0.691 (0.709)	Data 0.000 (0.002)	Loss 1.5363 (1.5428)	Acc@1 63.281 (63.340)	Acc@5 82.812 (84.228)
Epoch: [25][3000/5005]	Time 0.691 (0.709)	Data 0.000 (0.002)	Loss 1.3844 (1.5417)	Acc@1 67.969 (63.348)	Acc@5 87.109 (84.263)
Epoch: [25][3500/5005]	Time 0.715 (0.709)	Data 0.000 (0.002)	Loss 1.6372 (1.5408)	Acc@1 60.938 (63.378)	Acc@5 83.594 (84.274)
Epoch: [25][4000/5005]	Time 0.701 (0.708)	Data 0.000 (0.002)	Loss 1.5873 (1.5404)	Acc@1 62.109 (63.383)	Acc@5 85.156 (84.271)
Epoch: [25][4500/5005]	Time 0.712 (0.708)	Data 0.000 (0.002)	Loss 1.6144 (1.5410)	Acc@1 62.500 (63.364)	Acc@5 84.375 (84.254)
Epoch: [25][5000/5005]	Time 0.692 (0.708)	Data 0.000 (0.002)	Loss 1.4778 (1.5405)	Acc@1 66.016 (63.373)	Acc@5 85.938 (84.273)
Test: [0/196]	Time 3.334 (3.334)	Loss 0.6275 (0.6275)	Acc@1 85.156 (85.156)	Acc@5 96.484 (96.484)
 * Acc@1 70.164 Acc@5 89.750
weight information for regulizer based pretrain
[tensor(0.0010, device='cuda:0'), tensor(0.0021, device='cuda:0'), tensor(0.0147, device='cuda:0')] [tensor(1.0138e-05, device='cuda:0'), tensor(4.1696e-05, device='cuda:0'), tensor(0.0001, device='cuda:0')]
Epoch: [26][0/5005]	Time 2.769 (2.769)	Data 2.536 (2.536)	Loss 1.3599 (1.3599)	Acc@1 70.312 (70.312)	Acc@5 86.719 (86.719)
Epoch: [26][500/5005]	Time 0.694 (0.711)	Data 0.000 (0.006)	Loss 1.4425 (1.5439)	Acc@1 67.969 (63.475)	Acc@5 86.719 (84.200)
Epoch: [26][1000/5005]	Time 0.713 (0.710)	Data 0.000 (0.004)	Loss 1.5012 (1.5362)	Acc@1 62.500 (63.541)	Acc@5 82.812 (84.298)
Epoch: [26][1500/5005]	Time 0.690 (0.710)	Data 0.000 (0.003)	Loss 1.4094 (1.5425)	Acc@1 66.797 (63.387)	Acc@5 87.109 (84.231)
Epoch: [26][2000/5005]	Time 0.708 (0.710)	Data 0.000 (0.002)	Loss 1.5806 (1.5407)	Acc@1 63.281 (63.485)	Acc@5 84.766 (84.248)
Epoch: [26][2500/5005]	Time 0.713 (0.709)	Data 0.000 (0.002)	Loss 1.6053 (1.5409)	Acc@1 60.938 (63.436)	Acc@5 82.812 (84.262)
Epoch: [26][3000/5005]	Time 0.710 (0.709)	Data 0.000 (0.002)	Loss 1.5864 (1.5396)	Acc@1 65.625 (63.453)	Acc@5 84.375 (84.292)
Epoch: [26][3500/5005]	Time 0.719 (0.709)	Data 0.000 (0.002)	Loss 1.6031 (1.5383)	Acc@1 59.375 (63.480)	Acc@5 83.984 (84.314)
Epoch: [26][4000/5005]	Time 0.702 (0.709)	Data 0.000 (0.002)	Loss 1.4702 (1.5396)	Acc@1 64.062 (63.465)	Acc@5 84.766 (84.292)
Epoch: [26][4500/5005]	Time 0.741 (0.709)	Data 0.000 (0.002)	Loss 1.3353 (1.5398)	Acc@1 66.406 (63.460)	Acc@5 87.500 (84.298)
Epoch: [26][5000/5005]	Time 0.717 (0.708)	Data 0.000 (0.002)	Loss 1.3960 (1.5394)	Acc@1 64.453 (63.474)	Acc@5 88.281 (84.304)
Test: [0/196]	Time 3.124 (3.124)	Loss 0.6266 (0.6266)	Acc@1 85.156 (85.156)	Acc@5 96.484 (96.484)
 * Acc@1 70.172 Acc@5 89.762
weight information for regulizer based pretrain
[tensor(0.0010, device='cuda:0'), tensor(0.0021, device='cuda:0'), tensor(0.0147, device='cuda:0')] [tensor(1.0143e-05, device='cuda:0'), tensor(4.1745e-05, device='cuda:0'), tensor(0.0001, device='cuda:0')]
Epoch: [27][0/5005]	Time 2.599 (2.599)	Data 2.368 (2.368)	Loss 1.8134 (1.8134)	Acc@1 62.500 (62.500)	Acc@5 79.688 (79.688)
Epoch: [27][500/5005]	Time 0.691 (0.711)	Data 0.000 (0.006)	Loss 1.5294 (1.5323)	Acc@1 62.109 (63.513)	Acc@5 84.375 (84.353)
Epoch: [27][1000/5005]	Time 0.691 (0.710)	Data 0.000 (0.004)	Loss 1.6884 (1.5358)	Acc@1 60.938 (63.423)	Acc@5 82.422 (84.323)
Epoch: [27][1500/5005]	Time 0.689 (0.709)	Data 0.000 (0.003)	Loss 1.3166 (1.5383)	Acc@1 68.359 (63.391)	Acc@5 87.500 (84.285)
Epoch: [27][2000/5005]	Time 0.701 (0.709)	Data 0.000 (0.002)	Loss 1.5431 (1.5372)	Acc@1 62.109 (63.432)	Acc@5 83.984 (84.321)
Epoch: [27][2500/5005]	Time 0.690 (0.709)	Data 0.000 (0.002)	Loss 1.4923 (1.5382)	Acc@1 65.625 (63.437)	Acc@5 85.938 (84.297)
Epoch: [27][3000/5005]	Time 0.712 (0.708)	Data 0.000 (0.002)	Loss 1.6570 (1.5388)	Acc@1 59.766 (63.450)	Acc@5 82.422 (84.290)
Epoch: [27][3500/5005]	Time 0.722 (0.708)	Data 0.000 (0.002)	Loss 1.3382 (1.5388)	Acc@1 67.578 (63.480)	Acc@5 87.109 (84.278)
Epoch: [27][4000/5005]	Time 0.707 (0.708)	Data 0.000 (0.002)	Loss 1.7705 (1.5395)	Acc@1 62.891 (63.467)	Acc@5 80.469 (84.275)
Epoch: [27][4500/5005]	Time 0.714 (0.708)	Data 0.000 (0.002)	Loss 1.3902 (1.5395)	Acc@1 65.625 (63.468)	Acc@5 88.672 (84.282)
Epoch: [27][5000/5005]	Time 0.690 (0.708)	Data 0.000 (0.002)	Loss 1.6686 (1.5400)	Acc@1 62.500 (63.463)	Acc@5 83.203 (84.281)
Test: [0/196]	Time 2.958 (2.958)	Loss 0.6275 (0.6275)	Acc@1 85.156 (85.156)	Acc@5 96.484 (96.484)
 * Acc@1 70.172 Acc@5 89.764
weight information for regulizer based pretrain
[tensor(0.0010, device='cuda:0'), tensor(0.0021, device='cuda:0'), tensor(0.0147, device='cuda:0')] [tensor(1.0148e-05, device='cuda:0'), tensor(4.1795e-05, device='cuda:0'), tensor(0.0001, device='cuda:0')]
Epoch: [28][0/5005]	Time 2.844 (2.844)	Data 2.623 (2.623)	Loss 1.6589 (1.6589)	Acc@1 60.156 (60.156)	Acc@5 82.031 (82.031)
Epoch: [28][500/5005]	Time 0.689 (0.711)	Data 0.000 (0.006)	Loss 1.4356 (1.5403)	Acc@1 63.281 (63.488)	Acc@5 83.984 (84.199)
Epoch: [28][1000/5005]	Time 0.741 (0.710)	Data 0.000 (0.004)	Loss 1.4377 (1.5402)	Acc@1 64.062 (63.424)	Acc@5 88.281 (84.222)
Epoch: [28][1500/5005]	Time 0.711 (0.709)	Data 0.000 (0.003)	Loss 1.3949 (1.5372)	Acc@1 67.578 (63.495)	Acc@5 86.719 (84.275)
Epoch: [28][2000/5005]	Time 0.692 (0.709)	Data 0.000 (0.003)	Loss 1.6377 (1.5377)	Acc@1 57.031 (63.502)	Acc@5 84.375 (84.308)
Epoch: [28][2500/5005]	Time 0.715 (0.708)	Data 0.000 (0.002)	Loss 1.7138 (1.5366)	Acc@1 58.594 (63.523)	Acc@5 80.078 (84.324)
Epoch: [28][3000/5005]	Time 0.712 (0.708)	Data 0.000 (0.002)	Loss 1.6927 (1.5379)	Acc@1 64.844 (63.514)	Acc@5 79.688 (84.304)
Epoch: [28][3500/5005]	Time 0.696 (0.708)	Data 0.000 (0.002)	Loss 1.7734 (1.5383)	Acc@1 57.812 (63.509)	Acc@5 80.859 (84.305)
Epoch: [28][4000/5005]	Time 0.675 (0.708)	Data 0.000 (0.002)	Loss 1.6972 (1.5376)	Acc@1 62.109 (63.514)	Acc@5 82.422 (84.330)
Epoch: [28][4500/5005]	Time 0.712 (0.708)	Data 0.000 (0.002)	Loss 1.5913 (1.5367)	Acc@1 63.281 (63.507)	Acc@5 83.984 (84.348)
Epoch: [28][5000/5005]	Time 0.716 (0.708)	Data 0.000 (0.002)	Loss 1.7387 (1.5362)	Acc@1 59.375 (63.521)	Acc@5 82.812 (84.356)
Test: [0/196]	Time 3.088 (3.088)	Loss 0.6277 (0.6277)	Acc@1 85.156 (85.156)	Acc@5 96.484 (96.484)
 * Acc@1 70.168 Acc@5 89.758
weight information for regulizer based pretrain
[tensor(0.0010, device='cuda:0'), tensor(0.0021, device='cuda:0'), tensor(0.0147, device='cuda:0')] [tensor(1.0153e-05, device='cuda:0'), tensor(4.1844e-05, device='cuda:0'), tensor(0.0001, device='cuda:0')]
Epoch: [29][0/5005]	Time 2.406 (2.406)	Data 2.179 (2.179)	Loss 1.5652 (1.5652)	Acc@1 68.359 (68.359)	Acc@5 83.984 (83.984)
Epoch: [29][500/5005]	Time 0.712 (0.711)	Data 0.000 (0.006)	Loss 1.5539 (1.5343)	Acc@1 64.062 (63.534)	Acc@5 83.203 (84.327)
Epoch: [29][1000/5005]	Time 0.710 (0.710)	Data 0.000 (0.003)	Loss 1.4630 (1.5367)	Acc@1 62.500 (63.549)	Acc@5 83.984 (84.306)
Epoch: [29][1500/5005]	Time 0.704 (0.709)	Data 0.000 (0.003)	Loss 1.5702 (1.5385)	Acc@1 59.375 (63.533)	Acc@5 84.766 (84.317)
Epoch: [29][2000/5005]	Time 0.706 (0.709)	Data 0.000 (0.002)	Loss 1.6059 (1.5393)	Acc@1 59.766 (63.512)	Acc@5 82.422 (84.282)
Epoch: [29][2500/5005]	Time 0.710 (0.709)	Data 0.000 (0.002)	Loss 1.5138 (1.5374)	Acc@1 65.234 (63.540)	Acc@5 84.766 (84.319)
Epoch: [29][3000/5005]	Time 0.713 (0.709)	Data 0.000 (0.002)	Loss 1.5244 (1.5353)	Acc@1 65.234 (63.588)	Acc@5 84.375 (84.328)
Epoch: [29][3500/5005]	Time 0.712 (0.708)	Data 0.000 (0.002)	Loss 1.3655 (1.5354)	Acc@1 64.453 (63.591)	Acc@5 85.547 (84.334)
Epoch: [29][4000/5005]	Time 0.706 (0.708)	Data 0.000 (0.002)	Loss 1.4902 (1.5354)	Acc@1 66.406 (63.573)	Acc@5 84.375 (84.346)
Epoch: [29][4500/5005]	Time 0.694 (0.708)	Data 0.000 (0.002)	Loss 1.6245 (1.5352)	Acc@1 66.406 (63.561)	Acc@5 82.812 (84.353)
Epoch: [29][5000/5005]	Time 0.713 (0.708)	Data 0.000 (0.002)	Loss 1.3745 (1.5355)	Acc@1 68.359 (63.579)	Acc@5 88.281 (84.342)
Test: [0/196]	Time 3.301 (3.301)	Loss 0.6296 (0.6296)	Acc@1 85.156 (85.156)	Acc@5 96.484 (96.484)
 * Acc@1 70.172 Acc@5 89.752
