=> creating model 'vgg16'
=> loading checkpoint 'checkpoints/vgg-25p-2/model_best.pth.tar'
=> loaded checkpoint 'checkpoints/vgg-25p-2/model_best.pth.tar' 
read conf from:  conf/vgg.conf
checkpoint dir:  checkpoints/1549592212/
weight information for regulizer based pretrain
[tensor(0.0006, device='cuda:0'), tensor(0.0013, device='cuda:0'), tensor(0.0147, device='cuda:0')] [tensor(8.6494e-06, device='cuda:0'), tensor(4.2557e-05, device='cuda:0'), tensor(0.0001, device='cuda:0')]
Epoch: [0][0/5005]	Time 19.871 (19.871)	Data 2.365 (2.365)	Loss 1.6683 (1.6683)	Acc@1 59.766 (59.766)	Acc@5 83.984 (83.984)
Epoch: [0][500/5005]	Time 0.715 (0.745)	Data 0.000 (0.005)	Loss 1.4913 (1.6392)	Acc@1 66.406 (61.499)	Acc@5 83.984 (82.912)
Epoch: [0][1000/5005]	Time 0.724 (0.728)	Data 0.000 (0.003)	Loss 1.6280 (1.6307)	Acc@1 60.938 (61.634)	Acc@5 82.031 (83.051)
Epoch: [0][1500/5005]	Time 0.716 (0.721)	Data 0.000 (0.002)	Loss 1.6347 (1.6288)	Acc@1 62.500 (61.630)	Acc@5 82.812 (83.085)
Epoch: [0][2000/5005]	Time 0.691 (0.718)	Data 0.000 (0.002)	Loss 1.5745 (1.6295)	Acc@1 64.453 (61.576)	Acc@5 82.812 (83.084)
Epoch: [0][2500/5005]	Time 0.699 (0.716)	Data 0.000 (0.002)	Loss 1.6094 (1.6302)	Acc@1 60.156 (61.559)	Acc@5 84.766 (83.070)
Epoch: [0][3000/5005]	Time 0.705 (0.714)	Data 0.000 (0.002)	Loss 1.6822 (1.6299)	Acc@1 62.109 (61.549)	Acc@5 85.156 (83.095)
Epoch: [0][3500/5005]	Time 0.713 (0.713)	Data 0.000 (0.002)	Loss 1.6039 (1.6294)	Acc@1 60.156 (61.569)	Acc@5 83.203 (83.104)
Epoch: [0][4000/5005]	Time 0.714 (0.712)	Data 0.000 (0.002)	Loss 1.6382 (1.6299)	Acc@1 62.109 (61.534)	Acc@5 81.250 (83.099)
Epoch: [0][4500/5005]	Time 0.703 (0.712)	Data 0.000 (0.002)	Loss 1.5908 (1.6305)	Acc@1 65.625 (61.525)	Acc@5 83.203 (83.098)
Epoch: [0][5000/5005]	Time 0.712 (0.711)	Data 0.000 (0.002)	Loss 1.6942 (1.6309)	Acc@1 61.719 (61.519)	Acc@5 82.812 (83.100)
Test: [0/196]	Time 3.193 (3.193)	Loss 0.6421 (0.6421)	Acc@1 83.203 (83.203)	Acc@5 96.875 (96.875)
 * Acc@1 69.078 Acc@5 89.124
weight information for regulizer based pretrain
[tensor(0.0006, device='cuda:0'), tensor(0.0013, device='cuda:0'), tensor(0.0147, device='cuda:0')] [tensor(8.6532e-06, device='cuda:0'), tensor(4.2585e-05, device='cuda:0'), tensor(0.0001, device='cuda:0')]
Epoch: [1][0/5005]	Time 3.252 (3.252)	Data 2.497 (2.497)	Loss 1.4421 (1.4421)	Acc@1 67.969 (67.969)	Acc@5 84.375 (84.375)
Epoch: [1][500/5005]	Time 0.694 (0.713)	Data 0.000 (0.005)	Loss 1.4053 (1.6224)	Acc@1 68.750 (61.862)	Acc@5 87.500 (83.125)
Epoch: [1][1000/5005]	Time 0.695 (0.712)	Data 0.000 (0.003)	Loss 1.6551 (1.6255)	Acc@1 62.109 (61.717)	Acc@5 82.422 (83.057)
Epoch: [1][1500/5005]	Time 0.711 (0.711)	Data 0.000 (0.003)	Loss 1.5195 (1.6314)	Acc@1 64.062 (61.533)	Acc@5 85.547 (82.973)
Epoch: [1][2000/5005]	Time 0.743 (0.710)	Data 0.000 (0.002)	Loss 1.6905 (1.6309)	Acc@1 62.500 (61.561)	Acc@5 80.859 (83.030)
Epoch: [1][2500/5005]	Time 0.716 (0.710)	Data 0.000 (0.002)	Loss 1.6756 (1.6317)	Acc@1 63.672 (61.565)	Acc@5 81.250 (83.058)
Epoch: [1][3000/5005]	Time 0.716 (0.710)	Data 0.000 (0.002)	Loss 1.5654 (1.6309)	Acc@1 64.844 (61.567)	Acc@5 84.766 (83.079)
Epoch: [1][3500/5005]	Time 0.742 (0.710)	Data 0.000 (0.002)	Loss 1.5329 (1.6312)	Acc@1 62.109 (61.548)	Acc@5 85.938 (83.091)
Epoch: [1][4000/5005]	Time 0.718 (0.710)	Data 0.000 (0.002)	Loss 1.3013 (1.6304)	Acc@1 69.531 (61.564)	Acc@5 89.062 (83.105)
Epoch: [1][4500/5005]	Time 0.717 (0.710)	Data 0.000 (0.002)	Loss 1.9077 (1.6299)	Acc@1 59.375 (61.572)	Acc@5 76.562 (83.112)
Epoch: [1][5000/5005]	Time 0.713 (0.710)	Data 0.000 (0.002)	Loss 1.5958 (1.6300)	Acc@1 60.156 (61.572)	Acc@5 84.375 (83.102)
Test: [0/196]	Time 3.208 (3.208)	Loss 0.6421 (0.6421)	Acc@1 83.203 (83.203)	Acc@5 96.484 (96.484)
 * Acc@1 69.078 Acc@5 89.124
weight information for regulizer based pretrain
[tensor(0.0006, device='cuda:0'), tensor(0.0013, device='cuda:0'), tensor(0.0147, device='cuda:0')] [tensor(8.6571e-06, device='cuda:0'), tensor(4.2614e-05, device='cuda:0'), tensor(0.0001, device='cuda:0')]
Epoch: [2][0/5005]	Time 2.639 (2.639)	Data 2.354 (2.354)	Loss 1.6196 (1.6196)	Acc@1 60.156 (60.156)	Acc@5 80.859 (80.859)
Epoch: [2][500/5005]	Time 0.710 (0.714)	Data 0.000 (0.006)	Loss 1.6574 (1.6298)	Acc@1 61.328 (61.561)	Acc@5 82.422 (83.123)
Epoch: [2][1000/5005]	Time 0.702 (0.712)	Data 0.000 (0.004)	Loss 1.4669 (1.6327)	Acc@1 63.281 (61.426)	Acc@5 85.547 (83.061)
Epoch: [2][1500/5005]	Time 0.693 (0.711)	Data 0.000 (0.003)	Loss 1.4758 (1.6322)	Acc@1 62.109 (61.460)	Acc@5 86.328 (83.058)
Epoch: [2][2000/5005]	Time 0.748 (0.711)	Data 0.000 (0.002)	Loss 1.6385 (1.6336)	Acc@1 60.156 (61.435)	Acc@5 85.156 (83.043)
Epoch: [2][2500/5005]	Time 0.687 (0.710)	Data 0.000 (0.002)	Loss 1.7783 (1.6334)	Acc@1 60.547 (61.446)	Acc@5 79.688 (83.021)
Epoch: [2][3000/5005]	Time 0.718 (0.710)	Data 0.000 (0.002)	Loss 1.4472 (1.6323)	Acc@1 64.062 (61.458)	Acc@5 85.156 (83.045)
Epoch: [2][3500/5005]	Time 0.722 (0.710)	Data 0.000 (0.002)	Loss 1.8005 (1.6309)	Acc@1 63.281 (61.514)	Acc@5 80.078 (83.077)
Epoch: [2][4000/5005]	Time 0.694 (0.710)	Data 0.000 (0.002)	Loss 1.3832 (1.6308)	Acc@1 68.750 (61.526)	Acc@5 87.109 (83.082)
Epoch: [2][4500/5005]	Time 0.678 (0.710)	Data 0.000 (0.002)	Loss 1.4517 (1.6301)	Acc@1 65.234 (61.537)	Acc@5 85.938 (83.086)
Epoch: [2][5000/5005]	Time 0.715 (0.710)	Data 0.000 (0.002)	Loss 1.8511 (1.6302)	Acc@1 58.594 (61.531)	Acc@5 82.031 (83.099)
Test: [0/196]	Time 3.184 (3.184)	Loss 0.6424 (0.6424)	Acc@1 83.203 (83.203)	Acc@5 96.484 (96.484)
 * Acc@1 69.078 Acc@5 89.124
weight information for regulizer based pretrain
[tensor(0.0006, device='cuda:0'), tensor(0.0013, device='cuda:0'), tensor(0.0147, device='cuda:0')] [tensor(8.6609e-06, device='cuda:0'), tensor(4.2643e-05, device='cuda:0'), tensor(0.0001, device='cuda:0')]
Epoch: [3][0/5005]	Time 2.741 (2.741)	Data 2.504 (2.504)	Loss 1.5510 (1.5510)	Acc@1 64.062 (64.062)	Acc@5 85.547 (85.547)
Epoch: [3][500/5005]	Time 0.690 (0.714)	Data 0.000 (0.006)	Loss 1.7086 (1.6238)	Acc@1 62.109 (61.631)	Acc@5 81.641 (83.161)
Epoch: [3][1000/5005]	Time 0.710 (0.712)	Data 0.000 (0.004)	Loss 1.6748 (1.6256)	Acc@1 60.547 (61.620)	Acc@5 83.203 (83.133)
Epoch: [3][1500/5005]	Time 0.711 (0.711)	Data 0.000 (0.003)	Loss 1.5886 (1.6275)	Acc@1 63.281 (61.575)	Acc@5 82.422 (83.109)
Epoch: [3][2000/5005]	Time 0.711 (0.710)	Data 0.000 (0.002)	Loss 1.5178 (1.6273)	Acc@1 66.406 (61.568)	Acc@5 83.594 (83.093)
Epoch: [3][2500/5005]	Time 0.714 (0.709)	Data 0.000 (0.002)	Loss 1.5274 (1.6289)	Acc@1 65.234 (61.541)	Acc@5 84.375 (83.074)
Epoch: [3][3000/5005]	Time 0.707 (0.709)	Data 0.000 (0.002)	Loss 1.6507 (1.6285)	Acc@1 59.375 (61.549)	Acc@5 84.375 (83.084)
Epoch: [3][3500/5005]	Time 0.705 (0.709)	Data 0.000 (0.002)	Loss 1.5796 (1.6292)	Acc@1 67.188 (61.539)	Acc@5 84.375 (83.072)
Epoch: [3][4000/5005]	Time 0.706 (0.708)	Data 0.000 (0.002)	Loss 1.8023 (1.6302)	Acc@1 58.203 (61.530)	Acc@5 80.859 (83.056)
Epoch: [3][4500/5005]	Time 0.703 (0.708)	Data 0.000 (0.002)	Loss 1.5870 (1.6307)	Acc@1 57.031 (61.521)	Acc@5 84.375 (83.054)
Epoch: [3][5000/5005]	Time 0.710 (0.708)	Data 0.000 (0.002)	Loss 1.7144 (1.6304)	Acc@1 61.719 (61.515)	Acc@5 82.422 (83.063)
Test: [0/196]	Time 3.021 (3.021)	Loss 0.6424 (0.6424)	Acc@1 83.203 (83.203)	Acc@5 96.875 (96.875)
 * Acc@1 69.088 Acc@5 89.122
weight information for regulizer based pretrain
[tensor(0.0006, device='cuda:0'), tensor(0.0013, device='cuda:0'), tensor(0.0147, device='cuda:0')] [tensor(8.6647e-06, device='cuda:0'), tensor(4.2671e-05, device='cuda:0'), tensor(0.0001, device='cuda:0')]
Epoch: [4][0/5005]	Time 2.330 (2.330)	Data 2.096 (2.096)	Loss 1.5013 (1.5013)	Acc@1 66.406 (66.406)	Acc@5 86.719 (86.719)
Epoch: [4][500/5005]	Time 0.715 (0.713)	Data 0.000 (0.005)	Loss 1.7180 (1.6271)	Acc@1 57.812 (61.624)	Acc@5 82.812 (83.132)
Epoch: [4][1000/5005]	Time 0.730 (0.711)	Data 0.000 (0.003)	Loss 1.4290 (1.6280)	Acc@1 65.234 (61.608)	Acc@5 88.281 (83.109)
Epoch: [4][1500/5005]	Time 0.713 (0.710)	Data 0.000 (0.003)	Loss 1.7678 (1.6301)	Acc@1 59.375 (61.539)	Acc@5 81.641 (83.087)
Epoch: [4][2000/5005]	Time 0.708 (0.710)	Data 0.000 (0.002)	Loss 1.5043 (1.6301)	Acc@1 64.062 (61.540)	Acc@5 84.766 (83.072)
Epoch: [4][2500/5005]	Time 0.690 (0.709)	Data 0.000 (0.002)	Loss 1.6794 (1.6307)	Acc@1 60.547 (61.549)	Acc@5 83.203 (83.074)
Epoch: [4][3000/5005]	Time 0.688 (0.709)	Data 0.000 (0.002)	Loss 1.8879 (1.6298)	Acc@1 58.594 (61.568)	Acc@5 75.391 (83.096)
Epoch: [4][3500/5005]	Time 0.717 (0.709)	Data 0.000 (0.002)	Loss 1.5047 (1.6312)	Acc@1 65.234 (61.552)	Acc@5 85.156 (83.085)
Epoch: [4][4000/5005]	Time 0.714 (0.709)	Data 0.000 (0.002)	Loss 1.6196 (1.6310)	Acc@1 63.281 (61.544)	Acc@5 82.422 (83.081)
Epoch: [4][4500/5005]	Time 0.711 (0.708)	Data 0.000 (0.002)	Loss 1.7147 (1.6302)	Acc@1 60.156 (61.569)	Acc@5 81.250 (83.094)
Epoch: [4][5000/5005]	Time 0.712 (0.708)	Data 0.000 (0.002)	Loss 1.8717 (1.6298)	Acc@1 53.906 (61.578)	Acc@5 79.297 (83.103)
Test: [0/196]	Time 3.315 (3.315)	Loss 0.6426 (0.6426)	Acc@1 83.203 (83.203)	Acc@5 96.875 (96.875)
 * Acc@1 69.078 Acc@5 89.128
weight information for regulizer based pretrain
[tensor(0.0006, device='cuda:0'), tensor(0.0013, device='cuda:0'), tensor(0.0147, device='cuda:0')] [tensor(8.6684e-06, device='cuda:0'), tensor(4.2699e-05, device='cuda:0'), tensor(0.0001, device='cuda:0')]
Epoch: [5][0/5005]	Time 2.598 (2.598)	Data 2.356 (2.356)	Loss 1.5390 (1.5390)	Acc@1 64.062 (64.062)	Acc@5 83.984 (83.984)
Epoch: [5][500/5005]	Time 0.709 (0.711)	Data 0.000 (0.006)	Loss 1.4837 (1.6199)	Acc@1 66.797 (61.723)	Acc@5 81.641 (83.347)
Epoch: [5][1000/5005]	Time 0.708 (0.710)	Data 0.000 (0.004)	Loss 1.5285 (1.6247)	Acc@1 62.109 (61.677)	Acc@5 83.594 (83.216)
Epoch: [5][1500/5005]	Time 0.746 (0.709)	Data 0.000 (0.003)	Loss 1.6156 (1.6254)	Acc@1 58.203 (61.602)	Acc@5 84.375 (83.203)
Epoch: [5][2000/5005]	Time 0.688 (0.709)	Data 0.000 (0.002)	Loss 1.5677 (1.6254)	Acc@1 64.062 (61.605)	Acc@5 87.109 (83.195)
Epoch: [5][2500/5005]	Time 0.709 (0.709)	Data 0.000 (0.002)	Loss 1.6104 (1.6248)	Acc@1 62.891 (61.616)	Acc@5 81.250 (83.199)
Epoch: [5][3000/5005]	Time 0.713 (0.708)	Data 0.000 (0.002)	Loss 1.6048 (1.6244)	Acc@1 64.062 (61.615)	Acc@5 83.984 (83.195)
Epoch: [5][3500/5005]	Time 0.690 (0.708)	Data 0.000 (0.002)	Loss 1.5652 (1.6250)	Acc@1 64.062 (61.588)	Acc@5 85.156 (83.187)
Epoch: [5][4000/5005]	Time 0.707 (0.708)	Data 0.000 (0.002)	Loss 1.7435 (1.6258)	Acc@1 57.031 (61.592)	Acc@5 83.594 (83.173)
Epoch: [5][4500/5005]	Time 0.711 (0.708)	Data 0.000 (0.002)	Loss 1.6252 (1.6263)	Acc@1 63.672 (61.578)	Acc@5 84.375 (83.167)
Epoch: [5][5000/5005]	Time 0.692 (0.708)	Data 0.000 (0.002)	Loss 1.6551 (1.6268)	Acc@1 58.984 (61.569)	Acc@5 83.203 (83.160)
Test: [0/196]	Time 3.028 (3.028)	Loss 0.6429 (0.6429)	Acc@1 83.203 (83.203)	Acc@5 96.484 (96.484)
 * Acc@1 69.078 Acc@5 89.122
weight information for regulizer based pretrain
[tensor(0.0006, device='cuda:0'), tensor(0.0013, device='cuda:0'), tensor(0.0147, device='cuda:0')] [tensor(8.6723e-06, device='cuda:0'), tensor(4.2728e-05, device='cuda:0'), tensor(0.0001, device='cuda:0')]
Epoch: [6][0/5005]	Time 2.491 (2.491)	Data 2.257 (2.257)	Loss 1.4944 (1.4944)	Acc@1 65.625 (65.625)	Acc@5 83.984 (83.984)
Epoch: [6][500/5005]	Time 0.715 (0.713)	Data 0.000 (0.006)	Loss 1.8342 (1.6283)	Acc@1 59.375 (61.656)	Acc@5 78.906 (83.147)
Epoch: [6][1000/5005]	Time 0.713 (0.712)	Data 0.000 (0.003)	Loss 1.6006 (1.6272)	Acc@1 60.547 (61.596)	Acc@5 83.984 (83.148)
Epoch: [6][1500/5005]	Time 0.713 (0.711)	Data 0.000 (0.003)	Loss 1.6683 (1.6250)	Acc@1 57.422 (61.662)	Acc@5 82.812 (83.143)
Epoch: [6][2000/5005]	Time 0.733 (0.710)	Data 0.000 (0.002)	Loss 1.6789 (1.6250)	Acc@1 60.938 (61.668)	Acc@5 82.031 (83.158)
Epoch: [6][2500/5005]	Time 0.690 (0.710)	Data 0.000 (0.002)	Loss 1.5413 (1.6259)	Acc@1 65.625 (61.671)	Acc@5 82.422 (83.156)
Epoch: [6][3000/5005]	Time 0.688 (0.709)	Data 0.000 (0.002)	Loss 1.5561 (1.6259)	Acc@1 62.500 (61.652)	Acc@5 82.812 (83.167)
Epoch: [6][3500/5005]	Time 0.712 (0.709)	Data 0.000 (0.002)	Loss 1.8722 (1.6251)	Acc@1 61.719 (61.679)	Acc@5 82.422 (83.194)
Epoch: [6][4000/5005]	Time 0.713 (0.709)	Data 0.000 (0.002)	Loss 1.5712 (1.6262)	Acc@1 60.938 (61.671)	Acc@5 83.984 (83.174)
Epoch: [6][4500/5005]	Time 0.690 (0.709)	Data 0.000 (0.002)	Loss 1.6448 (1.6265)	Acc@1 62.891 (61.643)	Acc@5 82.422 (83.162)
Epoch: [6][5000/5005]	Time 0.712 (0.709)	Data 0.000 (0.002)	Loss 1.8209 (1.6267)	Acc@1 55.859 (61.625)	Acc@5 80.859 (83.159)
Test: [0/196]	Time 3.128 (3.128)	Loss 0.6430 (0.6430)	Acc@1 83.203 (83.203)	Acc@5 96.484 (96.484)
 * Acc@1 69.070 Acc@5 89.128
weight information for regulizer based pretrain
[tensor(0.0006, device='cuda:0'), tensor(0.0013, device='cuda:0'), tensor(0.0147, device='cuda:0')] [tensor(8.6761e-06, device='cuda:0'), tensor(4.2757e-05, device='cuda:0'), tensor(0.0001, device='cuda:0')]
Epoch: [7][0/5005]	Time 2.548 (2.548)	Data 2.315 (2.315)	Loss 1.6348 (1.6348)	Acc@1 63.281 (63.281)	Acc@5 85.547 (85.547)
Epoch: [7][500/5005]	Time 0.694 (0.715)	Data 0.000 (0.006)	Loss 1.6210 (1.6390)	Acc@1 62.891 (61.426)	Acc@5 83.594 (82.890)
Epoch: [7][1000/5005]	Time 0.712 (0.712)	Data 0.000 (0.004)	Loss 1.8620 (1.6339)	Acc@1 54.688 (61.456)	Acc@5 79.297 (83.029)
Epoch: [7][1500/5005]	Time 0.716 (0.711)	Data 0.000 (0.003)	Loss 1.7282 (1.6337)	Acc@1 57.031 (61.464)	Acc@5 79.688 (83.021)
Epoch: [7][2000/5005]	Time 0.719 (0.711)	Data 0.000 (0.002)	Loss 1.6568 (1.6330)	Acc@1 60.156 (61.492)	Acc@5 83.203 (83.042)
Epoch: [7][2500/5005]	Time 0.710 (0.711)	Data 0.000 (0.002)	Loss 1.4801 (1.6330)	Acc@1 63.281 (61.493)	Acc@5 85.156 (83.048)
Epoch: [7][3000/5005]	Time 0.712 (0.710)	Data 0.000 (0.002)	Loss 1.8657 (1.6321)	Acc@1 58.203 (61.463)	Acc@5 78.516 (83.066)
Epoch: [7][3500/5005]	Time 0.713 (0.710)	Data 0.000 (0.002)	Loss 1.9060 (1.6318)	Acc@1 51.953 (61.438)	Acc@5 80.469 (83.078)
Epoch: [7][4000/5005]	Time 0.715 (0.710)	Data 0.000 (0.002)	Loss 1.7684 (1.6298)	Acc@1 60.156 (61.486)	Acc@5 81.250 (83.104)
Epoch: [7][4500/5005]	Time 0.721 (0.710)	Data 0.000 (0.002)	Loss 1.4644 (1.6294)	Acc@1 64.453 (61.509)	Acc@5 85.938 (83.114)
Epoch: [7][5000/5005]	Time 0.713 (0.710)	Data 0.000 (0.002)	Loss 1.7974 (1.6284)	Acc@1 57.422 (61.541)	Acc@5 80.469 (83.134)
Test: [0/196]	Time 3.171 (3.171)	Loss 0.6423 (0.6423)	Acc@1 83.203 (83.203)	Acc@5 96.875 (96.875)
 * Acc@1 69.066 Acc@5 89.126
weight information for regulizer based pretrain
[tensor(0.0006, device='cuda:0'), tensor(0.0013, device='cuda:0'), tensor(0.0147, device='cuda:0')] [tensor(8.6798e-06, device='cuda:0'), tensor(4.2785e-05, device='cuda:0'), tensor(0.0001, device='cuda:0')]
Epoch: [8][0/5005]	Time 2.573 (2.573)	Data 2.340 (2.340)	Loss 1.4153 (1.4153)	Acc@1 67.578 (67.578)	Acc@5 85.156 (85.156)
Epoch: [8][500/5005]	Time 0.707 (0.713)	Data 0.000 (0.006)	Loss 1.9155 (1.6295)	Acc@1 57.812 (61.520)	Acc@5 77.734 (82.978)
Epoch: [8][1000/5005]	Time 0.737 (0.712)	Data 0.000 (0.004)	Loss 1.4842 (1.6258)	Acc@1 66.016 (61.661)	Acc@5 84.375 (83.136)
Epoch: [8][1500/5005]	Time 0.695 (0.711)	Data 0.000 (0.003)	Loss 1.6890 (1.6240)	Acc@1 62.500 (61.771)	Acc@5 82.031 (83.160)
Epoch: [8][2000/5005]	Time 0.708 (0.710)	Data 0.000 (0.002)	Loss 1.5967 (1.6260)	Acc@1 64.453 (61.746)	Acc@5 84.375 (83.143)
Epoch: [8][2500/5005]	Time 0.713 (0.710)	Data 0.000 (0.002)	Loss 1.5405 (1.6278)	Acc@1 60.547 (61.705)	Acc@5 86.719 (83.122)
Epoch: [8][3000/5005]	Time 0.716 (0.710)	Data 0.000 (0.002)	Loss 1.5206 (1.6290)	Acc@1 66.016 (61.653)	Acc@5 85.156 (83.109)
Epoch: [8][3500/5005]	Time 0.716 (0.710)	Data 0.000 (0.002)	Loss 1.6722 (1.6281)	Acc@1 60.547 (61.653)	Acc@5 81.250 (83.123)
Epoch: [8][4000/5005]	Time 0.708 (0.710)	Data 0.000 (0.002)	Loss 1.5037 (1.6289)	Acc@1 61.328 (61.617)	Acc@5 85.156 (83.108)
Epoch: [8][4500/5005]	Time 0.715 (0.710)	Data 0.000 (0.002)	Loss 1.6466 (1.6286)	Acc@1 58.984 (61.625)	Acc@5 82.031 (83.114)
Epoch: [8][5000/5005]	Time 0.690 (0.709)	Data 0.000 (0.002)	Loss 1.6734 (1.6287)	Acc@1 60.547 (61.606)	Acc@5 83.594 (83.116)
Test: [0/196]	Time 3.201 (3.201)	Loss 0.6422 (0.6422)	Acc@1 83.203 (83.203)	Acc@5 96.875 (96.875)
 * Acc@1 69.080 Acc@5 89.132
weight information for regulizer based pretrain
[tensor(0.0006, device='cuda:0'), tensor(0.0013, device='cuda:0'), tensor(0.0147, device='cuda:0')] [tensor(8.6836e-06, device='cuda:0'), tensor(4.2813e-05, device='cuda:0'), tensor(0.0001, device='cuda:0')]
Epoch: [9][0/5005]	Time 2.590 (2.590)	Data 2.337 (2.337)	Loss 1.6403 (1.6403)	Acc@1 62.500 (62.500)	Acc@5 81.641 (81.641)
Epoch: [9][500/5005]	Time 0.708 (0.714)	Data 0.000 (0.006)	Loss 1.6702 (1.6272)	Acc@1 63.281 (61.474)	Acc@5 81.641 (83.018)
Epoch: [9][1000/5005]	Time 0.706 (0.712)	Data 0.000 (0.004)	Loss 1.6353 (1.6301)	Acc@1 62.109 (61.473)	Acc@5 83.984 (82.967)
Epoch: [9][1500/5005]	Time 0.709 (0.712)	Data 0.000 (0.003)	Loss 1.6709 (1.6318)	Acc@1 64.453 (61.470)	Acc@5 83.984 (82.971)
Epoch: [9][2000/5005]	Time 0.710 (0.711)	Data 0.000 (0.002)	Loss 1.4273 (1.6294)	Acc@1 62.891 (61.518)	Acc@5 87.109 (83.033)
Epoch: [9][2500/5005]	Time 0.708 (0.711)	Data 0.000 (0.002)	Loss 1.6827 (1.6303)	Acc@1 63.672 (61.519)	Acc@5 81.641 (83.030)
Epoch: [9][3000/5005]	Time 0.716 (0.710)	Data 0.000 (0.002)	Loss 1.7839 (1.6298)	Acc@1 62.109 (61.529)	Acc@5 80.469 (83.070)
Epoch: [9][3500/5005]	Time 0.742 (0.710)	Data 0.000 (0.002)	Loss 1.4624 (1.6283)	Acc@1 62.500 (61.564)	Acc@5 87.109 (83.101)
Epoch: [9][4000/5005]	Time 0.674 (0.710)	Data 0.000 (0.002)	Loss 1.7987 (1.6286)	Acc@1 57.031 (61.552)	Acc@5 80.859 (83.088)
Epoch: [9][4500/5005]	Time 0.695 (0.710)	Data 0.000 (0.002)	Loss 1.6876 (1.6299)	Acc@1 59.375 (61.532)	Acc@5 80.469 (83.072)
Epoch: [9][5000/5005]	Time 0.719 (0.710)	Data 0.000 (0.002)	Loss 1.6416 (1.6295)	Acc@1 63.672 (61.539)	Acc@5 83.203 (83.085)
Test: [0/196]	Time 3.198 (3.198)	Loss 0.6416 (0.6416)	Acc@1 83.203 (83.203)	Acc@5 96.875 (96.875)
 * Acc@1 69.082 Acc@5 89.130
weight information for regulizer based pretrain
[tensor(0.0006, device='cuda:0'), tensor(0.0013, device='cuda:0'), tensor(0.0147, device='cuda:0')] [tensor(8.6873e-06, device='cuda:0'), tensor(4.2841e-05, device='cuda:0'), tensor(0.0001, device='cuda:0')]
Epoch: [10][0/5005]	Time 2.497 (2.497)	Data 2.227 (2.227)	Loss 1.7768 (1.7768)	Acc@1 63.672 (63.672)	Acc@5 81.250 (81.250)
Epoch: [10][500/5005]	Time 0.710 (0.715)	Data 0.000 (0.006)	Loss 1.5985 (1.6351)	Acc@1 61.719 (61.321)	Acc@5 81.641 (83.088)
Epoch: [10][1000/5005]	Time 0.690 (0.712)	Data 0.000 (0.003)	Loss 1.4048 (1.6309)	Acc@1 65.625 (61.483)	Acc@5 83.984 (83.160)
Epoch: [10][1500/5005]	Time 0.693 (0.711)	Data 0.000 (0.003)	Loss 1.7192 (1.6325)	Acc@1 61.719 (61.464)	Acc@5 83.984 (83.112)
Epoch: [10][2000/5005]	Time 0.718 (0.711)	Data 0.000 (0.002)	Loss 1.6182 (1.6318)	Acc@1 65.625 (61.448)	Acc@5 81.250 (83.110)
Epoch: [10][2500/5005]	Time 0.715 (0.710)	Data 0.000 (0.002)	Loss 1.6584 (1.6320)	Acc@1 60.938 (61.461)	Acc@5 83.594 (83.080)
Epoch: [10][3000/5005]	Time 0.662 (0.710)	Data 0.000 (0.002)	Loss 1.6157 (1.6292)	Acc@1 60.938 (61.524)	Acc@5 84.766 (83.129)
Epoch: [10][3500/5005]	Time 0.716 (0.710)	Data 0.000 (0.002)	Loss 1.7855 (1.6296)	Acc@1 58.984 (61.531)	Acc@5 80.469 (83.106)
Epoch: [10][4000/5005]	Time 0.717 (0.710)	Data 0.000 (0.002)	Loss 1.4014 (1.6299)	Acc@1 63.281 (61.543)	Acc@5 85.547 (83.104)
Epoch: [10][4500/5005]	Time 0.715 (0.710)	Data 0.000 (0.002)	Loss 1.9644 (1.6309)	Acc@1 58.984 (61.526)	Acc@5 80.078 (83.095)
Epoch: [10][5000/5005]	Time 0.701 (0.709)	Data 0.000 (0.002)	Loss 1.4087 (1.6308)	Acc@1 65.625 (61.526)	Acc@5 87.891 (83.093)
Test: [0/196]	Time 3.260 (3.260)	Loss 0.6417 (0.6417)	Acc@1 83.203 (83.203)	Acc@5 96.875 (96.875)
 * Acc@1 69.084 Acc@5 89.124
weight information for regulizer based pretrain
[tensor(0.0006, device='cuda:0'), tensor(0.0013, device='cuda:0'), tensor(0.0147, device='cuda:0')] [tensor(8.6910e-06, device='cuda:0'), tensor(4.2869e-05, device='cuda:0'), tensor(0.0001, device='cuda:0')]
Epoch: [11][0/5005]	Time 2.486 (2.486)	Data 2.248 (2.248)	Loss 1.6604 (1.6604)	Acc@1 59.375 (59.375)	Acc@5 83.594 (83.594)
Epoch: [11][500/5005]	Time 0.691 (0.713)	Data 0.000 (0.006)	Loss 1.6440 (1.6314)	Acc@1 61.328 (61.604)	Acc@5 82.422 (83.103)
Epoch: [11][1000/5005]	Time 0.715 (0.712)	Data 0.000 (0.003)	Loss 1.7329 (1.6356)	Acc@1 59.375 (61.485)	Acc@5 81.250 (83.086)
Epoch: [11][1500/5005]	Time 0.719 (0.711)	Data 0.000 (0.003)	Loss 1.4538 (1.6323)	Acc@1 66.797 (61.547)	Acc@5 86.328 (83.103)
Epoch: [11][2000/5005]	Time 0.715 (0.711)	Data 0.000 (0.002)	Loss 1.6060 (1.6328)	Acc@1 65.625 (61.541)	Acc@5 83.594 (83.082)
Epoch: [11][2500/5005]	Time 0.708 (0.710)	Data 0.000 (0.002)	Loss 1.6771 (1.6299)	Acc@1 60.156 (61.561)	Acc@5 83.203 (83.118)
Epoch: [11][3000/5005]	Time 0.752 (0.709)	Data 0.000 (0.002)	Loss 1.6355 (1.6298)	Acc@1 60.547 (61.549)	Acc@5 83.203 (83.119)
Epoch: [11][3500/5005]	Time 0.688 (0.709)	Data 0.000 (0.002)	Loss 1.9267 (1.6308)	Acc@1 57.031 (61.546)	Acc@5 78.125 (83.098)
Epoch: [11][4000/5005]	Time 0.712 (0.709)	Data 0.000 (0.002)	Loss 1.5383 (1.6309)	Acc@1 60.547 (61.539)	Acc@5 85.547 (83.089)
Epoch: [11][4500/5005]	Time 0.689 (0.709)	Data 0.000 (0.002)	Loss 1.6692 (1.6306)	Acc@1 61.328 (61.556)	Acc@5 86.328 (83.092)
Epoch: [11][5000/5005]	Time 0.697 (0.709)	Data 0.000 (0.002)	Loss 1.7060 (1.6307)	Acc@1 60.156 (61.556)	Acc@5 82.422 (83.088)
Test: [0/196]	Time 3.195 (3.195)	Loss 0.6415 (0.6415)	Acc@1 83.203 (83.203)	Acc@5 96.875 (96.875)
 * Acc@1 69.082 Acc@5 89.126
weight information for regulizer based pretrain
[tensor(0.0006, device='cuda:0'), tensor(0.0013, device='cuda:0'), tensor(0.0147, device='cuda:0')] [tensor(8.6947e-06, device='cuda:0'), tensor(4.2897e-05, device='cuda:0'), tensor(0.0001, device='cuda:0')]
Epoch: [12][0/5005]	Time 2.423 (2.423)	Data 2.150 (2.150)	Loss 1.5239 (1.5239)	Acc@1 67.188 (67.188)	Acc@5 82.422 (82.422)
Epoch: [12][500/5005]	Time 0.713 (0.714)	Data 0.000 (0.005)	Loss 1.5225 (1.6248)	Acc@1 63.281 (61.585)	Acc@5 85.547 (83.216)
Epoch: [12][1000/5005]	Time 0.712 (0.712)	Data 0.000 (0.003)	Loss 1.6813 (1.6223)	Acc@1 60.547 (61.677)	Acc@5 83.203 (83.227)
Epoch: [12][1500/5005]	Time 0.709 (0.712)	Data 0.000 (0.003)	Loss 1.6732 (1.6268)	Acc@1 64.453 (61.581)	Acc@5 85.156 (83.161)
Epoch: [12][2000/5005]	Time 0.719 (0.711)	Data 0.000 (0.002)	Loss 1.4877 (1.6274)	Acc@1 61.719 (61.586)	Acc@5 86.328 (83.157)
Epoch: [12][2500/5005]	Time 0.712 (0.711)	Data 0.000 (0.002)	Loss 1.5573 (1.6281)	Acc@1 61.719 (61.573)	Acc@5 82.422 (83.160)
Epoch: [12][3000/5005]	Time 0.691 (0.711)	Data 0.000 (0.002)	Loss 1.6815 (1.6276)	Acc@1 56.250 (61.560)	Acc@5 82.422 (83.148)
Epoch: [12][3500/5005]	Time 0.725 (0.710)	Data 0.000 (0.002)	Loss 1.6258 (1.6288)	Acc@1 62.500 (61.540)	Acc@5 84.375 (83.129)
Epoch: [12][4000/5005]	Time 0.711 (0.710)	Data 0.000 (0.002)	Loss 1.5831 (1.6281)	Acc@1 61.719 (61.549)	Acc@5 82.031 (83.135)
Epoch: [12][4500/5005]	Time 0.693 (0.710)	Data 0.000 (0.002)	Loss 1.6730 (1.6282)	Acc@1 57.031 (61.551)	Acc@5 80.859 (83.132)
Epoch: [12][5000/5005]	Time 0.693 (0.710)	Data 0.000 (0.002)	Loss 1.8523 (1.6281)	Acc@1 60.938 (61.565)	Acc@5 79.688 (83.141)
Test: [0/196]	Time 3.232 (3.232)	Loss 0.6418 (0.6418)	Acc@1 83.203 (83.203)	Acc@5 96.875 (96.875)
 * Acc@1 69.080 Acc@5 89.128
weight information for regulizer based pretrain
[tensor(0.0006, device='cuda:0'), tensor(0.0013, device='cuda:0'), tensor(0.0147, device='cuda:0')] [tensor(8.6985e-06, device='cuda:0'), tensor(4.2925e-05, device='cuda:0'), tensor(0.0001, device='cuda:0')]
Epoch: [13][0/5005]	Time 2.729 (2.729)	Data 2.496 (2.496)	Loss 1.6959 (1.6959)	Acc@1 60.156 (60.156)	Acc@5 82.422 (82.422)
Epoch: [13][500/5005]	Time 0.683 (0.714)	Data 0.000 (0.006)	Loss 1.6548 (1.6271)	Acc@1 58.984 (61.521)	Acc@5 81.641 (83.153)
Epoch: [13][1000/5005]	Time 0.693 (0.712)	Data 0.000 (0.004)	Loss 1.6110 (1.6243)	Acc@1 61.328 (61.571)	Acc@5 84.375 (83.216)
Epoch: [13][1500/5005]	Time 0.694 (0.711)	Data 0.000 (0.003)	Loss 1.6256 (1.6233)	Acc@1 60.156 (61.621)	Acc@5 84.766 (83.227)
Epoch: [13][2000/5005]	Time 0.690 (0.711)	Data 0.000 (0.002)	Loss 1.6763 (1.6257)	Acc@1 61.328 (61.625)	Acc@5 82.422 (83.199)
Epoch: [13][2500/5005]	Time 0.713 (0.710)	Data 0.000 (0.002)	Loss 1.7092 (1.6256)	Acc@1 62.109 (61.616)	Acc@5 82.031 (83.201)
Epoch: [13][3000/5005]	Time 0.711 (0.710)	Data 0.000 (0.002)	Loss 1.9355 (1.6264)	Acc@1 52.344 (61.601)	Acc@5 78.906 (83.184)
Epoch: [13][3500/5005]	Time 0.741 (0.710)	Data 0.000 (0.002)	Loss 1.6827 (1.6269)	Acc@1 57.812 (61.584)	Acc@5 83.203 (83.182)
Epoch: [13][4000/5005]	Time 0.717 (0.710)	Data 0.000 (0.002)	Loss 1.7149 (1.6265)	Acc@1 62.500 (61.608)	Acc@5 80.469 (83.192)
Epoch: [13][4500/5005]	Time 0.716 (0.710)	Data 0.000 (0.002)	Loss 1.5419 (1.6274)	Acc@1 64.844 (61.605)	Acc@5 84.766 (83.177)
Epoch: [13][5000/5005]	Time 0.711 (0.710)	Data 0.000 (0.002)	Loss 1.6762 (1.6278)	Acc@1 58.984 (61.598)	Acc@5 81.641 (83.160)
Test: [0/196]	Time 3.132 (3.132)	Loss 0.6418 (0.6418)	Acc@1 83.203 (83.203)	Acc@5 96.875 (96.875)
 * Acc@1 69.076 Acc@5 89.132
weight information for regulizer based pretrain
[tensor(0.0006, device='cuda:0'), tensor(0.0013, device='cuda:0'), tensor(0.0147, device='cuda:0')] [tensor(8.7022e-06, device='cuda:0'), tensor(4.2953e-05, device='cuda:0'), tensor(0.0001, device='cuda:0')]
Epoch: [14][0/5005]	Time 2.555 (2.555)	Data 2.327 (2.327)	Loss 1.6868 (1.6868)	Acc@1 61.719 (61.719)	Acc@5 82.422 (82.422)
Epoch: [14][500/5005]	Time 0.711 (0.715)	Data 0.000 (0.006)	Loss 1.5932 (1.6279)	Acc@1 62.500 (61.524)	Acc@5 83.203 (83.125)
Epoch: [14][1000/5005]	Time 0.712 (0.714)	Data 0.000 (0.004)	Loss 1.7483 (1.6240)	Acc@1 58.203 (61.534)	Acc@5 83.984 (83.182)
Epoch: [14][1500/5005]	Time 0.692 (0.713)	Data 0.000 (0.003)	Loss 1.5811 (1.6227)	Acc@1 62.109 (61.570)	Acc@5 83.203 (83.191)
Epoch: [14][2000/5005]	Time 0.714 (0.713)	Data 0.000 (0.002)	Loss 1.4451 (1.6253)	Acc@1 65.625 (61.559)	Acc@5 84.375 (83.155)
Epoch: [14][2500/5005]	Time 0.708 (0.712)	Data 0.000 (0.002)	Loss 1.4254 (1.6255)	Acc@1 62.109 (61.575)	Acc@5 85.156 (83.164)
Epoch: [14][3000/5005]	Time 0.692 (0.711)	Data 0.000 (0.002)	Loss 1.7047 (1.6267)	Acc@1 61.328 (61.580)	Acc@5 80.859 (83.149)
Epoch: [14][3500/5005]	Time 0.694 (0.711)	Data 0.000 (0.002)	Loss 1.6156 (1.6270)	Acc@1 62.891 (61.555)	Acc@5 85.156 (83.150)
Epoch: [14][4000/5005]	Time 0.713 (0.711)	Data 0.000 (0.002)	Loss 1.7484 (1.6263)	Acc@1 60.156 (61.563)	Acc@5 82.812 (83.160)
Epoch: [14][4500/5005]	Time 0.713 (0.711)	Data 0.000 (0.002)	Loss 1.6109 (1.6270)	Acc@1 64.062 (61.562)	Acc@5 81.641 (83.150)
Epoch: [14][5000/5005]	Time 0.714 (0.711)	Data 0.000 (0.002)	Loss 1.7040 (1.6271)	Acc@1 60.547 (61.574)	Acc@5 80.859 (83.155)
Test: [0/196]	Time 3.097 (3.097)	Loss 0.6414 (0.6414)	Acc@1 83.203 (83.203)	Acc@5 96.875 (96.875)
 * Acc@1 69.080 Acc@5 89.132
weight information for regulizer based pretrain
[tensor(0.0006, device='cuda:0'), tensor(0.0013, device='cuda:0'), tensor(0.0147, device='cuda:0')] [tensor(8.7059e-06, device='cuda:0'), tensor(4.2981e-05, device='cuda:0'), tensor(0.0001, device='cuda:0')]
Epoch: [15][0/5005]	Time 2.478 (2.478)	Data 2.242 (2.242)	Loss 1.8374 (1.8374)	Acc@1 53.906 (53.906)	Acc@5 79.688 (79.688)
Epoch: [15][500/5005]	Time 0.719 (0.713)	Data 0.000 (0.006)	Loss 1.5114 (1.6331)	Acc@1 63.672 (61.559)	Acc@5 86.328 (83.109)
Epoch: [15][1000/5005]	Time 0.713 (0.711)	Data 0.000 (0.003)	Loss 1.6086 (1.6314)	Acc@1 61.719 (61.670)	Acc@5 83.984 (83.085)
Epoch: [15][1500/5005]	Time 0.711 (0.711)	Data 0.000 (0.003)	Loss 1.6018 (1.6307)	Acc@1 61.719 (61.661)	Acc@5 83.594 (83.085)
Epoch: [15][2000/5005]	Time 0.711 (0.710)	Data 0.000 (0.002)	Loss 1.5830 (1.6286)	Acc@1 60.938 (61.697)	Acc@5 83.984 (83.131)
Epoch: [15][2500/5005]	Time 0.690 (0.710)	Data 0.000 (0.002)	Loss 1.7264 (1.6273)	Acc@1 59.766 (61.696)	Acc@5 81.250 (83.133)
Epoch: [15][3000/5005]	Time 0.710 (0.709)	Data 0.000 (0.002)	Loss 1.7489 (1.6277)	Acc@1 60.547 (61.676)	Acc@5 81.250 (83.138)
Epoch: [15][3500/5005]	Time 0.706 (0.709)	Data 0.000 (0.002)	Loss 1.6350 (1.6289)	Acc@1 62.500 (61.626)	Acc@5 82.812 (83.123)
Epoch: [15][4000/5005]	Time 0.655 (0.709)	Data 0.000 (0.002)	Loss 1.8587 (1.6290)	Acc@1 57.812 (61.631)	Acc@5 78.516 (83.122)
Epoch: [15][4500/5005]	Time 0.718 (0.709)	Data 0.000 (0.002)	Loss 1.5259 (1.6284)	Acc@1 59.375 (61.636)	Acc@5 84.375 (83.132)
Epoch: [15][5000/5005]	Time 0.689 (0.709)	Data 0.000 (0.002)	Loss 1.7152 (1.6278)	Acc@1 61.719 (61.649)	Acc@5 82.812 (83.137)
Test: [0/196]	Time 3.285 (3.285)	Loss 0.6412 (0.6412)	Acc@1 83.203 (83.203)	Acc@5 96.875 (96.875)
 * Acc@1 69.080 Acc@5 89.128
weight information for regulizer based pretrain
[tensor(0.0006, device='cuda:0'), tensor(0.0013, device='cuda:0'), tensor(0.0147, device='cuda:0')] [tensor(8.7096e-06, device='cuda:0'), tensor(4.3009e-05, device='cuda:0'), tensor(0.0001, device='cuda:0')]
Epoch: [16][0/5005]	Time 2.335 (2.335)	Data 2.065 (2.065)	Loss 1.5996 (1.5996)	Acc@1 60.938 (60.938)	Acc@5 85.547 (85.547)
Epoch: [16][500/5005]	Time 0.713 (0.714)	Data 0.000 (0.005)	Loss 1.5710 (1.6264)	Acc@1 61.719 (61.437)	Acc@5 85.156 (83.103)
Epoch: [16][1000/5005]	Time 0.710 (0.712)	Data 0.001 (0.003)	Loss 1.8507 (1.6278)	Acc@1 59.766 (61.506)	Acc@5 80.859 (83.093)
Epoch: [16][1500/5005]	Time 0.708 (0.711)	Data 0.000 (0.003)	Loss 1.8357 (1.6243)	Acc@1 57.812 (61.590)	Acc@5 80.078 (83.156)
Epoch: [16][2000/5005]	Time 0.712 (0.711)	Data 0.000 (0.002)	Loss 1.5549 (1.6249)	Acc@1 65.234 (61.592)	Acc@5 84.375 (83.152)
Epoch: [16][2500/5005]	Time 0.716 (0.711)	Data 0.000 (0.002)	Loss 1.5908 (1.6257)	Acc@1 65.625 (61.611)	Acc@5 82.812 (83.157)
Epoch: [16][3000/5005]	Time 0.692 (0.710)	Data 0.000 (0.002)	Loss 1.6320 (1.6272)	Acc@1 58.594 (61.576)	Acc@5 83.203 (83.151)
Epoch: [16][3500/5005]	Time 0.732 (0.710)	Data 0.000 (0.002)	Loss 1.6519 (1.6275)	Acc@1 61.328 (61.566)	Acc@5 83.594 (83.145)
Epoch: [16][4000/5005]	Time 0.693 (0.710)	Data 0.000 (0.002)	Loss 1.7497 (1.6276)	Acc@1 56.250 (61.564)	Acc@5 82.031 (83.146)
Epoch: [16][4500/5005]	Time 0.714 (0.710)	Data 0.000 (0.002)	Loss 1.5404 (1.6264)	Acc@1 62.891 (61.589)	Acc@5 85.156 (83.163)
Epoch: [16][5000/5005]	Time 0.708 (0.710)	Data 0.000 (0.002)	Loss 1.5960 (1.6268)	Acc@1 62.109 (61.573)	Acc@5 83.984 (83.147)
Test: [0/196]	Time 3.141 (3.141)	Loss 0.6412 (0.6412)	Acc@1 83.203 (83.203)	Acc@5 96.875 (96.875)
 * Acc@1 69.086 Acc@5 89.128
weight information for regulizer based pretrain
[tensor(0.0006, device='cuda:0'), tensor(0.0013, device='cuda:0'), tensor(0.0147, device='cuda:0')] [tensor(8.7133e-06, device='cuda:0'), tensor(4.3037e-05, device='cuda:0'), tensor(0.0001, device='cuda:0')]
Epoch: [17][0/5005]	Time 2.703 (2.703)	Data 2.464 (2.464)	Loss 1.5511 (1.5511)	Acc@1 65.234 (65.234)	Acc@5 83.203 (83.203)
Epoch: [17][500/5005]	Time 0.712 (0.712)	Data 0.000 (0.006)	Loss 1.6354 (1.6169)	Acc@1 58.203 (61.681)	Acc@5 82.031 (83.282)
Epoch: [17][1000/5005]	Time 0.712 (0.712)	Data 0.000 (0.004)	Loss 1.4102 (1.6195)	Acc@1 65.625 (61.647)	Acc@5 84.766 (83.224)
Epoch: [17][1500/5005]	Time 0.712 (0.711)	Data 0.000 (0.003)	Loss 1.5229 (1.6224)	Acc@1 61.328 (61.616)	Acc@5 85.547 (83.182)
Epoch: [17][2000/5005]	Time 0.717 (0.711)	Data 0.000 (0.002)	Loss 1.5591 (1.6251)	Acc@1 62.109 (61.545)	Acc@5 83.203 (83.147)
Epoch: [17][2500/5005]	Time 0.691 (0.711)	Data 0.000 (0.002)	Loss 1.6895 (1.6263)	Acc@1 62.500 (61.563)	Acc@5 84.766 (83.135)
Epoch: [17][3000/5005]	Time 0.714 (0.710)	Data 0.000 (0.002)	Loss 1.6287 (1.6265)	Acc@1 58.984 (61.558)	Acc@5 84.375 (83.120)
Epoch: [17][3500/5005]	Time 0.719 (0.710)	Data 0.000 (0.002)	Loss 1.5799 (1.6285)	Acc@1 60.547 (61.535)	Acc@5 85.547 (83.095)
Epoch: [17][4000/5005]	Time 0.692 (0.710)	Data 0.000 (0.002)	Loss 1.6011 (1.6287)	Acc@1 62.109 (61.528)	Acc@5 82.422 (83.101)
Epoch: [17][4500/5005]	Time 0.714 (0.710)	Data 0.000 (0.002)	Loss 1.6014 (1.6279)	Acc@1 61.328 (61.550)	Acc@5 84.766 (83.129)
Epoch: [17][5000/5005]	Time 0.715 (0.710)	Data 0.000 (0.002)	Loss 1.3452 (1.6278)	Acc@1 66.016 (61.568)	Acc@5 87.500 (83.133)
Test: [0/196]	Time 3.089 (3.089)	Loss 0.6413 (0.6413)	Acc@1 83.203 (83.203)	Acc@5 96.875 (96.875)
 * Acc@1 69.088 Acc@5 89.132
weight information for regulizer based pretrain
[tensor(0.0006, device='cuda:0'), tensor(0.0013, device='cuda:0'), tensor(0.0147, device='cuda:0')] [tensor(8.7170e-06, device='cuda:0'), tensor(4.3065e-05, device='cuda:0'), tensor(0.0001, device='cuda:0')]
Epoch: [18][0/5005]	Time 2.240 (2.240)	Data 2.010 (2.010)	Loss 1.5739 (1.5739)	Acc@1 64.062 (64.062)	Acc@5 83.203 (83.203)
Epoch: [18][500/5005]	Time 0.715 (0.713)	Data 0.000 (0.005)	Loss 1.6025 (1.6326)	Acc@1 62.891 (61.567)	Acc@5 84.766 (83.058)
Epoch: [18][1000/5005]	Time 0.708 (0.713)	Data 0.000 (0.003)	Loss 1.7338 (1.6278)	Acc@1 58.594 (61.645)	Acc@5 81.641 (83.141)
Epoch: [18][1500/5005]	Time 0.695 (0.712)	Data 0.000 (0.003)	Loss 1.4582 (1.6306)	Acc@1 64.062 (61.641)	Acc@5 86.328 (83.109)
Epoch: [18][2000/5005]	Time 0.720 (0.711)	Data 0.000 (0.002)	Loss 1.6909 (1.6284)	Acc@1 59.375 (61.669)	Acc@5 84.375 (83.156)
Epoch: [18][2500/5005]	Time 0.693 (0.711)	Data 0.000 (0.002)	Loss 1.7165 (1.6297)	Acc@1 62.109 (61.632)	Acc@5 79.297 (83.125)
Epoch: [18][3000/5005]	Time 0.714 (0.711)	Data 0.000 (0.002)	Loss 1.7881 (1.6294)	Acc@1 62.109 (61.629)	Acc@5 81.250 (83.126)
Epoch: [18][3500/5005]	Time 0.716 (0.710)	Data 0.000 (0.002)	Loss 1.7061 (1.6296)	Acc@1 61.719 (61.604)	Acc@5 82.422 (83.127)
Epoch: [18][4000/5005]	Time 0.718 (0.710)	Data 0.000 (0.002)	Loss 1.7676 (1.6284)	Acc@1 57.422 (61.622)	Acc@5 80.469 (83.137)
Epoch: [18][4500/5005]	Time 0.712 (0.710)	Data 0.000 (0.002)	Loss 1.6567 (1.6284)	Acc@1 62.109 (61.622)	Acc@5 83.594 (83.132)
Epoch: [18][5000/5005]	Time 0.712 (0.710)	Data 0.000 (0.002)	Loss 1.5024 (1.6291)	Acc@1 65.625 (61.619)	Acc@5 84.766 (83.131)
Test: [0/196]	Time 3.073 (3.073)	Loss 0.6412 (0.6412)	Acc@1 83.203 (83.203)	Acc@5 96.875 (96.875)
 * Acc@1 69.098 Acc@5 89.130
weight information for regulizer based pretrain
[tensor(0.0006, device='cuda:0'), tensor(0.0013, device='cuda:0'), tensor(0.0147, device='cuda:0')] [tensor(8.7207e-06, device='cuda:0'), tensor(4.3092e-05, device='cuda:0'), tensor(0.0001, device='cuda:0')]
Epoch: [19][0/5005]	Time 2.636 (2.636)	Data 2.403 (2.403)	Loss 1.5393 (1.5393)	Acc@1 63.281 (63.281)	Acc@5 86.719 (86.719)
Epoch: [19][500/5005]	Time 0.714 (0.713)	Data 0.000 (0.006)	Loss 1.8610 (1.6309)	Acc@1 57.422 (61.465)	Acc@5 77.344 (83.067)
Epoch: [19][1000/5005]	Time 0.707 (0.712)	Data 0.000 (0.004)	Loss 1.7144 (1.6291)	Acc@1 58.984 (61.511)	Acc@5 79.688 (83.103)
Epoch: [19][1500/5005]	Time 0.690 (0.711)	Data 0.000 (0.003)	Loss 1.6701 (1.6279)	Acc@1 63.281 (61.574)	Acc@5 82.812 (83.120)
Epoch: [19][2000/5005]	Time 0.712 (0.711)	Data 0.000 (0.002)	Loss 1.5346 (1.6272)	Acc@1 63.672 (61.577)	Acc@5 84.375 (83.123)
Epoch: [19][2500/5005]	Time 0.710 (0.711)	Data 0.000 (0.002)	Loss 1.4633 (1.6278)	Acc@1 63.672 (61.558)	Acc@5 83.984 (83.130)
Epoch: [19][3000/5005]	Time 0.693 (0.711)	Data 0.000 (0.002)	Loss 1.5769 (1.6268)	Acc@1 59.766 (61.597)	Acc@5 82.812 (83.146)
Epoch: [19][3500/5005]	Time 0.716 (0.710)	Data 0.000 (0.002)	Loss 1.5156 (1.6260)	Acc@1 65.234 (61.599)	Acc@5 84.375 (83.170)
Epoch: [19][4000/5005]	Time 0.716 (0.710)	Data 0.000 (0.002)	Loss 1.5960 (1.6257)	Acc@1 62.891 (61.622)	Acc@5 83.203 (83.155)
Epoch: [19][4500/5005]	Time 0.710 (0.710)	Data 0.000 (0.002)	Loss 1.4517 (1.6260)	Acc@1 68.359 (61.603)	Acc@5 84.766 (83.151)
Epoch: [19][5000/5005]	Time 0.721 (0.710)	Data 0.000 (0.002)	Loss 1.7676 (1.6262)	Acc@1 60.156 (61.608)	Acc@5 80.859 (83.147)
Test: [0/196]	Time 3.094 (3.094)	Loss 0.6409 (0.6409)	Acc@1 83.203 (83.203)	Acc@5 96.875 (96.875)
 * Acc@1 69.086 Acc@5 89.132
weight information for regulizer based pretrain
[tensor(0.0006, device='cuda:0'), tensor(0.0013, device='cuda:0'), tensor(0.0147, device='cuda:0')] [tensor(8.7245e-06, device='cuda:0'), tensor(4.3120e-05, device='cuda:0'), tensor(0.0001, device='cuda:0')]
Epoch: [20][0/5005]	Time 2.462 (2.462)	Data 2.226 (2.226)	Loss 1.5250 (1.5250)	Acc@1 62.109 (62.109)	Acc@5 83.984 (83.984)
Epoch: [20][500/5005]	Time 0.713 (0.712)	Data 0.000 (0.006)	Loss 1.7578 (1.6300)	Acc@1 60.547 (61.481)	Acc@5 82.031 (83.155)
Epoch: [20][1000/5005]	Time 0.708 (0.711)	Data 0.000 (0.003)	Loss 1.4915 (1.6280)	Acc@1 62.500 (61.488)	Acc@5 85.156 (83.180)
Epoch: [20][1500/5005]	Time 0.710 (0.711)	Data 0.000 (0.003)	Loss 1.4787 (1.6288)	Acc@1 64.844 (61.487)	Acc@5 85.938 (83.161)
Epoch: [20][2000/5005]	Time 0.710 (0.710)	Data 0.000 (0.002)	Loss 1.6036 (1.6261)	Acc@1 65.625 (61.569)	Acc@5 83.594 (83.182)
Epoch: [20][2500/5005]	Time 0.690 (0.710)	Data 0.000 (0.002)	Loss 1.6348 (1.6272)	Acc@1 64.453 (61.575)	Acc@5 82.422 (83.188)
Epoch: [20][3000/5005]	Time 0.715 (0.710)	Data 0.000 (0.002)	Loss 1.5827 (1.6283)	Acc@1 61.328 (61.547)	Acc@5 83.984 (83.155)
Epoch: [20][3500/5005]	Time 0.711 (0.710)	Data 0.000 (0.002)	Loss 1.6886 (1.6276)	Acc@1 59.375 (61.564)	Acc@5 81.641 (83.151)
Epoch: [20][4000/5005]	Time 0.713 (0.710)	Data 0.000 (0.002)	Loss 1.6861 (1.6277)	Acc@1 61.328 (61.557)	Acc@5 81.641 (83.152)
Epoch: [20][4500/5005]	Time 0.745 (0.710)	Data 0.000 (0.002)	Loss 1.5367 (1.6274)	Acc@1 63.672 (61.562)	Acc@5 84.375 (83.151)
Epoch: [20][5000/5005]	Time 0.712 (0.710)	Data 0.000 (0.002)	Loss 1.6323 (1.6274)	Acc@1 59.766 (61.578)	Acc@5 82.422 (83.154)
Test: [0/196]	Time 3.013 (3.013)	Loss 0.6412 (0.6412)	Acc@1 83.203 (83.203)	Acc@5 96.875 (96.875)
 * Acc@1 69.080 Acc@5 89.134
weight information for regulizer based pretrain
[tensor(0.0006, device='cuda:0'), tensor(0.0013, device='cuda:0'), tensor(0.0147, device='cuda:0')] [tensor(8.7282e-06, device='cuda:0'), tensor(4.3148e-05, device='cuda:0'), tensor(0.0001, device='cuda:0')]
Epoch: [21][0/5005]	Time 2.422 (2.422)	Data 2.144 (2.144)	Loss 1.5628 (1.5628)	Acc@1 64.062 (64.062)	Acc@5 82.422 (82.422)
Epoch: [21][500/5005]	Time 0.685 (0.712)	Data 0.000 (0.005)	Loss 1.7557 (1.6352)	Acc@1 59.766 (61.433)	Acc@5 80.469 (82.987)
Epoch: [21][1000/5005]	Time 0.713 (0.712)	Data 0.000 (0.003)	Loss 1.6058 (1.6257)	Acc@1 59.766 (61.570)	Acc@5 85.547 (83.146)
Epoch: [21][1500/5005]	Time 0.717 (0.711)	Data 0.000 (0.003)	Loss 1.7127 (1.6274)	Acc@1 61.719 (61.532)	Acc@5 83.203 (83.145)
Epoch: [21][2000/5005]	Time 0.732 (0.711)	Data 0.000 (0.002)	Loss 1.5499 (1.6285)	Acc@1 62.891 (61.523)	Acc@5 82.812 (83.130)
Epoch: [21][2500/5005]	Time 0.710 (0.710)	Data 0.000 (0.002)	Loss 1.7728 (1.6291)	Acc@1 59.375 (61.534)	Acc@5 82.031 (83.094)
Epoch: [21][3000/5005]	Time 0.691 (0.709)	Data 0.000 (0.002)	Loss 1.4247 (1.6272)	Acc@1 66.797 (61.585)	Acc@5 87.891 (83.116)
Epoch: [21][3500/5005]	Time 0.709 (0.709)	Data 0.000 (0.002)	Loss 1.5355 (1.6264)	Acc@1 67.578 (61.599)	Acc@5 84.375 (83.146)
Epoch: [21][4000/5005]	Time 0.688 (0.709)	Data 0.000 (0.002)	Loss 1.7259 (1.6265)	Acc@1 58.984 (61.614)	Acc@5 82.812 (83.151)
Epoch: [21][4500/5005]	Time 0.706 (0.709)	Data 0.000 (0.002)	Loss 1.5269 (1.6259)	Acc@1 62.500 (61.622)	Acc@5 84.375 (83.167)
Epoch: [21][5000/5005]	Time 0.687 (0.708)	Data 0.000 (0.002)	Loss 1.4871 (1.6265)	Acc@1 63.672 (61.619)	Acc@5 85.156 (83.164)
Test: [0/196]	Time 3.025 (3.025)	Loss 0.6413 (0.6413)	Acc@1 83.203 (83.203)	Acc@5 96.875 (96.875)
 * Acc@1 69.080 Acc@5 89.130
weight information for regulizer based pretrain
[tensor(0.0006, device='cuda:0'), tensor(0.0013, device='cuda:0'), tensor(0.0147, device='cuda:0')] [tensor(8.7319e-06, device='cuda:0'), tensor(4.3176e-05, device='cuda:0'), tensor(0.0001, device='cuda:0')]
Epoch: [22][0/5005]	Time 2.847 (2.847)	Data 2.617 (2.617)	Loss 1.7369 (1.7369)	Acc@1 59.375 (59.375)	Acc@5 81.250 (81.250)
Epoch: [22][500/5005]	Time 0.713 (0.711)	Data 0.000 (0.006)	Loss 1.7853 (1.6296)	Acc@1 61.328 (61.635)	Acc@5 78.906 (83.184)
Epoch: [22][1000/5005]	Time 0.718 (0.711)	Data 0.000 (0.004)	Loss 1.7063 (1.6308)	Acc@1 57.812 (61.590)	Acc@5 80.469 (83.111)
Epoch: [22][1500/5005]	Time 0.720 (0.711)	Data 0.000 (0.003)	Loss 1.4666 (1.6297)	Acc@1 65.234 (61.600)	Acc@5 83.594 (83.097)
Epoch: [22][2000/5005]	Time 0.718 (0.711)	Data 0.000 (0.003)	Loss 1.7822 (1.6282)	Acc@1 55.859 (61.630)	Acc@5 80.469 (83.120)
Epoch: [22][2500/5005]	Time 0.717 (0.711)	Data 0.000 (0.002)	Loss 1.5936 (1.6270)	Acc@1 64.453 (61.619)	Acc@5 82.812 (83.154)
Epoch: [22][3000/5005]	Time 0.708 (0.711)	Data 0.000 (0.002)	Loss 1.5868 (1.6266)	Acc@1 64.453 (61.597)	Acc@5 82.031 (83.159)
Epoch: [22][3500/5005]	Time 0.715 (0.710)	Data 0.000 (0.002)	Loss 1.6620 (1.6258)	Acc@1 58.594 (61.600)	Acc@5 82.812 (83.175)
Epoch: [22][4000/5005]	Time 0.687 (0.710)	Data 0.000 (0.002)	Loss 1.4870 (1.6256)	Acc@1 64.844 (61.608)	Acc@5 84.766 (83.177)
Epoch: [22][4500/5005]	Time 0.712 (0.709)	Data 0.000 (0.002)	Loss 1.5720 (1.6259)	Acc@1 62.109 (61.611)	Acc@5 85.938 (83.185)
Epoch: [22][5000/5005]	Time 0.713 (0.709)	Data 0.000 (0.002)	Loss 1.5448 (1.6257)	Acc@1 62.500 (61.644)	Acc@5 83.984 (83.185)
Test: [0/196]	Time 3.089 (3.089)	Loss 0.6415 (0.6415)	Acc@1 83.203 (83.203)	Acc@5 96.484 (96.484)
 * Acc@1 69.088 Acc@5 89.124
weight information for regulizer based pretrain
[tensor(0.0006, device='cuda:0'), tensor(0.0013, device='cuda:0'), tensor(0.0147, device='cuda:0')] [tensor(8.7356e-06, device='cuda:0'), tensor(4.3204e-05, device='cuda:0'), tensor(0.0001, device='cuda:0')]
Epoch: [23][0/5005]	Time 2.474 (2.474)	Data 2.199 (2.199)	Loss 1.6105 (1.6105)	Acc@1 61.328 (61.328)	Acc@5 83.203 (83.203)
Epoch: [23][500/5005]	Time 0.710 (0.710)	Data 0.000 (0.006)	Loss 1.5616 (1.6206)	Acc@1 60.938 (61.794)	Acc@5 83.984 (83.269)
Epoch: [23][1000/5005]	Time 0.721 (0.710)	Data 0.000 (0.003)	Loss 1.5801 (1.6220)	Acc@1 64.453 (61.738)	Acc@5 85.938 (83.284)
Epoch: [23][1500/5005]	Time 0.713 (0.710)	Data 0.000 (0.003)	Loss 1.6418 (1.6225)	Acc@1 59.766 (61.701)	Acc@5 85.938 (83.275)
Epoch: [23][2000/5005]	Time 0.693 (0.709)	Data 0.000 (0.002)	Loss 1.7711 (1.6223)	Acc@1 55.859 (61.690)	Acc@5 80.859 (83.257)
Epoch: [23][2500/5005]	Time 0.713 (0.709)	Data 0.000 (0.002)	Loss 1.6877 (1.6241)	Acc@1 58.594 (61.667)	Acc@5 83.203 (83.235)
Epoch: [23][3000/5005]	Time 0.710 (0.709)	Data 0.000 (0.002)	Loss 1.6069 (1.6242)	Acc@1 62.891 (61.689)	Acc@5 83.594 (83.223)
Epoch: [23][3500/5005]	Time 0.714 (0.709)	Data 0.000 (0.002)	Loss 1.5568 (1.6257)	Acc@1 60.156 (61.638)	Acc@5 81.641 (83.198)
Epoch: [23][4000/5005]	Time 0.695 (0.709)	Data 0.000 (0.002)	Loss 1.6629 (1.6273)	Acc@1 58.984 (61.639)	Acc@5 82.031 (83.175)
Epoch: [23][4500/5005]	Time 0.714 (0.709)	Data 0.000 (0.002)	Loss 1.6080 (1.6268)	Acc@1 60.938 (61.644)	Acc@5 85.156 (83.186)
Epoch: [23][5000/5005]	Time 0.715 (0.709)	Data 0.000 (0.002)	Loss 1.5495 (1.6257)	Acc@1 64.062 (61.677)	Acc@5 86.719 (83.200)
Test: [0/196]	Time 3.279 (3.279)	Loss 0.6420 (0.6420)	Acc@1 83.203 (83.203)	Acc@5 96.484 (96.484)
 * Acc@1 69.088 Acc@5 89.128
weight information for regulizer based pretrain
[tensor(0.0006, device='cuda:0'), tensor(0.0013, device='cuda:0'), tensor(0.0147, device='cuda:0')] [tensor(8.7393e-06, device='cuda:0'), tensor(4.3232e-05, device='cuda:0'), tensor(0.0001, device='cuda:0')]
Epoch: [24][0/5005]	Time 2.442 (2.442)	Data 2.206 (2.206)	Loss 1.6623 (1.6623)	Acc@1 60.156 (60.156)	Acc@5 80.859 (80.859)
Epoch: [24][500/5005]	Time 0.712 (0.712)	Data 0.000 (0.006)	Loss 1.7549 (1.6233)	Acc@1 60.156 (61.647)	Acc@5 82.812 (83.221)
Epoch: [24][1000/5005]	Time 0.715 (0.713)	Data 0.000 (0.003)	Loss 1.8789 (1.6308)	Acc@1 53.906 (61.518)	Acc@5 76.562 (83.021)
Epoch: [24][1500/5005]	Time 0.690 (0.712)	Data 0.000 (0.003)	Loss 1.6837 (1.6281)	Acc@1 60.547 (61.574)	Acc@5 83.203 (83.083)
Epoch: [24][2000/5005]	Time 0.714 (0.711)	Data 0.000 (0.002)	Loss 1.6605 (1.6283)	Acc@1 60.938 (61.594)	Acc@5 83.984 (83.089)
Epoch: [24][2500/5005]	Time 0.714 (0.711)	Data 0.000 (0.002)	Loss 1.7398 (1.6281)	Acc@1 60.156 (61.621)	Acc@5 79.297 (83.086)
Epoch: [24][3000/5005]	Time 0.691 (0.710)	Data 0.000 (0.002)	Loss 1.7333 (1.6278)	Acc@1 59.375 (61.623)	Acc@5 82.422 (83.095)
Epoch: [24][3500/5005]	Time 0.723 (0.710)	Data 0.000 (0.002)	Loss 1.4861 (1.6261)	Acc@1 64.844 (61.654)	Acc@5 84.375 (83.140)
Epoch: [24][4000/5005]	Time 0.709 (0.709)	Data 0.000 (0.002)	Loss 1.4898 (1.6266)	Acc@1 64.844 (61.645)	Acc@5 83.984 (83.134)
Epoch: [24][4500/5005]	Time 0.690 (0.709)	Data 0.000 (0.002)	Loss 1.5843 (1.6266)	Acc@1 64.844 (61.656)	Acc@5 82.422 (83.134)
Epoch: [24][5000/5005]	Time 0.691 (0.709)	Data 0.000 (0.002)	Loss 1.7313 (1.6271)	Acc@1 61.719 (61.640)	Acc@5 81.250 (83.121)
Test: [0/196]	Time 3.226 (3.226)	Loss 0.6421 (0.6421)	Acc@1 83.203 (83.203)	Acc@5 96.484 (96.484)
 * Acc@1 69.094 Acc@5 89.130
weight information for regulizer based pretrain
[tensor(0.0006, device='cuda:0'), tensor(0.0013, device='cuda:0'), tensor(0.0147, device='cuda:0')] [tensor(8.7429e-06, device='cuda:0'), tensor(4.3259e-05, device='cuda:0'), tensor(0.0001, device='cuda:0')]
Epoch: [25][0/5005]	Time 2.415 (2.415)	Data 2.136 (2.136)	Loss 1.7415 (1.7415)	Acc@1 57.031 (57.031)	Acc@5 80.469 (80.469)
Epoch: [25][500/5005]	Time 0.700 (0.710)	Data 0.000 (0.005)	Loss 1.4127 (1.6379)	Acc@1 65.234 (61.428)	Acc@5 87.500 (82.994)
Epoch: [25][1000/5005]	Time 0.710 (0.711)	Data 0.000 (0.003)	Loss 1.6406 (1.6257)	Acc@1 64.844 (61.629)	Acc@5 82.031 (83.198)
Epoch: [25][1500/5005]	Time 0.697 (0.710)	Data 0.000 (0.003)	Loss 1.6331 (1.6300)	Acc@1 62.500 (61.548)	Acc@5 83.203 (83.104)
Epoch: [25][2000/5005]	Time 0.690 (0.710)	Data 0.000 (0.002)	Loss 1.7814 (1.6297)	Acc@1 57.812 (61.548)	Acc@5 80.078 (83.111)
Epoch: [25][2500/5005]	Time 0.713 (0.710)	Data 0.000 (0.002)	Loss 1.6251 (1.6283)	Acc@1 59.766 (61.563)	Acc@5 81.250 (83.117)
Epoch: [25][3000/5005]	Time 0.714 (0.710)	Data 0.000 (0.002)	Loss 1.6873 (1.6287)	Acc@1 62.891 (61.557)	Acc@5 81.250 (83.113)
Epoch: [25][3500/5005]	Time 0.694 (0.710)	Data 0.000 (0.002)	Loss 1.7369 (1.6275)	Acc@1 61.719 (61.584)	Acc@5 83.203 (83.136)
Epoch: [25][4000/5005]	Time 0.720 (0.710)	Data 0.000 (0.002)	Loss 1.6745 (1.6272)	Acc@1 59.766 (61.588)	Acc@5 83.203 (83.149)
Epoch: [25][4500/5005]	Time 0.708 (0.709)	Data 0.000 (0.002)	Loss 1.5375 (1.6265)	Acc@1 63.281 (61.616)	Acc@5 85.156 (83.165)
Epoch: [25][5000/5005]	Time 0.716 (0.709)	Data 0.000 (0.002)	Loss 1.6534 (1.6266)	Acc@1 62.500 (61.624)	Acc@5 82.031 (83.176)
Test: [0/196]	Time 3.272 (3.272)	Loss 0.6419 (0.6419)	Acc@1 83.203 (83.203)	Acc@5 96.875 (96.875)
 * Acc@1 69.104 Acc@5 89.124
weight information for regulizer based pretrain
[tensor(0.0006, device='cuda:0'), tensor(0.0013, device='cuda:0'), tensor(0.0147, device='cuda:0')] [tensor(8.7465e-06, device='cuda:0'), tensor(4.3286e-05, device='cuda:0'), tensor(0.0001, device='cuda:0')]
Epoch: [26][0/5005]	Time 2.720 (2.720)	Data 2.486 (2.486)	Loss 1.5760 (1.5760)	Acc@1 62.891 (62.891)	Acc@5 83.984 (83.984)
Epoch: [26][500/5005]	Time 0.701 (0.710)	Data 0.000 (0.006)	Loss 1.5592 (1.6276)	Acc@1 62.500 (61.702)	Acc@5 84.766 (83.135)
Epoch: [26][1000/5005]	Time 0.753 (0.710)	Data 0.000 (0.004)	Loss 1.7155 (1.6267)	Acc@1 60.156 (61.625)	Acc@5 81.250 (83.159)
Epoch: [26][1500/5005]	Time 0.719 (0.709)	Data 0.000 (0.003)	Loss 1.7158 (1.6282)	Acc@1 57.812 (61.598)	Acc@5 79.688 (83.120)
Epoch: [26][2000/5005]	Time 0.716 (0.709)	Data 0.000 (0.002)	Loss 1.5981 (1.6280)	Acc@1 60.547 (61.604)	Acc@5 84.766 (83.127)
Epoch: [26][2500/5005]	Time 0.716 (0.709)	Data 0.000 (0.002)	Loss 1.3846 (1.6265)	Acc@1 63.672 (61.625)	Acc@5 86.328 (83.151)
Epoch: [26][3000/5005]	Time 0.693 (0.709)	Data 0.000 (0.002)	Loss 1.4971 (1.6266)	Acc@1 65.234 (61.638)	Acc@5 85.547 (83.153)
Epoch: [26][3500/5005]	Time 0.710 (0.709)	Data 0.000 (0.002)	Loss 1.6349 (1.6247)	Acc@1 62.891 (61.670)	Acc@5 84.766 (83.172)
Epoch: [26][4000/5005]	Time 0.712 (0.709)	Data 0.000 (0.002)	Loss 1.6277 (1.6252)	Acc@1 59.766 (61.676)	Acc@5 83.984 (83.146)
Epoch: [26][4500/5005]	Time 0.716 (0.709)	Data 0.000 (0.002)	Loss 1.5408 (1.6267)	Acc@1 60.156 (61.655)	Acc@5 85.547 (83.108)
Epoch: [26][5000/5005]	Time 0.707 (0.709)	Data 0.000 (0.002)	Loss 1.6796 (1.6269)	Acc@1 60.156 (61.644)	Acc@5 82.812 (83.109)
Test: [0/196]	Time 3.268 (3.268)	Loss 0.6418 (0.6418)	Acc@1 83.203 (83.203)	Acc@5 96.875 (96.875)
 * Acc@1 69.092 Acc@5 89.128
weight information for regulizer based pretrain
[tensor(0.0006, device='cuda:0'), tensor(0.0013, device='cuda:0'), tensor(0.0147, device='cuda:0')] [tensor(8.7502e-06, device='cuda:0'), tensor(4.3314e-05, device='cuda:0'), tensor(0.0001, device='cuda:0')]
Epoch: [27][0/5005]	Time 2.501 (2.501)	Data 2.267 (2.267)	Loss 1.6386 (1.6386)	Acc@1 58.984 (58.984)	Acc@5 82.812 (82.812)
Epoch: [27][500/5005]	Time 0.702 (0.711)	Data 0.000 (0.006)	Loss 1.7671 (1.6093)	Acc@1 61.328 (62.010)	Acc@5 83.203 (83.392)
Epoch: [27][1000/5005]	Time 0.719 (0.710)	Data 0.000 (0.003)	Loss 1.7264 (1.6199)	Acc@1 57.812 (61.800)	Acc@5 83.203 (83.246)
Epoch: [27][1500/5005]	Time 0.719 (0.710)	Data 0.000 (0.003)	Loss 1.5876 (1.6226)	Acc@1 62.891 (61.739)	Acc@5 85.156 (83.179)
Epoch: [27][2000/5005]	Time 0.692 (0.710)	Data 0.000 (0.002)	Loss 1.3849 (1.6250)	Acc@1 64.844 (61.729)	Acc@5 85.156 (83.150)
Epoch: [27][2500/5005]	Time 0.688 (0.709)	Data 0.000 (0.002)	Loss 1.4924 (1.6276)	Acc@1 66.406 (61.629)	Acc@5 85.938 (83.103)
Epoch: [27][3000/5005]	Time 0.686 (0.709)	Data 0.000 (0.002)	Loss 1.7391 (1.6272)	Acc@1 55.469 (61.613)	Acc@5 82.031 (83.118)
Epoch: [27][3500/5005]	Time 0.712 (0.709)	Data 0.000 (0.002)	Loss 1.5675 (1.6271)	Acc@1 60.547 (61.613)	Acc@5 86.719 (83.126)
Epoch: [27][4000/5005]	Time 0.717 (0.709)	Data 0.000 (0.002)	Loss 1.5355 (1.6275)	Acc@1 64.453 (61.606)	Acc@5 85.156 (83.114)
Epoch: [27][4500/5005]	Time 0.713 (0.708)	Data 0.000 (0.002)	Loss 1.6679 (1.6270)	Acc@1 62.500 (61.621)	Acc@5 86.328 (83.117)
Epoch: [27][5000/5005]	Time 0.692 (0.708)	Data 0.000 (0.002)	Loss 1.7729 (1.6267)	Acc@1 59.375 (61.614)	Acc@5 80.078 (83.130)
Test: [0/196]	Time 3.173 (3.173)	Loss 0.6418 (0.6418)	Acc@1 83.203 (83.203)	Acc@5 96.875 (96.875)
 * Acc@1 69.088 Acc@5 89.130
weight information for regulizer based pretrain
[tensor(0.0006, device='cuda:0'), tensor(0.0013, device='cuda:0'), tensor(0.0147, device='cuda:0')] [tensor(8.7537e-06, device='cuda:0'), tensor(4.3341e-05, device='cuda:0'), tensor(0.0001, device='cuda:0')]
Epoch: [28][0/5005]	Time 2.624 (2.624)	Data 2.382 (2.382)	Loss 1.5130 (1.5130)	Acc@1 63.281 (63.281)	Acc@5 84.766 (84.766)
Epoch: [28][500/5005]	Time 0.714 (0.713)	Data 0.000 (0.006)	Loss 1.8860 (1.6340)	Acc@1 59.375 (61.530)	Acc@5 80.078 (82.974)
Epoch: [28][1000/5005]	Time 0.742 (0.712)	Data 0.000 (0.004)	Loss 1.7367 (1.6308)	Acc@1 60.938 (61.609)	Acc@5 80.469 (83.036)
Epoch: [28][1500/5005]	Time 0.717 (0.711)	Data 0.000 (0.003)	Loss 1.4085 (1.6288)	Acc@1 67.578 (61.581)	Acc@5 85.938 (83.064)
Epoch: [28][2000/5005]	Time 0.714 (0.711)	Data 0.000 (0.002)	Loss 1.4910 (1.6281)	Acc@1 65.234 (61.630)	Acc@5 83.984 (83.110)
Epoch: [28][2500/5005]	Time 0.709 (0.710)	Data 0.000 (0.002)	Loss 1.6661 (1.6275)	Acc@1 62.109 (61.639)	Acc@5 83.203 (83.112)
Epoch: [28][3000/5005]	Time 0.717 (0.710)	Data 0.000 (0.002)	Loss 1.6351 (1.6276)	Acc@1 60.938 (61.630)	Acc@5 80.469 (83.123)
Epoch: [28][3500/5005]	Time 0.720 (0.710)	Data 0.000 (0.002)	Loss 1.4770 (1.6279)	Acc@1 64.453 (61.626)	Acc@5 86.719 (83.101)
Epoch: [28][4000/5005]	Time 0.742 (0.710)	Data 0.000 (0.002)	Loss 1.7250 (1.6271)	Acc@1 60.938 (61.619)	Acc@5 82.031 (83.117)
Epoch: [28][4500/5005]	Time 0.687 (0.709)	Data 0.000 (0.002)	Loss 1.5668 (1.6274)	Acc@1 64.453 (61.605)	Acc@5 85.156 (83.125)
Epoch: [28][5000/5005]	Time 0.714 (0.709)	Data 0.000 (0.002)	Loss 1.4610 (1.6269)	Acc@1 62.109 (61.616)	Acc@5 86.719 (83.136)
Test: [0/196]	Time 3.161 (3.161)	Loss 0.6415 (0.6415)	Acc@1 83.203 (83.203)	Acc@5 96.875 (96.875)
 * Acc@1 69.102 Acc@5 89.122
weight information for regulizer based pretrain
[tensor(0.0006, device='cuda:0'), tensor(0.0013, device='cuda:0'), tensor(0.0147, device='cuda:0')] [tensor(8.7574e-06, device='cuda:0'), tensor(4.3368e-05, device='cuda:0'), tensor(0.0001, device='cuda:0')]
Epoch: [29][0/5005]	Time 2.490 (2.490)	Data 2.248 (2.248)	Loss 1.5614 (1.5614)	Acc@1 65.234 (65.234)	Acc@5 83.984 (83.984)
Epoch: [29][500/5005]	Time 0.733 (0.710)	Data 0.000 (0.006)	Loss 1.4649 (1.6215)	Acc@1 65.234 (61.800)	Acc@5 84.375 (83.248)
Epoch: [29][1000/5005]	Time 0.714 (0.709)	Data 0.000 (0.003)	Loss 1.5449 (1.6237)	Acc@1 64.062 (61.708)	Acc@5 84.375 (83.219)
Epoch: [29][1500/5005]	Time 0.724 (0.709)	Data 0.000 (0.003)	Loss 1.5035 (1.6251)	Acc@1 65.234 (61.684)	Acc@5 84.766 (83.178)
Epoch: [29][2000/5005]	Time 0.684 (0.710)	Data 0.000 (0.002)	Loss 1.4974 (1.6261)	Acc@1 66.406 (61.654)	Acc@5 82.812 (83.139)
Epoch: [29][2500/5005]	Time 0.709 (0.710)	Data 0.000 (0.002)	Loss 1.5704 (1.6248)	Acc@1 64.062 (61.650)	Acc@5 83.594 (83.183)
Epoch: [29][3000/5005]	Time 0.712 (0.710)	Data 0.000 (0.002)	Loss 1.7174 (1.6254)	Acc@1 60.156 (61.634)	Acc@5 83.984 (83.176)
Epoch: [29][3500/5005]	Time 0.719 (0.709)	Data 0.000 (0.002)	Loss 1.7817 (1.6247)	Acc@1 54.297 (61.641)	Acc@5 81.250 (83.186)
Epoch: [29][4000/5005]	Time 0.710 (0.709)	Data 0.000 (0.002)	Loss 1.6189 (1.6253)	Acc@1 63.672 (61.637)	Acc@5 83.594 (83.178)
Epoch: [29][4500/5005]	Time 0.706 (0.710)	Data 0.000 (0.002)	Loss 1.7146 (1.6242)	Acc@1 60.547 (61.658)	Acc@5 83.203 (83.202)
Epoch: [29][5000/5005]	Time 0.692 (0.710)	Data 0.000 (0.002)	Loss 1.3493 (1.6245)	Acc@1 64.453 (61.665)	Acc@5 87.500 (83.196)
Test: [0/196]	Time 3.030 (3.030)	Loss 0.6415 (0.6415)	Acc@1 83.203 (83.203)	Acc@5 96.875 (96.875)
 * Acc@1 69.096 Acc@5 89.116
weight information for regulizer based pretrain
[tensor(0.0006, device='cuda:0'), tensor(0.0013, device='cuda:0'), tensor(0.0147, device='cuda:0')] [tensor(8.7610e-06, device='cuda:0'), tensor(4.3396e-05, device='cuda:0'), tensor(0.0001, device='cuda:0')]
Epoch: [30][0/5005]	Time 2.388 (2.388)	Data 2.160 (2.160)	Loss 1.5221 (1.5221)	Acc@1 64.062 (64.062)	Acc@5 87.500 (87.500)
Epoch: [30][500/5005]	Time 0.693 (0.713)	Data 0.000 (0.006)	Loss 1.6645 (1.6173)	Acc@1 61.719 (61.893)	Acc@5 81.250 (83.318)
Epoch: [30][1000/5005]	Time 0.733 (0.712)	Data 0.000 (0.003)	Loss 1.6866 (1.6170)	Acc@1 64.062 (61.881)	Acc@5 83.984 (83.284)
Epoch: [30][1500/5005]	Time 0.722 (0.712)	Data 0.000 (0.003)	Loss 1.8292 (1.6195)	Acc@1 54.688 (61.777)	Acc@5 79.297 (83.236)
Epoch: [30][2000/5005]	Time 0.711 (0.712)	Data 0.000 (0.002)	Loss 1.5239 (1.6198)	Acc@1 64.062 (61.785)	Acc@5 87.500 (83.239)
Epoch: [30][2500/5005]	Time 0.720 (0.712)	Data 0.000 (0.002)	Loss 1.8399 (1.6221)	Acc@1 57.031 (61.721)	Acc@5 77.734 (83.201)
Epoch: [30][3000/5005]	Time 0.713 (0.712)	Data 0.000 (0.002)	Loss 1.6804 (1.6235)	Acc@1 60.547 (61.719)	Acc@5 82.422 (83.166)
Epoch: [30][3500/5005]	Time 0.730 (0.712)	Data 0.000 (0.002)	Loss 1.5792 (1.6247)	Acc@1 64.062 (61.726)	Acc@5 83.203 (83.150)
Epoch: [30][4000/5005]	Time 0.712 (0.712)	Data 0.000 (0.002)	Loss 1.7579 (1.6239)	Acc@1 57.422 (61.731)	Acc@5 80.859 (83.175)
Epoch: [30][4500/5005]	Time 0.717 (0.712)	Data 0.000 (0.002)	Loss 1.7733 (1.6244)	Acc@1 60.938 (61.699)	Acc@5 83.984 (83.168)
Epoch: [30][5000/5005]	Time 0.714 (0.712)	Data 0.000 (0.002)	Loss 1.6887 (1.6252)	Acc@1 60.547 (61.683)	Acc@5 81.250 (83.141)
Test: [0/196]	Time 3.213 (3.213)	Loss 0.6414 (0.6414)	Acc@1 83.203 (83.203)	Acc@5 96.875 (96.875)
 * Acc@1 69.092 Acc@5 89.120
weight information for regulizer based pretrain
[tensor(0.0006, device='cuda:0'), tensor(0.0013, device='cuda:0'), tensor(0.0147, device='cuda:0')] [tensor(8.7628e-06, device='cuda:0'), tensor(4.3409e-05, device='cuda:0'), tensor(0.0001, device='cuda:0')]
Epoch: [31][0/5005]	Time 2.484 (2.484)	Data 2.207 (2.207)	Loss 1.6926 (1.6926)	Acc@1 55.859 (55.859)	Acc@5 82.812 (82.812)
Epoch: [31][500/5005]	Time 0.730 (0.714)	Data 0.000 (0.006)	Loss 1.5858 (1.6206)	Acc@1 61.719 (61.679)	Acc@5 83.594 (83.166)
Epoch: [31][1000/5005]	Time 0.695 (0.712)	Data 0.000 (0.003)	Loss 1.4696 (1.6294)	Acc@1 66.016 (61.533)	Acc@5 83.984 (83.005)
Epoch: [31][1500/5005]	Time 0.735 (0.711)	Data 0.000 (0.003)	Loss 1.5235 (1.6260)	Acc@1 63.672 (61.621)	Acc@5 87.109 (83.103)
Epoch: [31][2000/5005]	Time 0.695 (0.710)	Data 0.000 (0.002)	Loss 1.5707 (1.6271)	Acc@1 64.453 (61.632)	Acc@5 83.594 (83.109)
Epoch: [31][2500/5005]	Time 0.739 (0.710)	Data 0.000 (0.002)	Loss 1.7484 (1.6243)	Acc@1 60.156 (61.671)	Acc@5 79.688 (83.164)
Epoch: [31][3000/5005]	Time 0.707 (0.709)	Data 0.000 (0.002)	Loss 1.7220 (1.6235)	Acc@1 60.156 (61.688)	Acc@5 79.688 (83.173)
Epoch: [31][3500/5005]	Time 0.709 (0.709)	Data 0.000 (0.002)	Loss 1.2898 (1.6233)	Acc@1 73.047 (61.684)	Acc@5 86.719 (83.175)
Epoch: [31][4000/5005]	Time 0.714 (0.709)	Data 0.000 (0.002)	Loss 1.6770 (1.6225)	Acc@1 62.109 (61.702)	Acc@5 82.812 (83.189)
Epoch: [31][4500/5005]	Time 0.688 (0.709)	Data 0.000 (0.002)	Loss 1.7075 (1.6232)	Acc@1 56.641 (61.679)	Acc@5 81.641 (83.179)
Epoch: [31][5000/5005]	Time 0.710 (0.708)	Data 0.000 (0.002)	Loss 1.5602 (1.6237)	Acc@1 65.234 (61.676)	Acc@5 80.859 (83.172)
Test: [0/196]	Time 3.312 (3.312)	Loss 0.6414 (0.6414)	Acc@1 83.203 (83.203)	Acc@5 96.875 (96.875)
 * Acc@1 69.088 Acc@5 89.120
weight information for regulizer based pretrain
[tensor(0.0006, device='cuda:0'), tensor(0.0013, device='cuda:0'), tensor(0.0147, device='cuda:0')] [tensor(8.7637e-06, device='cuda:0'), tensor(4.3416e-05, device='cuda:0'), tensor(0.0001, device='cuda:0')]
Epoch: [32][0/5005]	Time 2.309 (2.309)	Data 2.075 (2.075)	Loss 1.6632 (1.6632)	Acc@1 62.109 (62.109)	Acc@5 83.594 (83.594)
Epoch: [32][500/5005]	Time 0.709 (0.711)	Data 0.000 (0.005)	Loss 1.7975 (1.6253)	Acc@1 58.203 (61.507)	Acc@5 80.859 (83.156)
Epoch: [32][1000/5005]	Time 0.710 (0.711)	Data 0.000 (0.003)	Loss 1.5814 (1.6317)	Acc@1 61.328 (61.440)	Acc@5 83.594 (83.092)
Epoch: [32][1500/5005]	Time 0.710 (0.710)	Data 0.000 (0.003)	Loss 1.4055 (1.6284)	Acc@1 67.188 (61.499)	Acc@5 88.281 (83.154)
Epoch: [32][2000/5005]	Time 0.714 (0.710)	Data 0.000 (0.002)	Loss 1.6338 (1.6277)	Acc@1 64.453 (61.527)	Acc@5 83.203 (83.145)
Epoch: [32][2500/5005]	Time 0.708 (0.710)	Data 0.000 (0.002)	Loss 1.6485 (1.6287)	Acc@1 62.891 (61.532)	Acc@5 81.250 (83.122)
Epoch: [32][3000/5005]	Time 0.712 (0.710)	Data 0.000 (0.002)	Loss 1.7242 (1.6281)	Acc@1 60.547 (61.566)	Acc@5 78.906 (83.125)
Epoch: [32][3500/5005]	Time 0.713 (0.710)	Data 0.000 (0.002)	Loss 1.7972 (1.6286)	Acc@1 60.156 (61.572)	Acc@5 80.859 (83.103)
Epoch: [32][4000/5005]	Time 0.689 (0.709)	Data 0.000 (0.002)	Loss 1.4032 (1.6275)	Acc@1 65.625 (61.600)	Acc@5 87.500 (83.125)
Epoch: [32][4500/5005]	Time 0.707 (0.709)	Data 0.000 (0.002)	Loss 1.4521 (1.6280)	Acc@1 64.062 (61.597)	Acc@5 86.328 (83.101)
Epoch: [32][5000/5005]	Time 0.692 (0.709)	Data 0.000 (0.002)	Loss 1.6643 (1.6276)	Acc@1 62.891 (61.599)	Acc@5 83.203 (83.109)
Test: [0/196]	Time 3.059 (3.059)	Loss 0.6414 (0.6414)	Acc@1 83.203 (83.203)	Acc@5 96.875 (96.875)
 * Acc@1 69.090 Acc@5 89.122
weight information for regulizer based pretrain
[tensor(0.0006, device='cuda:0'), tensor(0.0013, device='cuda:0'), tensor(0.0147, device='cuda:0')] [tensor(8.7642e-06, device='cuda:0'), tensor(4.3420e-05, device='cuda:0'), tensor(0.0001, device='cuda:0')]
Epoch: [33][0/5005]	Time 2.439 (2.439)	Data 2.203 (2.203)	Loss 1.7982 (1.7982)	Acc@1 52.734 (52.734)	Acc@5 79.688 (79.688)
Epoch: [33][500/5005]	Time 0.713 (0.710)	Data 0.000 (0.006)	Loss 1.5105 (1.6266)	Acc@1 65.234 (61.719)	Acc@5 85.938 (83.179)
Epoch: [33][1000/5005]	Time 0.720 (0.710)	Data 0.000 (0.003)	Loss 1.5780 (1.6286)	Acc@1 61.719 (61.688)	Acc@5 83.984 (83.119)
Epoch: [33][1500/5005]	Time 0.712 (0.710)	Data 0.000 (0.003)	Loss 1.5001 (1.6299)	Acc@1 64.844 (61.617)	Acc@5 84.766 (83.117)
Epoch: [33][2000/5005]	Time 0.710 (0.710)	Data 0.000 (0.002)	Loss 1.8837 (1.6283)	Acc@1 53.516 (61.620)	Acc@5 79.297 (83.139)
Epoch: [33][2500/5005]	Time 0.713 (0.710)	Data 0.000 (0.002)	Loss 1.9430 (1.6288)	Acc@1 58.203 (61.610)	Acc@5 77.734 (83.136)
Epoch: [33][3000/5005]	Time 0.715 (0.710)	Data 0.000 (0.002)	Loss 1.6226 (1.6280)	Acc@1 61.719 (61.628)	Acc@5 83.203 (83.140)
Epoch: [33][3500/5005]	Time 0.716 (0.710)	Data 0.000 (0.002)	Loss 1.7865 (1.6259)	Acc@1 61.719 (61.664)	Acc@5 81.641 (83.168)
Epoch: [33][4000/5005]	Time 0.713 (0.710)	Data 0.000 (0.002)	Loss 1.5063 (1.6247)	Acc@1 58.984 (61.685)	Acc@5 88.281 (83.174)
Epoch: [33][4500/5005]	Time 0.711 (0.710)	Data 0.000 (0.002)	Loss 1.6516 (1.6242)	Acc@1 57.422 (61.698)	Acc@5 83.594 (83.188)
Epoch: [33][5000/5005]	Time 0.719 (0.710)	Data 0.000 (0.002)	Loss 1.7542 (1.6256)	Acc@1 57.031 (61.666)	Acc@5 81.641 (83.174)
Test: [0/196]	Time 3.124 (3.124)	Loss 0.6414 (0.6414)	Acc@1 83.203 (83.203)	Acc@5 96.875 (96.875)
 * Acc@1 69.090 Acc@5 89.124
weight information for regulizer based pretrain
[tensor(0.0006, device='cuda:0'), tensor(0.0013, device='cuda:0'), tensor(0.0147, device='cuda:0')] [tensor(8.7644e-06, device='cuda:0'), tensor(4.3421e-05, device='cuda:0'), tensor(0.0001, device='cuda:0')]
Epoch: [34][0/5005]	Time 2.640 (2.640)	Data 2.368 (2.368)	Loss 1.5112 (1.5112)	Acc@1 60.938 (60.938)	Acc@5 86.328 (86.328)
Epoch: [34][500/5005]	Time 0.714 (0.713)	Data 0.000 (0.006)	Loss 1.6266 (1.6236)	Acc@1 63.672 (61.741)	Acc@5 82.422 (83.132)
Epoch: [34][1000/5005]	Time 0.717 (0.711)	Data 0.000 (0.004)	Loss 1.6353 (1.6237)	Acc@1 63.672 (61.680)	Acc@5 81.641 (83.200)
Epoch: [34][1500/5005]	Time 0.692 (0.710)	Data 0.000 (0.003)	Loss 1.5923 (1.6233)	Acc@1 64.062 (61.656)	Acc@5 84.375 (83.194)
Epoch: [34][2000/5005]	Time 0.717 (0.710)	Data 0.000 (0.002)	Loss 1.6260 (1.6240)	Acc@1 60.156 (61.645)	Acc@5 84.766 (83.202)
Epoch: [34][2500/5005]	Time 0.738 (0.710)	Data 0.000 (0.002)	Loss 1.8052 (1.6239)	Acc@1 54.688 (61.657)	Acc@5 80.469 (83.203)
Epoch: [34][3000/5005]	Time 0.717 (0.710)	Data 0.000 (0.002)	Loss 1.5279 (1.6249)	Acc@1 64.844 (61.627)	Acc@5 86.328 (83.186)
Epoch: [34][3500/5005]	Time 0.720 (0.709)	Data 0.000 (0.002)	Loss 1.7222 (1.6253)	Acc@1 58.984 (61.619)	Acc@5 80.859 (83.198)
Epoch: [34][4000/5005]	Time 0.749 (0.710)	Data 0.000 (0.002)	Loss 1.5730 (1.6264)	Acc@1 64.453 (61.603)	Acc@5 80.469 (83.184)
Epoch: [34][4500/5005]	Time 0.713 (0.709)	Data 0.000 (0.002)	Loss 1.8288 (1.6257)	Acc@1 53.516 (61.632)	Acc@5 79.297 (83.194)
Epoch: [34][5000/5005]	Time 0.714 (0.709)	Data 0.000 (0.002)	Loss 1.5090 (1.6252)	Acc@1 63.281 (61.653)	Acc@5 85.547 (83.193)
Test: [0/196]	Time 3.303 (3.303)	Loss 0.6414 (0.6414)	Acc@1 83.203 (83.203)	Acc@5 96.875 (96.875)
 * Acc@1 69.090 Acc@5 89.124
weight information for regulizer based pretrain
[tensor(0.0006, device='cuda:0'), tensor(0.0013, device='cuda:0'), tensor(0.0147, device='cuda:0')] [tensor(8.7645e-06, device='cuda:0'), tensor(4.3422e-05, device='cuda:0'), tensor(0.0001, device='cuda:0')]
Epoch: [35][0/5005]	Time 2.594 (2.594)	Data 2.333 (2.333)	Loss 1.4096 (1.4096)	Acc@1 68.750 (68.750)	Acc@5 85.547 (85.547)
Epoch: [35][500/5005]	Time 0.757 (0.713)	Data 0.000 (0.006)	Loss 1.6037 (1.6286)	Acc@1 62.109 (61.467)	Acc@5 85.938 (83.138)
Epoch: [35][1000/5005]	Time 0.680 (0.712)	Data 0.000 (0.003)	Loss 1.7511 (1.6252)	Acc@1 58.984 (61.592)	Acc@5 84.766 (83.246)
Epoch: [35][1500/5005]	Time 0.713 (0.712)	Data 0.000 (0.003)	Loss 1.6972 (1.6292)	Acc@1 57.422 (61.565)	Acc@5 82.812 (83.166)
Epoch: [35][2000/5005]	Time 0.709 (0.712)	Data 0.000 (0.002)	Loss 1.6573 (1.6286)	Acc@1 63.281 (61.586)	Acc@5 80.469 (83.190)
Epoch: [35][2500/5005]	Time 0.694 (0.712)	Data 0.000 (0.002)	Loss 1.6256 (1.6271)	Acc@1 59.375 (61.599)	Acc@5 82.812 (83.191)
Epoch: [35][3000/5005]	Time 0.711 (0.711)	Data 0.000 (0.002)	Loss 1.5959 (1.6267)	Acc@1 62.891 (61.591)	Acc@5 83.984 (83.199)
Epoch: [35][3500/5005]	Time 0.713 (0.711)	Data 0.000 (0.002)	Loss 1.6696 (1.6253)	Acc@1 61.328 (61.631)	Acc@5 82.031 (83.213)
Epoch: [35][4000/5005]	Time 0.714 (0.711)	Data 0.000 (0.002)	Loss 1.7637 (1.6251)	Acc@1 61.719 (61.646)	Acc@5 81.641 (83.204)
Epoch: [35][4500/5005]	Time 0.713 (0.711)	Data 0.000 (0.002)	Loss 1.5400 (1.6249)	Acc@1 61.328 (61.665)	Acc@5 83.203 (83.185)
Epoch: [35][5000/5005]	Time 0.714 (0.710)	Data 0.000 (0.002)	Loss 1.6190 (1.6257)	Acc@1 62.500 (61.673)	Acc@5 81.250 (83.168)
Test: [0/196]	Time 3.297 (3.297)	Loss 0.6414 (0.6414)	Acc@1 83.203 (83.203)	Acc@5 96.875 (96.875)
 * Acc@1 69.090 Acc@5 89.124
weight information for regulizer based pretrain
[tensor(0.0006, device='cuda:0'), tensor(0.0013, device='cuda:0'), tensor(0.0147, device='cuda:0')] [tensor(8.7646e-06, device='cuda:0'), tensor(4.3423e-05, device='cuda:0'), tensor(0.0001, device='cuda:0')]
Epoch: [36][0/5005]	Time 2.661 (2.661)	Data 2.423 (2.423)	Loss 1.7306 (1.7306)	Acc@1 57.812 (57.812)	Acc@5 84.766 (84.766)
Epoch: [36][500/5005]	Time 0.719 (0.715)	Data 0.000 (0.006)	Loss 1.7362 (1.6179)	Acc@1 58.203 (61.765)	Acc@5 82.812 (83.219)
Epoch: [36][1000/5005]	Time 0.718 (0.711)	Data 0.000 (0.004)	Loss 1.7828 (1.6226)	Acc@1 58.203 (61.716)	Acc@5 82.812 (83.188)
Epoch: [36][1500/5005]	Time 0.711 (0.710)	Data 0.000 (0.003)	Loss 1.6048 (1.6259)	Acc@1 62.109 (61.678)	Acc@5 82.812 (83.142)
Epoch: [36][2000/5005]	Time 0.691 (0.710)	Data 0.000 (0.002)	Loss 1.4752 (1.6251)	Acc@1 66.016 (61.703)	Acc@5 84.766 (83.174)
Epoch: [36][2500/5005]	Time 0.718 (0.710)	Data 0.000 (0.002)	Loss 1.6631 (1.6245)	Acc@1 59.375 (61.692)	Acc@5 83.594 (83.185)
Epoch: [36][3000/5005]	Time 0.717 (0.710)	Data 0.000 (0.002)	Loss 1.7259 (1.6238)	Acc@1 62.109 (61.697)	Acc@5 84.375 (83.187)
Epoch: [36][3500/5005]	Time 0.692 (0.710)	Data 0.000 (0.002)	Loss 1.6165 (1.6245)	Acc@1 59.766 (61.688)	Acc@5 83.984 (83.180)
Epoch: [36][4000/5005]	Time 0.733 (0.710)	Data 0.000 (0.002)	Loss 1.4783 (1.6243)	Acc@1 66.406 (61.701)	Acc@5 84.766 (83.192)
Epoch: [36][4500/5005]	Time 0.682 (0.710)	Data 0.000 (0.002)	Loss 1.5116 (1.6261)	Acc@1 64.062 (61.652)	Acc@5 87.109 (83.169)
Epoch: [36][5000/5005]	Time 0.718 (0.710)	Data 0.000 (0.002)	Loss 1.8829 (1.6262)	Acc@1 57.031 (61.643)	Acc@5 82.422 (83.166)
Test: [0/196]	Time 3.249 (3.249)	Loss 0.6414 (0.6414)	Acc@1 83.203 (83.203)	Acc@5 96.875 (96.875)
 * Acc@1 69.090 Acc@5 89.124
weight information for regulizer based pretrain
[tensor(0.0006, device='cuda:0'), tensor(0.0013, device='cuda:0'), tensor(0.0147, device='cuda:0')] [tensor(8.7646e-06, device='cuda:0'), tensor(4.3423e-05, device='cuda:0'), tensor(0.0001, device='cuda:0')]
Epoch: [37][0/5005]	Time 2.514 (2.514)	Data 2.251 (2.251)	Loss 1.4551 (1.4551)	Acc@1 66.406 (66.406)	Acc@5 85.547 (85.547)
Epoch: [37][500/5005]	Time 0.689 (0.713)	Data 0.000 (0.006)	Loss 1.7371 (1.6264)	Acc@1 60.547 (61.667)	Acc@5 83.594 (83.133)
Epoch: [37][1000/5005]	Time 0.697 (0.710)	Data 0.000 (0.003)	Loss 1.6239 (1.6242)	Acc@1 61.328 (61.679)	Acc@5 83.594 (83.217)
Epoch: [37][1500/5005]	Time 0.717 (0.710)	Data 0.000 (0.003)	Loss 1.5944 (1.6257)	Acc@1 58.984 (61.620)	Acc@5 82.812 (83.158)
Epoch: [37][2000/5005]	Time 0.691 (0.710)	Data 0.000 (0.002)	Loss 1.7748 (1.6275)	Acc@1 59.766 (61.598)	Acc@5 80.859 (83.129)
Epoch: [37][2500/5005]	Time 0.716 (0.710)	Data 0.000 (0.002)	Loss 1.6773 (1.6280)	Acc@1 58.594 (61.589)	Acc@5 80.078 (83.104)
Epoch: [37][3000/5005]	Time 0.693 (0.710)	Data 0.000 (0.002)	Loss 1.6631 (1.6281)	Acc@1 60.547 (61.578)	Acc@5 81.641 (83.093)
Epoch: [37][3500/5005]	Time 0.708 (0.710)	Data 0.000 (0.002)	Loss 1.4985 (1.6258)	Acc@1 64.453 (61.622)	Acc@5 84.375 (83.141)
Epoch: [37][4000/5005]	Time 0.711 (0.709)	Data 0.000 (0.002)	Loss 1.5665 (1.6252)	Acc@1 61.719 (61.630)	Acc@5 84.766 (83.152)
Epoch: [37][4500/5005]	Time 0.709 (0.709)	Data 0.000 (0.002)	Loss 1.6746 (1.6253)	Acc@1 60.156 (61.644)	Acc@5 82.031 (83.154)
Epoch: [37][5000/5005]	Time 0.708 (0.709)	Data 0.000 (0.002)	Loss 1.6044 (1.6255)	Acc@1 60.938 (61.631)	Acc@5 82.422 (83.145)
Test: [0/196]	Time 3.082 (3.082)	Loss 0.6414 (0.6414)	Acc@1 83.203 (83.203)	Acc@5 96.875 (96.875)
 * Acc@1 69.090 Acc@5 89.124
weight information for regulizer based pretrain
[tensor(0.0006, device='cuda:0'), tensor(0.0013, device='cuda:0'), tensor(0.0147, device='cuda:0')] [tensor(8.7646e-06, device='cuda:0'), tensor(4.3423e-05, device='cuda:0'), tensor(0.0001, device='cuda:0')]
Epoch: [38][0/5005]	Time 2.493 (2.493)	Data 2.230 (2.230)	Loss 1.5756 (1.5756)	Acc@1 62.109 (62.109)	Acc@5 83.984 (83.984)
Epoch: [38][500/5005]	Time 0.691 (0.710)	Data 0.000 (0.006)	Loss 1.5814 (1.6180)	Acc@1 63.281 (61.932)	Acc@5 83.984 (83.372)
Epoch: [38][1000/5005]	Time 0.699 (0.708)	Data 0.000 (0.003)	Loss 1.7236 (1.6256)	Acc@1 61.719 (61.795)	Acc@5 80.859 (83.235)
Epoch: [38][1500/5005]	Time 0.708 (0.709)	Data 0.000 (0.003)	Loss 1.6027 (1.6249)	Acc@1 62.500 (61.734)	Acc@5 82.031 (83.253)
Epoch: [38][2000/5005]	Time 0.719 (0.709)	Data 0.000 (0.002)	Loss 1.7622 (1.6255)	Acc@1 57.812 (61.700)	Acc@5 80.469 (83.217)
Epoch: [38][2500/5005]	Time 0.714 (0.710)	Data 0.000 (0.002)	Loss 1.7158 (1.6259)	Acc@1 60.938 (61.685)	Acc@5 82.422 (83.219)
Epoch: [38][3000/5005]	Time 0.696 (0.710)	Data 0.000 (0.002)	Loss 1.8077 (1.6270)	Acc@1 56.641 (61.672)	Acc@5 82.031 (83.182)
Epoch: [38][3500/5005]	Time 0.713 (0.710)	Data 0.000 (0.002)	Loss 1.3580 (1.6264)	Acc@1 68.359 (61.657)	Acc@5 84.766 (83.193)
Epoch: [38][4000/5005]	Time 0.691 (0.710)	Data 0.000 (0.002)	Loss 1.7320 (1.6253)	Acc@1 62.891 (61.670)	Acc@5 80.859 (83.193)
Epoch: [38][4500/5005]	Time 0.713 (0.709)	Data 0.000 (0.002)	Loss 1.3118 (1.6254)	Acc@1 70.703 (61.666)	Acc@5 86.719 (83.189)
Epoch: [38][5000/5005]	Time 0.709 (0.709)	Data 0.000 (0.002)	Loss 1.4192 (1.6259)	Acc@1 64.062 (61.652)	Acc@5 85.547 (83.180)
Test: [0/196]	Time 3.241 (3.241)	Loss 0.6414 (0.6414)	Acc@1 83.203 (83.203)	Acc@5 96.875 (96.875)
 * Acc@1 69.090 Acc@5 89.124
weight information for regulizer based pretrain
[tensor(0.0006, device='cuda:0'), tensor(0.0013, device='cuda:0'), tensor(0.0147, device='cuda:0')] [tensor(8.7646e-06, device='cuda:0'), tensor(4.3423e-05, device='cuda:0'), tensor(0.0001, device='cuda:0')]
Epoch: [39][0/5005]	Time 2.667 (2.667)	Data 2.434 (2.434)	Loss 1.5917 (1.5917)	Acc@1 60.938 (60.938)	Acc@5 83.594 (83.594)
Epoch: [39][500/5005]	Time 0.707 (0.715)	Data 0.000 (0.006)	Loss 1.7254 (1.6341)	Acc@1 59.375 (61.331)	Acc@5 79.297 (83.058)
Epoch: [39][1000/5005]	Time 0.701 (0.712)	Data 0.000 (0.004)	Loss 1.5976 (1.6336)	Acc@1 63.281 (61.404)	Acc@5 84.766 (83.089)
Epoch: [39][1500/5005]	Time 0.692 (0.711)	Data 0.000 (0.003)	Loss 1.7661 (1.6331)	Acc@1 58.594 (61.430)	Acc@5 82.812 (83.090)
Epoch: [39][2000/5005]	Time 0.714 (0.710)	Data 0.000 (0.002)	Loss 1.7013 (1.6305)	Acc@1 58.984 (61.552)	Acc@5 83.594 (83.120)
Epoch: [39][2500/5005]	Time 0.717 (0.710)	Data 0.000 (0.002)	Loss 1.7650 (1.6283)	Acc@1 56.641 (61.576)	Acc@5 84.766 (83.137)
Epoch: [39][3000/5005]	Time 0.718 (0.710)	Data 0.000 (0.002)	Loss 1.4919 (1.6277)	Acc@1 67.578 (61.606)	Acc@5 86.719 (83.137)
Epoch: [39][3500/5005]	Time 0.713 (0.710)	Data 0.000 (0.002)	Loss 1.8360 (1.6270)	Acc@1 56.250 (61.628)	Acc@5 80.078 (83.155)
Epoch: [39][4000/5005]	Time 0.709 (0.710)	Data 0.000 (0.002)	Loss 1.8636 (1.6270)	Acc@1 58.594 (61.624)	Acc@5 77.344 (83.151)
Epoch: [39][4500/5005]	Time 0.692 (0.710)	Data 0.000 (0.002)	Loss 1.5111 (1.6280)	Acc@1 63.281 (61.592)	Acc@5 83.203 (83.129)
Epoch: [39][5000/5005]	Time 0.716 (0.710)	Data 0.000 (0.002)	Loss 1.6402 (1.6276)	Acc@1 60.156 (61.612)	Acc@5 87.109 (83.138)
Test: [0/196]	Time 3.070 (3.070)	Loss 0.6414 (0.6414)	Acc@1 83.203 (83.203)	Acc@5 96.875 (96.875)
 * Acc@1 69.090 Acc@5 89.124
weight information for regulizer based pretrain
[tensor(0.0006, device='cuda:0'), tensor(0.0013, device='cuda:0'), tensor(0.0147, device='cuda:0')] [tensor(8.7646e-06, device='cuda:0'), tensor(4.3423e-05, device='cuda:0'), tensor(0.0001, device='cuda:0')]
Epoch: [40][0/5005]	Time 2.577 (2.577)	Data 2.303 (2.303)	Loss 1.6631 (1.6631)	Acc@1 59.375 (59.375)	Acc@5 84.766 (84.766)
Epoch: [40][500/5005]	Time 0.691 (0.714)	Data 0.000 (0.006)	Loss 1.6610 (1.6364)	Acc@1 62.891 (61.443)	Acc@5 83.984 (83.059)
Epoch: [40][1000/5005]	Time 0.729 (0.713)	Data 0.000 (0.003)	Loss 1.4661 (1.6285)	Acc@1 65.625 (61.585)	Acc@5 87.109 (83.119)
Epoch: [40][1500/5005]	Time 0.714 (0.712)	Data 0.000 (0.003)	Loss 1.6558 (1.6265)	Acc@1 64.453 (61.617)	Acc@5 83.203 (83.123)
Epoch: [40][2000/5005]	Time 0.713 (0.711)	Data 0.000 (0.002)	Loss 1.6539 (1.6270)	Acc@1 59.766 (61.616)	Acc@5 83.984 (83.119)
Epoch: [40][2500/5005]	Time 0.713 (0.711)	Data 0.000 (0.002)	Loss 1.3819 (1.6267)	Acc@1 64.453 (61.605)	Acc@5 86.719 (83.121)
Epoch: [40][3000/5005]	Time 0.709 (0.710)	Data 0.000 (0.002)	Loss 1.7966 (1.6274)	Acc@1 60.938 (61.592)	Acc@5 80.078 (83.103)
Epoch: [40][3500/5005]	Time 0.690 (0.710)	Data 0.000 (0.002)	Loss 1.5889 (1.6273)	Acc@1 62.500 (61.592)	Acc@5 84.766 (83.104)
Epoch: [40][4000/5005]	Time 0.728 (0.710)	Data 0.000 (0.002)	Loss 1.4740 (1.6267)	Acc@1 65.625 (61.600)	Acc@5 85.938 (83.117)
Epoch: [40][4500/5005]	Time 0.714 (0.710)	Data 0.000 (0.002)	Loss 1.5664 (1.6258)	Acc@1 63.281 (61.610)	Acc@5 85.156 (83.133)
Epoch: [40][5000/5005]	Time 0.696 (0.710)	Data 0.000 (0.002)	Loss 1.5806 (1.6258)	Acc@1 59.766 (61.609)	Acc@5 86.719 (83.141)
Test: [0/196]	Time 3.101 (3.101)	Loss 0.6414 (0.6414)	Acc@1 83.203 (83.203)	Acc@5 96.875 (96.875)
 * Acc@1 69.090 Acc@5 89.124
weight information for regulizer based pretrain
[tensor(0.0006, device='cuda:0'), tensor(0.0013, device='cuda:0'), tensor(0.0147, device='cuda:0')] [tensor(8.7646e-06, device='cuda:0'), tensor(4.3423e-05, device='cuda:0'), tensor(0.0001, device='cuda:0')]
Epoch: [41][0/5005]	Time 3.029 (3.029)	Data 2.796 (2.796)	Loss 1.7607 (1.7607)	Acc@1 60.938 (60.938)	Acc@5 82.812 (82.812)
Epoch: [41][500/5005]	Time 0.719 (0.715)	Data 0.000 (0.007)	Loss 1.8085 (1.6341)	Acc@1 58.984 (61.399)	Acc@5 80.078 (83.114)
Epoch: [41][1000/5005]	Time 0.714 (0.713)	Data 0.000 (0.004)	Loss 1.7302 (1.6293)	Acc@1 61.719 (61.572)	Acc@5 83.594 (83.092)
Epoch: [41][1500/5005]	Time 0.707 (0.712)	Data 0.000 (0.003)	Loss 1.5342 (1.6295)	Acc@1 66.016 (61.545)	Acc@5 83.203 (83.085)
Epoch: [41][2000/5005]	Time 0.690 (0.711)	Data 0.000 (0.003)	Loss 1.6791 (1.6289)	Acc@1 61.719 (61.570)	Acc@5 86.328 (83.117)
Epoch: [41][2500/5005]	Time 0.708 (0.710)	Data 0.000 (0.002)	Loss 1.8313 (1.6292)	Acc@1 58.984 (61.568)	Acc@5 83.203 (83.124)
Epoch: [41][3000/5005]	Time 0.718 (0.710)	Data 0.000 (0.002)	Loss 1.7530 (1.6281)	Acc@1 58.203 (61.620)	Acc@5 80.078 (83.122)
Epoch: [41][3500/5005]	Time 0.716 (0.710)	Data 0.000 (0.002)	Loss 1.4819 (1.6270)	Acc@1 64.062 (61.638)	Acc@5 85.156 (83.147)
Epoch: [41][4000/5005]	Time 0.716 (0.710)	Data 0.000 (0.002)	Loss 1.8277 (1.6263)	Acc@1 59.766 (61.642)	Acc@5 81.250 (83.163)
Epoch: [41][4500/5005]	Time 0.693 (0.710)	Data 0.000 (0.002)	Loss 1.3368 (1.6261)	Acc@1 69.531 (61.634)	Acc@5 89.453 (83.169)
Epoch: [41][5000/5005]	Time 0.714 (0.710)	Data 0.000 (0.002)	Loss 1.7398 (1.6262)	Acc@1 59.766 (61.610)	Acc@5 81.250 (83.162)
Test: [0/196]	Time 3.252 (3.252)	Loss 0.6414 (0.6414)	Acc@1 83.203 (83.203)	Acc@5 96.875 (96.875)
 * Acc@1 69.090 Acc@5 89.124
weight information for regulizer based pretrain
[tensor(0.0006, device='cuda:0'), tensor(0.0013, device='cuda:0'), tensor(0.0147, device='cuda:0')] [tensor(8.7646e-06, device='cuda:0'), tensor(4.3423e-05, device='cuda:0'), tensor(0.0001, device='cuda:0')]
Epoch: [42][0/5005]	Time 2.420 (2.420)	Data 2.143 (2.143)	Loss 1.6230 (1.6230)	Acc@1 68.359 (68.359)	Acc@5 83.203 (83.203)
Epoch: [42][500/5005]	Time 0.726 (0.714)	Data 0.000 (0.005)	Loss 1.4729 (1.6267)	Acc@1 64.062 (61.500)	Acc@5 85.938 (83.162)
Epoch: [42][1000/5005]	Time 0.710 (0.713)	Data 0.000 (0.003)	Loss 1.8625 (1.6276)	Acc@1 60.547 (61.612)	Acc@5 78.906 (83.179)
Epoch: [42][1500/5005]	Time 0.718 (0.712)	Data 0.000 (0.003)	Loss 1.6801 (1.6268)	Acc@1 58.203 (61.665)	Acc@5 82.031 (83.172)
Epoch: [42][2000/5005]	Time 0.719 (0.712)	Data 0.000 (0.002)	Loss 1.6285 (1.6240)	Acc@1 59.766 (61.664)	Acc@5 83.984 (83.213)
Epoch: [42][2500/5005]	Time 0.731 (0.712)	Data 0.000 (0.002)	Loss 1.5005 (1.6248)	Acc@1 64.844 (61.664)	Acc@5 86.719 (83.171)
Epoch: [42][3000/5005]	Time 0.691 (0.711)	Data 0.000 (0.002)	Loss 1.7773 (1.6260)	Acc@1 52.344 (61.641)	Acc@5 83.984 (83.162)
Epoch: [42][3500/5005]	Time 0.750 (0.711)	Data 0.000 (0.002)	Loss 1.7299 (1.6267)	Acc@1 62.109 (61.614)	Acc@5 81.641 (83.155)
Epoch: [42][4000/5005]	Time 0.712 (0.711)	Data 0.000 (0.002)	Loss 1.6312 (1.6271)	Acc@1 61.719 (61.609)	Acc@5 79.688 (83.151)
Epoch: [42][4500/5005]	Time 0.715 (0.710)	Data 0.000 (0.002)	Loss 1.4585 (1.6269)	Acc@1 67.188 (61.603)	Acc@5 83.594 (83.157)
Epoch: [42][5000/5005]	Time 0.709 (0.710)	Data 0.000 (0.002)	Loss 1.7484 (1.6266)	Acc@1 59.375 (61.608)	Acc@5 82.422 (83.161)
Test: [0/196]	Time 3.130 (3.130)	Loss 0.6414 (0.6414)	Acc@1 83.203 (83.203)	Acc@5 96.875 (96.875)
 * Acc@1 69.090 Acc@5 89.124
weight information for regulizer based pretrain
[tensor(0.0006, device='cuda:0'), tensor(0.0013, device='cuda:0'), tensor(0.0147, device='cuda:0')] [tensor(8.7646e-06, device='cuda:0'), tensor(4.3423e-05, device='cuda:0'), tensor(0.0001, device='cuda:0')]
Epoch: [43][0/5005]	Time 2.578 (2.578)	Data 2.340 (2.340)	Loss 1.7192 (1.7192)	Acc@1 60.547 (60.547)	Acc@5 81.641 (81.641)
Epoch: [43][500/5005]	Time 0.659 (0.711)	Data 0.000 (0.006)	Loss 1.7103 (1.6313)	Acc@1 62.109 (61.740)	Acc@5 80.469 (83.130)
Epoch: [43][1000/5005]	Time 0.712 (0.709)	Data 0.000 (0.004)	Loss 1.6217 (1.6281)	Acc@1 62.500 (61.677)	Acc@5 80.078 (83.127)
Epoch: [43][1500/5005]	Time 0.713 (0.709)	Data 0.000 (0.003)	Loss 1.4321 (1.6264)	Acc@1 65.234 (61.718)	Acc@5 86.328 (83.139)
Epoch: [43][2000/5005]	Time 0.733 (0.709)	Data 0.000 (0.002)	Loss 1.6274 (1.6268)	Acc@1 62.109 (61.680)	Acc@5 82.031 (83.139)
Epoch: [43][2500/5005]	Time 0.690 (0.709)	Data 0.000 (0.002)	Loss 1.6641 (1.6248)	Acc@1 59.375 (61.680)	Acc@5 83.203 (83.175)
Epoch: [43][3000/5005]	Time 0.714 (0.709)	Data 0.000 (0.002)	Loss 1.7137 (1.6250)	Acc@1 61.719 (61.678)	Acc@5 83.203 (83.171)
Epoch: [43][3500/5005]	Time 0.691 (0.709)	Data 0.000 (0.002)	Loss 1.6572 (1.6257)	Acc@1 62.109 (61.673)	Acc@5 81.641 (83.153)
Epoch: [43][4000/5005]	Time 0.691 (0.709)	Data 0.000 (0.002)	Loss 1.7437 (1.6256)	Acc@1 54.688 (61.653)	Acc@5 82.031 (83.144)
Epoch: [43][4500/5005]	Time 0.711 (0.709)	Data 0.000 (0.002)	Loss 1.5314 (1.6254)	Acc@1 61.719 (61.658)	Acc@5 82.031 (83.155)
Epoch: [43][5000/5005]	Time 0.712 (0.709)	Data 0.000 (0.002)	Loss 1.6217 (1.6252)	Acc@1 64.453 (61.675)	Acc@5 82.422 (83.169)
Test: [0/196]	Time 3.188 (3.188)	Loss 0.6414 (0.6414)	Acc@1 83.203 (83.203)	Acc@5 96.875 (96.875)
 * Acc@1 69.090 Acc@5 89.124
weight information for regulizer based pretrain
[tensor(0.0006, device='cuda:0'), tensor(0.0013, device='cuda:0'), tensor(0.0147, device='cuda:0')] [tensor(8.7646e-06, device='cuda:0'), tensor(4.3423e-05, device='cuda:0'), tensor(0.0001, device='cuda:0')]
Epoch: [44][0/5005]	Time 2.586 (2.586)	Data 2.301 (2.301)	Loss 1.6925 (1.6925)	Acc@1 60.156 (60.156)	Acc@5 83.203 (83.203)
Epoch: [44][500/5005]	Time 0.711 (0.710)	Data 0.000 (0.006)	Loss 1.8499 (1.6177)	Acc@1 57.812 (61.769)	Acc@5 81.641 (83.315)
Epoch: [44][1000/5005]	Time 0.715 (0.708)	Data 0.000 (0.003)	Loss 1.6795 (1.6236)	Acc@1 61.328 (61.707)	Acc@5 80.469 (83.212)
Epoch: [44][1500/5005]	Time 0.709 (0.708)	Data 0.000 (0.003)	Loss 1.7208 (1.6222)	Acc@1 61.328 (61.697)	Acc@5 81.641 (83.221)
Epoch: [44][2000/5005]	Time 0.696 (0.708)	Data 0.000 (0.002)	Loss 1.5545 (1.6230)	Acc@1 65.234 (61.675)	Acc@5 83.594 (83.227)
Epoch: [44][2500/5005]	Time 0.711 (0.708)	Data 0.000 (0.002)	Loss 1.4048 (1.6239)	Acc@1 67.188 (61.633)	Acc@5 87.500 (83.220)
Epoch: [44][3000/5005]	Time 0.711 (0.708)	Data 0.000 (0.002)	Loss 1.8587 (1.6241)	Acc@1 59.375 (61.619)	Acc@5 79.688 (83.207)
Epoch: [44][3500/5005]	Time 0.712 (0.709)	Data 0.000 (0.002)	Loss 1.5471 (1.6244)	Acc@1 64.062 (61.623)	Acc@5 83.203 (83.204)
Epoch: [44][4000/5005]	Time 0.708 (0.709)	Data 0.000 (0.002)	Loss 1.5994 (1.6247)	Acc@1 62.109 (61.622)	Acc@5 83.594 (83.193)
Epoch: [44][4500/5005]	Time 0.730 (0.709)	Data 0.000 (0.002)	Loss 1.4857 (1.6252)	Acc@1 63.672 (61.622)	Acc@5 88.672 (83.182)
Epoch: [44][5000/5005]	Time 0.712 (0.709)	Data 0.000 (0.002)	Loss 1.7748 (1.6265)	Acc@1 59.766 (61.604)	Acc@5 81.641 (83.148)
Test: [0/196]	Time 3.222 (3.222)	Loss 0.6414 (0.6414)	Acc@1 83.203 (83.203)	Acc@5 96.875 (96.875)
 * Acc@1 69.090 Acc@5 89.124
weight information for regulizer based pretrain
[tensor(0.0006, device='cuda:0'), tensor(0.0013, device='cuda:0'), tensor(0.0147, device='cuda:0')] [tensor(8.7646e-06, device='cuda:0'), tensor(4.3423e-05, device='cuda:0'), tensor(0.0001, device='cuda:0')]
Epoch: [45][0/5005]	Time 2.710 (2.710)	Data 2.476 (2.476)	Loss 1.6829 (1.6829)	Acc@1 64.062 (64.062)	Acc@5 81.250 (81.250)
Epoch: [45][500/5005]	Time 0.693 (0.714)	Data 0.000 (0.006)	Loss 1.7234 (1.6224)	Acc@1 59.766 (61.771)	Acc@5 79.297 (83.241)
Epoch: [45][1000/5005]	Time 0.721 (0.712)	Data 0.000 (0.004)	Loss 1.7871 (1.6253)	Acc@1 59.766 (61.677)	Acc@5 79.688 (83.180)
Epoch: [45][1500/5005]	Time 0.720 (0.711)	Data 0.000 (0.003)	Loss 1.5717 (1.6288)	Acc@1 62.891 (61.607)	Acc@5 85.547 (83.102)
Epoch: [45][2000/5005]	Time 0.677 (0.710)	Data 0.000 (0.002)	Loss 1.6537 (1.6293)	Acc@1 64.844 (61.631)	Acc@5 82.422 (83.090)
Epoch: [45][2500/5005]	Time 0.691 (0.710)	Data 0.000 (0.002)	Loss 1.6835 (1.6290)	Acc@1 62.109 (61.634)	Acc@5 82.422 (83.084)
Epoch: [45][3000/5005]	Time 0.710 (0.710)	Data 0.000 (0.002)	Loss 1.6104 (1.6288)	Acc@1 62.891 (61.650)	Acc@5 84.766 (83.092)
Epoch: [45][3500/5005]	Time 0.712 (0.710)	Data 0.000 (0.002)	Loss 1.5102 (1.6277)	Acc@1 59.375 (61.680)	Acc@5 83.203 (83.105)
Epoch: [45][4000/5005]	Time 0.697 (0.710)	Data 0.000 (0.002)	Loss 1.7324 (1.6262)	Acc@1 58.984 (61.692)	Acc@5 82.422 (83.128)
Epoch: [45][4500/5005]	Time 0.714 (0.710)	Data 0.000 (0.002)	Loss 1.5187 (1.6265)	Acc@1 60.938 (61.684)	Acc@5 85.547 (83.127)
Epoch: [45][5000/5005]	Time 0.718 (0.709)	Data 0.000 (0.002)	Loss 1.6939 (1.6263)	Acc@1 61.719 (61.678)	Acc@5 80.469 (83.136)
Test: [0/196]	Time 3.236 (3.236)	Loss 0.6414 (0.6414)	Acc@1 83.203 (83.203)	Acc@5 96.875 (96.875)
 * Acc@1 69.090 Acc@5 89.124
weight information for regulizer based pretrain
[tensor(0.0006, device='cuda:0'), tensor(0.0013, device='cuda:0'), tensor(0.0147, device='cuda:0')] [tensor(8.7646e-06, device='cuda:0'), tensor(4.3423e-05, device='cuda:0'), tensor(0.0001, device='cuda:0')]
Epoch: [46][0/5005]	Time 2.453 (2.453)	Data 2.185 (2.185)	Loss 1.8490 (1.8490)	Acc@1 59.375 (59.375)	Acc@5 79.688 (79.688)
Epoch: [46][500/5005]	Time 0.711 (0.714)	Data 0.000 (0.006)	Loss 1.5851 (1.6294)	Acc@1 63.281 (61.691)	Acc@5 84.375 (83.124)
Epoch: [46][1000/5005]	Time 0.716 (0.713)	Data 0.000 (0.003)	Loss 1.8110 (1.6319)	Acc@1 61.719 (61.557)	Acc@5 81.641 (83.053)
Epoch: [46][1500/5005]	Time 0.711 (0.712)	Data 0.000 (0.003)	Loss 1.7544 (1.6296)	Acc@1 59.375 (61.596)	Acc@5 79.688 (83.065)
Epoch: [46][2000/5005]	Time 0.714 (0.712)	Data 0.000 (0.002)	Loss 1.6226 (1.6302)	Acc@1 61.328 (61.547)	Acc@5 83.984 (83.101)
Epoch: [46][2500/5005]	Time 0.715 (0.712)	Data 0.000 (0.002)	Loss 1.4217 (1.6310)	Acc@1 65.234 (61.573)	Acc@5 84.375 (83.106)
Epoch: [46][3000/5005]	Time 0.721 (0.712)	Data 0.000 (0.002)	Loss 1.4546 (1.6292)	Acc@1 63.281 (61.613)	Acc@5 86.719 (83.128)
Epoch: [46][3500/5005]	Time 0.714 (0.712)	Data 0.000 (0.002)	Loss 1.5586 (1.6277)	Acc@1 65.234 (61.652)	Acc@5 87.109 (83.157)
Epoch: [46][4000/5005]	Time 0.706 (0.712)	Data 0.000 (0.002)	Loss 1.8047 (1.6286)	Acc@1 56.641 (61.637)	Acc@5 81.641 (83.141)
Epoch: [46][4500/5005]	Time 0.709 (0.711)	Data 0.000 (0.002)	Loss 1.5910 (1.6279)	Acc@1 60.938 (61.654)	Acc@5 85.547 (83.161)
Epoch: [46][5000/5005]	Time 0.689 (0.711)	Data 0.000 (0.002)	Loss 1.6282 (1.6272)	Acc@1 62.109 (61.655)	Acc@5 81.250 (83.173)
Test: [0/196]	Time 3.275 (3.275)	Loss 0.6414 (0.6414)	Acc@1 83.203 (83.203)	Acc@5 96.875 (96.875)
 * Acc@1 69.090 Acc@5 89.124
weight information for regulizer based pretrain
[tensor(0.0006, device='cuda:0'), tensor(0.0013, device='cuda:0'), tensor(0.0147, device='cuda:0')] [tensor(8.7646e-06, device='cuda:0'), tensor(4.3423e-05, device='cuda:0'), tensor(0.0001, device='cuda:0')]
Epoch: [47][0/5005]	Time 2.824 (2.824)	Data 2.591 (2.591)	Loss 1.6955 (1.6955)	Acc@1 60.938 (60.938)	Acc@5 81.250 (81.250)
Epoch: [47][500/5005]	Time 0.686 (0.712)	Data 0.000 (0.006)	Loss 1.8687 (1.6247)	Acc@1 56.641 (61.818)	Acc@5 76.562 (83.102)
Epoch: [47][1000/5005]	Time 0.743 (0.710)	Data 0.000 (0.004)	Loss 1.4602 (1.6253)	Acc@1 62.500 (61.723)	Acc@5 86.328 (83.175)
Epoch: [47][1500/5005]	Time 0.715 (0.709)	Data 0.000 (0.003)	Loss 1.5887 (1.6215)	Acc@1 66.797 (61.768)	Acc@5 83.984 (83.234)
Epoch: [47][2000/5005]	Time 0.693 (0.709)	Data 0.000 (0.003)	Loss 1.5270 (1.6231)	Acc@1 62.891 (61.705)	Acc@5 84.766 (83.198)
Epoch: [47][2500/5005]	Time 0.709 (0.709)	Data 0.000 (0.002)	Loss 1.6255 (1.6238)	Acc@1 61.328 (61.708)	Acc@5 82.031 (83.176)
Epoch: [47][3000/5005]	Time 0.723 (0.709)	Data 0.000 (0.002)	Loss 1.5312 (1.6237)	Acc@1 64.844 (61.686)	Acc@5 84.766 (83.164)
Epoch: [47][3500/5005]	Time 0.700 (0.709)	Data 0.000 (0.002)	Loss 1.7417 (1.6232)	Acc@1 57.031 (61.706)	Acc@5 81.641 (83.174)
Epoch: [47][4000/5005]	Time 0.713 (0.709)	Data 0.000 (0.002)	Loss 1.7570 (1.6231)	Acc@1 58.984 (61.680)	Acc@5 83.594 (83.185)
Epoch: [47][4500/5005]	Time 0.689 (0.709)	Data 0.000 (0.002)	Loss 1.6477 (1.6234)	Acc@1 59.375 (61.677)	Acc@5 84.375 (83.186)
Epoch: [47][5000/5005]	Time 0.689 (0.709)	Data 0.000 (0.002)	Loss 1.7448 (1.6241)	Acc@1 62.500 (61.666)	Acc@5 83.203 (83.176)
Test: [0/196]	Time 3.139 (3.139)	Loss 0.6414 (0.6414)	Acc@1 83.203 (83.203)	Acc@5 96.875 (96.875)
 * Acc@1 69.090 Acc@5 89.124
weight information for regulizer based pretrain
[tensor(0.0006, device='cuda:0'), tensor(0.0013, device='cuda:0'), tensor(0.0147, device='cuda:0')] [tensor(8.7646e-06, device='cuda:0'), tensor(4.3423e-05, device='cuda:0'), tensor(0.0001, device='cuda:0')]
Epoch: [48][0/5005]	Time 2.400 (2.400)	Data 2.174 (2.174)	Loss 1.6257 (1.6257)	Acc@1 60.938 (60.938)	Acc@5 83.984 (83.984)
Epoch: [48][500/5005]	Time 0.730 (0.711)	Data 0.000 (0.006)	Loss 1.5702 (1.6248)	Acc@1 63.672 (61.650)	Acc@5 82.422 (83.117)
Epoch: [48][1000/5005]	Time 0.705 (0.709)	Data 0.000 (0.003)	Loss 1.6838 (1.6222)	Acc@1 58.984 (61.734)	Acc@5 80.078 (83.157)
Epoch: [48][1500/5005]	Time 0.697 (0.708)	Data 0.000 (0.003)	Loss 1.3993 (1.6232)	Acc@1 64.062 (61.687)	Acc@5 83.594 (83.184)
Epoch: [48][2000/5005]	Time 0.716 (0.709)	Data 0.000 (0.002)	Loss 1.5856 (1.6248)	Acc@1 62.500 (61.660)	Acc@5 82.422 (83.171)
Epoch: [48][2500/5005]	Time 0.731 (0.709)	Data 0.000 (0.002)	Loss 1.3958 (1.6251)	Acc@1 66.016 (61.628)	Acc@5 86.328 (83.165)
Epoch: [48][3000/5005]	Time 0.710 (0.709)	Data 0.000 (0.002)	Loss 1.5640 (1.6246)	Acc@1 64.844 (61.647)	Acc@5 83.203 (83.168)
Epoch: [48][3500/5005]	Time 0.691 (0.709)	Data 0.000 (0.002)	Loss 1.3899 (1.6234)	Acc@1 70.703 (61.698)	Acc@5 85.938 (83.194)
Epoch: [48][4000/5005]	Time 0.678 (0.709)	Data 0.000 (0.002)	Loss 1.5645 (1.6236)	Acc@1 61.328 (61.701)	Acc@5 83.984 (83.185)
Epoch: [48][4500/5005]	Time 0.706 (0.709)	Data 0.000 (0.002)	Loss 1.4867 (1.6243)	Acc@1 62.891 (61.661)	Acc@5 87.109 (83.179)
Epoch: [48][5000/5005]	Time 0.714 (0.709)	Data 0.000 (0.002)	Loss 1.6749 (1.6248)	Acc@1 61.328 (61.654)	Acc@5 82.422 (83.181)
Test: [0/196]	Time 3.117 (3.117)	Loss 0.6414 (0.6414)	Acc@1 83.203 (83.203)	Acc@5 96.875 (96.875)
 * Acc@1 69.090 Acc@5 89.124
weight information for regulizer based pretrain
[tensor(0.0006, device='cuda:0'), tensor(0.0013, device='cuda:0'), tensor(0.0147, device='cuda:0')] [tensor(8.7646e-06, device='cuda:0'), tensor(4.3423e-05, device='cuda:0'), tensor(0.0001, device='cuda:0')]
Epoch: [49][0/5005]	Time 2.510 (2.510)	Data 2.233 (2.233)	Loss 1.7117 (1.7117)	Acc@1 61.328 (61.328)	Acc@5 82.812 (82.812)
Epoch: [49][500/5005]	Time 0.702 (0.711)	Data 0.000 (0.006)	Loss 1.5787 (1.6277)	Acc@1 59.766 (61.571)	Acc@5 83.594 (83.170)
Epoch: [49][1000/5005]	Time 0.736 (0.709)	Data 0.000 (0.003)	Loss 1.5725 (1.6321)	Acc@1 61.328 (61.480)	Acc@5 83.203 (83.109)
Epoch: [49][1500/5005]	Time 0.696 (0.708)	Data 0.000 (0.003)	Loss 1.7260 (1.6288)	Acc@1 58.203 (61.581)	Acc@5 82.812 (83.171)
Epoch: [49][2000/5005]	Time 0.693 (0.709)	Data 0.000 (0.002)	Loss 1.5542 (1.6281)	Acc@1 62.500 (61.602)	Acc@5 85.547 (83.172)
Epoch: [49][2500/5005]	Time 0.713 (0.709)	Data 0.000 (0.002)	Loss 1.4216 (1.6280)	Acc@1 64.062 (61.637)	Acc@5 87.500 (83.137)
Epoch: [49][3000/5005]	Time 0.731 (0.709)	Data 0.000 (0.002)	Loss 1.6265 (1.6281)	Acc@1 64.844 (61.636)	Acc@5 83.594 (83.136)
Epoch: [49][3500/5005]	Time 0.691 (0.708)	Data 0.000 (0.002)	Loss 1.5028 (1.6271)	Acc@1 65.234 (61.636)	Acc@5 85.156 (83.147)
Epoch: [49][4000/5005]	Time 0.684 (0.708)	Data 0.000 (0.002)	Loss 1.6402 (1.6268)	Acc@1 61.719 (61.658)	Acc@5 81.641 (83.147)
Epoch: [49][4500/5005]	Time 0.708 (0.708)	Data 0.000 (0.002)	Loss 1.7828 (1.6269)	Acc@1 61.328 (61.647)	Acc@5 81.641 (83.147)
Epoch: [49][5000/5005]	Time 0.683 (0.708)	Data 0.000 (0.002)	Loss 1.7127 (1.6273)	Acc@1 58.984 (61.652)	Acc@5 82.422 (83.146)
Test: [0/196]	Time 3.215 (3.215)	Loss 0.6414 (0.6414)	Acc@1 83.203 (83.203)	Acc@5 96.875 (96.875)
 * Acc@1 69.090 Acc@5 89.124
weight information for regulizer based pretrain
[tensor(0.0006, device='cuda:0'), tensor(0.0013, device='cuda:0'), tensor(0.0147, device='cuda:0')] [tensor(8.7646e-06, device='cuda:0'), tensor(4.3423e-05, device='cuda:0'), tensor(0.0001, device='cuda:0')]
Epoch: [50][0/5005]	Time 2.612 (2.612)	Data 2.346 (2.346)	Loss 1.7435 (1.7435)	Acc@1 60.547 (60.547)	Acc@5 80.469 (80.469)
Epoch: [50][500/5005]	Time 0.691 (0.710)	Data 0.000 (0.006)	Loss 1.4205 (1.6131)	Acc@1 70.312 (62.027)	Acc@5 84.766 (83.323)
Epoch: [50][1000/5005]	Time 0.707 (0.709)	Data 0.000 (0.004)	Loss 1.6234 (1.6217)	Acc@1 59.375 (61.754)	Acc@5 84.766 (83.235)
Epoch: [50][1500/5005]	Time 0.696 (0.708)	Data 0.000 (0.003)	Loss 1.7375 (1.6249)	Acc@1 58.594 (61.680)	Acc@5 82.031 (83.169)
Epoch: [50][2000/5005]	Time 0.713 (0.708)	Data 0.000 (0.002)	Loss 1.6570 (1.6247)	Acc@1 58.984 (61.698)	Acc@5 81.250 (83.145)
Epoch: [50][2500/5005]	Time 0.712 (0.708)	Data 0.000 (0.002)	Loss 1.4863 (1.6257)	Acc@1 62.109 (61.692)	Acc@5 85.156 (83.136)
Epoch: [50][3000/5005]	Time 0.729 (0.709)	Data 0.000 (0.002)	Loss 1.4796 (1.6267)	Acc@1 61.328 (61.631)	Acc@5 85.156 (83.138)
Epoch: [50][3500/5005]	Time 0.709 (0.709)	Data 0.000 (0.002)	Loss 1.6393 (1.6258)	Acc@1 58.984 (61.657)	Acc@5 85.156 (83.148)
Epoch: [50][4000/5005]	Time 0.693 (0.709)	Data 0.000 (0.002)	Loss 1.5689 (1.6257)	Acc@1 62.891 (61.651)	Acc@5 82.812 (83.158)
Epoch: [50][4500/5005]	Time 0.708 (0.709)	Data 0.000 (0.002)	Loss 1.6016 (1.6263)	Acc@1 62.500 (61.648)	Acc@5 83.984 (83.142)
Epoch: [50][5000/5005]	Time 0.714 (0.709)	Data 0.000 (0.002)	Loss 1.7145 (1.6269)	Acc@1 58.984 (61.635)	Acc@5 83.594 (83.127)
Test: [0/196]	Time 3.170 (3.170)	Loss 0.6414 (0.6414)	Acc@1 83.203 (83.203)	Acc@5 96.875 (96.875)
 * Acc@1 69.090 Acc@5 89.124
weight information for regulizer based pretrain
[tensor(0.0006, device='cuda:0'), tensor(0.0013, device='cuda:0'), tensor(0.0147, device='cuda:0')] [tensor(8.7646e-06, device='cuda:0'), tensor(4.3423e-05, device='cuda:0'), tensor(0.0001, device='cuda:0')]
Epoch: [51][0/5005]	Time 2.587 (2.587)	Data 2.355 (2.355)	Loss 1.4203 (1.4203)	Acc@1 63.281 (63.281)	Acc@5 84.766 (84.766)
Epoch: [51][500/5005]	Time 0.713 (0.714)	Data 0.000 (0.006)	Loss 1.5156 (1.6323)	Acc@1 64.844 (61.569)	Acc@5 83.203 (83.033)
Epoch: [51][1000/5005]	Time 0.704 (0.712)	Data 0.000 (0.004)	Loss 1.7022 (1.6292)	Acc@1 61.719 (61.590)	Acc@5 84.766 (83.091)
Epoch: [51][1500/5005]	Time 0.698 (0.711)	Data 0.000 (0.003)	Loss 1.6741 (1.6265)	Acc@1 56.641 (61.661)	Acc@5 83.594 (83.135)
Epoch: [51][2000/5005]	Time 0.719 (0.710)	Data 0.000 (0.002)	Loss 1.6322 (1.6256)	Acc@1 59.375 (61.673)	Acc@5 80.859 (83.160)
Epoch: [51][2500/5005]	Time 0.713 (0.710)	Data 0.000 (0.002)	Loss 1.8085 (1.6257)	Acc@1 57.812 (61.648)	Acc@5 81.250 (83.165)
Epoch: [51][3000/5005]	Time 0.709 (0.710)	Data 0.000 (0.002)	Loss 1.7732 (1.6264)	Acc@1 61.719 (61.626)	Acc@5 80.078 (83.154)
Epoch: [51][3500/5005]	Time 0.688 (0.710)	Data 0.000 (0.002)	Loss 1.4709 (1.6263)	Acc@1 62.109 (61.636)	Acc@5 85.938 (83.151)
Epoch: [51][4000/5005]	Time 0.696 (0.710)	Data 0.000 (0.002)	Loss 1.6159 (1.6264)	Acc@1 60.938 (61.635)	Acc@5 85.156 (83.161)
Epoch: [51][4500/5005]	Time 0.715 (0.710)	Data 0.000 (0.002)	Loss 1.6569 (1.6262)	Acc@1 58.203 (61.636)	Acc@5 82.031 (83.180)
Epoch: [51][5000/5005]	Time 0.710 (0.709)	Data 0.000 (0.002)	Loss 1.6196 (1.6265)	Acc@1 62.891 (61.639)	Acc@5 83.594 (83.173)
Test: [0/196]	Time 3.088 (3.088)	Loss 0.6414 (0.6414)	Acc@1 83.203 (83.203)	Acc@5 96.875 (96.875)
 * Acc@1 69.090 Acc@5 89.124
weight information for regulizer based pretrain
[tensor(0.0006, device='cuda:0'), tensor(0.0013, device='cuda:0'), tensor(0.0147, device='cuda:0')] [tensor(8.7646e-06, device='cuda:0'), tensor(4.3423e-05, device='cuda:0'), tensor(0.0001, device='cuda:0')]
