=> creating model 'vgg16'
=> loading checkpoint 'checkpoints/vgg-l2-p-3/model_best.pth.tar'
=> loaded checkpoint 'checkpoints/vgg-l2-p-3/model_best.pth.tar' 
read conf from:  conf/vgg.conf
checkpoint dir:  checkpoints/1549257501/
weight information for regulizer based pretrain
[tensor(0.0005, device='cuda:0'), tensor(0.0011, device='cuda:0'), tensor(0.0144, device='cuda:0')] [tensor(6.9404e-06, device='cuda:0'), tensor(2.8376e-05, device='cuda:0'), tensor(0.0001, device='cuda:0')]
Epoch: [0][0/5005]	Time 14.989 (14.989)	Data 2.539 (2.539)	Loss 2.1951 (2.1951)	Acc@1 50.781 (50.781)	Acc@5 75.781 (75.781)
Epoch: [0][500/5005]	Time 0.753 (0.749)	Data 0.000 (0.005)	Loss 2.1344 (2.1102)	Acc@1 52.344 (51.212)	Acc@5 74.219 (75.844)
Epoch: [0][1000/5005]	Time 0.696 (0.736)	Data 0.000 (0.003)	Loss 1.9891 (2.0418)	Acc@1 51.562 (52.562)	Acc@5 80.078 (76.908)
Epoch: [0][1500/5005]	Time 0.753 (0.732)	Data 0.000 (0.003)	Loss 1.8692 (2.0026)	Acc@1 59.766 (53.399)	Acc@5 78.516 (77.564)
Epoch: [0][2000/5005]	Time 0.700 (0.729)	Data 0.000 (0.002)	Loss 2.0347 (1.9765)	Acc@1 51.172 (53.986)	Acc@5 78.125 (78.059)
Epoch: [0][2500/5005]	Time 0.726 (0.728)	Data 0.000 (0.002)	Loss 1.7141 (1.9583)	Acc@1 59.766 (54.382)	Acc@5 83.203 (78.366)
Epoch: [0][3000/5005]	Time 0.722 (0.728)	Data 0.000 (0.002)	Loss 1.6688 (1.9449)	Acc@1 60.547 (54.698)	Acc@5 81.641 (78.588)
Epoch: [0][3500/5005]	Time 0.757 (0.727)	Data 0.000 (0.002)	Loss 1.5453 (1.9322)	Acc@1 62.891 (55.000)	Acc@5 87.500 (78.813)
Epoch: [0][4000/5005]	Time 0.762 (0.727)	Data 0.000 (0.002)	Loss 1.8927 (1.9218)	Acc@1 56.641 (55.254)	Acc@5 79.297 (78.983)
Epoch: [0][4500/5005]	Time 0.738 (0.725)	Data 0.000 (0.002)	Loss 1.5711 (1.9140)	Acc@1 62.500 (55.453)	Acc@5 86.328 (79.128)
Epoch: [0][5000/5005]	Time 0.725 (0.725)	Data 0.000 (0.002)	Loss 1.7417 (1.9054)	Acc@1 61.328 (55.650)	Acc@5 80.469 (79.274)
Test: [0/196]	Time 3.060 (3.060)	Loss 0.7395 (0.7395)	Acc@1 82.031 (82.031)	Acc@5 94.922 (94.922)
 * Acc@1 67.294 Acc@5 88.280
weight information for regulizer based pretrain
[tensor(0.0005, device='cuda:0'), tensor(0.0011, device='cuda:0'), tensor(0.0144, device='cuda:0')] [tensor(7.0144e-06, device='cuda:0'), tensor(2.8883e-05, device='cuda:0'), tensor(0.0001, device='cuda:0')]
Epoch: [1][0/5005]	Time 3.077 (3.077)	Data 2.306 (2.306)	Loss 1.7929 (1.7929)	Acc@1 57.422 (57.422)	Acc@5 80.469 (80.469)
Epoch: [1][500/5005]	Time 0.724 (0.726)	Data 0.000 (0.005)	Loss 1.9000 (1.8311)	Acc@1 55.078 (57.272)	Acc@5 81.641 (80.482)
Epoch: [1][1000/5005]	Time 0.742 (0.725)	Data 0.000 (0.003)	Loss 1.7211 (1.8298)	Acc@1 58.594 (57.365)	Acc@5 82.031 (80.561)
Epoch: [1][1500/5005]	Time 0.730 (0.724)	Data 0.001 (0.003)	Loss 1.8808 (1.8255)	Acc@1 56.641 (57.446)	Acc@5 78.516 (80.607)
Epoch: [1][2000/5005]	Time 0.725 (0.725)	Data 0.000 (0.002)	Loss 1.7373 (1.8226)	Acc@1 58.203 (57.534)	Acc@5 82.812 (80.644)
Epoch: [1][2500/5005]	Time 0.724 (0.724)	Data 0.000 (0.002)	Loss 1.6001 (1.8187)	Acc@1 62.891 (57.626)	Acc@5 84.375 (80.680)
Epoch: [1][3000/5005]	Time 0.745 (0.724)	Data 0.000 (0.002)	Loss 1.6058 (1.8150)	Acc@1 62.500 (57.706)	Acc@5 82.422 (80.740)
Epoch: [1][3500/5005]	Time 0.730 (0.725)	Data 0.000 (0.002)	Loss 1.7190 (1.8140)	Acc@1 57.812 (57.725)	Acc@5 79.688 (80.747)
Epoch: [1][4000/5005]	Time 0.712 (0.725)	Data 0.000 (0.002)	Loss 1.6656 (1.8118)	Acc@1 58.984 (57.765)	Acc@5 82.031 (80.775)
Epoch: [1][4500/5005]	Time 0.697 (0.724)	Data 0.000 (0.002)	Loss 2.0110 (1.8089)	Acc@1 52.344 (57.842)	Acc@5 75.000 (80.815)
Epoch: [1][5000/5005]	Time 0.724 (0.724)	Data 0.000 (0.002)	Loss 1.8132 (1.8082)	Acc@1 58.594 (57.874)	Acc@5 81.250 (80.824)
Test: [0/196]	Time 3.109 (3.109)	Loss 0.7103 (0.7103)	Acc@1 82.031 (82.031)	Acc@5 96.094 (96.094)
 * Acc@1 67.588 Acc@5 88.428
weight information for regulizer based pretrain
[tensor(0.0005, device='cuda:0'), tensor(0.0011, device='cuda:0'), tensor(0.0144, device='cuda:0')] [tensor(7.1255e-06, device='cuda:0'), tensor(2.9632e-05, device='cuda:0'), tensor(0.0001, device='cuda:0')]
Epoch: [2][0/5005]	Time 2.249 (2.249)	Data 1.990 (1.990)	Loss 1.6455 (1.6455)	Acc@1 62.891 (62.891)	Acc@5 83.594 (83.594)
Epoch: [2][500/5005]	Time 0.725 (0.727)	Data 0.000 (0.005)	Loss 1.7906 (1.7877)	Acc@1 55.859 (58.443)	Acc@5 82.422 (81.100)
Epoch: [2][1000/5005]	Time 0.725 (0.725)	Data 0.000 (0.003)	Loss 1.8940 (1.7901)	Acc@1 56.641 (58.266)	Acc@5 80.078 (81.093)
Epoch: [2][1500/5005]	Time 0.723 (0.725)	Data 0.000 (0.003)	Loss 1.8219 (1.7880)	Acc@1 55.469 (58.275)	Acc@5 78.516 (81.124)
Epoch: [2][2000/5005]	Time 0.737 (0.725)	Data 0.000 (0.002)	Loss 1.7316 (1.7848)	Acc@1 59.766 (58.366)	Acc@5 82.422 (81.166)
Epoch: [2][2500/5005]	Time 0.722 (0.725)	Data 0.000 (0.002)	Loss 1.8352 (1.7842)	Acc@1 60.938 (58.365)	Acc@5 80.469 (81.174)
Epoch: [2][3000/5005]	Time 0.734 (0.725)	Data 0.000 (0.002)	Loss 1.6257 (1.7829)	Acc@1 58.594 (58.373)	Acc@5 82.422 (81.194)
Epoch: [2][3500/5005]	Time 0.724 (0.725)	Data 0.000 (0.002)	Loss 1.8887 (1.7811)	Acc@1 56.641 (58.404)	Acc@5 79.297 (81.228)
Epoch: [2][4000/5005]	Time 0.721 (0.725)	Data 0.000 (0.002)	Loss 1.8900 (1.7806)	Acc@1 54.688 (58.435)	Acc@5 80.078 (81.241)
Epoch: [2][4500/5005]	Time 0.698 (0.724)	Data 0.000 (0.002)	Loss 1.7027 (1.7788)	Acc@1 62.891 (58.487)	Acc@5 82.812 (81.253)
Epoch: [2][5000/5005]	Time 0.720 (0.724)	Data 0.000 (0.002)	Loss 1.4630 (1.7776)	Acc@1 62.109 (58.512)	Acc@5 84.375 (81.252)
Test: [0/196]	Time 3.066 (3.066)	Loss 0.6979 (0.6979)	Acc@1 82.031 (82.031)	Acc@5 95.703 (95.703)
 * Acc@1 67.806 Acc@5 88.528
weight information for regulizer based pretrain
[tensor(0.0005, device='cuda:0'), tensor(0.0011, device='cuda:0'), tensor(0.0144, device='cuda:0')] [tensor(7.2277e-06, device='cuda:0'), tensor(3.0326e-05, device='cuda:0'), tensor(0.0001, device='cuda:0')]
Epoch: [3][0/5005]	Time 2.434 (2.434)	Data 2.176 (2.176)	Loss 1.8950 (1.8950)	Acc@1 56.250 (56.250)	Acc@5 80.078 (80.078)
Epoch: [3][500/5005]	Time 0.716 (0.727)	Data 0.000 (0.006)	Loss 1.7898 (1.7731)	Acc@1 59.375 (58.903)	Acc@5 80.078 (81.309)
Epoch: [3][1000/5005]	Time 0.664 (0.726)	Data 0.000 (0.003)	Loss 1.8537 (1.7668)	Acc@1 58.984 (58.860)	Acc@5 77.734 (81.403)
Epoch: [3][1500/5005]	Time 0.762 (0.725)	Data 0.000 (0.003)	Loss 1.7077 (1.7657)	Acc@1 56.641 (58.828)	Acc@5 85.156 (81.419)
Epoch: [3][2000/5005]	Time 0.725 (0.725)	Data 0.000 (0.002)	Loss 1.8740 (1.7638)	Acc@1 52.344 (58.841)	Acc@5 80.859 (81.454)
Epoch: [3][2500/5005]	Time 0.757 (0.725)	Data 0.000 (0.002)	Loss 1.6576 (1.7628)	Acc@1 60.547 (58.842)	Acc@5 82.031 (81.471)
Epoch: [3][3000/5005]	Time 0.733 (0.725)	Data 0.000 (0.002)	Loss 1.7472 (1.7616)	Acc@1 57.031 (58.863)	Acc@5 81.250 (81.482)
Epoch: [3][3500/5005]	Time 0.725 (0.725)	Data 0.000 (0.002)	Loss 1.8045 (1.7619)	Acc@1 58.984 (58.825)	Acc@5 82.422 (81.484)
Epoch: [3][4000/5005]	Time 0.728 (0.725)	Data 0.000 (0.002)	Loss 1.7952 (1.7613)	Acc@1 57.812 (58.849)	Acc@5 82.422 (81.487)
Epoch: [3][4500/5005]	Time 0.732 (0.724)	Data 0.000 (0.002)	Loss 1.7678 (1.7602)	Acc@1 56.641 (58.873)	Acc@5 81.641 (81.501)
Epoch: [3][5000/5005]	Time 0.734 (0.724)	Data 0.000 (0.002)	Loss 1.6695 (1.7606)	Acc@1 58.984 (58.865)	Acc@5 82.812 (81.489)
Test: [0/196]	Time 3.121 (3.121)	Loss 0.6943 (0.6943)	Acc@1 82.031 (82.031)	Acc@5 95.703 (95.703)
 * Acc@1 67.934 Acc@5 88.594
weight information for regulizer based pretrain
[tensor(0.0005, device='cuda:0'), tensor(0.0011, device='cuda:0'), tensor(0.0144, device='cuda:0')] [tensor(7.3220e-06, device='cuda:0'), tensor(3.0971e-05, device='cuda:0'), tensor(0.0001, device='cuda:0')]
Epoch: [4][0/5005]	Time 2.578 (2.578)	Data 2.346 (2.346)	Loss 1.6789 (1.6789)	Acc@1 57.812 (57.812)	Acc@5 86.719 (86.719)
Epoch: [4][500/5005]	Time 0.752 (0.726)	Data 0.000 (0.006)	Loss 1.7562 (1.7424)	Acc@1 60.938 (59.348)	Acc@5 80.859 (81.678)
Epoch: [4][1000/5005]	Time 0.727 (0.725)	Data 0.000 (0.004)	Loss 1.6737 (1.7452)	Acc@1 60.547 (59.292)	Acc@5 83.203 (81.675)
Epoch: [4][1500/5005]	Time 0.728 (0.724)	Data 0.000 (0.003)	Loss 1.8322 (1.7478)	Acc@1 60.156 (59.195)	Acc@5 81.250 (81.628)
Epoch: [4][2000/5005]	Time 0.733 (0.725)	Data 0.000 (0.002)	Loss 1.6889 (1.7487)	Acc@1 58.594 (59.197)	Acc@5 83.594 (81.594)
Epoch: [4][2500/5005]	Time 0.733 (0.724)	Data 0.000 (0.002)	Loss 1.7201 (1.7477)	Acc@1 60.156 (59.196)	Acc@5 82.812 (81.607)
Epoch: [4][3000/5005]	Time 0.709 (0.724)	Data 0.000 (0.002)	Loss 1.7286 (1.7452)	Acc@1 60.938 (59.238)	Acc@5 80.469 (81.646)
Epoch: [4][3500/5005]	Time 0.730 (0.724)	Data 0.000 (0.002)	Loss 1.7269 (1.7454)	Acc@1 59.766 (59.223)	Acc@5 82.812 (81.652)
Epoch: [4][4000/5005]	Time 0.717 (0.724)	Data 0.000 (0.002)	Loss 1.7086 (1.7443)	Acc@1 58.594 (59.224)	Acc@5 84.375 (81.670)
Epoch: [4][4500/5005]	Time 0.699 (0.723)	Data 0.000 (0.002)	Loss 1.7330 (1.7446)	Acc@1 60.156 (59.232)	Acc@5 80.859 (81.658)
Epoch: [4][5000/5005]	Time 0.720 (0.723)	Data 0.000 (0.002)	Loss 1.7299 (1.7439)	Acc@1 60.938 (59.247)	Acc@5 80.859 (81.675)
Test: [0/196]	Time 3.164 (3.164)	Loss 0.6885 (0.6885)	Acc@1 82.422 (82.422)	Acc@5 95.703 (95.703)
 * Acc@1 68.032 Acc@5 88.656
weight information for regulizer based pretrain
[tensor(0.0005, device='cuda:0'), tensor(0.0011, device='cuda:0'), tensor(0.0144, device='cuda:0')] [tensor(7.4112e-06, device='cuda:0'), tensor(3.1585e-05, device='cuda:0'), tensor(0.0001, device='cuda:0')]
Epoch: [5][0/5005]	Time 2.498 (2.498)	Data 2.225 (2.225)	Loss 1.7402 (1.7402)	Acc@1 61.328 (61.328)	Acc@5 81.250 (81.250)
Epoch: [5][500/5005]	Time 0.734 (0.728)	Data 0.000 (0.006)	Loss 1.9351 (1.7394)	Acc@1 56.250 (59.416)	Acc@5 80.078 (81.768)
Epoch: [5][1000/5005]	Time 0.698 (0.725)	Data 0.000 (0.003)	Loss 1.7490 (1.7389)	Acc@1 60.938 (59.342)	Acc@5 83.594 (81.734)
Epoch: [5][1500/5005]	Time 0.725 (0.724)	Data 0.000 (0.003)	Loss 1.9213 (1.7393)	Acc@1 55.078 (59.270)	Acc@5 77.344 (81.737)
Epoch: [5][2000/5005]	Time 0.720 (0.724)	Data 0.000 (0.002)	Loss 1.6618 (1.7371)	Acc@1 58.594 (59.342)	Acc@5 82.031 (81.756)
Epoch: [5][2500/5005]	Time 0.730 (0.724)	Data 0.000 (0.002)	Loss 1.9779 (1.7373)	Acc@1 54.688 (59.360)	Acc@5 77.344 (81.770)
Epoch: [5][3000/5005]	Time 0.727 (0.724)	Data 0.000 (0.002)	Loss 1.7720 (1.7370)	Acc@1 59.766 (59.370)	Acc@5 77.344 (81.764)
Epoch: [5][3500/5005]	Time 0.729 (0.724)	Data 0.000 (0.002)	Loss 1.7664 (1.7356)	Acc@1 60.938 (59.402)	Acc@5 80.859 (81.779)
Epoch: [5][4000/5005]	Time 0.710 (0.724)	Data 0.000 (0.002)	Loss 1.7738 (1.7341)	Acc@1 55.859 (59.422)	Acc@5 82.031 (81.787)
Epoch: [5][4500/5005]	Time 0.708 (0.724)	Data 0.000 (0.002)	Loss 1.8221 (1.7339)	Acc@1 56.250 (59.405)	Acc@5 80.078 (81.790)
Epoch: [5][5000/5005]	Time 0.696 (0.724)	Data 0.000 (0.002)	Loss 1.8441 (1.7330)	Acc@1 60.938 (59.425)	Acc@5 79.688 (81.804)
Test: [0/196]	Time 3.034 (3.034)	Loss 0.6868 (0.6868)	Acc@1 82.812 (82.812)	Acc@5 95.703 (95.703)
 * Acc@1 68.124 Acc@5 88.680
weight information for regulizer based pretrain
[tensor(0.0005, device='cuda:0'), tensor(0.0011, device='cuda:0'), tensor(0.0144, device='cuda:0')] [tensor(7.4960e-06, device='cuda:0'), tensor(3.2172e-05, device='cuda:0'), tensor(0.0001, device='cuda:0')]
Epoch: [6][0/5005]	Time 2.437 (2.437)	Data 2.201 (2.201)	Loss 1.5955 (1.5955)	Acc@1 60.938 (60.938)	Acc@5 81.641 (81.641)
Epoch: [6][500/5005]	Time 0.755 (0.727)	Data 0.000 (0.006)	Loss 1.8480 (1.7245)	Acc@1 58.594 (59.678)	Acc@5 78.906 (81.880)
Epoch: [6][1000/5005]	Time 0.721 (0.726)	Data 0.000 (0.003)	Loss 1.8539 (1.7258)	Acc@1 57.422 (59.696)	Acc@5 79.688 (81.865)
Epoch: [6][1500/5005]	Time 0.716 (0.726)	Data 0.000 (0.003)	Loss 1.6583 (1.7295)	Acc@1 58.984 (59.577)	Acc@5 84.375 (81.822)
Epoch: [6][2000/5005]	Time 0.718 (0.725)	Data 0.000 (0.002)	Loss 1.5285 (1.7292)	Acc@1 64.062 (59.595)	Acc@5 84.766 (81.833)
Epoch: [6][2500/5005]	Time 0.721 (0.725)	Data 0.000 (0.002)	Loss 1.8661 (1.7270)	Acc@1 53.516 (59.614)	Acc@5 80.859 (81.890)
Epoch: [6][3000/5005]	Time 0.701 (0.725)	Data 0.000 (0.002)	Loss 1.6573 (1.7269)	Acc@1 60.547 (59.614)	Acc@5 84.375 (81.912)
Epoch: [6][3500/5005]	Time 0.729 (0.725)	Data 0.000 (0.002)	Loss 1.6532 (1.7256)	Acc@1 60.938 (59.630)	Acc@5 82.031 (81.923)
Epoch: [6][4000/5005]	Time 0.707 (0.725)	Data 0.000 (0.002)	Loss 1.6724 (1.7251)	Acc@1 62.109 (59.645)	Acc@5 82.031 (81.919)
Epoch: [6][4500/5005]	Time 0.731 (0.724)	Data 0.000 (0.002)	Loss 1.8782 (1.7236)	Acc@1 55.469 (59.667)	Acc@5 79.688 (81.934)
Epoch: [6][5000/5005]	Time 0.720 (0.724)	Data 0.000 (0.002)	Loss 2.0782 (1.7239)	Acc@1 52.344 (59.669)	Acc@5 76.562 (81.934)
Test: [0/196]	Time 3.098 (3.098)	Loss 0.6891 (0.6891)	Acc@1 82.031 (82.031)	Acc@5 95.703 (95.703)
 * Acc@1 68.238 Acc@5 88.728
weight information for regulizer based pretrain
[tensor(0.0006, device='cuda:0'), tensor(0.0011, device='cuda:0'), tensor(0.0144, device='cuda:0')] [tensor(7.5765e-06, device='cuda:0'), tensor(3.2731e-05, device='cuda:0'), tensor(0.0001, device='cuda:0')]
Epoch: [7][0/5005]	Time 2.456 (2.456)	Data 2.181 (2.181)	Loss 1.8590 (1.8590)	Acc@1 58.203 (58.203)	Acc@5 78.125 (78.125)
Epoch: [7][500/5005]	Time 0.722 (0.726)	Data 0.000 (0.006)	Loss 1.7663 (1.7280)	Acc@1 57.812 (59.468)	Acc@5 80.469 (81.762)
Epoch: [7][1000/5005]	Time 0.753 (0.726)	Data 0.000 (0.003)	Loss 1.6826 (1.7226)	Acc@1 62.891 (59.576)	Acc@5 79.297 (81.856)
Epoch: [7][1500/5005]	Time 0.717 (0.725)	Data 0.000 (0.003)	Loss 1.5778 (1.7204)	Acc@1 62.891 (59.614)	Acc@5 85.156 (81.958)
Epoch: [7][2000/5005]	Time 0.720 (0.725)	Data 0.000 (0.002)	Loss 1.5470 (1.7199)	Acc@1 62.500 (59.648)	Acc@5 82.812 (81.974)
Epoch: [7][2500/5005]	Time 0.728 (0.725)	Data 0.000 (0.002)	Loss 1.7348 (1.7206)	Acc@1 56.641 (59.624)	Acc@5 83.594 (81.942)
Epoch: [7][3000/5005]	Time 0.736 (0.725)	Data 0.000 (0.002)	Loss 1.6537 (1.7189)	Acc@1 62.109 (59.668)	Acc@5 82.812 (81.971)
Epoch: [7][3500/5005]	Time 0.720 (0.725)	Data 0.000 (0.002)	Loss 1.5274 (1.7170)	Acc@1 62.500 (59.716)	Acc@5 84.375 (82.006)
Epoch: [7][4000/5005]	Time 0.704 (0.725)	Data 0.000 (0.002)	Loss 1.6557 (1.7162)	Acc@1 59.766 (59.745)	Acc@5 87.109 (81.996)
Epoch: [7][4500/5005]	Time 0.721 (0.724)	Data 0.000 (0.002)	Loss 1.7210 (1.7150)	Acc@1 60.156 (59.768)	Acc@5 81.641 (82.029)
Epoch: [7][5000/5005]	Time 0.721 (0.724)	Data 0.000 (0.002)	Loss 1.9041 (1.7157)	Acc@1 57.812 (59.744)	Acc@5 78.125 (82.031)
Test: [0/196]	Time 2.993 (2.993)	Loss 0.6856 (0.6856)	Acc@1 82.422 (82.422)	Acc@5 95.703 (95.703)
 * Acc@1 68.306 Acc@5 88.752
weight information for regulizer based pretrain
[tensor(0.0006, device='cuda:0'), tensor(0.0011, device='cuda:0'), tensor(0.0144, device='cuda:0')] [tensor(7.6541e-06, device='cuda:0'), tensor(3.3273e-05, device='cuda:0'), tensor(0.0001, device='cuda:0')]
Epoch: [8][0/5005]	Time 2.545 (2.545)	Data 2.304 (2.304)	Loss 1.7964 (1.7964)	Acc@1 55.469 (55.469)	Acc@5 79.297 (79.297)
Epoch: [8][500/5005]	Time 0.723 (0.727)	Data 0.000 (0.006)	Loss 1.5881 (1.7017)	Acc@1 58.594 (60.060)	Acc@5 83.594 (82.257)
Epoch: [8][1000/5005]	Time 0.696 (0.725)	Data 0.000 (0.004)	Loss 1.5579 (1.7053)	Acc@1 59.766 (59.906)	Acc@5 86.328 (82.188)
Epoch: [8][1500/5005]	Time 0.693 (0.724)	Data 0.000 (0.003)	Loss 1.8191 (1.7066)	Acc@1 56.641 (59.937)	Acc@5 77.344 (82.161)
Epoch: [8][2000/5005]	Time 0.748 (0.724)	Data 0.000 (0.002)	Loss 1.4748 (1.7065)	Acc@1 63.281 (59.934)	Acc@5 85.547 (82.148)
Epoch: [8][2500/5005]	Time 0.704 (0.724)	Data 0.000 (0.002)	Loss 1.8383 (1.7081)	Acc@1 56.641 (59.909)	Acc@5 78.125 (82.119)
Epoch: [8][3000/5005]	Time 0.721 (0.724)	Data 0.000 (0.002)	Loss 1.7835 (1.7090)	Acc@1 62.109 (59.906)	Acc@5 79.297 (82.120)
Epoch: [8][3500/5005]	Time 0.727 (0.724)	Data 0.000 (0.002)	Loss 1.6013 (1.7097)	Acc@1 61.719 (59.895)	Acc@5 83.594 (82.105)
Epoch: [8][4000/5005]	Time 0.698 (0.724)	Data 0.000 (0.002)	Loss 1.7542 (1.7084)	Acc@1 59.766 (59.904)	Acc@5 80.078 (82.115)
Epoch: [8][4500/5005]	Time 0.736 (0.724)	Data 0.000 (0.002)	Loss 1.6034 (1.7077)	Acc@1 65.234 (59.906)	Acc@5 83.203 (82.147)
Epoch: [8][5000/5005]	Time 0.729 (0.724)	Data 0.000 (0.002)	Loss 1.6967 (1.7072)	Acc@1 64.844 (59.905)	Acc@5 82.812 (82.148)
Test: [0/196]	Time 3.167 (3.167)	Loss 0.6827 (0.6827)	Acc@1 82.031 (82.031)	Acc@5 95.703 (95.703)
 * Acc@1 68.410 Acc@5 88.778
weight information for regulizer based pretrain
[tensor(0.0006, device='cuda:0'), tensor(0.0012, device='cuda:0'), tensor(0.0144, device='cuda:0')] [tensor(7.7284e-06, device='cuda:0'), tensor(3.3794e-05, device='cuda:0'), tensor(0.0001, device='cuda:0')]
Epoch: [9][0/5005]	Time 2.290 (2.290)	Data 2.051 (2.051)	Loss 1.5783 (1.5783)	Acc@1 64.062 (64.062)	Acc@5 84.766 (84.766)
Epoch: [9][500/5005]	Time 0.731 (0.726)	Data 0.000 (0.005)	Loss 1.6287 (1.7089)	Acc@1 60.938 (60.043)	Acc@5 83.594 (82.139)
Epoch: [9][1000/5005]	Time 0.722 (0.725)	Data 0.000 (0.003)	Loss 1.3774 (1.7056)	Acc@1 65.234 (60.018)	Acc@5 86.719 (82.230)
Epoch: [9][1500/5005]	Time 0.719 (0.725)	Data 0.000 (0.003)	Loss 1.6877 (1.7097)	Acc@1 60.156 (59.917)	Acc@5 82.422 (82.105)
Epoch: [9][2000/5005]	Time 0.756 (0.724)	Data 0.000 (0.002)	Loss 1.8164 (1.7087)	Acc@1 58.203 (59.938)	Acc@5 81.250 (82.137)
Epoch: [9][2500/5005]	Time 0.723 (0.724)	Data 0.000 (0.002)	Loss 1.8657 (1.7082)	Acc@1 55.859 (59.922)	Acc@5 78.906 (82.149)
Epoch: [9][3000/5005]	Time 0.719 (0.725)	Data 0.000 (0.002)	Loss 1.7952 (1.7061)	Acc@1 60.156 (59.948)	Acc@5 78.516 (82.191)
Epoch: [9][3500/5005]	Time 0.714 (0.724)	Data 0.000 (0.002)	Loss 1.7225 (1.7054)	Acc@1 57.422 (59.974)	Acc@5 82.031 (82.189)
Epoch: [9][4000/5005]	Time 0.731 (0.724)	Data 0.000 (0.002)	Loss 1.6277 (1.7046)	Acc@1 60.547 (59.994)	Acc@5 82.031 (82.198)
Epoch: [9][4500/5005]	Time 0.725 (0.724)	Data 0.000 (0.002)	Loss 1.5669 (1.7046)	Acc@1 63.672 (59.990)	Acc@5 83.984 (82.194)
Epoch: [9][5000/5005]	Time 0.718 (0.724)	Data 0.000 (0.002)	Loss 1.6924 (1.7049)	Acc@1 62.500 (59.993)	Acc@5 82.422 (82.186)
Test: [0/196]	Time 3.043 (3.043)	Loss 0.6791 (0.6791)	Acc@1 82.422 (82.422)	Acc@5 95.703 (95.703)
 * Acc@1 68.418 Acc@5 88.800
