=> creating model 'vgg16'
=> loading checkpoint 'checkpoints/vgg-4/model_best.pth.tar'
=> loaded checkpoint 'checkpoints/vgg-4/model_best.pth.tar' 
read conf from:  conf/vgg.conf
checkpoint dir:  checkpoints/1549256956/
weight information for regulizer based pretrain
[tensor(0.0010, device='cuda:0'), tensor(0.0021, device='cuda:0'), tensor(0.0147, device='cuda:0')] [tensor(1.0099e-05, device='cuda:0'), tensor(4.1290e-05, device='cuda:0'), tensor(0.0001, device='cuda:0')]
Epoch: [0][0/5005]	Time 12.853 (12.853)	Data 2.313 (2.313)	Loss 1.7164 (1.7164)	Acc@1 58.984 (58.984)	Acc@5 81.641 (81.641)
Epoch: [0][500/5005]	Time 0.694 (0.726)	Data 0.000 (0.005)	Loss 1.6351 (1.5347)	Acc@1 58.984 (63.740)	Acc@5 81.250 (84.423)
Epoch: [0][1000/5005]	Time 0.718 (0.719)	Data 0.000 (0.003)	Loss 1.4508 (1.5424)	Acc@1 64.062 (63.574)	Acc@5 85.938 (84.227)
Epoch: [0][1500/5005]	Time 0.718 (0.718)	Data 0.000 (0.002)	Loss 1.3683 (1.5433)	Acc@1 66.406 (63.496)	Acc@5 88.281 (84.210)
Epoch: [0][2000/5005]	Time 0.721 (0.718)	Data 0.000 (0.002)	Loss 1.7687 (1.5460)	Acc@1 57.812 (63.420)	Acc@5 81.250 (84.211)
Epoch: [0][2500/5005]	Time 0.713 (0.718)	Data 0.000 (0.002)	Loss 1.2223 (1.5464)	Acc@1 72.656 (63.389)	Acc@5 89.453 (84.195)
Epoch: [0][3000/5005]	Time 0.717 (0.718)	Data 0.000 (0.002)	Loss 1.6369 (1.5463)	Acc@1 62.109 (63.391)	Acc@5 80.078 (84.199)
Epoch: [0][3500/5005]	Time 0.709 (0.718)	Data 0.000 (0.002)	Loss 1.5566 (1.5459)	Acc@1 60.547 (63.393)	Acc@5 85.938 (84.223)
Epoch: [0][4000/5005]	Time 0.707 (0.718)	Data 0.000 (0.002)	Loss 1.3811 (1.5444)	Acc@1 66.406 (63.415)	Acc@5 87.500 (84.243)
Epoch: [0][4500/5005]	Time 0.719 (0.718)	Data 0.000 (0.002)	Loss 1.4781 (1.5451)	Acc@1 65.234 (63.391)	Acc@5 83.984 (84.241)
Epoch: [0][5000/5005]	Time 0.721 (0.718)	Data 0.000 (0.002)	Loss 1.5361 (1.5452)	Acc@1 63.281 (63.393)	Acc@5 85.156 (84.239)
Test: [0/196]	Time 3.272 (3.272)	Loss 0.6286 (0.6286)	Acc@1 85.156 (85.156)	Acc@5 96.484 (96.484)
 * Acc@1 70.162 Acc@5 89.752
weight information for regulizer based pretrain
[tensor(0.0010, device='cuda:0'), tensor(0.0021, device='cuda:0'), tensor(0.0147, device='cuda:0')] [tensor(1.0109e-05, device='cuda:0'), tensor(4.1393e-05, device='cuda:0'), tensor(0.0001, device='cuda:0')]
Epoch: [1][0/5005]	Time 3.167 (3.167)	Data 2.390 (2.390)	Loss 1.5516 (1.5516)	Acc@1 61.719 (61.719)	Acc@5 87.109 (87.109)
Epoch: [1][500/5005]	Time 0.704 (0.721)	Data 0.000 (0.005)	Loss 1.6414 (1.5429)	Acc@1 60.156 (63.311)	Acc@5 82.422 (84.264)
Epoch: [1][1000/5005]	Time 0.717 (0.717)	Data 0.000 (0.003)	Loss 1.5547 (1.5406)	Acc@1 63.672 (63.343)	Acc@5 85.156 (84.307)
Epoch: [1][1500/5005]	Time 0.715 (0.717)	Data 0.000 (0.003)	Loss 1.6300 (1.5400)	Acc@1 63.281 (63.364)	Acc@5 79.297 (84.283)
Epoch: [1][2000/5005]	Time 0.727 (0.717)	Data 0.000 (0.002)	Loss 1.6209 (1.5404)	Acc@1 58.984 (63.365)	Acc@5 83.203 (84.282)
Epoch: [1][2500/5005]	Time 0.710 (0.718)	Data 0.000 (0.002)	Loss 1.5315 (1.5414)	Acc@1 63.672 (63.371)	Acc@5 85.938 (84.279)
Epoch: [1][3000/5005]	Time 0.716 (0.718)	Data 0.000 (0.002)	Loss 1.7120 (1.5406)	Acc@1 56.250 (63.389)	Acc@5 83.984 (84.275)
Epoch: [1][3500/5005]	Time 0.715 (0.718)	Data 0.000 (0.002)	Loss 1.5318 (1.5389)	Acc@1 64.844 (63.432)	Acc@5 83.203 (84.306)
Epoch: [1][4000/5005]	Time 0.726 (0.718)	Data 0.000 (0.002)	Loss 1.4251 (1.5397)	Acc@1 66.016 (63.439)	Acc@5 85.938 (84.284)
Epoch: [1][4500/5005]	Time 0.711 (0.718)	Data 0.000 (0.002)	Loss 1.4230 (1.5399)	Acc@1 62.891 (63.433)	Acc@5 86.719 (84.288)
Epoch: [1][5000/5005]	Time 0.722 (0.718)	Data 0.000 (0.002)	Loss 1.7740 (1.5401)	Acc@1 59.375 (63.443)	Acc@5 82.031 (84.282)
Test: [0/196]	Time 3.210 (3.210)	Loss 0.6291 (0.6291)	Acc@1 85.547 (85.547)	Acc@5 96.484 (96.484)
 * Acc@1 70.174 Acc@5 89.742
weight information for regulizer based pretrain
[tensor(0.0010, device='cuda:0'), tensor(0.0021, device='cuda:0'), tensor(0.0147, device='cuda:0')] [tensor(1.0120e-05, device='cuda:0'), tensor(4.1498e-05, device='cuda:0'), tensor(0.0001, device='cuda:0')]
Epoch: [2][0/5005]	Time 2.833 (2.833)	Data 2.591 (2.591)	Loss 1.6856 (1.6856)	Acc@1 64.062 (64.062)	Acc@5 82.422 (82.422)
Epoch: [2][500/5005]	Time 0.714 (0.720)	Data 0.000 (0.006)	Loss 1.3836 (1.5293)	Acc@1 66.797 (63.710)	Acc@5 85.938 (84.470)
Epoch: [2][1000/5005]	Time 0.744 (0.717)	Data 0.000 (0.004)	Loss 1.6373 (1.5376)	Acc@1 62.891 (63.531)	Acc@5 82.812 (84.348)
Epoch: [2][1500/5005]	Time 0.717 (0.717)	Data 0.000 (0.003)	Loss 1.5453 (1.5415)	Acc@1 62.500 (63.475)	Acc@5 85.547 (84.292)
Epoch: [2][2000/5005]	Time 0.725 (0.717)	Data 0.000 (0.003)	Loss 1.4244 (1.5407)	Acc@1 65.625 (63.489)	Acc@5 86.328 (84.306)
Epoch: [2][2500/5005]	Time 0.711 (0.717)	Data 0.000 (0.002)	Loss 1.5051 (1.5403)	Acc@1 65.234 (63.503)	Acc@5 86.328 (84.315)
Epoch: [2][3000/5005]	Time 0.717 (0.717)	Data 0.000 (0.002)	Loss 1.5203 (1.5398)	Acc@1 61.328 (63.481)	Acc@5 85.547 (84.316)
Epoch: [2][3500/5005]	Time 0.721 (0.717)	Data 0.000 (0.002)	Loss 1.5080 (1.5409)	Acc@1 64.844 (63.440)	Acc@5 85.547 (84.304)
Epoch: [2][4000/5005]	Time 0.721 (0.718)	Data 0.000 (0.002)	Loss 1.5480 (1.5418)	Acc@1 62.500 (63.426)	Acc@5 83.594 (84.296)
Epoch: [2][4500/5005]	Time 0.712 (0.718)	Data 0.000 (0.002)	Loss 1.4456 (1.5413)	Acc@1 66.406 (63.454)	Acc@5 85.547 (84.304)
Epoch: [2][5000/5005]	Time 0.692 (0.718)	Data 0.000 (0.002)	Loss 1.4275 (1.5412)	Acc@1 66.797 (63.457)	Acc@5 84.375 (84.300)
Test: [0/196]	Time 3.085 (3.085)	Loss 0.6292 (0.6292)	Acc@1 85.547 (85.547)	Acc@5 96.875 (96.875)
 * Acc@1 70.162 Acc@5 89.756
weight information for regulizer based pretrain
[tensor(0.0010, device='cuda:0'), tensor(0.0021, device='cuda:0'), tensor(0.0147, device='cuda:0')] [tensor(1.0129e-05, device='cuda:0'), tensor(4.1598e-05, device='cuda:0'), tensor(0.0001, device='cuda:0')]
Epoch: [3][0/5005]	Time 2.530 (2.530)	Data 2.295 (2.295)	Loss 1.5340 (1.5340)	Acc@1 62.109 (62.109)	Acc@5 85.547 (85.547)
Epoch: [3][500/5005]	Time 0.712 (0.720)	Data 0.000 (0.006)	Loss 1.3667 (1.5395)	Acc@1 67.188 (63.546)	Acc@5 85.938 (84.176)
Epoch: [3][1000/5005]	Time 0.717 (0.716)	Data 0.000 (0.003)	Loss 1.5703 (1.5430)	Acc@1 58.984 (63.489)	Acc@5 84.766 (84.134)
Epoch: [3][1500/5005]	Time 0.715 (0.716)	Data 0.000 (0.003)	Loss 1.4806 (1.5431)	Acc@1 63.672 (63.452)	Acc@5 86.719 (84.151)
Epoch: [3][2000/5005]	Time 0.715 (0.717)	Data 0.000 (0.002)	Loss 1.2858 (1.5421)	Acc@1 69.141 (63.484)	Acc@5 87.109 (84.195)
Epoch: [3][2500/5005]	Time 0.707 (0.717)	Data 0.000 (0.002)	Loss 1.6516 (1.5440)	Acc@1 61.328 (63.422)	Acc@5 81.641 (84.189)
Epoch: [3][3000/5005]	Time 0.739 (0.717)	Data 0.000 (0.002)	Loss 1.4492 (1.5429)	Acc@1 65.625 (63.433)	Acc@5 84.766 (84.208)
Epoch: [3][3500/5005]	Time 0.716 (0.718)	Data 0.000 (0.002)	Loss 1.3799 (1.5429)	Acc@1 66.797 (63.426)	Acc@5 86.719 (84.229)
Epoch: [3][4000/5005]	Time 0.717 (0.718)	Data 0.000 (0.002)	Loss 1.5165 (1.5431)	Acc@1 64.062 (63.458)	Acc@5 86.719 (84.215)
Epoch: [3][4500/5005]	Time 0.711 (0.718)	Data 0.000 (0.002)	Loss 1.3936 (1.5418)	Acc@1 64.453 (63.477)	Acc@5 85.938 (84.242)
Epoch: [3][5000/5005]	Time 0.723 (0.718)	Data 0.000 (0.002)	Loss 1.4775 (1.5409)	Acc@1 62.109 (63.497)	Acc@5 85.938 (84.256)
Test: [0/196]	Time 3.311 (3.311)	Loss 0.6288 (0.6288)	Acc@1 85.547 (85.547)	Acc@5 96.484 (96.484)
 * Acc@1 70.144 Acc@5 89.742
weight information for regulizer based pretrain
[tensor(0.0010, device='cuda:0'), tensor(0.0021, device='cuda:0'), tensor(0.0147, device='cuda:0')] [tensor(1.0139e-05, device='cuda:0'), tensor(4.1700e-05, device='cuda:0'), tensor(0.0001, device='cuda:0')]
Epoch: [4][0/5005]	Time 2.411 (2.411)	Data 2.151 (2.151)	Loss 1.6633 (1.6633)	Acc@1 58.984 (58.984)	Acc@5 83.594 (83.594)
Epoch: [4][500/5005]	Time 0.726 (0.720)	Data 0.000 (0.005)	Loss 1.6719 (1.5399)	Acc@1 62.109 (63.569)	Acc@5 81.641 (84.204)
Epoch: [4][1000/5005]	Time 0.713 (0.717)	Data 0.000 (0.003)	Loss 1.6059 (1.5387)	Acc@1 60.547 (63.461)	Acc@5 84.375 (84.243)
Epoch: [4][1500/5005]	Time 0.728 (0.716)	Data 0.000 (0.003)	Loss 1.5513 (1.5334)	Acc@1 60.547 (63.546)	Acc@5 85.938 (84.326)
Epoch: [4][2000/5005]	Time 0.719 (0.717)	Data 0.000 (0.002)	Loss 1.5028 (1.5361)	Acc@1 65.625 (63.557)	Acc@5 87.109 (84.297)
Epoch: [4][2500/5005]	Time 0.731 (0.717)	Data 0.000 (0.002)	Loss 1.4904 (1.5388)	Acc@1 61.719 (63.477)	Acc@5 83.984 (84.276)
Epoch: [4][3000/5005]	Time 0.717 (0.717)	Data 0.000 (0.002)	Loss 1.5207 (1.5376)	Acc@1 66.016 (63.484)	Acc@5 84.766 (84.306)
Epoch: [4][3500/5005]	Time 0.711 (0.717)	Data 0.000 (0.002)	Loss 1.6008 (1.5372)	Acc@1 60.938 (63.474)	Acc@5 83.203 (84.321)
Epoch: [4][4000/5005]	Time 0.718 (0.717)	Data 0.000 (0.002)	Loss 1.6941 (1.5367)	Acc@1 58.984 (63.497)	Acc@5 82.422 (84.327)
Epoch: [4][4500/5005]	Time 0.709 (0.717)	Data 0.000 (0.002)	Loss 1.5962 (1.5361)	Acc@1 64.453 (63.501)	Acc@5 85.547 (84.332)
Epoch: [4][5000/5005]	Time 0.714 (0.717)	Data 0.000 (0.002)	Loss 1.5508 (1.5375)	Acc@1 62.891 (63.477)	Acc@5 85.547 (84.313)
Test: [0/196]	Time 3.129 (3.129)	Loss 0.6270 (0.6270)	Acc@1 85.547 (85.547)	Acc@5 96.484 (96.484)
 * Acc@1 70.164 Acc@5 89.740
weight information for regulizer based pretrain
[tensor(0.0010, device='cuda:0'), tensor(0.0021, device='cuda:0'), tensor(0.0147, device='cuda:0')] [tensor(1.0149e-05, device='cuda:0'), tensor(4.1800e-05, device='cuda:0'), tensor(0.0001, device='cuda:0')]
Epoch: [5][0/5005]	Time 2.460 (2.460)	Data 2.223 (2.223)	Loss 1.3985 (1.3985)	Acc@1 62.891 (62.891)	Acc@5 85.938 (85.938)
Epoch: [5][500/5005]	Time 0.711 (0.721)	Data 0.000 (0.006)	Loss 1.5561 (1.5384)	Acc@1 61.719 (63.619)	Acc@5 84.766 (84.200)
Epoch: [5][1000/5005]	Time 0.716 (0.717)	Data 0.000 (0.003)	Loss 1.5549 (1.5456)	Acc@1 60.938 (63.407)	Acc@5 82.031 (84.151)
Epoch: [5][1500/5005]	Time 0.742 (0.718)	Data 0.000 (0.003)	Loss 1.5643 (1.5400)	Acc@1 62.500 (63.594)	Acc@5 85.547 (84.219)
Epoch: [5][2000/5005]	Time 0.724 (0.717)	Data 0.000 (0.002)	Loss 1.4445 (1.5383)	Acc@1 63.672 (63.581)	Acc@5 87.109 (84.239)
Epoch: [5][2500/5005]	Time 0.743 (0.717)	Data 0.000 (0.002)	Loss 1.5688 (1.5381)	Acc@1 62.891 (63.561)	Acc@5 82.422 (84.242)
Epoch: [5][3000/5005]	Time 0.720 (0.718)	Data 0.000 (0.002)	Loss 1.4640 (1.5378)	Acc@1 62.109 (63.566)	Acc@5 85.547 (84.260)
Epoch: [5][3500/5005]	Time 0.713 (0.718)	Data 0.000 (0.002)	Loss 1.5409 (1.5380)	Acc@1 63.672 (63.559)	Acc@5 82.812 (84.259)
Epoch: [5][4000/5005]	Time 0.716 (0.718)	Data 0.000 (0.002)	Loss 1.6274 (1.5382)	Acc@1 64.062 (63.545)	Acc@5 82.031 (84.256)
Epoch: [5][4500/5005]	Time 0.723 (0.718)	Data 0.000 (0.002)	Loss 1.5309 (1.5385)	Acc@1 62.109 (63.524)	Acc@5 83.203 (84.263)
Epoch: [5][5000/5005]	Time 0.720 (0.718)	Data 0.000 (0.002)	Loss 1.4280 (1.5383)	Acc@1 67.188 (63.507)	Acc@5 88.281 (84.263)
Test: [0/196]	Time 3.172 (3.172)	Loss 0.6288 (0.6288)	Acc@1 85.547 (85.547)	Acc@5 96.484 (96.484)
 * Acc@1 70.178 Acc@5 89.768
weight information for regulizer based pretrain
[tensor(0.0010, device='cuda:0'), tensor(0.0021, device='cuda:0'), tensor(0.0147, device='cuda:0')] [tensor(1.0159e-05, device='cuda:0'), tensor(4.1898e-05, device='cuda:0'), tensor(0.0001, device='cuda:0')]
Epoch: [6][0/5005]	Time 2.624 (2.624)	Data 2.351 (2.351)	Loss 1.5317 (1.5317)	Acc@1 64.844 (64.844)	Acc@5 83.594 (83.594)
Epoch: [6][500/5005]	Time 0.719 (0.719)	Data 0.000 (0.006)	Loss 1.4063 (1.5419)	Acc@1 64.062 (63.377)	Acc@5 87.109 (84.261)
Epoch: [6][1000/5005]	Time 0.704 (0.716)	Data 0.000 (0.004)	Loss 1.7069 (1.5438)	Acc@1 58.594 (63.387)	Acc@5 81.250 (84.262)
Epoch: [6][1500/5005]	Time 0.724 (0.718)	Data 0.000 (0.003)	Loss 1.5860 (1.5430)	Acc@1 64.844 (63.409)	Acc@5 83.203 (84.286)
Epoch: [6][2000/5005]	Time 0.711 (0.718)	Data 0.000 (0.002)	Loss 1.5637 (1.5411)	Acc@1 62.500 (63.443)	Acc@5 84.375 (84.342)
Epoch: [6][2500/5005]	Time 0.682 (0.718)	Data 0.000 (0.002)	Loss 1.4294 (1.5405)	Acc@1 64.062 (63.463)	Acc@5 85.156 (84.323)
Epoch: [6][3000/5005]	Time 0.724 (0.718)	Data 0.000 (0.002)	Loss 1.5215 (1.5394)	Acc@1 62.891 (63.453)	Acc@5 84.766 (84.325)
Epoch: [6][3500/5005]	Time 0.732 (0.718)	Data 0.000 (0.002)	Loss 1.6929 (1.5396)	Acc@1 60.938 (63.455)	Acc@5 84.766 (84.320)
Epoch: [6][4000/5005]	Time 0.713 (0.718)	Data 0.000 (0.002)	Loss 1.5545 (1.5393)	Acc@1 60.156 (63.471)	Acc@5 83.984 (84.322)
Epoch: [6][4500/5005]	Time 0.721 (0.718)	Data 0.000 (0.002)	Loss 1.5161 (1.5394)	Acc@1 65.625 (63.468)	Acc@5 85.547 (84.321)
Epoch: [6][5000/5005]	Time 0.716 (0.718)	Data 0.000 (0.002)	Loss 1.6945 (1.5386)	Acc@1 61.328 (63.486)	Acc@5 82.812 (84.328)
Test: [0/196]	Time 3.073 (3.073)	Loss 0.6322 (0.6322)	Acc@1 85.547 (85.547)	Acc@5 96.484 (96.484)
 * Acc@1 70.170 Acc@5 89.762
weight information for regulizer based pretrain
[tensor(0.0010, device='cuda:0'), tensor(0.0021, device='cuda:0'), tensor(0.0147, device='cuda:0')] [tensor(1.0168e-05, device='cuda:0'), tensor(4.1996e-05, device='cuda:0'), tensor(0.0001, device='cuda:0')]
Epoch: [7][0/5005]	Time 2.398 (2.398)	Data 2.127 (2.127)	Loss 1.3612 (1.3612)	Acc@1 67.188 (67.188)	Acc@5 85.547 (85.547)
Epoch: [7][500/5005]	Time 0.718 (0.721)	Data 0.000 (0.005)	Loss 1.5346 (1.5515)	Acc@1 62.500 (63.344)	Acc@5 83.594 (84.030)
Epoch: [7][1000/5005]	Time 0.706 (0.718)	Data 0.000 (0.003)	Loss 1.4365 (1.5409)	Acc@1 68.359 (63.451)	Acc@5 85.547 (84.215)
Epoch: [7][1500/5005]	Time 0.744 (0.718)	Data 0.000 (0.003)	Loss 1.4889 (1.5355)	Acc@1 62.500 (63.554)	Acc@5 87.109 (84.283)
Epoch: [7][2000/5005]	Time 0.722 (0.718)	Data 0.000 (0.002)	Loss 1.4160 (1.5354)	Acc@1 67.578 (63.603)	Acc@5 87.891 (84.309)
Epoch: [7][2500/5005]	Time 0.715 (0.718)	Data 0.000 (0.002)	Loss 1.5349 (1.5345)	Acc@1 62.891 (63.633)	Acc@5 85.547 (84.329)
Epoch: [7][3000/5005]	Time 0.714 (0.718)	Data 0.000 (0.002)	Loss 1.5897 (1.5344)	Acc@1 60.547 (63.615)	Acc@5 83.984 (84.351)
Epoch: [7][3500/5005]	Time 0.727 (0.718)	Data 0.000 (0.002)	Loss 1.6994 (1.5352)	Acc@1 57.422 (63.590)	Acc@5 83.203 (84.345)
Epoch: [7][4000/5005]	Time 0.713 (0.718)	Data 0.000 (0.002)	Loss 1.6858 (1.5366)	Acc@1 60.938 (63.567)	Acc@5 82.812 (84.331)
Epoch: [7][4500/5005]	Time 0.714 (0.718)	Data 0.000 (0.002)	Loss 1.5715 (1.5372)	Acc@1 60.547 (63.552)	Acc@5 82.031 (84.326)
Epoch: [7][5000/5005]	Time 0.714 (0.718)	Data 0.000 (0.002)	Loss 1.4830 (1.5374)	Acc@1 67.578 (63.547)	Acc@5 85.156 (84.329)
Test: [0/196]	Time 3.148 (3.148)	Loss 0.6287 (0.6287)	Acc@1 85.547 (85.547)	Acc@5 96.484 (96.484)
 * Acc@1 70.180 Acc@5 89.750
weight information for regulizer based pretrain
[tensor(0.0010, device='cuda:0'), tensor(0.0021, device='cuda:0'), tensor(0.0147, device='cuda:0')] [tensor(1.0177e-05, device='cuda:0'), tensor(4.2092e-05, device='cuda:0'), tensor(0.0001, device='cuda:0')]
Epoch: [8][0/5005]	Time 2.647 (2.647)	Data 2.413 (2.413)	Loss 1.4948 (1.4948)	Acc@1 64.062 (64.062)	Acc@5 85.156 (85.156)
Epoch: [8][500/5005]	Time 0.761 (0.719)	Data 0.000 (0.006)	Loss 1.5760 (1.5433)	Acc@1 62.891 (63.346)	Acc@5 84.375 (84.192)
Epoch: [8][1000/5005]	Time 0.696 (0.717)	Data 0.000 (0.004)	Loss 1.6295 (1.5416)	Acc@1 64.062 (63.415)	Acc@5 83.984 (84.220)
Epoch: [8][1500/5005]	Time 0.718 (0.716)	Data 0.000 (0.003)	Loss 1.4878 (1.5383)	Acc@1 64.844 (63.487)	Acc@5 87.109 (84.285)
Epoch: [8][2000/5005]	Time 0.723 (0.716)	Data 0.000 (0.002)	Loss 1.4880 (1.5362)	Acc@1 64.844 (63.547)	Acc@5 83.203 (84.312)
Epoch: [8][2500/5005]	Time 0.722 (0.717)	Data 0.000 (0.002)	Loss 1.6261 (1.5364)	Acc@1 59.766 (63.558)	Acc@5 82.031 (84.295)
Epoch: [8][3000/5005]	Time 0.717 (0.717)	Data 0.000 (0.002)	Loss 1.6572 (1.5356)	Acc@1 64.062 (63.566)	Acc@5 80.078 (84.320)
Epoch: [8][3500/5005]	Time 0.760 (0.718)	Data 0.000 (0.002)	Loss 1.6683 (1.5360)	Acc@1 61.719 (63.550)	Acc@5 83.203 (84.327)
Epoch: [8][4000/5005]	Time 0.731 (0.717)	Data 0.000 (0.002)	Loss 1.2298 (1.5357)	Acc@1 70.312 (63.545)	Acc@5 89.844 (84.327)
Epoch: [8][4500/5005]	Time 0.713 (0.718)	Data 0.000 (0.002)	Loss 1.6378 (1.5347)	Acc@1 61.719 (63.561)	Acc@5 80.859 (84.334)
Epoch: [8][5000/5005]	Time 0.690 (0.718)	Data 0.000 (0.002)	Loss 1.5069 (1.5348)	Acc@1 66.406 (63.551)	Acc@5 85.547 (84.335)
Test: [0/196]	Time 3.205 (3.205)	Loss 0.6281 (0.6281)	Acc@1 85.547 (85.547)	Acc@5 96.484 (96.484)
 * Acc@1 70.186 Acc@5 89.772
weight information for regulizer based pretrain
[tensor(0.0010, device='cuda:0'), tensor(0.0021, device='cuda:0'), tensor(0.0147, device='cuda:0')] [tensor(1.0186e-05, device='cuda:0'), tensor(4.2189e-05, device='cuda:0'), tensor(0.0001, device='cuda:0')]
Epoch: [9][0/5005]	Time 2.523 (2.523)	Data 2.244 (2.244)	Loss 1.5407 (1.5407)	Acc@1 62.109 (62.109)	Acc@5 84.375 (84.375)
Epoch: [9][500/5005]	Time 0.753 (0.719)	Data 0.000 (0.006)	Loss 1.4609 (1.5395)	Acc@1 66.406 (63.382)	Acc@5 85.156 (84.267)
Epoch: [9][1000/5005]	Time 0.691 (0.718)	Data 0.000 (0.003)	Loss 1.5085 (1.5351)	Acc@1 65.234 (63.469)	Acc@5 85.547 (84.362)
Epoch: [9][1500/5005]	Time 0.716 (0.716)	Data 0.000 (0.003)	Loss 1.7939 (1.5323)	Acc@1 57.031 (63.512)	Acc@5 78.906 (84.432)
Epoch: [9][2000/5005]	Time 0.718 (0.717)	Data 0.000 (0.002)	Loss 1.4663 (1.5321)	Acc@1 63.672 (63.563)	Acc@5 83.203 (84.438)
Epoch: [9][2500/5005]	Time 0.733 (0.717)	Data 0.000 (0.002)	Loss 1.5294 (1.5344)	Acc@1 61.328 (63.530)	Acc@5 85.938 (84.396)
Epoch: [9][3000/5005]	Time 0.716 (0.717)	Data 0.000 (0.002)	Loss 1.7295 (1.5337)	Acc@1 62.109 (63.588)	Acc@5 80.469 (84.385)
Epoch: [9][3500/5005]	Time 0.708 (0.717)	Data 0.000 (0.002)	Loss 1.6081 (1.5336)	Acc@1 65.625 (63.604)	Acc@5 82.031 (84.383)
Epoch: [9][4000/5005]	Time 0.742 (0.717)	Data 0.000 (0.002)	Loss 1.5670 (1.5336)	Acc@1 62.891 (63.606)	Acc@5 82.031 (84.382)
Epoch: [9][4500/5005]	Time 0.709 (0.717)	Data 0.000 (0.002)	Loss 1.5267 (1.5341)	Acc@1 62.891 (63.600)	Acc@5 85.156 (84.363)
Epoch: [9][5000/5005]	Time 0.693 (0.717)	Data 0.000 (0.002)	Loss 1.5092 (1.5341)	Acc@1 63.672 (63.599)	Acc@5 87.500 (84.367)
Test: [0/196]	Time 3.287 (3.287)	Loss 0.6300 (0.6300)	Acc@1 85.547 (85.547)	Acc@5 96.484 (96.484)
 * Acc@1 70.194 Acc@5 89.770
weight information for regulizer based pretrain
[tensor(0.0010, device='cuda:0'), tensor(0.0021, device='cuda:0'), tensor(0.0147, device='cuda:0')] [tensor(1.0195e-05, device='cuda:0'), tensor(4.2283e-05, device='cuda:0'), tensor(0.0001, device='cuda:0')]
Epoch: [10][0/5005]	Time 2.415 (2.415)	Data 2.183 (2.183)	Loss 1.5498 (1.5498)	Acc@1 66.016 (66.016)	Acc@5 83.203 (83.203)
Epoch: [10][500/5005]	Time 0.723 (0.720)	Data 0.000 (0.006)	Loss 1.5750 (1.5306)	Acc@1 65.234 (63.545)	Acc@5 83.203 (84.421)
Epoch: [10][1000/5005]	Time 0.715 (0.719)	Data 0.000 (0.003)	Loss 1.4817 (1.5326)	Acc@1 68.750 (63.584)	Acc@5 85.547 (84.400)
Epoch: [10][1500/5005]	Time 0.703 (0.714)	Data 0.000 (0.003)	Loss 1.4623 (1.5301)	Acc@1 61.328 (63.615)	Acc@5 84.766 (84.438)
Epoch: [10][2000/5005]	Time 0.702 (0.711)	Data 0.000 (0.002)	Loss 1.7231 (1.5317)	Acc@1 58.984 (63.597)	Acc@5 81.641 (84.428)
Epoch: [10][2500/5005]	Time 0.684 (0.707)	Data 0.000 (0.002)	Loss 1.5658 (1.5308)	Acc@1 60.938 (63.593)	Acc@5 85.156 (84.428)
Epoch: [10][3000/5005]	Time 0.682 (0.704)	Data 0.000 (0.002)	Loss 1.4723 (1.5304)	Acc@1 64.844 (63.600)	Acc@5 87.500 (84.433)
Epoch: [10][3500/5005]	Time 0.723 (0.704)	Data 0.000 (0.002)	Loss 1.5938 (1.5308)	Acc@1 60.938 (63.611)	Acc@5 84.766 (84.425)
Epoch: [10][4000/5005]	Time 0.695 (0.704)	Data 0.000 (0.002)	Loss 1.2577 (1.5302)	Acc@1 69.531 (63.661)	Acc@5 85.547 (84.424)
Epoch: [10][4500/5005]	Time 0.700 (0.704)	Data 0.000 (0.002)	Loss 1.3383 (1.5307)	Acc@1 67.578 (63.638)	Acc@5 86.719 (84.415)
Epoch: [10][5000/5005]	Time 0.706 (0.704)	Data 0.000 (0.002)	Loss 1.5729 (1.5314)	Acc@1 59.375 (63.639)	Acc@5 82.422 (84.409)
Test: [0/196]	Time 2.945 (2.945)	Loss 0.6289 (0.6289)	Acc@1 85.547 (85.547)	Acc@5 96.484 (96.484)
 * Acc@1 70.208 Acc@5 89.760
weight information for regulizer based pretrain
[tensor(0.0010, device='cuda:0'), tensor(0.0021, device='cuda:0'), tensor(0.0147, device='cuda:0')] [tensor(1.0204e-05, device='cuda:0'), tensor(4.2378e-05, device='cuda:0'), tensor(0.0001, device='cuda:0')]
Epoch: [11][0/5005]	Time 2.178 (2.178)	Data 1.953 (1.953)	Loss 1.4380 (1.4380)	Acc@1 65.625 (65.625)	Acc@5 86.328 (86.328)
Epoch: [11][500/5005]	Time 0.724 (0.706)	Data 0.000 (0.005)	Loss 1.4530 (1.5309)	Acc@1 68.750 (63.589)	Acc@5 84.766 (84.239)
Epoch: [11][1000/5005]	Time 0.696 (0.704)	Data 0.000 (0.003)	Loss 1.4821 (1.5334)	Acc@1 68.359 (63.513)	Acc@5 86.328 (84.316)
Epoch: [11][1500/5005]	Time 0.718 (0.704)	Data 0.000 (0.002)	Loss 1.4589 (1.5327)	Acc@1 67.188 (63.579)	Acc@5 84.766 (84.356)
Epoch: [11][2000/5005]	Time 0.701 (0.703)	Data 0.000 (0.002)	Loss 1.5849 (1.5332)	Acc@1 61.719 (63.567)	Acc@5 85.938 (84.364)
Epoch: [11][2500/5005]	Time 0.694 (0.703)	Data 0.000 (0.002)	Loss 1.5298 (1.5330)	Acc@1 62.109 (63.578)	Acc@5 84.766 (84.375)
Epoch: [11][3000/5005]	Time 0.698 (0.703)	Data 0.000 (0.002)	Loss 1.3360 (1.5343)	Acc@1 67.969 (63.569)	Acc@5 87.109 (84.370)
Epoch: [11][3500/5005]	Time 0.706 (0.703)	Data 0.000 (0.002)	Loss 1.6285 (1.5340)	Acc@1 61.719 (63.602)	Acc@5 83.203 (84.381)
Epoch: [11][4000/5005]	Time 0.719 (0.703)	Data 0.000 (0.002)	Loss 1.7138 (1.5326)	Acc@1 60.156 (63.637)	Acc@5 81.641 (84.396)
Epoch: [11][4500/5005]	Time 0.692 (0.703)	Data 0.000 (0.002)	Loss 1.7547 (1.5318)	Acc@1 63.672 (63.639)	Acc@5 80.078 (84.418)
Epoch: [11][5000/5005]	Time 0.703 (0.703)	Data 0.000 (0.002)	Loss 1.6504 (1.5324)	Acc@1 59.375 (63.616)	Acc@5 82.422 (84.403)
Test: [0/196]	Time 2.828 (2.828)	Loss 0.6274 (0.6274)	Acc@1 85.547 (85.547)	Acc@5 96.484 (96.484)
 * Acc@1 70.186 Acc@5 89.774
weight information for regulizer based pretrain
[tensor(0.0010, device='cuda:0'), tensor(0.0021, device='cuda:0'), tensor(0.0147, device='cuda:0')] [tensor(1.0213e-05, device='cuda:0'), tensor(4.2471e-05, device='cuda:0'), tensor(0.0001, device='cuda:0')]
Epoch: [12][0/5005]	Time 2.313 (2.313)	Data 2.074 (2.074)	Loss 1.4564 (1.4564)	Acc@1 63.281 (63.281)	Acc@5 85.547 (85.547)
Epoch: [12][500/5005]	Time 0.665 (0.705)	Data 0.000 (0.005)	Loss 1.5284 (1.5346)	Acc@1 60.938 (63.611)	Acc@5 86.328 (84.359)
Epoch: [12][1000/5005]	Time 0.710 (0.703)	Data 0.000 (0.003)	Loss 1.4784 (1.5307)	Acc@1 65.234 (63.658)	Acc@5 85.156 (84.452)
Epoch: [12][1500/5005]	Time 0.682 (0.702)	Data 0.000 (0.003)	Loss 1.4685 (1.5309)	Acc@1 68.359 (63.646)	Acc@5 85.156 (84.395)
Epoch: [12][2000/5005]	Time 0.728 (0.702)	Data 0.000 (0.002)	Loss 1.5037 (1.5297)	Acc@1 63.672 (63.675)	Acc@5 85.156 (84.383)
Epoch: [12][2500/5005]	Time 0.700 (0.702)	Data 0.000 (0.002)	Loss 1.5660 (1.5301)	Acc@1 59.375 (63.664)	Acc@5 85.938 (84.369)
Epoch: [12][3000/5005]	Time 0.705 (0.702)	Data 0.000 (0.002)	Loss 1.2924 (1.5310)	Acc@1 68.750 (63.658)	Acc@5 87.891 (84.373)
Epoch: [12][3500/5005]	Time 0.709 (0.702)	Data 0.000 (0.002)	Loss 1.5605 (1.5316)	Acc@1 64.062 (63.656)	Acc@5 83.984 (84.367)
Epoch: [12][4000/5005]	Time 0.692 (0.702)	Data 0.000 (0.002)	Loss 1.5609 (1.5315)	Acc@1 61.719 (63.649)	Acc@5 82.422 (84.377)
Epoch: [12][4500/5005]	Time 0.704 (0.702)	Data 0.000 (0.002)	Loss 1.6500 (1.5323)	Acc@1 62.500 (63.636)	Acc@5 83.203 (84.365)
Epoch: [12][5000/5005]	Time 0.705 (0.702)	Data 0.000 (0.002)	Loss 1.7428 (1.5319)	Acc@1 62.500 (63.629)	Acc@5 80.078 (84.372)
Test: [0/196]	Time 2.879 (2.879)	Loss 0.6275 (0.6275)	Acc@1 85.156 (85.156)	Acc@5 96.484 (96.484)
 * Acc@1 70.172 Acc@5 89.766
weight information for regulizer based pretrain
[tensor(0.0010, device='cuda:0'), tensor(0.0021, device='cuda:0'), tensor(0.0147, device='cuda:0')] [tensor(1.0221e-05, device='cuda:0'), tensor(4.2563e-05, device='cuda:0'), tensor(0.0001, device='cuda:0')]
Epoch: [13][0/5005]	Time 2.103 (2.103)	Data 1.880 (1.880)	Loss 1.5234 (1.5234)	Acc@1 65.234 (65.234)	Acc@5 83.203 (83.203)
Epoch: [13][500/5005]	Time 0.697 (0.705)	Data 0.000 (0.005)	Loss 1.4004 (1.5326)	Acc@1 69.531 (63.700)	Acc@5 87.109 (84.375)
Epoch: [13][1000/5005]	Time 0.703 (0.703)	Data 0.000 (0.003)	Loss 1.3436 (1.5277)	Acc@1 65.234 (63.728)	Acc@5 89.062 (84.463)
Epoch: [13][1500/5005]	Time 0.697 (0.703)	Data 0.000 (0.002)	Loss 1.4701 (1.5306)	Acc@1 64.453 (63.662)	Acc@5 85.547 (84.440)
Epoch: [13][2000/5005]	Time 0.695 (0.703)	Data 0.000 (0.002)	Loss 1.4675 (1.5286)	Acc@1 69.531 (63.691)	Acc@5 85.156 (84.480)
Epoch: [13][2500/5005]	Time 0.698 (0.703)	Data 0.000 (0.002)	Loss 1.5287 (1.5302)	Acc@1 60.547 (63.659)	Acc@5 85.547 (84.445)
Epoch: [13][3000/5005]	Time 0.704 (0.703)	Data 0.000 (0.002)	Loss 1.3802 (1.5308)	Acc@1 67.188 (63.634)	Acc@5 85.547 (84.416)
Epoch: [13][3500/5005]	Time 0.702 (0.703)	Data 0.000 (0.002)	Loss 1.4917 (1.5304)	Acc@1 64.062 (63.652)	Acc@5 84.375 (84.418)
Epoch: [13][4000/5005]	Time 0.704 (0.703)	Data 0.000 (0.002)	Loss 1.6725 (1.5305)	Acc@1 58.984 (63.649)	Acc@5 81.250 (84.418)
Epoch: [13][4500/5005]	Time 0.698 (0.703)	Data 0.000 (0.002)	Loss 1.5377 (1.5305)	Acc@1 64.844 (63.648)	Acc@5 82.422 (84.414)
Epoch: [13][5000/5005]	Time 0.704 (0.703)	Data 0.000 (0.002)	Loss 1.4379 (1.5299)	Acc@1 64.844 (63.662)	Acc@5 84.766 (84.417)
Test: [0/196]	Time 2.810 (2.810)	Loss 0.6242 (0.6242)	Acc@1 85.156 (85.156)	Acc@5 96.875 (96.875)
 * Acc@1 70.186 Acc@5 89.814
weight information for regulizer based pretrain
[tensor(0.0010, device='cuda:0'), tensor(0.0021, device='cuda:0'), tensor(0.0147, device='cuda:0')] [tensor(1.0230e-05, device='cuda:0'), tensor(4.2654e-05, device='cuda:0'), tensor(0.0001, device='cuda:0')]
Epoch: [14][0/5005]	Time 2.134 (2.134)	Data 1.879 (1.879)	Loss 1.3292 (1.3292)	Acc@1 66.406 (66.406)	Acc@5 89.453 (89.453)
Epoch: [14][500/5005]	Time 0.702 (0.702)	Data 0.000 (0.005)	Loss 1.4510 (1.5295)	Acc@1 63.281 (63.701)	Acc@5 85.547 (84.410)
Epoch: [14][1000/5005]	Time 0.696 (0.702)	Data 0.000 (0.003)	Loss 1.3811 (1.5276)	Acc@1 68.750 (63.729)	Acc@5 84.766 (84.478)
Epoch: [14][1500/5005]	Time 0.699 (0.702)	Data 0.000 (0.002)	Loss 1.2940 (1.5299)	Acc@1 69.531 (63.724)	Acc@5 88.672 (84.417)
Epoch: [14][2000/5005]	Time 0.701 (0.702)	Data 0.000 (0.002)	Loss 1.4738 (1.5285)	Acc@1 64.062 (63.755)	Acc@5 83.594 (84.409)
Epoch: [14][2500/5005]	Time 0.703 (0.702)	Data 0.000 (0.002)	Loss 1.5358 (1.5280)	Acc@1 64.844 (63.751)	Acc@5 83.984 (84.431)
Epoch: [14][3000/5005]	Time 0.697 (0.703)	Data 0.000 (0.002)	Loss 1.4515 (1.5303)	Acc@1 66.406 (63.686)	Acc@5 85.547 (84.394)
Epoch: [14][3500/5005]	Time 0.694 (0.702)	Data 0.000 (0.002)	Loss 1.6354 (1.5287)	Acc@1 63.281 (63.706)	Acc@5 82.422 (84.420)
Epoch: [14][4000/5005]	Time 0.705 (0.702)	Data 0.000 (0.002)	Loss 1.4428 (1.5288)	Acc@1 67.578 (63.694)	Acc@5 84.375 (84.411)
Epoch: [14][4500/5005]	Time 0.696 (0.702)	Data 0.000 (0.002)	Loss 1.5129 (1.5298)	Acc@1 63.672 (63.687)	Acc@5 86.719 (84.394)
Epoch: [14][5000/5005]	Time 0.693 (0.702)	Data 0.000 (0.002)	Loss 1.6809 (1.5297)	Acc@1 60.156 (63.674)	Acc@5 83.984 (84.397)
Test: [0/196]	Time 2.882 (2.882)	Loss 0.6254 (0.6254)	Acc@1 85.156 (85.156)	Acc@5 96.875 (96.875)
 * Acc@1 70.210 Acc@5 89.782
weight information for regulizer based pretrain
[tensor(0.0010, device='cuda:0'), tensor(0.0021, device='cuda:0'), tensor(0.0147, device='cuda:0')] [tensor(1.0238e-05, device='cuda:0'), tensor(4.2745e-05, device='cuda:0'), tensor(0.0001, device='cuda:0')]
Epoch: [15][0/5005]	Time 2.178 (2.178)	Data 1.901 (1.901)	Loss 1.5366 (1.5366)	Acc@1 66.016 (66.016)	Acc@5 83.984 (83.984)
Epoch: [15][500/5005]	Time 0.697 (0.705)	Data 0.000 (0.005)	Loss 1.6635 (1.5259)	Acc@1 59.375 (63.740)	Acc@5 83.203 (84.409)
Epoch: [15][1000/5005]	Time 0.705 (0.703)	Data 0.000 (0.003)	Loss 1.6208 (1.5276)	Acc@1 62.500 (63.653)	Acc@5 82.422 (84.446)
Epoch: [15][1500/5005]	Time 0.704 (0.702)	Data 0.000 (0.002)	Loss 1.5591 (1.5272)	Acc@1 61.719 (63.721)	Acc@5 83.984 (84.475)
Epoch: [15][2000/5005]	Time 0.700 (0.703)	Data 0.000 (0.002)	Loss 1.6625 (1.5284)	Acc@1 61.719 (63.704)	Acc@5 80.859 (84.456)
Epoch: [15][2500/5005]	Time 0.718 (0.703)	Data 0.000 (0.002)	Loss 1.5000 (1.5280)	Acc@1 64.062 (63.700)	Acc@5 82.422 (84.455)
Epoch: [15][3000/5005]	Time 0.697 (0.702)	Data 0.000 (0.002)	Loss 1.5804 (1.5278)	Acc@1 62.109 (63.709)	Acc@5 82.031 (84.462)
Epoch: [15][3500/5005]	Time 0.704 (0.702)	Data 0.000 (0.002)	Loss 1.4345 (1.5281)	Acc@1 66.016 (63.721)	Acc@5 84.766 (84.459)
Epoch: [15][4000/5005]	Time 0.701 (0.702)	Data 0.000 (0.002)	Loss 1.7392 (1.5287)	Acc@1 60.938 (63.717)	Acc@5 82.031 (84.458)
Epoch: [15][4500/5005]	Time 0.695 (0.702)	Data 0.000 (0.002)	Loss 1.5327 (1.5291)	Acc@1 65.625 (63.704)	Acc@5 82.422 (84.439)
Epoch: [15][5000/5005]	Time 0.701 (0.702)	Data 0.000 (0.002)	Loss 1.6973 (1.5284)	Acc@1 57.031 (63.703)	Acc@5 81.641 (84.447)
Test: [0/196]	Time 3.038 (3.038)	Loss 0.6254 (0.6254)	Acc@1 85.156 (85.156)	Acc@5 96.484 (96.484)
 * Acc@1 70.196 Acc@5 89.776
weight information for regulizer based pretrain
[tensor(0.0010, device='cuda:0'), tensor(0.0021, device='cuda:0'), tensor(0.0147, device='cuda:0')] [tensor(1.0246e-05, device='cuda:0'), tensor(4.2835e-05, device='cuda:0'), tensor(0.0001, device='cuda:0')]
Epoch: [16][0/5005]	Time 2.347 (2.347)	Data 2.120 (2.120)	Loss 1.5255 (1.5255)	Acc@1 61.328 (61.328)	Acc@5 83.984 (83.984)
Epoch: [16][500/5005]	Time 0.698 (0.705)	Data 0.000 (0.005)	Loss 1.5995 (1.5275)	Acc@1 63.672 (63.651)	Acc@5 83.594 (84.396)
Epoch: [16][1000/5005]	Time 0.703 (0.704)	Data 0.000 (0.003)	Loss 1.3309 (1.5273)	Acc@1 65.625 (63.691)	Acc@5 89.062 (84.411)
Epoch: [16][1500/5005]	Time 0.705 (0.704)	Data 0.000 (0.003)	Loss 1.5239 (1.5254)	Acc@1 67.578 (63.720)	Acc@5 85.547 (84.455)
Epoch: [16][2000/5005]	Time 0.692 (0.704)	Data 0.000 (0.002)	Loss 1.5110 (1.5267)	Acc@1 61.719 (63.710)	Acc@5 82.812 (84.429)
Epoch: [16][2500/5005]	Time 0.700 (0.704)	Data 0.000 (0.002)	Loss 1.7444 (1.5268)	Acc@1 57.422 (63.689)	Acc@5 81.641 (84.436)
Epoch: [16][3000/5005]	Time 0.701 (0.703)	Data 0.000 (0.002)	Loss 1.7280 (1.5259)	Acc@1 57.812 (63.711)	Acc@5 82.031 (84.458)
Epoch: [16][3500/5005]	Time 0.722 (0.703)	Data 0.000 (0.002)	Loss 1.3177 (1.5258)	Acc@1 67.969 (63.721)	Acc@5 87.109 (84.472)
Epoch: [16][4000/5005]	Time 0.703 (0.703)	Data 0.000 (0.002)	Loss 1.4614 (1.5260)	Acc@1 62.891 (63.720)	Acc@5 84.375 (84.455)
Epoch: [16][4500/5005]	Time 0.698 (0.703)	Data 0.000 (0.002)	Loss 1.5777 (1.5266)	Acc@1 63.672 (63.707)	Acc@5 84.766 (84.440)
Epoch: [16][5000/5005]	Time 0.700 (0.703)	Data 0.000 (0.002)	Loss 1.8920 (1.5261)	Acc@1 57.812 (63.732)	Acc@5 78.516 (84.451)
Test: [0/196]	Time 2.842 (2.842)	Loss 0.6259 (0.6259)	Acc@1 85.156 (85.156)	Acc@5 96.875 (96.875)
 * Acc@1 70.218 Acc@5 89.792
weight information for regulizer based pretrain
[tensor(0.0010, device='cuda:0'), tensor(0.0021, device='cuda:0'), tensor(0.0147, device='cuda:0')] [tensor(1.0254e-05, device='cuda:0'), tensor(4.2923e-05, device='cuda:0'), tensor(0.0001, device='cuda:0')]
Epoch: [17][0/5005]	Time 2.376 (2.376)	Data 2.118 (2.118)	Loss 1.3578 (1.3578)	Acc@1 66.406 (66.406)	Acc@5 85.156 (85.156)
Epoch: [17][500/5005]	Time 0.703 (0.706)	Data 0.000 (0.005)	Loss 1.4965 (1.5256)	Acc@1 64.062 (63.759)	Acc@5 84.375 (84.528)
Epoch: [17][1000/5005]	Time 0.705 (0.704)	Data 0.000 (0.003)	Loss 1.3520 (1.5329)	Acc@1 67.578 (63.622)	Acc@5 89.062 (84.399)
Epoch: [17][1500/5005]	Time 0.697 (0.704)	Data 0.000 (0.003)	Loss 1.5944 (1.5314)	Acc@1 62.500 (63.622)	Acc@5 84.766 (84.436)
Epoch: [17][2000/5005]	Time 0.707 (0.703)	Data 0.000 (0.002)	Loss 1.2636 (1.5296)	Acc@1 66.797 (63.628)	Acc@5 89.062 (84.469)
Epoch: [17][2500/5005]	Time 0.714 (0.703)	Data 0.000 (0.002)	Loss 1.4645 (1.5280)	Acc@1 67.188 (63.661)	Acc@5 87.500 (84.454)
Epoch: [17][3000/5005]	Time 0.702 (0.703)	Data 0.000 (0.002)	Loss 1.6796 (1.5287)	Acc@1 60.938 (63.668)	Acc@5 81.250 (84.448)
Epoch: [17][3500/5005]	Time 0.731 (0.703)	Data 0.000 (0.002)	Loss 1.4514 (1.5287)	Acc@1 66.406 (63.665)	Acc@5 85.156 (84.442)
Epoch: [17][4000/5005]	Time 0.673 (0.703)	Data 0.000 (0.002)	Loss 1.5719 (1.5280)	Acc@1 61.328 (63.680)	Acc@5 85.156 (84.445)
Epoch: [17][4500/5005]	Time 0.672 (0.702)	Data 0.000 (0.002)	Loss 1.5663 (1.5278)	Acc@1 64.844 (63.679)	Acc@5 83.984 (84.455)
Epoch: [17][5000/5005]	Time 0.695 (0.702)	Data 0.000 (0.002)	Loss 1.3145 (1.5285)	Acc@1 68.359 (63.662)	Acc@5 85.547 (84.439)
Test: [0/196]	Time 3.027 (3.027)	Loss 0.6251 (0.6251)	Acc@1 85.547 (85.547)	Acc@5 96.484 (96.484)
 * Acc@1 70.238 Acc@5 89.768
weight information for regulizer based pretrain
[tensor(0.0010, device='cuda:0'), tensor(0.0021, device='cuda:0'), tensor(0.0147, device='cuda:0')] [tensor(1.0262e-05, device='cuda:0'), tensor(4.3012e-05, device='cuda:0'), tensor(0.0001, device='cuda:0')]
Epoch: [18][0/5005]	Time 2.248 (2.248)	Data 1.978 (1.978)	Loss 1.5933 (1.5933)	Acc@1 64.453 (64.453)	Acc@5 82.812 (82.812)
Epoch: [18][500/5005]	Time 0.722 (0.704)	Data 0.000 (0.005)	Loss 1.7313 (1.5299)	Acc@1 59.766 (63.735)	Acc@5 80.078 (84.469)
Epoch: [18][1000/5005]	Time 0.697 (0.703)	Data 0.000 (0.003)	Loss 1.4931 (1.5309)	Acc@1 62.109 (63.692)	Acc@5 85.547 (84.418)
Epoch: [18][1500/5005]	Time 0.718 (0.703)	Data 0.000 (0.002)	Loss 1.6692 (1.5289)	Acc@1 63.672 (63.723)	Acc@5 84.375 (84.448)
Epoch: [18][2000/5005]	Time 0.702 (0.703)	Data 0.000 (0.002)	Loss 1.7551 (1.5273)	Acc@1 61.328 (63.731)	Acc@5 80.078 (84.464)
Epoch: [18][2500/5005]	Time 0.704 (0.703)	Data 0.000 (0.002)	Loss 1.4360 (1.5246)	Acc@1 64.062 (63.797)	Acc@5 84.375 (84.476)
Epoch: [18][3000/5005]	Time 0.667 (0.703)	Data 0.000 (0.002)	Loss 1.3842 (1.5230)	Acc@1 63.672 (63.801)	Acc@5 85.547 (84.498)
Epoch: [18][3500/5005]	Time 0.694 (0.703)	Data 0.000 (0.002)	Loss 1.3881 (1.5235)	Acc@1 66.406 (63.797)	Acc@5 85.938 (84.513)
Epoch: [18][4000/5005]	Time 0.704 (0.703)	Data 0.000 (0.002)	Loss 1.4443 (1.5238)	Acc@1 65.234 (63.792)	Acc@5 86.328 (84.504)
Epoch: [18][4500/5005]	Time 0.685 (0.703)	Data 0.000 (0.002)	Loss 1.4372 (1.5236)	Acc@1 66.797 (63.778)	Acc@5 88.672 (84.504)
Epoch: [18][5000/5005]	Time 0.705 (0.703)	Data 0.000 (0.002)	Loss 1.5406 (1.5247)	Acc@1 65.234 (63.748)	Acc@5 85.938 (84.481)
Test: [0/196]	Time 2.863 (2.863)	Loss 0.6257 (0.6257)	Acc@1 85.547 (85.547)	Acc@5 96.875 (96.875)
 * Acc@1 70.228 Acc@5 89.798
weight information for regulizer based pretrain
[tensor(0.0010, device='cuda:0'), tensor(0.0021, device='cuda:0'), tensor(0.0147, device='cuda:0')] [tensor(1.0270e-05, device='cuda:0'), tensor(4.3100e-05, device='cuda:0'), tensor(0.0001, device='cuda:0')]
Epoch: [19][0/5005]	Time 2.387 (2.387)	Data 2.161 (2.161)	Loss 1.5827 (1.5827)	Acc@1 60.547 (60.547)	Acc@5 83.203 (83.203)
Epoch: [19][500/5005]	Time 0.715 (0.705)	Data 0.000 (0.005)	Loss 1.6213 (1.5231)	Acc@1 62.500 (63.785)	Acc@5 82.812 (84.405)
Epoch: [19][1000/5005]	Time 0.695 (0.703)	Data 0.000 (0.003)	Loss 1.4866 (1.5200)	Acc@1 62.500 (63.859)	Acc@5 85.156 (84.504)
Epoch: [19][1500/5005]	Time 0.707 (0.702)	Data 0.000 (0.003)	Loss 1.7455 (1.5238)	Acc@1 59.766 (63.755)	Acc@5 82.031 (84.465)
Epoch: [19][2000/5005]	Time 0.704 (0.702)	Data 0.000 (0.002)	Loss 1.4345 (1.5244)	Acc@1 61.719 (63.768)	Acc@5 87.891 (84.470)
Epoch: [19][2500/5005]	Time 0.694 (0.702)	Data 0.000 (0.002)	Loss 1.6175 (1.5232)	Acc@1 63.281 (63.801)	Acc@5 85.156 (84.498)
Epoch: [19][3000/5005]	Time 0.699 (0.702)	Data 0.000 (0.002)	Loss 1.3732 (1.5250)	Acc@1 65.234 (63.772)	Acc@5 87.109 (84.465)
Epoch: [19][3500/5005]	Time 0.700 (0.702)	Data 0.000 (0.002)	Loss 1.5929 (1.5251)	Acc@1 65.234 (63.779)	Acc@5 82.812 (84.481)
Epoch: [19][4000/5005]	Time 0.698 (0.702)	Data 0.000 (0.002)	Loss 1.4169 (1.5251)	Acc@1 67.578 (63.766)	Acc@5 85.547 (84.489)
Epoch: [19][4500/5005]	Time 0.705 (0.702)	Data 0.000 (0.002)	Loss 1.3705 (1.5254)	Acc@1 67.969 (63.756)	Acc@5 87.500 (84.496)
Epoch: [19][5000/5005]	Time 0.699 (0.702)	Data 0.000 (0.002)	Loss 1.6732 (1.5252)	Acc@1 62.500 (63.759)	Acc@5 83.203 (84.500)
Test: [0/196]	Time 3.073 (3.073)	Loss 0.6236 (0.6236)	Acc@1 85.547 (85.547)	Acc@5 96.875 (96.875)
 * Acc@1 70.216 Acc@5 89.814
weight information for regulizer based pretrain
[tensor(0.0010, device='cuda:0'), tensor(0.0021, device='cuda:0'), tensor(0.0147, device='cuda:0')] [tensor(1.0278e-05, device='cuda:0'), tensor(4.3186e-05, device='cuda:0'), tensor(0.0001, device='cuda:0')]
Epoch: [20][0/5005]	Time 2.450 (2.450)	Data 2.217 (2.217)	Loss 1.5026 (1.5026)	Acc@1 64.844 (64.844)	Acc@5 82.812 (82.812)
Epoch: [20][500/5005]	Time 0.696 (0.705)	Data 0.000 (0.006)	Loss 1.8112 (1.5228)	Acc@1 58.984 (63.733)	Acc@5 80.078 (84.515)
Epoch: [20][1000/5005]	Time 0.701 (0.704)	Data 0.000 (0.003)	Loss 1.4562 (1.5263)	Acc@1 63.281 (63.682)	Acc@5 87.109 (84.437)
Epoch: [20][1500/5005]	Time 0.730 (0.703)	Data 0.000 (0.003)	Loss 1.4611 (1.5269)	Acc@1 67.578 (63.687)	Acc@5 83.984 (84.420)
Epoch: [20][2000/5005]	Time 0.700 (0.703)	Data 0.000 (0.002)	Loss 1.6153 (1.5277)	Acc@1 64.062 (63.661)	Acc@5 80.859 (84.395)
Epoch: [20][2500/5005]	Time 0.696 (0.703)	Data 0.000 (0.002)	Loss 1.4088 (1.5268)	Acc@1 64.844 (63.720)	Acc@5 87.891 (84.421)
Epoch: [20][3000/5005]	Time 0.691 (0.703)	Data 0.000 (0.002)	Loss 1.5347 (1.5263)	Acc@1 64.453 (63.710)	Acc@5 83.594 (84.448)
Epoch: [20][3500/5005]	Time 0.705 (0.703)	Data 0.000 (0.002)	Loss 1.4566 (1.5258)	Acc@1 64.062 (63.708)	Acc@5 84.766 (84.456)
Epoch: [20][4000/5005]	Time 0.666 (0.702)	Data 0.000 (0.002)	Loss 1.4589 (1.5258)	Acc@1 62.109 (63.717)	Acc@5 86.719 (84.460)
Epoch: [20][4500/5005]	Time 0.694 (0.701)	Data 0.000 (0.002)	Loss 1.8308 (1.5265)	Acc@1 57.031 (63.712)	Acc@5 82.422 (84.440)
Epoch: [20][5000/5005]	Time 0.705 (0.701)	Data 0.000 (0.002)	Loss 1.5228 (1.5267)	Acc@1 61.719 (63.719)	Acc@5 85.938 (84.450)
Test: [0/196]	Time 3.066 (3.066)	Loss 0.6238 (0.6238)	Acc@1 85.547 (85.547)	Acc@5 96.875 (96.875)
 * Acc@1 70.214 Acc@5 89.794
weight information for regulizer based pretrain
[tensor(0.0010, device='cuda:0'), tensor(0.0021, device='cuda:0'), tensor(0.0147, device='cuda:0')] [tensor(1.0286e-05, device='cuda:0'), tensor(4.3271e-05, device='cuda:0'), tensor(0.0001, device='cuda:0')]
Epoch: [21][0/5005]	Time 2.542 (2.542)	Data 2.304 (2.304)	Loss 1.5680 (1.5680)	Acc@1 67.188 (67.188)	Acc@5 83.594 (83.594)
Epoch: [21][500/5005]	Time 0.702 (0.707)	Data 0.000 (0.006)	Loss 1.6631 (1.5202)	Acc@1 62.500 (63.790)	Acc@5 82.031 (84.571)
Epoch: [21][1000/5005]	Time 0.697 (0.705)	Data 0.000 (0.003)	Loss 1.2549 (1.5179)	Acc@1 67.969 (63.878)	Acc@5 89.844 (84.617)
Epoch: [21][1500/5005]	Time 0.703 (0.704)	Data 0.000 (0.003)	Loss 1.7616 (1.5202)	Acc@1 58.203 (63.799)	Acc@5 81.641 (84.565)
Epoch: [21][2000/5005]	Time 0.696 (0.704)	Data 0.000 (0.002)	Loss 1.5792 (1.5228)	Acc@1 61.719 (63.727)	Acc@5 83.203 (84.498)
Epoch: [21][2500/5005]	Time 0.704 (0.703)	Data 0.000 (0.002)	Loss 1.6152 (1.5234)	Acc@1 59.766 (63.740)	Acc@5 84.375 (84.481)
Epoch: [21][3000/5005]	Time 0.712 (0.703)	Data 0.000 (0.002)	Loss 1.6230 (1.5243)	Acc@1 64.062 (63.722)	Acc@5 84.375 (84.464)
Epoch: [21][3500/5005]	Time 0.701 (0.703)	Data 0.000 (0.002)	Loss 1.5261 (1.5239)	Acc@1 63.672 (63.740)	Acc@5 83.203 (84.469)
Epoch: [21][4000/5005]	Time 0.693 (0.703)	Data 0.000 (0.002)	Loss 1.5796 (1.5249)	Acc@1 58.984 (63.717)	Acc@5 83.203 (84.449)
Epoch: [21][4500/5005]	Time 0.701 (0.703)	Data 0.000 (0.002)	Loss 1.4295 (1.5255)	Acc@1 65.234 (63.734)	Acc@5 86.719 (84.454)
Epoch: [21][5000/5005]	Time 0.703 (0.703)	Data 0.000 (0.002)	Loss 1.5725 (1.5243)	Acc@1 60.156 (63.760)	Acc@5 82.812 (84.473)
Test: [0/196]	Time 2.832 (2.832)	Loss 0.6256 (0.6256)	Acc@1 85.547 (85.547)	Acc@5 96.875 (96.875)
 * Acc@1 70.186 Acc@5 89.804
weight information for regulizer based pretrain
[tensor(0.0010, device='cuda:0'), tensor(0.0021, device='cuda:0'), tensor(0.0147, device='cuda:0')] [tensor(1.0293e-05, device='cuda:0'), tensor(4.3356e-05, device='cuda:0'), tensor(0.0001, device='cuda:0')]
Epoch: [22][0/5005]	Time 2.372 (2.372)	Data 2.147 (2.147)	Loss 1.5893 (1.5893)	Acc@1 62.500 (62.500)	Acc@5 83.203 (83.203)
Epoch: [22][500/5005]	Time 0.697 (0.704)	Data 0.000 (0.005)	Loss 1.5754 (1.5169)	Acc@1 60.156 (63.831)	Acc@5 82.031 (84.722)
Epoch: [22][1000/5005]	Time 0.697 (0.703)	Data 0.000 (0.003)	Loss 1.6659 (1.5195)	Acc@1 56.641 (63.823)	Acc@5 82.422 (84.643)
Epoch: [22][1500/5005]	Time 0.700 (0.703)	Data 0.000 (0.003)	Loss 1.3301 (1.5214)	Acc@1 66.016 (63.800)	Acc@5 89.062 (84.579)
Epoch: [22][2000/5005]	Time 0.704 (0.702)	Data 0.000 (0.002)	Loss 1.7401 (1.5220)	Acc@1 59.766 (63.806)	Acc@5 80.078 (84.551)
Epoch: [22][2500/5005]	Time 0.694 (0.702)	Data 0.000 (0.002)	Loss 1.5329 (1.5223)	Acc@1 66.797 (63.814)	Acc@5 85.156 (84.543)
Epoch: [22][3000/5005]	Time 0.697 (0.702)	Data 0.000 (0.002)	Loss 1.4738 (1.5208)	Acc@1 66.797 (63.854)	Acc@5 86.719 (84.555)
Epoch: [22][3500/5005]	Time 0.693 (0.703)	Data 0.000 (0.002)	Loss 1.5574 (1.5215)	Acc@1 65.234 (63.834)	Acc@5 80.859 (84.548)
Epoch: [22][4000/5005]	Time 0.704 (0.703)	Data 0.000 (0.002)	Loss 1.4897 (1.5235)	Acc@1 62.500 (63.800)	Acc@5 82.812 (84.509)
Epoch: [22][4500/5005]	Time 0.707 (0.703)	Data 0.000 (0.002)	Loss 1.5898 (1.5232)	Acc@1 64.062 (63.810)	Acc@5 83.203 (84.504)
Epoch: [22][5000/5005]	Time 0.707 (0.703)	Data 0.000 (0.002)	Loss 1.4804 (1.5227)	Acc@1 65.625 (63.836)	Acc@5 82.812 (84.505)
Test: [0/196]	Time 2.917 (2.917)	Loss 0.6218 (0.6218)	Acc@1 85.547 (85.547)	Acc@5 96.875 (96.875)
 * Acc@1 70.204 Acc@5 89.806
weight information for regulizer based pretrain
[tensor(0.0010, device='cuda:0'), tensor(0.0021, device='cuda:0'), tensor(0.0147, device='cuda:0')] [tensor(1.0301e-05, device='cuda:0'), tensor(4.3441e-05, device='cuda:0'), tensor(0.0001, device='cuda:0')]
Epoch: [23][0/5005]	Time 2.269 (2.269)	Data 1.999 (1.999)	Loss 1.6387 (1.6387)	Acc@1 62.891 (62.891)	Acc@5 84.766 (84.766)
Epoch: [23][500/5005]	Time 0.705 (0.706)	Data 0.000 (0.005)	Loss 1.6686 (1.5210)	Acc@1 63.672 (63.826)	Acc@5 82.422 (84.554)
Epoch: [23][1000/5005]	Time 0.694 (0.705)	Data 0.000 (0.003)	Loss 1.4327 (1.5269)	Acc@1 64.453 (63.853)	Acc@5 83.594 (84.436)
Epoch: [23][1500/5005]	Time 0.698 (0.704)	Data 0.000 (0.002)	Loss 1.4069 (1.5274)	Acc@1 63.672 (63.772)	Acc@5 84.766 (84.434)
Epoch: [23][2000/5005]	Time 0.695 (0.704)	Data 0.000 (0.002)	Loss 1.4566 (1.5244)	Acc@1 65.625 (63.871)	Acc@5 85.547 (84.466)
Epoch: [23][2500/5005]	Time 0.700 (0.703)	Data 0.000 (0.002)	Loss 1.7241 (1.5232)	Acc@1 60.547 (63.876)	Acc@5 80.859 (84.465)
Epoch: [23][3000/5005]	Time 0.697 (0.703)	Data 0.000 (0.002)	Loss 1.5068 (1.5236)	Acc@1 64.062 (63.863)	Acc@5 86.719 (84.464)
Epoch: [23][3500/5005]	Time 0.697 (0.703)	Data 0.000 (0.002)	Loss 1.6427 (1.5234)	Acc@1 63.281 (63.865)	Acc@5 82.031 (84.470)
Epoch: [23][4000/5005]	Time 0.722 (0.703)	Data 0.000 (0.002)	Loss 1.7570 (1.5236)	Acc@1 64.844 (63.846)	Acc@5 82.422 (84.477)
Epoch: [23][4500/5005]	Time 0.694 (0.703)	Data 0.000 (0.002)	Loss 1.7007 (1.5242)	Acc@1 59.375 (63.844)	Acc@5 82.031 (84.472)
Epoch: [23][5000/5005]	Time 0.703 (0.703)	Data 0.000 (0.002)	Loss 1.3961 (1.5238)	Acc@1 66.797 (63.829)	Acc@5 86.328 (84.483)
Test: [0/196]	Time 2.953 (2.953)	Loss 0.6243 (0.6243)	Acc@1 85.547 (85.547)	Acc@5 96.875 (96.875)
 * Acc@1 70.190 Acc@5 89.806
weight information for regulizer based pretrain
[tensor(0.0010, device='cuda:0'), tensor(0.0021, device='cuda:0'), tensor(0.0147, device='cuda:0')] [tensor(1.0308e-05, device='cuda:0'), tensor(4.3525e-05, device='cuda:0'), tensor(0.0001, device='cuda:0')]
Epoch: [24][0/5005]	Time 2.253 (2.253)	Data 2.021 (2.021)	Loss 1.5632 (1.5632)	Acc@1 65.625 (65.625)	Acc@5 83.203 (83.203)
Epoch: [24][500/5005]	Time 0.736 (0.705)	Data 0.000 (0.005)	Loss 1.4067 (1.5240)	Acc@1 66.797 (63.807)	Acc@5 87.109 (84.532)
Epoch: [24][1000/5005]	Time 0.696 (0.704)	Data 0.000 (0.003)	Loss 1.3096 (1.5228)	Acc@1 66.797 (63.913)	Acc@5 88.672 (84.488)
Epoch: [24][1500/5005]	Time 0.712 (0.704)	Data 0.000 (0.003)	Loss 1.7429 (1.5255)	Acc@1 59.766 (63.845)	Acc@5 81.641 (84.479)
Epoch: [24][2000/5005]	Time 0.704 (0.703)	Data 0.000 (0.002)	Loss 1.6633 (1.5247)	Acc@1 58.203 (63.866)	Acc@5 83.984 (84.512)
Epoch: [24][2500/5005]	Time 0.696 (0.703)	Data 0.000 (0.002)	Loss 1.9360 (1.5236)	Acc@1 55.078 (63.870)	Acc@5 80.078 (84.522)
Epoch: [24][3000/5005]	Time 0.697 (0.703)	Data 0.000 (0.002)	Loss 1.3769 (1.5224)	Acc@1 67.188 (63.875)	Acc@5 89.062 (84.524)
Epoch: [24][3500/5005]	Time 0.702 (0.703)	Data 0.000 (0.002)	Loss 1.5930 (1.5219)	Acc@1 65.234 (63.885)	Acc@5 83.203 (84.537)
Epoch: [24][4000/5005]	Time 0.702 (0.703)	Data 0.000 (0.002)	Loss 1.3909 (1.5225)	Acc@1 68.750 (63.865)	Acc@5 87.500 (84.531)
Epoch: [24][4500/5005]	Time 0.702 (0.703)	Data 0.000 (0.002)	Loss 1.5054 (1.5222)	Acc@1 66.016 (63.859)	Acc@5 83.984 (84.527)
Epoch: [24][5000/5005]	Time 0.700 (0.703)	Data 0.000 (0.002)	Loss 1.6577 (1.5228)	Acc@1 60.156 (63.838)	Acc@5 80.859 (84.515)
Test: [0/196]	Time 2.855 (2.855)	Loss 0.6239 (0.6239)	Acc@1 85.547 (85.547)	Acc@5 96.484 (96.484)
 * Acc@1 70.200 Acc@5 89.814
weight information for regulizer based pretrain
[tensor(0.0010, device='cuda:0'), tensor(0.0021, device='cuda:0'), tensor(0.0147, device='cuda:0')] [tensor(1.0315e-05, device='cuda:0'), tensor(4.3607e-05, device='cuda:0'), tensor(0.0001, device='cuda:0')]
Epoch: [25][0/5005]	Time 2.345 (2.345)	Data 2.112 (2.112)	Loss 1.7903 (1.7903)	Acc@1 56.641 (56.641)	Acc@5 82.422 (82.422)
Epoch: [25][500/5005]	Time 0.698 (0.706)	Data 0.000 (0.005)	Loss 1.5704 (1.5154)	Acc@1 59.375 (64.048)	Acc@5 80.859 (84.612)
Epoch: [25][1000/5005]	Time 0.703 (0.705)	Data 0.000 (0.003)	Loss 1.3118 (1.5156)	Acc@1 69.141 (64.020)	Acc@5 85.938 (84.552)
Epoch: [25][1500/5005]	Time 0.715 (0.704)	Data 0.000 (0.003)	Loss 1.5066 (1.5171)	Acc@1 62.891 (63.955)	Acc@5 84.766 (84.561)
Epoch: [25][2000/5005]	Time 0.735 (0.704)	Data 0.000 (0.002)	Loss 1.4325 (1.5178)	Acc@1 61.719 (63.896)	Acc@5 85.547 (84.574)
Epoch: [25][2500/5005]	Time 0.711 (0.703)	Data 0.000 (0.002)	Loss 1.5748 (1.5172)	Acc@1 64.844 (63.904)	Acc@5 82.422 (84.593)
Epoch: [25][3000/5005]	Time 0.731 (0.703)	Data 0.000 (0.002)	Loss 1.3506 (1.5181)	Acc@1 67.578 (63.890)	Acc@5 87.109 (84.576)
Epoch: [25][3500/5005]	Time 0.696 (0.703)	Data 0.000 (0.002)	Loss 1.5406 (1.5182)	Acc@1 66.406 (63.891)	Acc@5 84.375 (84.564)
Epoch: [25][4000/5005]	Time 0.728 (0.703)	Data 0.000 (0.002)	Loss 1.5734 (1.5195)	Acc@1 61.328 (63.882)	Acc@5 83.203 (84.565)
Epoch: [25][4500/5005]	Time 0.701 (0.703)	Data 0.000 (0.002)	Loss 1.5814 (1.5194)	Acc@1 60.938 (63.860)	Acc@5 82.422 (84.568)
Epoch: [25][5000/5005]	Time 0.705 (0.703)	Data 0.000 (0.002)	Loss 1.4570 (1.5204)	Acc@1 64.844 (63.831)	Acc@5 85.156 (84.549)
Test: [0/196]	Time 2.873 (2.873)	Loss 0.6225 (0.6225)	Acc@1 85.547 (85.547)	Acc@5 96.875 (96.875)
 * Acc@1 70.222 Acc@5 89.796
weight information for regulizer based pretrain
[tensor(0.0010, device='cuda:0'), tensor(0.0021, device='cuda:0'), tensor(0.0147, device='cuda:0')] [tensor(1.0322e-05, device='cuda:0'), tensor(4.3689e-05, device='cuda:0'), tensor(0.0001, device='cuda:0')]
Epoch: [26][0/5005]	Time 2.415 (2.415)	Data 2.196 (2.196)	Loss 1.4075 (1.4075)	Acc@1 64.453 (64.453)	Acc@5 87.109 (87.109)
Epoch: [26][500/5005]	Time 0.728 (0.705)	Data 0.000 (0.006)	Loss 1.4913 (1.5229)	Acc@1 66.797 (63.821)	Acc@5 84.766 (84.536)
Epoch: [26][1000/5005]	Time 0.721 (0.704)	Data 0.000 (0.003)	Loss 1.5565 (1.5244)	Acc@1 63.281 (63.825)	Acc@5 81.641 (84.490)
Epoch: [26][1500/5005]	Time 0.701 (0.704)	Data 0.000 (0.003)	Loss 1.7183 (1.5237)	Acc@1 57.422 (63.808)	Acc@5 80.469 (84.512)
Epoch: [26][2000/5005]	Time 0.694 (0.703)	Data 0.000 (0.002)	Loss 1.5367 (1.5228)	Acc@1 64.453 (63.822)	Acc@5 85.547 (84.517)
Epoch: [26][2500/5005]	Time 0.703 (0.703)	Data 0.000 (0.002)	Loss 1.4843 (1.5232)	Acc@1 67.969 (63.807)	Acc@5 83.594 (84.505)
Epoch: [26][3000/5005]	Time 0.696 (0.703)	Data 0.000 (0.002)	Loss 1.7458 (1.5222)	Acc@1 60.547 (63.837)	Acc@5 80.078 (84.525)
Epoch: [26][3500/5005]	Time 0.703 (0.703)	Data 0.000 (0.002)	Loss 1.4852 (1.5218)	Acc@1 65.625 (63.877)	Acc@5 84.375 (84.518)
Epoch: [26][4000/5005]	Time 0.696 (0.703)	Data 0.000 (0.002)	Loss 1.4423 (1.5200)	Acc@1 66.406 (63.919)	Acc@5 84.375 (84.536)
Epoch: [26][4500/5005]	Time 0.697 (0.703)	Data 0.000 (0.002)	Loss 1.5006 (1.5206)	Acc@1 62.500 (63.917)	Acc@5 84.766 (84.520)
Epoch: [26][5000/5005]	Time 0.703 (0.703)	Data 0.000 (0.002)	Loss 1.7848 (1.5199)	Acc@1 60.938 (63.930)	Acc@5 78.906 (84.517)
Test: [0/196]	Time 3.034 (3.034)	Loss 0.6229 (0.6229)	Acc@1 85.156 (85.156)	Acc@5 96.484 (96.484)
 * Acc@1 70.182 Acc@5 89.790
weight information for regulizer based pretrain
[tensor(0.0010, device='cuda:0'), tensor(0.0021, device='cuda:0'), tensor(0.0147, device='cuda:0')] [tensor(1.0329e-05, device='cuda:0'), tensor(4.3771e-05, device='cuda:0'), tensor(0.0001, device='cuda:0')]
Epoch: [27][0/5005]	Time 2.243 (2.243)	Data 2.012 (2.012)	Loss 1.5210 (1.5210)	Acc@1 67.188 (67.188)	Acc@5 83.203 (83.203)
Epoch: [27][500/5005]	Time 0.695 (0.706)	Data 0.000 (0.005)	Loss 1.6461 (1.5230)	Acc@1 58.984 (63.696)	Acc@5 82.031 (84.505)
Epoch: [27][1000/5005]	Time 0.696 (0.704)	Data 0.000 (0.003)	Loss 1.3000 (1.5215)	Acc@1 68.750 (63.855)	Acc@5 86.719 (84.446)
Epoch: [27][1500/5005]	Time 0.693 (0.704)	Data 0.000 (0.002)	Loss 1.5314 (1.5180)	Acc@1 62.891 (63.972)	Acc@5 83.594 (84.492)
Epoch: [27][2000/5005]	Time 0.702 (0.704)	Data 0.000 (0.002)	Loss 1.8441 (1.5178)	Acc@1 59.766 (63.982)	Acc@5 78.516 (84.521)
