=> creating model 'vgg16'
=> loading checkpoint 'checkpoints/vgg-l2-25p-2/model_best.pth.tar'
=> loaded checkpoint 'checkpoints/vgg-l2-25p-2/model_best.pth.tar' 
read conf from:  conf/vgg.conf
checkpoint dir:  checkpoints/1549591831/
weight information for regulizer based pretrain
[tensor(0.0006, device='cuda:0'), tensor(0.0012, device='cuda:0'), tensor(0.0144, device='cuda:0')] [tensor(8.1735e-06, device='cuda:0'), tensor(3.6983e-05, device='cuda:0'), tensor(0.0001, device='cuda:0')]
Epoch: [0][0/5005]	Time 19.616 (19.616)	Data 2.168 (2.168)	Loss 1.4860 (1.4860)	Acc@1 65.625 (65.625)	Acc@5 85.547 (85.547)
Epoch: [0][500/5005]	Time 0.704 (0.747)	Data 0.000 (0.005)	Loss 1.6921 (1.6738)	Acc@1 60.156 (60.653)	Acc@5 79.297 (82.601)
Epoch: [0][1000/5005]	Time 0.715 (0.732)	Data 0.000 (0.003)	Loss 1.9012 (1.6736)	Acc@1 56.250 (60.598)	Acc@5 79.297 (82.560)
Epoch: [0][1500/5005]	Time 0.719 (0.727)	Data 0.000 (0.002)	Loss 1.4476 (1.6733)	Acc@1 63.281 (60.635)	Acc@5 87.500 (82.538)
Epoch: [0][2000/5005]	Time 0.715 (0.725)	Data 0.000 (0.002)	Loss 1.9390 (1.6717)	Acc@1 53.906 (60.678)	Acc@5 77.344 (82.576)
Epoch: [0][2500/5005]	Time 0.724 (0.724)	Data 0.000 (0.002)	Loss 1.7088 (1.6723)	Acc@1 57.031 (60.666)	Acc@5 82.812 (82.581)
Epoch: [0][3000/5005]	Time 0.710 (0.721)	Data 0.000 (0.002)	Loss 1.5920 (1.6727)	Acc@1 61.328 (60.648)	Acc@5 82.812 (82.591)
Epoch: [0][3500/5005]	Time 0.703 (0.719)	Data 0.000 (0.002)	Loss 1.6818 (1.6721)	Acc@1 63.672 (60.675)	Acc@5 78.906 (82.604)
Epoch: [0][4000/5005]	Time 0.701 (0.718)	Data 0.000 (0.002)	Loss 1.6311 (1.6715)	Acc@1 60.156 (60.685)	Acc@5 87.109 (82.620)
Epoch: [0][4500/5005]	Time 0.711 (0.716)	Data 0.000 (0.002)	Loss 1.6630 (1.6722)	Acc@1 63.672 (60.655)	Acc@5 82.812 (82.615)
Epoch: [0][5000/5005]	Time 0.712 (0.715)	Data 0.000 (0.002)	Loss 1.7440 (1.6717)	Acc@1 58.594 (60.679)	Acc@5 80.859 (82.621)
Test: [0/196]	Time 3.214 (3.214)	Loss 0.6719 (0.6719)	Acc@1 82.422 (82.422)	Acc@5 96.094 (96.094)
 * Acc@1 68.698 Acc@5 88.932
weight information for regulizer based pretrain
[tensor(0.0006, device='cuda:0'), tensor(0.0012, device='cuda:0'), tensor(0.0144, device='cuda:0')] [tensor(8.1848e-06, device='cuda:0'), tensor(3.7066e-05, device='cuda:0'), tensor(0.0001, device='cuda:0')]
Epoch: [1][0/5005]	Time 2.769 (2.769)	Data 2.016 (2.016)	Loss 1.8662 (1.8662)	Acc@1 58.984 (58.984)	Acc@5 83.203 (83.203)
Epoch: [1][500/5005]	Time 0.707 (0.718)	Data 0.000 (0.005)	Loss 1.4771 (1.6719)	Acc@1 63.281 (60.712)	Acc@5 85.547 (82.544)
Epoch: [1][1000/5005]	Time 0.719 (0.718)	Data 0.000 (0.003)	Loss 1.9142 (1.6732)	Acc@1 56.641 (60.620)	Acc@5 79.688 (82.532)
Epoch: [1][1500/5005]	Time 0.695 (0.718)	Data 0.000 (0.002)	Loss 1.5473 (1.6722)	Acc@1 61.719 (60.651)	Acc@5 83.594 (82.525)
Epoch: [1][2000/5005]	Time 0.718 (0.718)	Data 0.000 (0.002)	Loss 1.4742 (1.6720)	Acc@1 62.109 (60.675)	Acc@5 86.328 (82.547)
Epoch: [1][2500/5005]	Time 0.719 (0.718)	Data 0.000 (0.002)	Loss 1.6680 (1.6713)	Acc@1 63.672 (60.684)	Acc@5 82.422 (82.561)
Epoch: [1][3000/5005]	Time 0.716 (0.718)	Data 0.000 (0.002)	Loss 1.7057 (1.6707)	Acc@1 56.250 (60.719)	Acc@5 80.859 (82.567)
Epoch: [1][3500/5005]	Time 0.714 (0.718)	Data 0.000 (0.002)	Loss 1.7674 (1.6698)	Acc@1 56.641 (60.732)	Acc@5 80.859 (82.579)
Epoch: [1][4000/5005]	Time 0.743 (0.718)	Data 0.000 (0.002)	Loss 1.6816 (1.6702)	Acc@1 57.422 (60.709)	Acc@5 83.203 (82.598)
Epoch: [1][4500/5005]	Time 0.721 (0.718)	Data 0.000 (0.002)	Loss 1.7836 (1.6709)	Acc@1 54.688 (60.697)	Acc@5 82.812 (82.583)
Epoch: [1][5000/5005]	Time 0.701 (0.717)	Data 0.000 (0.002)	Loss 1.7230 (1.6714)	Acc@1 61.328 (60.698)	Acc@5 83.203 (82.583)
Test: [0/196]	Time 3.078 (3.078)	Loss 0.6722 (0.6722)	Acc@1 82.422 (82.422)	Acc@5 96.094 (96.094)
 * Acc@1 68.694 Acc@5 88.932
weight information for regulizer based pretrain
[tensor(0.0006, device='cuda:0'), tensor(0.0012, device='cuda:0'), tensor(0.0144, device='cuda:0')] [tensor(8.1962e-06, device='cuda:0'), tensor(3.7148e-05, device='cuda:0'), tensor(0.0001, device='cuda:0')]
Epoch: [2][0/5005]	Time 2.454 (2.454)	Data 2.165 (2.165)	Loss 1.7935 (1.7935)	Acc@1 59.375 (59.375)	Acc@5 77.344 (77.344)
Epoch: [2][500/5005]	Time 0.764 (0.718)	Data 0.000 (0.005)	Loss 1.7303 (1.6630)	Acc@1 60.156 (60.912)	Acc@5 82.422 (82.750)
Epoch: [2][1000/5005]	Time 0.721 (0.719)	Data 0.000 (0.003)	Loss 1.8378 (1.6687)	Acc@1 58.984 (60.807)	Acc@5 82.031 (82.679)
Epoch: [2][1500/5005]	Time 0.704 (0.718)	Data 0.000 (0.003)	Loss 1.5843 (1.6701)	Acc@1 57.812 (60.762)	Acc@5 84.375 (82.663)
Epoch: [2][2000/5005]	Time 0.730 (0.718)	Data 0.000 (0.002)	Loss 1.5859 (1.6690)	Acc@1 62.500 (60.760)	Acc@5 85.547 (82.664)
Epoch: [2][2500/5005]	Time 0.721 (0.718)	Data 0.000 (0.002)	Loss 1.7215 (1.6677)	Acc@1 59.375 (60.769)	Acc@5 81.641 (82.689)
Epoch: [2][3000/5005]	Time 0.716 (0.718)	Data 0.000 (0.002)	Loss 1.7915 (1.6677)	Acc@1 57.422 (60.794)	Acc@5 81.250 (82.687)
Epoch: [2][3500/5005]	Time 0.741 (0.718)	Data 0.000 (0.002)	Loss 1.7487 (1.6692)	Acc@1 57.422 (60.773)	Acc@5 82.031 (82.668)
Epoch: [2][4000/5005]	Time 0.721 (0.718)	Data 0.000 (0.002)	Loss 1.4345 (1.6703)	Acc@1 63.281 (60.779)	Acc@5 86.328 (82.655)
Epoch: [2][4500/5005]	Time 0.727 (0.718)	Data 0.000 (0.002)	Loss 1.6713 (1.6708)	Acc@1 55.859 (60.767)	Acc@5 83.203 (82.642)
Epoch: [2][5000/5005]	Time 0.724 (0.718)	Data 0.000 (0.002)	Loss 1.7807 (1.6705)	Acc@1 58.594 (60.758)	Acc@5 80.078 (82.644)
Test: [0/196]	Time 3.055 (3.055)	Loss 0.6724 (0.6724)	Acc@1 82.422 (82.422)	Acc@5 96.094 (96.094)
 * Acc@1 68.698 Acc@5 88.930
weight information for regulizer based pretrain
[tensor(0.0006, device='cuda:0'), tensor(0.0012, device='cuda:0'), tensor(0.0144, device='cuda:0')] [tensor(8.2073e-06, device='cuda:0'), tensor(3.7229e-05, device='cuda:0'), tensor(0.0001, device='cuda:0')]
Epoch: [3][0/5005]	Time 2.577 (2.577)	Data 2.336 (2.336)	Loss 1.7166 (1.7166)	Acc@1 60.938 (60.938)	Acc@5 84.375 (84.375)
Epoch: [3][500/5005]	Time 0.751 (0.719)	Data 0.000 (0.006)	Loss 1.7393 (1.6714)	Acc@1 58.594 (60.776)	Acc@5 80.859 (82.575)
Epoch: [3][1000/5005]	Time 0.736 (0.718)	Data 0.000 (0.004)	Loss 1.5537 (1.6706)	Acc@1 66.016 (60.749)	Acc@5 83.984 (82.634)
Epoch: [3][1500/5005]	Time 0.712 (0.717)	Data 0.000 (0.003)	Loss 1.5892 (1.6709)	Acc@1 60.156 (60.732)	Acc@5 83.594 (82.596)
Epoch: [3][2000/5005]	Time 0.710 (0.715)	Data 0.000 (0.002)	Loss 1.5490 (1.6698)	Acc@1 63.281 (60.730)	Acc@5 83.203 (82.627)
Epoch: [3][2500/5005]	Time 0.696 (0.713)	Data 0.000 (0.002)	Loss 1.7246 (1.6690)	Acc@1 56.250 (60.737)	Acc@5 82.422 (82.642)
Epoch: [3][3000/5005]	Time 0.711 (0.712)	Data 0.000 (0.002)	Loss 1.9046 (1.6691)	Acc@1 55.859 (60.729)	Acc@5 74.609 (82.651)
Epoch: [3][3500/5005]	Time 0.710 (0.712)	Data 0.000 (0.002)	Loss 1.6516 (1.6702)	Acc@1 60.547 (60.713)	Acc@5 82.812 (82.624)
Epoch: [3][4000/5005]	Time 0.710 (0.711)	Data 0.000 (0.002)	Loss 1.5931 (1.6697)	Acc@1 61.719 (60.744)	Acc@5 82.812 (82.615)
Epoch: [3][4500/5005]	Time 0.732 (0.711)	Data 0.000 (0.002)	Loss 1.8618 (1.6700)	Acc@1 57.812 (60.749)	Acc@5 78.906 (82.615)
Epoch: [3][5000/5005]	Time 0.710 (0.710)	Data 0.000 (0.002)	Loss 1.8822 (1.6700)	Acc@1 57.422 (60.767)	Acc@5 78.516 (82.619)
Test: [0/196]	Time 3.102 (3.102)	Loss 0.6734 (0.6734)	Acc@1 82.422 (82.422)	Acc@5 96.094 (96.094)
 * Acc@1 68.690 Acc@5 88.938
weight information for regulizer based pretrain
[tensor(0.0006, device='cuda:0'), tensor(0.0012, device='cuda:0'), tensor(0.0144, device='cuda:0')] [tensor(8.2184e-06, device='cuda:0'), tensor(3.7310e-05, device='cuda:0'), tensor(0.0001, device='cuda:0')]
Epoch: [4][0/5005]	Time 2.713 (2.713)	Data 2.477 (2.477)	Loss 1.2229 (1.2229)	Acc@1 69.922 (69.922)	Acc@5 89.453 (89.453)
Epoch: [4][500/5005]	Time 0.730 (0.719)	Data 0.000 (0.006)	Loss 1.5933 (1.6691)	Acc@1 62.109 (60.702)	Acc@5 84.766 (82.574)
Epoch: [4][1000/5005]	Time 0.745 (0.719)	Data 0.000 (0.004)	Loss 1.4795 (1.6685)	Acc@1 64.844 (60.740)	Acc@5 84.375 (82.637)
Epoch: [4][1500/5005]	Time 0.708 (0.716)	Data 0.000 (0.003)	Loss 1.7113 (1.6734)	Acc@1 58.594 (60.689)	Acc@5 80.859 (82.564)
Epoch: [4][2000/5005]	Time 0.712 (0.714)	Data 0.000 (0.002)	Loss 1.7154 (1.6723)	Acc@1 60.547 (60.685)	Acc@5 83.594 (82.576)
Epoch: [4][2500/5005]	Time 0.694 (0.713)	Data 0.000 (0.002)	Loss 1.7015 (1.6722)	Acc@1 59.766 (60.660)	Acc@5 83.203 (82.592)
Epoch: [4][3000/5005]	Time 0.711 (0.712)	Data 0.000 (0.002)	Loss 1.8033 (1.6723)	Acc@1 60.547 (60.656)	Acc@5 82.422 (82.585)
Epoch: [4][3500/5005]	Time 0.679 (0.711)	Data 0.000 (0.002)	Loss 1.7468 (1.6725)	Acc@1 62.500 (60.661)	Acc@5 82.422 (82.591)
Epoch: [4][4000/5005]	Time 0.709 (0.711)	Data 0.000 (0.002)	Loss 1.5977 (1.6726)	Acc@1 62.891 (60.665)	Acc@5 82.422 (82.590)
Epoch: [4][4500/5005]	Time 0.701 (0.711)	Data 0.000 (0.002)	Loss 1.6170 (1.6725)	Acc@1 62.500 (60.675)	Acc@5 81.641 (82.591)
Epoch: [4][5000/5005]	Time 0.708 (0.710)	Data 0.000 (0.002)	Loss 1.5873 (1.6727)	Acc@1 61.328 (60.687)	Acc@5 82.422 (82.592)
Test: [0/196]	Time 3.145 (3.145)	Loss 0.6722 (0.6722)	Acc@1 82.422 (82.422)	Acc@5 96.094 (96.094)
 * Acc@1 68.708 Acc@5 88.940
weight information for regulizer based pretrain
[tensor(0.0006, device='cuda:0'), tensor(0.0012, device='cuda:0'), tensor(0.0144, device='cuda:0')] [tensor(8.2293e-06, device='cuda:0'), tensor(3.7390e-05, device='cuda:0'), tensor(0.0001, device='cuda:0')]
Epoch: [5][0/5005]	Time 2.571 (2.571)	Data 2.332 (2.332)	Loss 1.5969 (1.5969)	Acc@1 61.328 (61.328)	Acc@5 83.203 (83.203)
Epoch: [5][500/5005]	Time 0.714 (0.710)	Data 0.000 (0.006)	Loss 1.6772 (1.6742)	Acc@1 60.938 (60.688)	Acc@5 82.422 (82.536)
Epoch: [5][1000/5005]	Time 0.711 (0.709)	Data 0.000 (0.004)	Loss 1.6033 (1.6748)	Acc@1 60.938 (60.625)	Acc@5 85.156 (82.543)
Epoch: [5][1500/5005]	Time 0.701 (0.709)	Data 0.000 (0.003)	Loss 1.6112 (1.6745)	Acc@1 64.844 (60.631)	Acc@5 83.984 (82.547)
Epoch: [5][2000/5005]	Time 0.709 (0.708)	Data 0.000 (0.002)	Loss 1.7248 (1.6727)	Acc@1 58.203 (60.681)	Acc@5 82.812 (82.581)
Epoch: [5][2500/5005]	Time 0.711 (0.708)	Data 0.000 (0.002)	Loss 1.6550 (1.6724)	Acc@1 58.984 (60.675)	Acc@5 82.031 (82.579)
Epoch: [5][3000/5005]	Time 0.699 (0.708)	Data 0.000 (0.002)	Loss 1.6927 (1.6712)	Acc@1 61.719 (60.710)	Acc@5 82.031 (82.602)
Epoch: [5][3500/5005]	Time 0.712 (0.708)	Data 0.000 (0.002)	Loss 1.5878 (1.6697)	Acc@1 64.453 (60.754)	Acc@5 83.984 (82.630)
Epoch: [5][4000/5005]	Time 0.714 (0.708)	Data 0.000 (0.002)	Loss 1.6259 (1.6705)	Acc@1 60.156 (60.751)	Acc@5 82.812 (82.614)
Epoch: [5][4500/5005]	Time 0.697 (0.708)	Data 0.000 (0.002)	Loss 1.7593 (1.6704)	Acc@1 57.812 (60.743)	Acc@5 82.422 (82.612)
Epoch: [5][5000/5005]	Time 0.697 (0.708)	Data 0.000 (0.002)	Loss 1.3213 (1.6699)	Acc@1 65.234 (60.751)	Acc@5 87.109 (82.621)
Test: [0/196]	Time 2.981 (2.981)	Loss 0.6713 (0.6713)	Acc@1 82.422 (82.422)	Acc@5 96.094 (96.094)
 * Acc@1 68.708 Acc@5 88.930
weight information for regulizer based pretrain
[tensor(0.0006, device='cuda:0'), tensor(0.0012, device='cuda:0'), tensor(0.0144, device='cuda:0')] [tensor(8.2404e-06, device='cuda:0'), tensor(3.7471e-05, device='cuda:0'), tensor(0.0001, device='cuda:0')]
Epoch: [6][0/5005]	Time 2.453 (2.453)	Data 2.173 (2.173)	Loss 1.8049 (1.8049)	Acc@1 58.594 (58.594)	Acc@5 78.906 (78.906)
Epoch: [6][500/5005]	Time 0.718 (0.718)	Data 0.000 (0.006)	Loss 1.6540 (1.6634)	Acc@1 64.453 (60.911)	Acc@5 79.688 (82.728)
Epoch: [6][1000/5005]	Time 0.730 (0.718)	Data 0.000 (0.003)	Loss 1.6200 (1.6645)	Acc@1 59.766 (60.792)	Acc@5 83.203 (82.725)
Epoch: [6][1500/5005]	Time 0.724 (0.719)	Data 0.000 (0.003)	Loss 1.6157 (1.6645)	Acc@1 58.984 (60.808)	Acc@5 83.594 (82.694)
Epoch: [6][2000/5005]	Time 0.676 (0.717)	Data 0.000 (0.002)	Loss 1.6763 (1.6659)	Acc@1 59.766 (60.802)	Acc@5 83.984 (82.647)
Epoch: [6][2500/5005]	Time 0.697 (0.715)	Data 0.000 (0.002)	Loss 1.6267 (1.6653)	Acc@1 62.500 (60.790)	Acc@5 84.375 (82.659)
Epoch: [6][3000/5005]	Time 0.710 (0.714)	Data 0.000 (0.002)	Loss 1.6227 (1.6667)	Acc@1 61.328 (60.749)	Acc@5 80.078 (82.643)
Epoch: [6][3500/5005]	Time 0.698 (0.713)	Data 0.000 (0.002)	Loss 1.8182 (1.6662)	Acc@1 55.078 (60.766)	Acc@5 82.422 (82.643)
Epoch: [6][4000/5005]	Time 0.702 (0.712)	Data 0.000 (0.002)	Loss 1.5670 (1.6673)	Acc@1 60.547 (60.742)	Acc@5 85.156 (82.618)
Epoch: [6][4500/5005]	Time 0.713 (0.712)	Data 0.000 (0.002)	Loss 1.7497 (1.6677)	Acc@1 60.938 (60.742)	Acc@5 83.203 (82.618)
Epoch: [6][5000/5005]	Time 0.699 (0.711)	Data 0.000 (0.002)	Loss 1.6348 (1.6672)	Acc@1 60.938 (60.756)	Acc@5 84.375 (82.632)
Test: [0/196]	Time 3.032 (3.032)	Loss 0.6716 (0.6716)	Acc@1 82.422 (82.422)	Acc@5 96.094 (96.094)
 * Acc@1 68.734 Acc@5 88.922
weight information for regulizer based pretrain
[tensor(0.0006, device='cuda:0'), tensor(0.0012, device='cuda:0'), tensor(0.0144, device='cuda:0')] [tensor(8.2514e-06, device='cuda:0'), tensor(3.7551e-05, device='cuda:0'), tensor(0.0001, device='cuda:0')]
Epoch: [7][0/5005]	Time 2.620 (2.620)	Data 2.378 (2.378)	Loss 1.7788 (1.7788)	Acc@1 60.547 (60.547)	Acc@5 80.859 (80.859)
Epoch: [7][500/5005]	Time 0.718 (0.719)	Data 0.000 (0.006)	Loss 1.5883 (1.6649)	Acc@1 61.719 (60.879)	Acc@5 84.375 (82.671)
Epoch: [7][1000/5005]	Time 0.728 (0.719)	Data 0.000 (0.004)	Loss 1.5184 (1.6638)	Acc@1 65.234 (60.785)	Acc@5 84.375 (82.679)
Epoch: [7][1500/5005]	Time 0.721 (0.719)	Data 0.000 (0.003)	Loss 1.6274 (1.6634)	Acc@1 60.156 (60.854)	Acc@5 83.984 (82.734)
Epoch: [7][2000/5005]	Time 0.729 (0.719)	Data 0.000 (0.002)	Loss 1.6858 (1.6665)	Acc@1 62.891 (60.818)	Acc@5 81.641 (82.676)
Epoch: [7][2500/5005]	Time 0.699 (0.719)	Data 0.000 (0.002)	Loss 1.8863 (1.6664)	Acc@1 59.375 (60.797)	Acc@5 81.250 (82.678)
Epoch: [7][3000/5005]	Time 0.724 (0.719)	Data 0.000 (0.002)	Loss 1.6317 (1.6679)	Acc@1 60.547 (60.782)	Acc@5 82.812 (82.648)
Epoch: [7][3500/5005]	Time 0.736 (0.719)	Data 0.000 (0.002)	Loss 1.6898 (1.6682)	Acc@1 60.938 (60.748)	Acc@5 82.031 (82.639)
Epoch: [7][4000/5005]	Time 0.723 (0.718)	Data 0.000 (0.002)	Loss 1.5861 (1.6690)	Acc@1 62.109 (60.739)	Acc@5 84.375 (82.643)
Epoch: [7][4500/5005]	Time 0.713 (0.718)	Data 0.000 (0.002)	Loss 1.6688 (1.6689)	Acc@1 60.938 (60.742)	Acc@5 82.422 (82.638)
Epoch: [7][5000/5005]	Time 0.722 (0.718)	Data 0.000 (0.002)	Loss 1.6103 (1.6673)	Acc@1 59.766 (60.778)	Acc@5 80.859 (82.672)
Test: [0/196]	Time 3.180 (3.180)	Loss 0.6711 (0.6711)	Acc@1 82.422 (82.422)	Acc@5 96.094 (96.094)
 * Acc@1 68.718 Acc@5 88.934
weight information for regulizer based pretrain
[tensor(0.0006, device='cuda:0'), tensor(0.0012, device='cuda:0'), tensor(0.0144, device='cuda:0')] [tensor(8.2624e-06, device='cuda:0'), tensor(3.7632e-05, device='cuda:0'), tensor(0.0001, device='cuda:0')]
Epoch: [8][0/5005]	Time 2.354 (2.354)	Data 2.126 (2.126)	Loss 1.8074 (1.8074)	Acc@1 62.109 (62.109)	Acc@5 80.078 (80.078)
Epoch: [8][500/5005]	Time 0.703 (0.719)	Data 0.000 (0.005)	Loss 1.8030 (1.6601)	Acc@1 57.422 (60.824)	Acc@5 80.469 (82.824)
Epoch: [8][1000/5005]	Time 0.736 (0.718)	Data 0.000 (0.003)	Loss 1.8742 (1.6642)	Acc@1 60.938 (60.772)	Acc@5 80.469 (82.697)
Epoch: [8][1500/5005]	Time 0.702 (0.718)	Data 0.000 (0.003)	Loss 1.6415 (1.6630)	Acc@1 59.766 (60.815)	Acc@5 85.547 (82.741)
Epoch: [8][2000/5005]	Time 0.718 (0.718)	Data 0.000 (0.002)	Loss 1.8088 (1.6641)	Acc@1 55.469 (60.806)	Acc@5 82.031 (82.693)
Epoch: [8][2500/5005]	Time 0.720 (0.718)	Data 0.000 (0.002)	Loss 1.5871 (1.6635)	Acc@1 62.109 (60.836)	Acc@5 83.203 (82.685)
Epoch: [8][3000/5005]	Time 0.702 (0.718)	Data 0.000 (0.002)	Loss 1.8193 (1.6625)	Acc@1 61.328 (60.833)	Acc@5 81.250 (82.708)
Epoch: [8][3500/5005]	Time 0.714 (0.718)	Data 0.000 (0.002)	Loss 1.5020 (1.6626)	Acc@1 64.062 (60.816)	Acc@5 84.375 (82.715)
Epoch: [8][4000/5005]	Time 0.711 (0.718)	Data 0.000 (0.002)	Loss 1.6197 (1.6629)	Acc@1 63.281 (60.824)	Acc@5 83.203 (82.715)
Epoch: [8][4500/5005]	Time 0.739 (0.718)	Data 0.000 (0.002)	Loss 1.6857 (1.6641)	Acc@1 60.938 (60.798)	Acc@5 84.766 (82.704)
Epoch: [8][5000/5005]	Time 0.719 (0.718)	Data 0.000 (0.002)	Loss 1.8488 (1.6643)	Acc@1 55.859 (60.804)	Acc@5 77.344 (82.697)
Test: [0/196]	Time 3.160 (3.160)	Loss 0.6713 (0.6713)	Acc@1 82.422 (82.422)	Acc@5 96.094 (96.094)
 * Acc@1 68.726 Acc@5 88.942
weight information for regulizer based pretrain
[tensor(0.0006, device='cuda:0'), tensor(0.0012, device='cuda:0'), tensor(0.0144, device='cuda:0')] [tensor(8.2734e-06, device='cuda:0'), tensor(3.7712e-05, device='cuda:0'), tensor(0.0001, device='cuda:0')]
Epoch: [9][0/5005]	Time 2.466 (2.466)	Data 2.232 (2.232)	Loss 1.5782 (1.5782)	Acc@1 62.500 (62.500)	Acc@5 82.031 (82.031)
Epoch: [9][500/5005]	Time 0.721 (0.719)	Data 0.000 (0.006)	Loss 1.5766 (1.6649)	Acc@1 60.547 (60.884)	Acc@5 82.812 (82.725)
Epoch: [9][1000/5005]	Time 0.718 (0.718)	Data 0.000 (0.003)	Loss 1.6029 (1.6717)	Acc@1 60.156 (60.767)	Acc@5 83.984 (82.669)
Epoch: [9][1500/5005]	Time 0.716 (0.718)	Data 0.000 (0.003)	Loss 1.7317 (1.6700)	Acc@1 58.594 (60.757)	Acc@5 82.422 (82.651)
Epoch: [9][2000/5005]	Time 0.723 (0.718)	Data 0.000 (0.002)	Loss 1.4685 (1.6690)	Acc@1 64.844 (60.807)	Acc@5 88.672 (82.668)
Epoch: [9][2500/5005]	Time 0.742 (0.718)	Data 0.000 (0.002)	Loss 1.6757 (1.6687)	Acc@1 63.281 (60.808)	Acc@5 83.203 (82.653)
Epoch: [9][3000/5005]	Time 0.703 (0.718)	Data 0.000 (0.002)	Loss 1.7485 (1.6680)	Acc@1 59.766 (60.798)	Acc@5 78.516 (82.662)
Epoch: [9][3500/5005]	Time 0.704 (0.718)	Data 0.000 (0.002)	Loss 1.7238 (1.6659)	Acc@1 56.641 (60.833)	Acc@5 78.516 (82.691)
Epoch: [9][4000/5005]	Time 0.715 (0.718)	Data 0.000 (0.002)	Loss 1.5699 (1.6667)	Acc@1 61.328 (60.829)	Acc@5 84.766 (82.676)
Epoch: [9][4500/5005]	Time 0.690 (0.718)	Data 0.000 (0.002)	Loss 1.6724 (1.6667)	Acc@1 62.891 (60.822)	Acc@5 84.766 (82.678)
Epoch: [9][5000/5005]	Time 0.717 (0.718)	Data 0.000 (0.002)	Loss 1.5884 (1.6672)	Acc@1 64.062 (60.818)	Acc@5 83.984 (82.673)
Test: [0/196]	Time 3.074 (3.074)	Loss 0.6709 (0.6709)	Acc@1 82.812 (82.812)	Acc@5 96.094 (96.094)
 * Acc@1 68.720 Acc@5 88.944
weight information for regulizer based pretrain
[tensor(0.0006, device='cuda:0'), tensor(0.0012, device='cuda:0'), tensor(0.0144, device='cuda:0')] [tensor(8.2840e-06, device='cuda:0'), tensor(3.7790e-05, device='cuda:0'), tensor(0.0001, device='cuda:0')]
Epoch: [10][0/5005]	Time 2.429 (2.429)	Data 2.146 (2.146)	Loss 1.6462 (1.6462)	Acc@1 60.938 (60.938)	Acc@5 84.375 (84.375)
Epoch: [10][500/5005]	Time 0.718 (0.719)	Data 0.000 (0.005)	Loss 1.5154 (1.6644)	Acc@1 62.500 (60.896)	Acc@5 85.156 (82.581)
Epoch: [10][1000/5005]	Time 0.736 (0.719)	Data 0.000 (0.003)	Loss 1.8126 (1.6623)	Acc@1 56.641 (60.851)	Acc@5 80.078 (82.641)
Epoch: [10][1500/5005]	Time 0.715 (0.719)	Data 0.000 (0.003)	Loss 1.7651 (1.6635)	Acc@1 59.375 (60.866)	Acc@5 81.250 (82.638)
Epoch: [10][2000/5005]	Time 0.722 (0.719)	Data 0.000 (0.002)	Loss 1.6307 (1.6634)	Acc@1 62.500 (60.845)	Acc@5 80.469 (82.674)
Epoch: [10][2500/5005]	Time 0.717 (0.718)	Data 0.000 (0.002)	Loss 1.5474 (1.6623)	Acc@1 64.844 (60.867)	Acc@5 84.766 (82.703)
Epoch: [10][3000/5005]	Time 0.719 (0.718)	Data 0.000 (0.002)	Loss 1.8616 (1.6634)	Acc@1 53.516 (60.832)	Acc@5 83.984 (82.686)
Epoch: [10][3500/5005]	Time 0.720 (0.718)	Data 0.000 (0.002)	Loss 1.4621 (1.6639)	Acc@1 64.062 (60.817)	Acc@5 85.547 (82.669)
Epoch: [10][4000/5005]	Time 0.718 (0.718)	Data 0.000 (0.002)	Loss 1.7827 (1.6651)	Acc@1 57.031 (60.793)	Acc@5 81.641 (82.645)
Epoch: [10][4500/5005]	Time 0.719 (0.718)	Data 0.000 (0.002)	Loss 1.6902 (1.6648)	Acc@1 59.375 (60.792)	Acc@5 82.422 (82.658)
Epoch: [10][5000/5005]	Time 0.715 (0.718)	Data 0.000 (0.002)	Loss 1.7419 (1.6651)	Acc@1 59.766 (60.788)	Acc@5 81.641 (82.659)
Test: [0/196]	Time 3.131 (3.131)	Loss 0.6704 (0.6704)	Acc@1 82.812 (82.812)	Acc@5 96.094 (96.094)
 * Acc@1 68.726 Acc@5 88.940
weight information for regulizer based pretrain
[tensor(0.0006, device='cuda:0'), tensor(0.0012, device='cuda:0'), tensor(0.0144, device='cuda:0')] [tensor(8.2947e-06, device='cuda:0'), tensor(3.7869e-05, device='cuda:0'), tensor(0.0001, device='cuda:0')]
Epoch: [11][0/5005]	Time 2.624 (2.624)	Data 2.341 (2.341)	Loss 1.6002 (1.6002)	Acc@1 58.984 (58.984)	Acc@5 82.812 (82.812)
Epoch: [11][500/5005]	Time 0.718 (0.720)	Data 0.000 (0.006)	Loss 1.5540 (1.6710)	Acc@1 64.453 (60.691)	Acc@5 83.984 (82.505)
Epoch: [11][1000/5005]	Time 0.720 (0.719)	Data 0.000 (0.004)	Loss 1.5281 (1.6681)	Acc@1 65.234 (60.750)	Acc@5 85.156 (82.603)
Epoch: [11][1500/5005]	Time 0.717 (0.718)	Data 0.000 (0.003)	Loss 1.6857 (1.6627)	Acc@1 62.500 (60.841)	Acc@5 83.984 (82.682)
Epoch: [11][2000/5005]	Time 0.704 (0.718)	Data 0.000 (0.002)	Loss 1.6431 (1.6632)	Acc@1 61.719 (60.802)	Acc@5 81.250 (82.680)
Epoch: [11][2500/5005]	Time 0.713 (0.718)	Data 0.000 (0.002)	Loss 1.5698 (1.6663)	Acc@1 63.281 (60.736)	Acc@5 84.766 (82.655)
Epoch: [11][3000/5005]	Time 0.699 (0.716)	Data 0.000 (0.002)	Loss 1.8282 (1.6682)	Acc@1 59.766 (60.728)	Acc@5 80.469 (82.626)
Epoch: [11][3500/5005]	Time 0.714 (0.715)	Data 0.000 (0.002)	Loss 1.6714 (1.6676)	Acc@1 59.375 (60.736)	Acc@5 84.375 (82.625)
Epoch: [11][4000/5005]	Time 0.713 (0.714)	Data 0.000 (0.002)	Loss 1.7106 (1.6659)	Acc@1 57.422 (60.767)	Acc@5 83.203 (82.660)
Epoch: [11][4500/5005]	Time 0.714 (0.713)	Data 0.000 (0.002)	Loss 1.5255 (1.6656)	Acc@1 64.453 (60.788)	Acc@5 83.984 (82.661)
Epoch: [11][5000/5005]	Time 0.699 (0.713)	Data 0.000 (0.002)	Loss 1.6153 (1.6668)	Acc@1 62.891 (60.760)	Acc@5 81.641 (82.639)
Test: [0/196]	Time 3.190 (3.190)	Loss 0.6700 (0.6700)	Acc@1 82.812 (82.812)	Acc@5 96.094 (96.094)
 * Acc@1 68.746 Acc@5 88.944
weight information for regulizer based pretrain
[tensor(0.0006, device='cuda:0'), tensor(0.0012, device='cuda:0'), tensor(0.0144, device='cuda:0')] [tensor(8.3054e-06, device='cuda:0'), tensor(3.7947e-05, device='cuda:0'), tensor(0.0001, device='cuda:0')]
Epoch: [12][0/5005]	Time 2.431 (2.431)	Data 2.153 (2.153)	Loss 1.6011 (1.6011)	Acc@1 61.328 (61.328)	Acc@5 81.641 (81.641)
Epoch: [12][500/5005]	Time 0.744 (0.720)	Data 0.000 (0.005)	Loss 1.5501 (1.6554)	Acc@1 66.016 (61.185)	Acc@5 82.031 (82.862)
Epoch: [12][1000/5005]	Time 0.711 (0.718)	Data 0.000 (0.003)	Loss 1.7788 (1.6537)	Acc@1 58.203 (61.148)	Acc@5 82.812 (82.835)
Epoch: [12][1500/5005]	Time 0.710 (0.718)	Data 0.000 (0.003)	Loss 1.6201 (1.6597)	Acc@1 60.938 (61.007)	Acc@5 83.594 (82.765)
Epoch: [12][2000/5005]	Time 0.723 (0.718)	Data 0.000 (0.002)	Loss 1.5251 (1.6630)	Acc@1 64.062 (60.925)	Acc@5 83.984 (82.708)
Epoch: [12][2500/5005]	Time 0.744 (0.718)	Data 0.000 (0.002)	Loss 1.8464 (1.6619)	Acc@1 59.375 (60.951)	Acc@5 78.906 (82.729)
Epoch: [12][3000/5005]	Time 0.751 (0.718)	Data 0.000 (0.002)	Loss 1.7449 (1.6642)	Acc@1 59.375 (60.900)	Acc@5 84.766 (82.689)
Epoch: [12][3500/5005]	Time 0.718 (0.718)	Data 0.000 (0.002)	Loss 1.8183 (1.6654)	Acc@1 55.078 (60.851)	Acc@5 80.078 (82.686)
Epoch: [12][4000/5005]	Time 0.726 (0.718)	Data 0.000 (0.002)	Loss 1.4837 (1.6662)	Acc@1 64.062 (60.834)	Acc@5 83.594 (82.681)
Epoch: [12][4500/5005]	Time 0.718 (0.718)	Data 0.000 (0.002)	Loss 1.7637 (1.6652)	Acc@1 58.984 (60.862)	Acc@5 82.812 (82.695)
Epoch: [12][5000/5005]	Time 0.715 (0.718)	Data 0.000 (0.002)	Loss 1.7929 (1.6647)	Acc@1 58.594 (60.874)	Acc@5 83.203 (82.694)
Test: [0/196]	Time 3.042 (3.042)	Loss 0.6705 (0.6705)	Acc@1 82.812 (82.812)	Acc@5 96.094 (96.094)
 * Acc@1 68.746 Acc@5 88.940
weight information for regulizer based pretrain
[tensor(0.0006, device='cuda:0'), tensor(0.0012, device='cuda:0'), tensor(0.0144, device='cuda:0')] [tensor(8.3160e-06, device='cuda:0'), tensor(3.8025e-05, device='cuda:0'), tensor(0.0001, device='cuda:0')]
Epoch: [13][0/5005]	Time 2.443 (2.443)	Data 2.201 (2.201)	Loss 1.8607 (1.8607)	Acc@1 55.078 (55.078)	Acc@5 80.859 (80.859)
Epoch: [13][500/5005]	Time 0.688 (0.721)	Data 0.000 (0.006)	Loss 1.5274 (1.6662)	Acc@1 61.719 (60.761)	Acc@5 85.156 (82.647)
Epoch: [13][1000/5005]	Time 0.720 (0.720)	Data 0.000 (0.003)	Loss 1.7917 (1.6661)	Acc@1 59.375 (60.807)	Acc@5 80.859 (82.683)
Epoch: [13][1500/5005]	Time 0.749 (0.719)	Data 0.000 (0.003)	Loss 1.4963 (1.6669)	Acc@1 62.500 (60.796)	Acc@5 86.328 (82.664)
Epoch: [13][2000/5005]	Time 0.709 (0.719)	Data 0.000 (0.002)	Loss 1.4732 (1.6653)	Acc@1 62.500 (60.830)	Acc@5 85.156 (82.665)
Epoch: [13][2500/5005]	Time 0.721 (0.719)	Data 0.000 (0.002)	Loss 1.6554 (1.6640)	Acc@1 56.641 (60.863)	Acc@5 83.203 (82.684)
Epoch: [13][3000/5005]	Time 0.754 (0.719)	Data 0.000 (0.002)	Loss 1.6429 (1.6640)	Acc@1 63.672 (60.866)	Acc@5 80.469 (82.684)
Epoch: [13][3500/5005]	Time 0.713 (0.719)	Data 0.000 (0.002)	Loss 1.7687 (1.6647)	Acc@1 57.812 (60.857)	Acc@5 79.688 (82.687)
Epoch: [13][4000/5005]	Time 0.718 (0.719)	Data 0.000 (0.002)	Loss 1.6083 (1.6647)	Acc@1 63.281 (60.855)	Acc@5 83.203 (82.678)
Epoch: [13][4500/5005]	Time 0.718 (0.719)	Data 0.000 (0.002)	Loss 1.6299 (1.6647)	Acc@1 61.328 (60.846)	Acc@5 82.031 (82.674)
Epoch: [13][5000/5005]	Time 0.690 (0.718)	Data 0.000 (0.002)	Loss 1.6119 (1.6646)	Acc@1 60.547 (60.851)	Acc@5 86.719 (82.670)
Test: [0/196]	Time 3.018 (3.018)	Loss 0.6707 (0.6707)	Acc@1 82.812 (82.812)	Acc@5 96.094 (96.094)
 * Acc@1 68.756 Acc@5 88.956
weight information for regulizer based pretrain
[tensor(0.0006, device='cuda:0'), tensor(0.0012, device='cuda:0'), tensor(0.0144, device='cuda:0')] [tensor(8.3265e-06, device='cuda:0'), tensor(3.8102e-05, device='cuda:0'), tensor(0.0001, device='cuda:0')]
Epoch: [14][0/5005]	Time 2.481 (2.481)	Data 2.237 (2.237)	Loss 1.5414 (1.5414)	Acc@1 63.672 (63.672)	Acc@5 84.375 (84.375)
Epoch: [14][500/5005]	Time 0.721 (0.723)	Data 0.000 (0.006)	Loss 1.6052 (1.6675)	Acc@1 62.109 (60.766)	Acc@5 85.938 (82.639)
Epoch: [14][1000/5005]	Time 0.680 (0.720)	Data 0.000 (0.003)	Loss 1.8607 (1.6619)	Acc@1 57.031 (60.909)	Acc@5 83.203 (82.701)
Epoch: [14][1500/5005]	Time 0.718 (0.720)	Data 0.000 (0.003)	Loss 1.6611 (1.6614)	Acc@1 59.375 (60.910)	Acc@5 83.594 (82.741)
Epoch: [14][2000/5005]	Time 0.718 (0.720)	Data 0.000 (0.002)	Loss 1.5630 (1.6633)	Acc@1 57.812 (60.818)	Acc@5 86.719 (82.701)
Epoch: [14][2500/5005]	Time 0.724 (0.719)	Data 0.000 (0.002)	Loss 1.7903 (1.6637)	Acc@1 59.375 (60.807)	Acc@5 80.469 (82.693)
Epoch: [14][3000/5005]	Time 0.719 (0.719)	Data 0.000 (0.002)	Loss 1.4462 (1.6625)	Acc@1 64.453 (60.845)	Acc@5 87.109 (82.700)
Epoch: [14][3500/5005]	Time 0.716 (0.719)	Data 0.000 (0.002)	Loss 1.8442 (1.6627)	Acc@1 57.031 (60.865)	Acc@5 80.859 (82.693)
Epoch: [14][4000/5005]	Time 0.716 (0.719)	Data 0.000 (0.002)	Loss 1.6480 (1.6626)	Acc@1 64.453 (60.869)	Acc@5 82.812 (82.702)
Epoch: [14][4500/5005]	Time 0.720 (0.719)	Data 0.000 (0.002)	Loss 1.5266 (1.6617)	Acc@1 64.062 (60.884)	Acc@5 85.547 (82.721)
Epoch: [14][5000/5005]	Time 0.710 (0.718)	Data 0.000 (0.002)	Loss 1.6774 (1.6618)	Acc@1 59.375 (60.902)	Acc@5 82.812 (82.713)
Test: [0/196]	Time 3.012 (3.012)	Loss 0.6706 (0.6706)	Acc@1 82.422 (82.422)	Acc@5 96.094 (96.094)
 * Acc@1 68.754 Acc@5 88.940
weight information for regulizer based pretrain
[tensor(0.0006, device='cuda:0'), tensor(0.0012, device='cuda:0'), tensor(0.0144, device='cuda:0')] [tensor(8.3370e-06, device='cuda:0'), tensor(3.8179e-05, device='cuda:0'), tensor(0.0001, device='cuda:0')]
Epoch: [15][0/5005]	Time 2.293 (2.293)	Data 2.027 (2.027)	Loss 1.6636 (1.6636)	Acc@1 59.375 (59.375)	Acc@5 83.203 (83.203)
Epoch: [15][500/5005]	Time 0.719 (0.720)	Data 0.000 (0.005)	Loss 1.6531 (1.6650)	Acc@1 59.766 (60.840)	Acc@5 83.984 (82.683)
Epoch: [15][1000/5005]	Time 0.714 (0.719)	Data 0.000 (0.003)	Loss 1.7398 (1.6629)	Acc@1 58.594 (60.781)	Acc@5 82.812 (82.704)
Epoch: [15][1500/5005]	Time 0.711 (0.719)	Data 0.000 (0.003)	Loss 1.4891 (1.6619)	Acc@1 66.016 (60.850)	Acc@5 86.328 (82.758)
Epoch: [15][2000/5005]	Time 0.701 (0.717)	Data 0.000 (0.002)	Loss 1.5758 (1.6619)	Acc@1 61.328 (60.889)	Acc@5 84.375 (82.735)
Epoch: [15][2500/5005]	Time 0.710 (0.716)	Data 0.000 (0.002)	Loss 1.7598 (1.6636)	Acc@1 60.156 (60.850)	Acc@5 82.031 (82.706)
Epoch: [15][3000/5005]	Time 0.731 (0.715)	Data 0.000 (0.002)	Loss 1.5566 (1.6633)	Acc@1 62.109 (60.836)	Acc@5 84.766 (82.710)
Epoch: [15][3500/5005]	Time 0.720 (0.715)	Data 0.000 (0.002)	Loss 1.7818 (1.6633)	Acc@1 59.375 (60.830)	Acc@5 80.859 (82.700)
Epoch: [15][4000/5005]	Time 0.716 (0.716)	Data 0.000 (0.002)	Loss 1.7490 (1.6634)	Acc@1 58.984 (60.835)	Acc@5 81.641 (82.699)
Epoch: [15][4500/5005]	Time 0.703 (0.716)	Data 0.000 (0.002)	Loss 1.7794 (1.6630)	Acc@1 55.859 (60.843)	Acc@5 80.078 (82.710)
Epoch: [15][5000/5005]	Time 0.713 (0.716)	Data 0.000 (0.002)	Loss 1.9762 (1.6630)	Acc@1 57.031 (60.857)	Acc@5 78.516 (82.705)
Test: [0/196]	Time 3.178 (3.178)	Loss 0.6699 (0.6699)	Acc@1 82.422 (82.422)	Acc@5 96.094 (96.094)
 * Acc@1 68.758 Acc@5 88.938
weight information for regulizer based pretrain
[tensor(0.0006, device='cuda:0'), tensor(0.0012, device='cuda:0'), tensor(0.0144, device='cuda:0')] [tensor(8.3475e-06, device='cuda:0'), tensor(3.8256e-05, device='cuda:0'), tensor(0.0001, device='cuda:0')]
Epoch: [16][0/5005]	Time 2.298 (2.298)	Data 2.055 (2.055)	Loss 1.7158 (1.7158)	Acc@1 62.109 (62.109)	Acc@5 80.469 (80.469)
Epoch: [16][500/5005]	Time 0.727 (0.721)	Data 0.000 (0.005)	Loss 1.5452 (1.6598)	Acc@1 64.062 (60.948)	Acc@5 83.203 (82.716)
Epoch: [16][1000/5005]	Time 0.745 (0.719)	Data 0.000 (0.003)	Loss 1.5515 (1.6569)	Acc@1 60.156 (61.050)	Acc@5 82.422 (82.709)
Epoch: [16][1500/5005]	Time 0.718 (0.719)	Data 0.000 (0.003)	Loss 1.6266 (1.6619)	Acc@1 58.203 (60.932)	Acc@5 82.422 (82.618)
Epoch: [16][2000/5005]	Time 0.725 (0.718)	Data 0.000 (0.002)	Loss 1.7843 (1.6613)	Acc@1 59.375 (60.892)	Acc@5 81.641 (82.650)
Epoch: [16][2500/5005]	Time 0.722 (0.718)	Data 0.000 (0.002)	Loss 1.5573 (1.6627)	Acc@1 63.672 (60.870)	Acc@5 84.766 (82.642)
Epoch: [16][3000/5005]	Time 0.718 (0.718)	Data 0.000 (0.002)	Loss 1.6871 (1.6633)	Acc@1 61.328 (60.855)	Acc@5 80.078 (82.646)
Epoch: [16][3500/5005]	Time 0.708 (0.718)	Data 0.000 (0.002)	Loss 1.5287 (1.6635)	Acc@1 62.891 (60.833)	Acc@5 83.594 (82.652)
Epoch: [16][4000/5005]	Time 0.703 (0.718)	Data 0.000 (0.002)	Loss 1.4791 (1.6628)	Acc@1 62.891 (60.875)	Acc@5 86.328 (82.669)
Epoch: [16][4500/5005]	Time 0.721 (0.717)	Data 0.000 (0.002)	Loss 1.9523 (1.6621)	Acc@1 58.203 (60.890)	Acc@5 80.469 (82.680)
Epoch: [16][5000/5005]	Time 0.722 (0.717)	Data 0.000 (0.002)	Loss 2.0112 (1.6616)	Acc@1 54.688 (60.902)	Acc@5 78.125 (82.686)
Test: [0/196]	Time 3.099 (3.099)	Loss 0.6703 (0.6703)	Acc@1 82.812 (82.812)	Acc@5 96.094 (96.094)
 * Acc@1 68.758 Acc@5 88.952
weight information for regulizer based pretrain
[tensor(0.0006, device='cuda:0'), tensor(0.0012, device='cuda:0'), tensor(0.0144, device='cuda:0')] [tensor(8.3579e-06, device='cuda:0'), tensor(3.8333e-05, device='cuda:0'), tensor(0.0001, device='cuda:0')]
Epoch: [17][0/5005]	Time 2.541 (2.541)	Data 2.300 (2.300)	Loss 1.7558 (1.7558)	Acc@1 61.719 (61.719)	Acc@5 82.031 (82.031)
Epoch: [17][500/5005]	Time 0.721 (0.722)	Data 0.000 (0.006)	Loss 1.6928 (1.6632)	Acc@1 58.594 (60.764)	Acc@5 81.250 (82.689)
Epoch: [17][1000/5005]	Time 0.691 (0.720)	Data 0.000 (0.004)	Loss 1.4700 (1.6595)	Acc@1 68.750 (60.847)	Acc@5 85.547 (82.693)
Epoch: [17][1500/5005]	Time 0.717 (0.720)	Data 0.000 (0.003)	Loss 1.6946 (1.6596)	Acc@1 62.109 (60.859)	Acc@5 82.812 (82.744)
Epoch: [17][2000/5005]	Time 0.719 (0.719)	Data 0.000 (0.002)	Loss 1.7080 (1.6592)	Acc@1 60.156 (60.844)	Acc@5 81.641 (82.767)
Epoch: [17][2500/5005]	Time 0.750 (0.719)	Data 0.000 (0.002)	Loss 1.8483 (1.6616)	Acc@1 56.250 (60.840)	Acc@5 80.078 (82.718)
Epoch: [17][3000/5005]	Time 0.720 (0.719)	Data 0.000 (0.002)	Loss 1.6677 (1.6613)	Acc@1 58.203 (60.831)	Acc@5 82.812 (82.725)
Epoch: [17][3500/5005]	Time 0.720 (0.719)	Data 0.000 (0.002)	Loss 1.9904 (1.6609)	Acc@1 54.297 (60.853)	Acc@5 76.172 (82.727)
Epoch: [17][4000/5005]	Time 0.698 (0.719)	Data 0.000 (0.002)	Loss 1.7617 (1.6601)	Acc@1 56.250 (60.887)	Acc@5 84.375 (82.741)
Epoch: [17][4500/5005]	Time 0.716 (0.719)	Data 0.000 (0.002)	Loss 1.7902 (1.6603)	Acc@1 60.938 (60.870)	Acc@5 83.203 (82.741)
Epoch: [17][5000/5005]	Time 0.727 (0.718)	Data 0.000 (0.002)	Loss 1.6901 (1.6599)	Acc@1 58.203 (60.887)	Acc@5 81.641 (82.750)
Test: [0/196]	Time 3.215 (3.215)	Loss 0.6709 (0.6709)	Acc@1 82.422 (82.422)	Acc@5 96.094 (96.094)
 * Acc@1 68.762 Acc@5 88.946
weight information for regulizer based pretrain
[tensor(0.0006, device='cuda:0'), tensor(0.0012, device='cuda:0'), tensor(0.0144, device='cuda:0')] [tensor(8.3682e-06, device='cuda:0'), tensor(3.8409e-05, device='cuda:0'), tensor(0.0001, device='cuda:0')]
Epoch: [18][0/5005]	Time 2.544 (2.544)	Data 2.297 (2.297)	Loss 1.6320 (1.6320)	Acc@1 62.891 (62.891)	Acc@5 85.156 (85.156)
Epoch: [18][500/5005]	Time 0.704 (0.720)	Data 0.000 (0.006)	Loss 1.4811 (1.6542)	Acc@1 65.625 (60.999)	Acc@5 84.766 (82.908)
Epoch: [18][1000/5005]	Time 0.723 (0.719)	Data 0.000 (0.003)	Loss 1.7141 (1.6609)	Acc@1 61.328 (60.920)	Acc@5 81.250 (82.797)
Epoch: [18][1500/5005]	Time 0.702 (0.719)	Data 0.000 (0.003)	Loss 1.5342 (1.6609)	Acc@1 63.672 (60.899)	Acc@5 84.375 (82.778)
Epoch: [18][2000/5005]	Time 0.716 (0.718)	Data 0.000 (0.002)	Loss 1.6340 (1.6605)	Acc@1 61.328 (60.924)	Acc@5 83.203 (82.747)
Epoch: [18][2500/5005]	Time 0.705 (0.718)	Data 0.000 (0.002)	Loss 1.6901 (1.6600)	Acc@1 62.500 (60.923)	Acc@5 81.250 (82.742)
Epoch: [18][3000/5005]	Time 0.706 (0.718)	Data 0.000 (0.002)	Loss 1.7962 (1.6608)	Acc@1 58.203 (60.914)	Acc@5 77.734 (82.722)
Epoch: [18][3500/5005]	Time 0.736 (0.718)	Data 0.000 (0.002)	Loss 1.6870 (1.6612)	Acc@1 62.500 (60.889)	Acc@5 82.422 (82.714)
Epoch: [18][4000/5005]	Time 0.700 (0.718)	Data 0.000 (0.002)	Loss 1.6662 (1.6604)	Acc@1 60.938 (60.911)	Acc@5 83.984 (82.725)
Epoch: [18][4500/5005]	Time 0.705 (0.718)	Data 0.000 (0.002)	Loss 1.7579 (1.6602)	Acc@1 55.469 (60.910)	Acc@5 78.906 (82.751)
Epoch: [18][5000/5005]	Time 0.722 (0.718)	Data 0.000 (0.002)	Loss 1.6155 (1.6605)	Acc@1 62.500 (60.897)	Acc@5 82.812 (82.744)
Test: [0/196]	Time 3.050 (3.050)	Loss 0.6704 (0.6704)	Acc@1 82.422 (82.422)	Acc@5 96.094 (96.094)
 * Acc@1 68.762 Acc@5 88.950
weight information for regulizer based pretrain
[tensor(0.0006, device='cuda:0'), tensor(0.0012, device='cuda:0'), tensor(0.0144, device='cuda:0')] [tensor(8.3785e-06, device='cuda:0'), tensor(3.8485e-05, device='cuda:0'), tensor(0.0001, device='cuda:0')]
Epoch: [19][0/5005]	Time 2.450 (2.450)	Data 2.170 (2.170)	Loss 1.8346 (1.8346)	Acc@1 60.156 (60.156)	Acc@5 81.250 (81.250)
Epoch: [19][500/5005]	Time 0.737 (0.721)	Data 0.000 (0.006)	Loss 1.7385 (1.6600)	Acc@1 58.984 (60.895)	Acc@5 82.422 (82.740)
Epoch: [19][1000/5005]	Time 0.725 (0.719)	Data 0.000 (0.003)	Loss 1.5660 (1.6622)	Acc@1 60.938 (60.891)	Acc@5 85.938 (82.716)
Epoch: [19][1500/5005]	Time 0.743 (0.719)	Data 0.000 (0.003)	Loss 1.7630 (1.6587)	Acc@1 55.469 (60.992)	Acc@5 82.031 (82.736)
Epoch: [19][2000/5005]	Time 0.725 (0.718)	Data 0.000 (0.002)	Loss 1.5901 (1.6597)	Acc@1 61.328 (60.985)	Acc@5 82.422 (82.728)
Epoch: [19][2500/5005]	Time 0.745 (0.718)	Data 0.000 (0.002)	Loss 1.7349 (1.6598)	Acc@1 58.594 (60.977)	Acc@5 82.422 (82.696)
Epoch: [19][3000/5005]	Time 0.669 (0.718)	Data 0.000 (0.002)	Loss 1.7108 (1.6590)	Acc@1 60.156 (60.953)	Acc@5 82.031 (82.732)
Epoch: [19][3500/5005]	Time 0.719 (0.718)	Data 0.000 (0.002)	Loss 1.5248 (1.6593)	Acc@1 64.844 (60.951)	Acc@5 85.547 (82.739)
Epoch: [19][4000/5005]	Time 0.720 (0.718)	Data 0.000 (0.002)	Loss 1.3593 (1.6600)	Acc@1 67.188 (60.930)	Acc@5 87.109 (82.720)
Epoch: [19][4500/5005]	Time 0.722 (0.718)	Data 0.000 (0.002)	Loss 1.5981 (1.6601)	Acc@1 60.156 (60.905)	Acc@5 83.984 (82.719)
Epoch: [19][5000/5005]	Time 0.717 (0.718)	Data 0.000 (0.002)	Loss 1.6740 (1.6595)	Acc@1 58.203 (60.920)	Acc@5 82.422 (82.723)
Test: [0/196]	Time 3.110 (3.110)	Loss 0.6702 (0.6702)	Acc@1 82.422 (82.422)	Acc@5 96.094 (96.094)
 * Acc@1 68.766 Acc@5 88.956
weight information for regulizer based pretrain
[tensor(0.0006, device='cuda:0'), tensor(0.0012, device='cuda:0'), tensor(0.0144, device='cuda:0')] [tensor(8.3887e-06, device='cuda:0'), tensor(3.8560e-05, device='cuda:0'), tensor(0.0001, device='cuda:0')]
Epoch: [20][0/5005]	Time 2.337 (2.337)	Data 2.099 (2.099)	Loss 1.5040 (1.5040)	Acc@1 67.188 (67.188)	Acc@5 85.547 (85.547)
Epoch: [20][500/5005]	Time 0.741 (0.722)	Data 0.000 (0.005)	Loss 1.5645 (1.6599)	Acc@1 63.281 (60.973)	Acc@5 85.938 (82.745)
Epoch: [20][1000/5005]	Time 0.698 (0.718)	Data 0.000 (0.003)	Loss 1.5255 (1.6515)	Acc@1 63.672 (61.089)	Acc@5 83.203 (82.848)
Epoch: [20][1500/5005]	Time 0.718 (0.718)	Data 0.000 (0.003)	Loss 1.6713 (1.6541)	Acc@1 58.594 (61.015)	Acc@5 83.984 (82.826)
Epoch: [20][2000/5005]	Time 0.717 (0.718)	Data 0.000 (0.002)	Loss 1.8139 (1.6574)	Acc@1 59.375 (60.999)	Acc@5 80.859 (82.757)
Epoch: [20][2500/5005]	Time 0.703 (0.718)	Data 0.000 (0.002)	Loss 1.9659 (1.6589)	Acc@1 55.078 (60.946)	Acc@5 77.734 (82.736)
Epoch: [20][3000/5005]	Time 0.716 (0.718)	Data 0.000 (0.002)	Loss 1.9967 (1.6588)	Acc@1 54.297 (60.939)	Acc@5 79.297 (82.727)
Epoch: [20][3500/5005]	Time 0.720 (0.718)	Data 0.000 (0.002)	Loss 1.7925 (1.6594)	Acc@1 61.719 (60.934)	Acc@5 80.078 (82.732)
Epoch: [20][4000/5005]	Time 0.718 (0.718)	Data 0.000 (0.002)	Loss 1.6760 (1.6598)	Acc@1 60.938 (60.938)	Acc@5 82.422 (82.714)
Epoch: [20][4500/5005]	Time 0.719 (0.718)	Data 0.000 (0.002)	Loss 1.6845 (1.6601)	Acc@1 62.500 (60.926)	Acc@5 81.641 (82.707)
Epoch: [20][5000/5005]	Time 0.722 (0.718)	Data 0.000 (0.002)	Loss 1.7287 (1.6595)	Acc@1 60.156 (60.946)	Acc@5 81.250 (82.710)
Test: [0/196]	Time 3.184 (3.184)	Loss 0.6686 (0.6686)	Acc@1 82.422 (82.422)	Acc@5 96.094 (96.094)
 * Acc@1 68.776 Acc@5 88.968
weight information for regulizer based pretrain
[tensor(0.0006, device='cuda:0'), tensor(0.0012, device='cuda:0'), tensor(0.0144, device='cuda:0')] [tensor(8.3989e-06, device='cuda:0'), tensor(3.8635e-05, device='cuda:0'), tensor(0.0001, device='cuda:0')]
Epoch: [21][0/5005]	Time 2.528 (2.528)	Data 2.242 (2.242)	Loss 1.6665 (1.6665)	Acc@1 59.766 (59.766)	Acc@5 83.594 (83.594)
Epoch: [21][500/5005]	Time 0.719 (0.721)	Data 0.000 (0.006)	Loss 1.6391 (1.6572)	Acc@1 66.797 (60.948)	Acc@5 83.203 (82.781)
Epoch: [21][1000/5005]	Time 0.700 (0.716)	Data 0.000 (0.003)	Loss 1.7823 (1.6563)	Acc@1 58.594 (60.989)	Acc@5 80.859 (82.789)
Epoch: [21][1500/5005]	Time 0.701 (0.713)	Data 0.000 (0.003)	Loss 1.6215 (1.6546)	Acc@1 62.109 (61.044)	Acc@5 81.250 (82.840)
Epoch: [21][2000/5005]	Time 0.697 (0.712)	Data 0.000 (0.002)	Loss 1.6914 (1.6551)	Acc@1 61.719 (61.031)	Acc@5 83.203 (82.826)
Epoch: [21][2500/5005]	Time 0.710 (0.711)	Data 0.000 (0.002)	Loss 1.6769 (1.6557)	Acc@1 60.547 (61.003)	Acc@5 80.469 (82.825)
Epoch: [21][3000/5005]	Time 0.717 (0.710)	Data 0.000 (0.002)	Loss 1.6758 (1.6552)	Acc@1 60.156 (60.987)	Acc@5 82.812 (82.865)
Epoch: [21][3500/5005]	Time 0.700 (0.710)	Data 0.000 (0.002)	Loss 1.6081 (1.6567)	Acc@1 60.938 (60.987)	Acc@5 84.375 (82.856)
Epoch: [21][4000/5005]	Time 0.696 (0.710)	Data 0.000 (0.002)	Loss 1.7190 (1.6557)	Acc@1 61.328 (61.017)	Acc@5 81.641 (82.863)
Epoch: [21][4500/5005]	Time 0.708 (0.709)	Data 0.000 (0.002)	Loss 1.6537 (1.6566)	Acc@1 66.016 (61.005)	Acc@5 84.766 (82.837)
Epoch: [21][5000/5005]	Time 0.710 (0.709)	Data 0.000 (0.002)	Loss 1.8360 (1.6568)	Acc@1 57.422 (60.999)	Acc@5 80.859 (82.833)
Test: [0/196]	Time 2.972 (2.972)	Loss 0.6690 (0.6690)	Acc@1 82.812 (82.812)	Acc@5 96.094 (96.094)
 * Acc@1 68.804 Acc@5 88.962
weight information for regulizer based pretrain
[tensor(0.0006, device='cuda:0'), tensor(0.0012, device='cuda:0'), tensor(0.0144, device='cuda:0')] [tensor(8.4090e-06, device='cuda:0'), tensor(3.8710e-05, device='cuda:0'), tensor(0.0001, device='cuda:0')]
Epoch: [22][0/5005]	Time 2.376 (2.376)	Data 2.094 (2.094)	Loss 1.6736 (1.6736)	Acc@1 63.672 (63.672)	Acc@5 82.031 (82.031)
Epoch: [22][500/5005]	Time 0.738 (0.722)	Data 0.000 (0.005)	Loss 1.5450 (1.6507)	Acc@1 61.719 (61.125)	Acc@5 83.984 (82.781)
Epoch: [22][1000/5005]	Time 0.725 (0.719)	Data 0.000 (0.003)	Loss 1.7941 (1.6496)	Acc@1 54.688 (61.153)	Acc@5 81.641 (82.900)
Epoch: [22][1500/5005]	Time 0.721 (0.719)	Data 0.000 (0.003)	Loss 1.6444 (1.6512)	Acc@1 62.891 (61.156)	Acc@5 81.641 (82.856)
Epoch: [22][2000/5005]	Time 0.718 (0.719)	Data 0.000 (0.002)	Loss 1.7299 (1.6514)	Acc@1 57.031 (61.161)	Acc@5 83.984 (82.860)
Epoch: [22][2500/5005]	Time 0.716 (0.719)	Data 0.000 (0.002)	Loss 1.6795 (1.6537)	Acc@1 58.984 (61.134)	Acc@5 80.078 (82.822)
Epoch: [22][3000/5005]	Time 0.696 (0.717)	Data 0.000 (0.002)	Loss 1.7010 (1.6551)	Acc@1 62.500 (61.089)	Acc@5 82.422 (82.799)
Epoch: [22][3500/5005]	Time 0.734 (0.715)	Data 0.000 (0.002)	Loss 1.7645 (1.6551)	Acc@1 58.203 (61.066)	Acc@5 81.250 (82.799)
Epoch: [22][4000/5005]	Time 0.707 (0.714)	Data 0.000 (0.002)	Loss 1.6002 (1.6555)	Acc@1 64.453 (61.059)	Acc@5 84.375 (82.787)
Epoch: [22][4500/5005]	Time 0.697 (0.713)	Data 0.000 (0.002)	Loss 1.6231 (1.6557)	Acc@1 58.984 (61.042)	Acc@5 84.766 (82.779)
Epoch: [22][5000/5005]	Time 0.710 (0.712)	Data 0.000 (0.002)	Loss 1.5178 (1.6560)	Acc@1 64.062 (61.040)	Acc@5 85.547 (82.770)
Test: [0/196]	Time 3.122 (3.122)	Loss 0.6696 (0.6696)	Acc@1 82.422 (82.422)	Acc@5 96.094 (96.094)
 * Acc@1 68.798 Acc@5 88.960
weight information for regulizer based pretrain
[tensor(0.0006, device='cuda:0'), tensor(0.0012, device='cuda:0'), tensor(0.0144, device='cuda:0')] [tensor(8.4191e-06, device='cuda:0'), tensor(3.8784e-05, device='cuda:0'), tensor(0.0001, device='cuda:0')]
Epoch: [23][0/5005]	Time 2.272 (2.272)	Data 2.031 (2.031)	Loss 1.5411 (1.5411)	Acc@1 64.062 (64.062)	Acc@5 84.766 (84.766)
Epoch: [23][500/5005]	Time 0.716 (0.722)	Data 0.000 (0.005)	Loss 1.7364 (1.6580)	Acc@1 60.547 (61.101)	Acc@5 79.688 (82.653)
Epoch: [23][1000/5005]	Time 0.677 (0.719)	Data 0.000 (0.003)	Loss 1.5899 (1.6580)	Acc@1 64.062 (61.049)	Acc@5 83.984 (82.704)
Epoch: [23][1500/5005]	Time 0.734 (0.719)	Data 0.000 (0.003)	Loss 1.7448 (1.6597)	Acc@1 60.938 (60.964)	Acc@5 82.422 (82.666)
Epoch: [23][2000/5005]	Time 0.722 (0.718)	Data 0.000 (0.002)	Loss 1.6958 (1.6597)	Acc@1 57.031 (60.971)	Acc@5 80.859 (82.673)
Epoch: [23][2500/5005]	Time 0.703 (0.718)	Data 0.000 (0.002)	Loss 1.6222 (1.6584)	Acc@1 62.891 (60.994)	Acc@5 84.766 (82.725)
Epoch: [23][3000/5005]	Time 0.705 (0.718)	Data 0.000 (0.002)	Loss 1.6130 (1.6574)	Acc@1 63.672 (61.001)	Acc@5 84.375 (82.763)
Epoch: [23][3500/5005]	Time 0.754 (0.718)	Data 0.000 (0.002)	Loss 1.6124 (1.6571)	Acc@1 62.500 (60.995)	Acc@5 83.984 (82.760)
Epoch: [23][4000/5005]	Time 0.717 (0.718)	Data 0.000 (0.002)	Loss 1.7999 (1.6580)	Acc@1 57.422 (60.961)	Acc@5 78.516 (82.753)
Epoch: [23][4500/5005]	Time 0.688 (0.718)	Data 0.000 (0.002)	Loss 1.6564 (1.6582)	Acc@1 61.719 (60.956)	Acc@5 82.422 (82.746)
Epoch: [23][5000/5005]	Time 0.716 (0.718)	Data 0.000 (0.002)	Loss 1.6557 (1.6580)	Acc@1 64.062 (60.977)	Acc@5 78.125 (82.751)
Test: [0/196]	Time 3.012 (3.012)	Loss 0.6687 (0.6687)	Acc@1 82.812 (82.812)	Acc@5 96.094 (96.094)
 * Acc@1 68.800 Acc@5 88.974
weight information for regulizer based pretrain
[tensor(0.0006, device='cuda:0'), tensor(0.0012, device='cuda:0'), tensor(0.0144, device='cuda:0')] [tensor(8.4290e-06, device='cuda:0'), tensor(3.8858e-05, device='cuda:0'), tensor(0.0001, device='cuda:0')]
Epoch: [24][0/5005]	Time 2.487 (2.487)	Data 2.217 (2.217)	Loss 1.3969 (1.3969)	Acc@1 65.625 (65.625)	Acc@5 89.062 (89.062)
Epoch: [24][500/5005]	Time 0.714 (0.722)	Data 0.000 (0.006)	Loss 1.6357 (1.6629)	Acc@1 62.500 (60.782)	Acc@5 83.984 (82.722)
Epoch: [24][1000/5005]	Time 0.714 (0.720)	Data 0.000 (0.003)	Loss 1.4406 (1.6528)	Acc@1 62.500 (61.030)	Acc@5 85.938 (82.862)
Epoch: [24][1500/5005]	Time 0.687 (0.720)	Data 0.000 (0.003)	Loss 1.7594 (1.6525)	Acc@1 62.109 (61.069)	Acc@5 80.078 (82.852)
Epoch: [24][2000/5005]	Time 0.722 (0.719)	Data 0.000 (0.002)	Loss 1.6841 (1.6526)	Acc@1 61.328 (61.073)	Acc@5 80.859 (82.854)
Epoch: [24][2500/5005]	Time 0.704 (0.717)	Data 0.000 (0.002)	Loss 1.8540 (1.6518)	Acc@1 60.547 (61.086)	Acc@5 80.469 (82.866)
Epoch: [24][3000/5005]	Time 0.697 (0.716)	Data 0.000 (0.002)	Loss 1.7353 (1.6523)	Acc@1 59.375 (61.061)	Acc@5 81.250 (82.862)
Epoch: [24][3500/5005]	Time 0.700 (0.714)	Data 0.000 (0.002)	Loss 1.5545 (1.6522)	Acc@1 61.719 (61.092)	Acc@5 82.812 (82.857)
Epoch: [24][4000/5005]	Time 0.697 (0.713)	Data 0.000 (0.002)	Loss 1.6551 (1.6529)	Acc@1 59.766 (61.063)	Acc@5 82.031 (82.843)
Epoch: [24][4500/5005]	Time 0.698 (0.713)	Data 0.000 (0.002)	Loss 1.6707 (1.6536)	Acc@1 64.062 (61.044)	Acc@5 82.812 (82.822)
Epoch: [24][5000/5005]	Time 0.713 (0.712)	Data 0.000 (0.002)	Loss 1.4753 (1.6537)	Acc@1 64.453 (61.049)	Acc@5 85.938 (82.814)
Test: [0/196]	Time 3.140 (3.140)	Loss 0.6680 (0.6680)	Acc@1 82.812 (82.812)	Acc@5 96.094 (96.094)
 * Acc@1 68.818 Acc@5 88.980
weight information for regulizer based pretrain
[tensor(0.0006, device='cuda:0'), tensor(0.0012, device='cuda:0'), tensor(0.0144, device='cuda:0')] [tensor(8.4391e-06, device='cuda:0'), tensor(3.8933e-05, device='cuda:0'), tensor(0.0001, device='cuda:0')]
Epoch: [25][0/5005]	Time 2.573 (2.573)	Data 2.337 (2.337)	Loss 1.8267 (1.8267)	Acc@1 59.375 (59.375)	Acc@5 82.031 (82.031)
Epoch: [25][500/5005]	Time 0.719 (0.722)	Data 0.000 (0.006)	Loss 1.5959 (1.6535)	Acc@1 62.500 (61.124)	Acc@5 82.812 (82.931)
Epoch: [25][1000/5005]	Time 0.722 (0.720)	Data 0.000 (0.004)	Loss 1.5076 (1.6469)	Acc@1 63.672 (61.169)	Acc@5 85.156 (82.945)
Epoch: [25][1500/5005]	Time 0.730 (0.720)	Data 0.000 (0.003)	Loss 1.2634 (1.6505)	Acc@1 70.312 (61.074)	Acc@5 88.672 (82.887)
Epoch: [25][2000/5005]	Time 0.716 (0.719)	Data 0.000 (0.002)	Loss 1.7403 (1.6530)	Acc@1 58.203 (61.048)	Acc@5 83.594 (82.849)
Epoch: [25][2500/5005]	Time 0.715 (0.719)	Data 0.000 (0.002)	Loss 1.5759 (1.6513)	Acc@1 65.625 (61.100)	Acc@5 83.594 (82.897)
Epoch: [25][3000/5005]	Time 0.748 (0.719)	Data 0.000 (0.002)	Loss 1.4905 (1.6520)	Acc@1 65.234 (61.096)	Acc@5 85.156 (82.886)
Epoch: [25][3500/5005]	Time 0.710 (0.718)	Data 0.000 (0.002)	Loss 1.5512 (1.6532)	Acc@1 60.547 (61.076)	Acc@5 82.812 (82.862)
Epoch: [25][4000/5005]	Time 0.700 (0.716)	Data 0.000 (0.002)	Loss 1.6830 (1.6520)	Acc@1 60.156 (61.102)	Acc@5 81.250 (82.859)
Epoch: [25][4500/5005]	Time 0.698 (0.715)	Data 0.000 (0.002)	Loss 1.5515 (1.6537)	Acc@1 64.844 (61.062)	Acc@5 84.766 (82.826)
Epoch: [25][5000/5005]	Time 0.701 (0.714)	Data 0.000 (0.002)	Loss 1.5272 (1.6544)	Acc@1 66.406 (61.049)	Acc@5 83.203 (82.805)
Test: [0/196]	Time 3.084 (3.084)	Loss 0.6668 (0.6668)	Acc@1 82.812 (82.812)	Acc@5 96.094 (96.094)
 * Acc@1 68.820 Acc@5 88.984
weight information for regulizer based pretrain
[tensor(0.0006, device='cuda:0'), tensor(0.0012, device='cuda:0'), tensor(0.0144, device='cuda:0')] [tensor(8.4491e-06, device='cuda:0'), tensor(3.9006e-05, device='cuda:0'), tensor(0.0001, device='cuda:0')]
Epoch: [26][0/5005]	Time 2.433 (2.433)	Data 2.150 (2.150)	Loss 1.8045 (1.8045)	Acc@1 60.938 (60.938)	Acc@5 81.250 (81.250)
Epoch: [26][500/5005]	Time 0.720 (0.722)	Data 0.000 (0.005)	Loss 1.6559 (1.6599)	Acc@1 61.719 (60.987)	Acc@5 82.031 (82.762)
Epoch: [26][1000/5005]	Time 0.723 (0.720)	Data 0.000 (0.003)	Loss 1.7756 (1.6592)	Acc@1 57.812 (60.991)	Acc@5 79.297 (82.722)
Epoch: [26][1500/5005]	Time 0.724 (0.719)	Data 0.000 (0.003)	Loss 1.7612 (1.6592)	Acc@1 57.031 (60.963)	Acc@5 82.422 (82.688)
Epoch: [26][2000/5005]	Time 0.749 (0.719)	Data 0.000 (0.002)	Loss 1.6190 (1.6596)	Acc@1 63.672 (60.979)	Acc@5 82.812 (82.696)
Epoch: [26][2500/5005]	Time 0.721 (0.719)	Data 0.000 (0.002)	Loss 1.6217 (1.6590)	Acc@1 62.500 (60.970)	Acc@5 86.719 (82.705)
Epoch: [26][3000/5005]	Time 0.718 (0.719)	Data 0.000 (0.002)	Loss 1.6978 (1.6556)	Acc@1 57.812 (61.012)	Acc@5 81.641 (82.755)
Epoch: [26][3500/5005]	Time 0.718 (0.719)	Data 0.000 (0.002)	Loss 1.8796 (1.6548)	Acc@1 53.906 (61.021)	Acc@5 79.297 (82.786)
Epoch: [26][4000/5005]	Time 0.748 (0.719)	Data 0.000 (0.002)	Loss 1.7165 (1.6557)	Acc@1 58.984 (60.997)	Acc@5 82.812 (82.781)
Epoch: [26][4500/5005]	Time 0.691 (0.717)	Data 0.000 (0.002)	Loss 1.5272 (1.6558)	Acc@1 59.375 (61.002)	Acc@5 86.328 (82.787)
Epoch: [26][5000/5005]	Time 0.711 (0.716)	Data 0.000 (0.002)	Loss 1.5087 (1.6552)	Acc@1 67.188 (61.019)	Acc@5 83.984 (82.804)
Test: [0/196]	Time 3.152 (3.152)	Loss 0.6678 (0.6678)	Acc@1 82.812 (82.812)	Acc@5 96.094 (96.094)
 * Acc@1 68.840 Acc@5 88.972
weight information for regulizer based pretrain
[tensor(0.0006, device='cuda:0'), tensor(0.0012, device='cuda:0'), tensor(0.0144, device='cuda:0')] [tensor(8.4590e-06, device='cuda:0'), tensor(3.9080e-05, device='cuda:0'), tensor(0.0001, device='cuda:0')]
Epoch: [27][0/5005]	Time 2.547 (2.547)	Data 2.302 (2.302)	Loss 1.5903 (1.5903)	Acc@1 63.672 (63.672)	Acc@5 82.422 (82.422)
Epoch: [27][500/5005]	Time 0.720 (0.722)	Data 0.000 (0.006)	Loss 1.7014 (1.6479)	Acc@1 53.906 (61.079)	Acc@5 82.812 (82.874)
Epoch: [27][1000/5005]	Time 0.688 (0.720)	Data 0.000 (0.004)	Loss 1.4931 (1.6514)	Acc@1 62.109 (61.108)	Acc@5 83.594 (82.834)
Epoch: [27][1500/5005]	Time 0.720 (0.720)	Data 0.000 (0.003)	Loss 1.5803 (1.6519)	Acc@1 64.062 (61.095)	Acc@5 84.375 (82.813)
Epoch: [27][2000/5005]	Time 0.731 (0.718)	Data 0.000 (0.002)	Loss 1.8088 (1.6510)	Acc@1 60.938 (61.148)	Acc@5 79.688 (82.817)
Epoch: [27][2500/5005]	Time 0.697 (0.716)	Data 0.000 (0.002)	Loss 1.8246 (1.6522)	Acc@1 60.938 (61.131)	Acc@5 81.250 (82.807)
Epoch: [27][3000/5005]	Time 0.699 (0.715)	Data 0.000 (0.002)	Loss 1.6983 (1.6525)	Acc@1 58.984 (61.102)	Acc@5 82.422 (82.820)
Epoch: [27][3500/5005]	Time 0.717 (0.714)	Data 0.000 (0.002)	Loss 1.5280 (1.6537)	Acc@1 62.891 (61.094)	Acc@5 81.641 (82.815)
Epoch: [27][4000/5005]	Time 0.716 (0.714)	Data 0.000 (0.002)	Loss 1.7711 (1.6529)	Acc@1 58.203 (61.095)	Acc@5 80.859 (82.825)
Epoch: [27][4500/5005]	Time 0.708 (0.714)	Data 0.000 (0.002)	Loss 1.8802 (1.6532)	Acc@1 58.594 (61.090)	Acc@5 81.250 (82.823)
Epoch: [27][5000/5005]	Time 0.706 (0.714)	Data 0.000 (0.002)	Loss 1.5532 (1.6534)	Acc@1 64.453 (61.084)	Acc@5 83.984 (82.816)
Test: [0/196]	Time 3.041 (3.041)	Loss 0.6688 (0.6688)	Acc@1 82.812 (82.812)	Acc@5 96.094 (96.094)
 * Acc@1 68.828 Acc@5 88.986
weight information for regulizer based pretrain
[tensor(0.0006, device='cuda:0'), tensor(0.0012, device='cuda:0'), tensor(0.0144, device='cuda:0')] [tensor(8.4688e-06, device='cuda:0'), tensor(3.9152e-05, device='cuda:0'), tensor(0.0001, device='cuda:0')]
Epoch: [28][0/5005]	Time 2.815 (2.815)	Data 2.581 (2.581)	Loss 1.5255 (1.5255)	Acc@1 66.406 (66.406)	Acc@5 84.766 (84.766)
Epoch: [28][500/5005]	Time 0.718 (0.722)	Data 0.000 (0.006)	Loss 1.6405 (1.6517)	Acc@1 60.938 (61.193)	Acc@5 80.078 (82.908)
Epoch: [28][1000/5005]	Time 0.715 (0.720)	Data 0.000 (0.004)	Loss 1.6606 (1.6532)	Acc@1 57.812 (61.082)	Acc@5 83.594 (82.893)
Epoch: [28][1500/5005]	Time 0.718 (0.719)	Data 0.000 (0.003)	Loss 1.4947 (1.6540)	Acc@1 60.938 (61.038)	Acc@5 84.375 (82.863)
Epoch: [28][2000/5005]	Time 0.728 (0.719)	Data 0.000 (0.003)	Loss 1.4629 (1.6550)	Acc@1 63.281 (61.015)	Acc@5 88.281 (82.849)
Epoch: [28][2500/5005]	Time 0.715 (0.719)	Data 0.000 (0.002)	Loss 1.6604 (1.6548)	Acc@1 61.328 (61.063)	Acc@5 83.984 (82.843)
Epoch: [28][3000/5005]	Time 0.712 (0.718)	Data 0.000 (0.002)	Loss 1.9642 (1.6557)	Acc@1 53.906 (61.064)	Acc@5 79.688 (82.811)
Epoch: [28][3500/5005]	Time 0.697 (0.717)	Data 0.000 (0.002)	Loss 1.9331 (1.6552)	Acc@1 60.547 (61.053)	Acc@5 80.078 (82.822)
Epoch: [28][4000/5005]	Time 0.725 (0.716)	Data 0.000 (0.002)	Loss 1.7072 (1.6546)	Acc@1 60.938 (61.048)	Acc@5 80.078 (82.829)
Epoch: [28][4500/5005]	Time 0.713 (0.714)	Data 0.000 (0.002)	Loss 1.7840 (1.6553)	Acc@1 57.031 (61.034)	Acc@5 80.469 (82.819)
Epoch: [28][5000/5005]	Time 0.699 (0.714)	Data 0.000 (0.002)	Loss 1.9037 (1.6555)	Acc@1 60.938 (61.030)	Acc@5 77.734 (82.825)
Test: [0/196]	Time 3.203 (3.203)	Loss 0.6681 (0.6681)	Acc@1 82.812 (82.812)	Acc@5 96.094 (96.094)
 * Acc@1 68.852 Acc@5 88.982
weight information for regulizer based pretrain
[tensor(0.0006, device='cuda:0'), tensor(0.0012, device='cuda:0'), tensor(0.0144, device='cuda:0')] [tensor(8.4784e-06, device='cuda:0'), tensor(3.9224e-05, device='cuda:0'), tensor(0.0001, device='cuda:0')]
Epoch: [29][0/5005]	Time 2.463 (2.463)	Data 2.176 (2.176)	Loss 1.7108 (1.7108)	Acc@1 62.500 (62.500)	Acc@5 82.422 (82.422)
Epoch: [29][500/5005]	Time 0.722 (0.721)	Data 0.000 (0.005)	Loss 1.6395 (1.6623)	Acc@1 58.984 (60.810)	Acc@5 84.375 (82.625)
Epoch: [29][1000/5005]	Time 0.712 (0.720)	Data 0.000 (0.003)	Loss 1.4369 (1.6585)	Acc@1 67.578 (60.925)	Acc@5 85.547 (82.658)
Epoch: [29][1500/5005]	Time 0.705 (0.719)	Data 0.000 (0.003)	Loss 1.6333 (1.6598)	Acc@1 60.547 (60.913)	Acc@5 83.594 (82.697)
Epoch: [29][2000/5005]	Time 0.714 (0.719)	Data 0.000 (0.002)	Loss 1.5332 (1.6598)	Acc@1 62.109 (60.896)	Acc@5 83.594 (82.706)
Epoch: [29][2500/5005]	Time 0.707 (0.719)	Data 0.000 (0.002)	Loss 1.6609 (1.6578)	Acc@1 55.078 (60.957)	Acc@5 83.984 (82.720)
Epoch: [29][3000/5005]	Time 0.721 (0.719)	Data 0.000 (0.002)	Loss 1.4979 (1.6577)	Acc@1 66.797 (60.964)	Acc@5 87.500 (82.726)
Epoch: [29][3500/5005]	Time 0.718 (0.719)	Data 0.000 (0.002)	Loss 1.5032 (1.6568)	Acc@1 60.938 (61.002)	Acc@5 84.375 (82.750)
Epoch: [29][4000/5005]	Time 0.720 (0.718)	Data 0.000 (0.002)	Loss 1.7138 (1.6569)	Acc@1 60.938 (60.986)	Acc@5 82.812 (82.766)
Epoch: [29][4500/5005]	Time 0.718 (0.718)	Data 0.000 (0.002)	Loss 1.6800 (1.6576)	Acc@1 59.375 (60.955)	Acc@5 81.250 (82.763)
Epoch: [29][5000/5005]	Time 0.718 (0.718)	Data 0.000 (0.002)	Loss 1.6867 (1.6561)	Acc@1 60.938 (60.979)	Acc@5 79.688 (82.782)
Test: [0/196]	Time 3.001 (3.001)	Loss 0.6685 (0.6685)	Acc@1 82.812 (82.812)	Acc@5 96.094 (96.094)
 * Acc@1 68.862 Acc@5 88.980
weight information for regulizer based pretrain
[tensor(0.0006, device='cuda:0'), tensor(0.0012, device='cuda:0'), tensor(0.0144, device='cuda:0')] [tensor(8.4880e-06, device='cuda:0'), tensor(3.9296e-05, device='cuda:0'), tensor(0.0001, device='cuda:0')]
Epoch: [30][0/5005]	Time 2.430 (2.430)	Data 2.152 (2.152)	Loss 1.5669 (1.5669)	Acc@1 64.453 (64.453)	Acc@5 82.422 (82.422)
Epoch: [30][500/5005]	Time 0.723 (0.721)	Data 0.000 (0.005)	Loss 1.7045 (1.6497)	Acc@1 58.594 (61.069)	Acc@5 82.422 (82.857)
Epoch: [30][1000/5005]	Time 0.718 (0.719)	Data 0.000 (0.003)	Loss 1.5209 (1.6476)	Acc@1 62.500 (61.145)	Acc@5 87.891 (82.920)
Epoch: [30][1500/5005]	Time 0.716 (0.719)	Data 0.000 (0.003)	Loss 1.5220 (1.6506)	Acc@1 60.156 (61.030)	Acc@5 83.594 (82.875)
Epoch: [30][2000/5005]	Time 0.716 (0.718)	Data 0.000 (0.002)	Loss 1.5383 (1.6493)	Acc@1 64.453 (61.098)	Acc@5 83.984 (82.879)
Epoch: [30][2500/5005]	Time 0.718 (0.718)	Data 0.000 (0.002)	Loss 1.7723 (1.6500)	Acc@1 58.594 (61.116)	Acc@5 79.297 (82.872)
Epoch: [30][3000/5005]	Time 0.707 (0.718)	Data 0.000 (0.002)	Loss 1.4500 (1.6512)	Acc@1 64.062 (61.087)	Acc@5 85.547 (82.844)
Epoch: [30][3500/5005]	Time 0.715 (0.718)	Data 0.000 (0.002)	Loss 1.8832 (1.6511)	Acc@1 56.641 (61.089)	Acc@5 80.469 (82.860)
Epoch: [30][4000/5005]	Time 0.722 (0.718)	Data 0.000 (0.002)	Loss 1.8242 (1.6519)	Acc@1 61.328 (61.073)	Acc@5 83.203 (82.842)
Epoch: [30][4500/5005]	Time 0.724 (0.718)	Data 0.000 (0.002)	Loss 1.6015 (1.6520)	Acc@1 60.156 (61.052)	Acc@5 86.719 (82.836)
Epoch: [30][5000/5005]	Time 0.701 (0.718)	Data 0.000 (0.002)	Loss 1.6783 (1.6516)	Acc@1 60.547 (61.067)	Acc@5 81.250 (82.834)
Test: [0/196]	Time 3.023 (3.023)	Loss 0.6687 (0.6687)	Acc@1 82.812 (82.812)	Acc@5 96.094 (96.094)
 * Acc@1 68.852 Acc@5 88.988
weight information for regulizer based pretrain
[tensor(0.0006, device='cuda:0'), tensor(0.0012, device='cuda:0'), tensor(0.0144, device='cuda:0')] [tensor(8.4930e-06, device='cuda:0'), tensor(3.9332e-05, device='cuda:0'), tensor(0.0001, device='cuda:0')]
Epoch: [31][0/5005]	Time 2.560 (2.560)	Data 2.305 (2.305)	Loss 1.8871 (1.8871)	Acc@1 56.641 (56.641)	Acc@5 79.688 (79.688)
Epoch: [31][500/5005]	Time 0.734 (0.721)	Data 0.000 (0.006)	Loss 1.6531 (1.6440)	Acc@1 61.719 (61.245)	Acc@5 80.469 (83.007)
Epoch: [31][1000/5005]	Time 0.718 (0.720)	Data 0.000 (0.004)	Loss 1.6497 (1.6488)	Acc@1 60.547 (61.062)	Acc@5 82.812 (82.963)
Epoch: [31][1500/5005]	Time 0.670 (0.719)	Data 0.000 (0.003)	Loss 1.7132 (1.6518)	Acc@1 58.594 (61.007)	Acc@5 81.641 (82.915)
Epoch: [31][2000/5005]	Time 0.702 (0.716)	Data 0.000 (0.002)	Loss 1.7804 (1.6506)	Acc@1 54.297 (61.060)	Acc@5 82.031 (82.921)
Epoch: [31][2500/5005]	Time 0.713 (0.715)	Data 0.000 (0.002)	Loss 1.7209 (1.6507)	Acc@1 61.719 (61.083)	Acc@5 82.031 (82.902)
Epoch: [31][3000/5005]	Time 0.714 (0.713)	Data 0.000 (0.002)	Loss 1.7773 (1.6508)	Acc@1 57.422 (61.079)	Acc@5 82.031 (82.890)
Epoch: [31][3500/5005]	Time 0.744 (0.712)	Data 0.000 (0.002)	Loss 1.6505 (1.6507)	Acc@1 59.375 (61.083)	Acc@5 83.203 (82.891)
Epoch: [31][4000/5005]	Time 0.710 (0.712)	Data 0.000 (0.002)	Loss 1.6611 (1.6512)	Acc@1 63.672 (61.059)	Acc@5 82.422 (82.879)
Epoch: [31][4500/5005]	Time 0.702 (0.711)	Data 0.000 (0.002)	Loss 1.7019 (1.6514)	Acc@1 54.688 (61.064)	Acc@5 84.766 (82.874)
Epoch: [31][5000/5005]	Time 0.716 (0.711)	Data 0.000 (0.002)	Loss 1.7307 (1.6521)	Acc@1 58.203 (61.049)	Acc@5 82.812 (82.870)
Test: [0/196]	Time 3.153 (3.153)	Loss 0.6686 (0.6686)	Acc@1 82.812 (82.812)	Acc@5 96.094 (96.094)
 * Acc@1 68.860 Acc@5 88.986
weight information for regulizer based pretrain
[tensor(0.0006, device='cuda:0'), tensor(0.0012, device='cuda:0'), tensor(0.0144, device='cuda:0')] [tensor(8.4954e-06, device='cuda:0'), tensor(3.9350e-05, device='cuda:0'), tensor(0.0001, device='cuda:0')]
Epoch: [32][0/5005]	Time 2.333 (2.333)	Data 2.056 (2.056)	Loss 1.6693 (1.6693)	Acc@1 62.500 (62.500)	Acc@5 81.641 (81.641)
Epoch: [32][500/5005]	Time 0.702 (0.718)	Data 0.000 (0.005)	Loss 1.6832 (1.6503)	Acc@1 61.719 (61.139)	Acc@5 84.375 (82.841)
Epoch: [32][1000/5005]	Time 0.732 (0.713)	Data 0.000 (0.003)	Loss 1.6953 (1.6533)	Acc@1 60.938 (61.013)	Acc@5 81.641 (82.824)
Epoch: [32][1500/5005]	Time 0.699 (0.712)	Data 0.000 (0.003)	Loss 1.5699 (1.6539)	Acc@1 58.594 (61.014)	Acc@5 84.766 (82.802)
Epoch: [32][2000/5005]	Time 0.712 (0.712)	Data 0.000 (0.002)	Loss 1.2425 (1.6514)	Acc@1 68.359 (61.061)	Acc@5 87.891 (82.861)
Epoch: [32][2500/5005]	Time 0.700 (0.712)	Data 0.000 (0.002)	Loss 1.6172 (1.6510)	Acc@1 62.500 (61.099)	Acc@5 85.938 (82.849)
Epoch: [32][3000/5005]	Time 0.737 (0.712)	Data 0.000 (0.002)	Loss 1.8824 (1.6516)	Acc@1 54.297 (61.050)	Acc@5 82.031 (82.861)
Epoch: [32][3500/5005]	Time 0.715 (0.712)	Data 0.000 (0.002)	Loss 1.6248 (1.6505)	Acc@1 60.938 (61.088)	Acc@5 82.031 (82.885)
Epoch: [32][4000/5005]	Time 0.683 (0.712)	Data 0.000 (0.002)	Loss 1.5390 (1.6499)	Acc@1 64.062 (61.123)	Acc@5 83.203 (82.889)
Epoch: [32][4500/5005]	Time 0.702 (0.711)	Data 0.000 (0.002)	Loss 1.5666 (1.6503)	Acc@1 63.281 (61.122)	Acc@5 83.984 (82.880)
Epoch: [32][5000/5005]	Time 0.713 (0.711)	Data 0.000 (0.002)	Loss 1.5569 (1.6519)	Acc@1 62.891 (61.105)	Acc@5 85.156 (82.857)
Test: [0/196]	Time 3.131 (3.131)	Loss 0.6686 (0.6686)	Acc@1 82.812 (82.812)	Acc@5 96.094 (96.094)
 * Acc@1 68.864 Acc@5 88.986
weight information for regulizer based pretrain
[tensor(0.0006, device='cuda:0'), tensor(0.0012, device='cuda:0'), tensor(0.0144, device='cuda:0')] [tensor(8.4966e-06, device='cuda:0'), tensor(3.9359e-05, device='cuda:0'), tensor(0.0001, device='cuda:0')]
Epoch: [33][0/5005]	Time 2.500 (2.500)	Data 2.274 (2.274)	Loss 1.6140 (1.6140)	Acc@1 62.500 (62.500)	Acc@5 83.594 (83.594)
Epoch: [33][500/5005]	Time 0.723 (0.721)	Data 0.000 (0.006)	Loss 1.5708 (1.6618)	Acc@1 64.844 (60.848)	Acc@5 81.641 (82.671)
Epoch: [33][1000/5005]	Time 0.711 (0.719)	Data 0.000 (0.003)	Loss 1.4963 (1.6559)	Acc@1 65.234 (61.043)	Acc@5 82.031 (82.728)
Epoch: [33][1500/5005]	Time 0.719 (0.719)	Data 0.000 (0.003)	Loss 1.6696 (1.6504)	Acc@1 62.109 (61.182)	Acc@5 81.641 (82.853)
Epoch: [33][2000/5005]	Time 0.735 (0.719)	Data 0.000 (0.002)	Loss 1.6856 (1.6514)	Acc@1 61.719 (61.144)	Acc@5 81.250 (82.840)
Epoch: [33][2500/5005]	Time 0.721 (0.718)	Data 0.000 (0.002)	Loss 1.5510 (1.6513)	Acc@1 62.891 (61.168)	Acc@5 87.109 (82.840)
Epoch: [33][3000/5005]	Time 0.719 (0.718)	Data 0.000 (0.002)	Loss 1.5307 (1.6503)	Acc@1 64.062 (61.151)	Acc@5 83.594 (82.857)
Epoch: [33][3500/5005]	Time 0.718 (0.718)	Data 0.000 (0.002)	Loss 1.4982 (1.6498)	Acc@1 65.234 (61.162)	Acc@5 86.328 (82.859)
Epoch: [33][4000/5005]	Time 0.715 (0.718)	Data 0.000 (0.002)	Loss 1.6643 (1.6524)	Acc@1 62.500 (61.108)	Acc@5 81.641 (82.823)
Epoch: [33][4500/5005]	Time 0.715 (0.717)	Data 0.000 (0.002)	Loss 1.8836 (1.6523)	Acc@1 55.078 (61.109)	Acc@5 80.078 (82.827)
Epoch: [33][5000/5005]	Time 0.719 (0.717)	Data 0.000 (0.002)	Loss 1.6433 (1.6528)	Acc@1 60.547 (61.099)	Acc@5 85.156 (82.825)
Test: [0/196]	Time 3.020 (3.020)	Loss 0.6686 (0.6686)	Acc@1 82.812 (82.812)	Acc@5 96.094 (96.094)
 * Acc@1 68.862 Acc@5 88.986
weight information for regulizer based pretrain
[tensor(0.0006, device='cuda:0'), tensor(0.0012, device='cuda:0'), tensor(0.0144, device='cuda:0')] [tensor(8.4972e-06, device='cuda:0'), tensor(3.9364e-05, device='cuda:0'), tensor(0.0001, device='cuda:0')]
Epoch: [34][0/5005]	Time 2.454 (2.454)	Data 2.224 (2.224)	Loss 1.9013 (1.9013)	Acc@1 57.812 (57.812)	Acc@5 78.125 (78.125)
Epoch: [34][500/5005]	Time 0.704 (0.720)	Data 0.000 (0.006)	Loss 1.5665 (1.6493)	Acc@1 62.891 (61.256)	Acc@5 85.547 (82.812)
Epoch: [34][1000/5005]	Time 0.737 (0.719)	Data 0.000 (0.003)	Loss 1.8998 (1.6497)	Acc@1 58.594 (61.120)	Acc@5 80.469 (82.844)
Epoch: [34][1500/5005]	Time 0.717 (0.719)	Data 0.000 (0.003)	Loss 1.6627 (1.6518)	Acc@1 62.891 (61.046)	Acc@5 82.812 (82.812)
Epoch: [34][2000/5005]	Time 0.675 (0.719)	Data 0.000 (0.002)	Loss 1.8714 (1.6527)	Acc@1 54.688 (60.991)	Acc@5 81.250 (82.782)
Epoch: [34][2500/5005]	Time 0.676 (0.719)	Data 0.000 (0.002)	Loss 1.6872 (1.6528)	Acc@1 59.375 (60.980)	Acc@5 83.203 (82.792)
Epoch: [34][3000/5005]	Time 0.747 (0.718)	Data 0.000 (0.002)	Loss 1.4934 (1.6536)	Acc@1 64.844 (61.007)	Acc@5 85.547 (82.790)
Epoch: [34][3500/5005]	Time 0.719 (0.718)	Data 0.000 (0.002)	Loss 1.5612 (1.6534)	Acc@1 59.766 (61.030)	Acc@5 84.375 (82.787)
Epoch: [34][4000/5005]	Time 0.722 (0.718)	Data 0.000 (0.002)	Loss 1.6488 (1.6542)	Acc@1 60.156 (61.011)	Acc@5 83.203 (82.792)
Epoch: [34][4500/5005]	Time 0.729 (0.718)	Data 0.000 (0.002)	Loss 1.6280 (1.6533)	Acc@1 62.500 (61.016)	Acc@5 84.375 (82.806)
Epoch: [34][5000/5005]	Time 0.704 (0.718)	Data 0.000 (0.002)	Loss 1.5798 (1.6530)	Acc@1 62.109 (61.027)	Acc@5 85.156 (82.800)
Test: [0/196]	Time 3.057 (3.057)	Loss 0.6686 (0.6686)	Acc@1 82.812 (82.812)	Acc@5 96.094 (96.094)
 * Acc@1 68.862 Acc@5 88.984
weight information for regulizer based pretrain
[tensor(0.0006, device='cuda:0'), tensor(0.0012, device='cuda:0'), tensor(0.0144, device='cuda:0')] [tensor(8.4975e-06, device='cuda:0'), tensor(3.9366e-05, device='cuda:0'), tensor(0.0001, device='cuda:0')]
Epoch: [35][0/5005]	Time 2.276 (2.276)	Data 2.045 (2.045)	Loss 1.5043 (1.5043)	Acc@1 63.281 (63.281)	Acc@5 83.203 (83.203)
Epoch: [35][500/5005]	Time 0.723 (0.721)	Data 0.000 (0.005)	Loss 1.4808 (1.6515)	Acc@1 64.453 (61.032)	Acc@5 87.891 (82.890)
Epoch: [35][1000/5005]	Time 0.716 (0.719)	Data 0.000 (0.003)	Loss 1.8282 (1.6580)	Acc@1 59.375 (60.963)	Acc@5 82.812 (82.738)
Epoch: [35][1500/5005]	Time 0.714 (0.718)	Data 0.000 (0.003)	Loss 1.4989 (1.6563)	Acc@1 66.406 (61.012)	Acc@5 85.547 (82.766)
Epoch: [35][2000/5005]	Time 0.720 (0.718)	Data 0.000 (0.002)	Loss 1.8511 (1.6526)	Acc@1 57.031 (61.062)	Acc@5 80.078 (82.812)
Epoch: [35][2500/5005]	Time 0.720 (0.718)	Data 0.000 (0.002)	Loss 1.5665 (1.6530)	Acc@1 65.625 (61.068)	Acc@5 82.422 (82.807)
Epoch: [35][3000/5005]	Time 0.757 (0.718)	Data 0.000 (0.002)	Loss 1.7075 (1.6530)	Acc@1 57.422 (61.055)	Acc@5 81.641 (82.806)
Epoch: [35][3500/5005]	Time 0.719 (0.718)	Data 0.000 (0.002)	Loss 1.6414 (1.6525)	Acc@1 61.719 (61.073)	Acc@5 81.641 (82.823)
Epoch: [35][4000/5005]	Time 0.715 (0.718)	Data 0.000 (0.002)	Loss 1.4976 (1.6530)	Acc@1 64.844 (61.077)	Acc@5 85.938 (82.815)
Epoch: [35][4500/5005]	Time 0.719 (0.717)	Data 0.000 (0.002)	Loss 1.6408 (1.6532)	Acc@1 60.938 (61.083)	Acc@5 84.375 (82.816)
Epoch: [35][5000/5005]	Time 0.720 (0.717)	Data 0.000 (0.002)	Loss 1.5639 (1.6525)	Acc@1 60.547 (61.083)	Acc@5 84.375 (82.829)
Test: [0/196]	Time 3.162 (3.162)	Loss 0.6685 (0.6685)	Acc@1 82.812 (82.812)	Acc@5 96.094 (96.094)
 * Acc@1 68.862 Acc@5 88.984
weight information for regulizer based pretrain
[tensor(0.0006, device='cuda:0'), tensor(0.0012, device='cuda:0'), tensor(0.0144, device='cuda:0')] [tensor(8.4976e-06, device='cuda:0'), tensor(3.9367e-05, device='cuda:0'), tensor(0.0001, device='cuda:0')]
Epoch: [36][0/5005]	Time 2.582 (2.582)	Data 2.332 (2.332)	Loss 1.6908 (1.6908)	Acc@1 60.547 (60.547)	Acc@5 83.203 (83.203)
Epoch: [36][500/5005]	Time 0.719 (0.722)	Data 0.000 (0.006)	Loss 1.7486 (1.6527)	Acc@1 59.375 (60.976)	Acc@5 80.078 (82.872)
Epoch: [36][1000/5005]	Time 0.748 (0.719)	Data 0.000 (0.004)	Loss 1.4266 (1.6512)	Acc@1 64.453 (61.087)	Acc@5 85.938 (82.920)
Epoch: [36][1500/5005]	Time 0.714 (0.719)	Data 0.000 (0.003)	Loss 1.6436 (1.6528)	Acc@1 60.938 (61.060)	Acc@5 86.328 (82.871)
Epoch: [36][2000/5005]	Time 0.722 (0.718)	Data 0.000 (0.002)	Loss 1.7543 (1.6511)	Acc@1 57.812 (61.099)	Acc@5 82.422 (82.900)
Epoch: [36][2500/5005]	Time 0.733 (0.718)	Data 0.000 (0.002)	Loss 1.6096 (1.6532)	Acc@1 60.938 (61.034)	Acc@5 83.984 (82.866)
Epoch: [36][3000/5005]	Time 0.716 (0.718)	Data 0.000 (0.002)	Loss 1.3890 (1.6535)	Acc@1 66.016 (61.024)	Acc@5 86.328 (82.867)
Epoch: [36][3500/5005]	Time 0.715 (0.718)	Data 0.000 (0.002)	Loss 1.8506 (1.6526)	Acc@1 55.859 (61.038)	Acc@5 80.078 (82.872)
Epoch: [36][4000/5005]	Time 0.708 (0.718)	Data 0.000 (0.002)	Loss 1.5938 (1.6523)	Acc@1 63.281 (61.061)	Acc@5 84.375 (82.886)
Epoch: [36][4500/5005]	Time 0.703 (0.717)	Data 0.000 (0.002)	Loss 1.5616 (1.6524)	Acc@1 62.891 (61.072)	Acc@5 83.984 (82.882)
Epoch: [36][5000/5005]	Time 0.705 (0.718)	Data 0.000 (0.002)	Loss 1.7084 (1.6527)	Acc@1 62.500 (61.082)	Acc@5 82.812 (82.873)
Test: [0/196]	Time 3.031 (3.031)	Loss 0.6685 (0.6685)	Acc@1 82.812 (82.812)	Acc@5 96.094 (96.094)
 * Acc@1 68.862 Acc@5 88.984
weight information for regulizer based pretrain
[tensor(0.0006, device='cuda:0'), tensor(0.0012, device='cuda:0'), tensor(0.0144, device='cuda:0')] [tensor(8.4977e-06, device='cuda:0'), tensor(3.9367e-05, device='cuda:0'), tensor(0.0001, device='cuda:0')]
Epoch: [37][0/5005]	Time 2.423 (2.423)	Data 2.152 (2.152)	Loss 1.8652 (1.8652)	Acc@1 54.688 (54.688)	Acc@5 77.734 (77.734)
Epoch: [37][500/5005]	Time 0.719 (0.722)	Data 0.000 (0.005)	Loss 1.5610 (1.6515)	Acc@1 63.281 (61.103)	Acc@5 85.547 (82.890)
Epoch: [37][1000/5005]	Time 0.719 (0.720)	Data 0.000 (0.003)	Loss 1.5495 (1.6498)	Acc@1 66.406 (61.179)	Acc@5 85.156 (82.860)
Epoch: [37][1500/5005]	Time 0.748 (0.719)	Data 0.000 (0.003)	Loss 1.7869 (1.6525)	Acc@1 57.812 (61.108)	Acc@5 81.250 (82.869)
Epoch: [37][2000/5005]	Time 0.702 (0.719)	Data 0.000 (0.002)	Loss 1.8058 (1.6535)	Acc@1 58.594 (61.064)	Acc@5 79.297 (82.852)
Epoch: [37][2500/5005]	Time 0.710 (0.717)	Data 0.000 (0.002)	Loss 1.2646 (1.6533)	Acc@1 66.406 (61.042)	Acc@5 89.453 (82.845)
Epoch: [37][3000/5005]	Time 0.694 (0.716)	Data 0.000 (0.002)	Loss 1.6052 (1.6514)	Acc@1 60.938 (61.097)	Acc@5 83.203 (82.877)
Epoch: [37][3500/5005]	Time 0.675 (0.714)	Data 0.000 (0.002)	Loss 1.4823 (1.6520)	Acc@1 66.016 (61.083)	Acc@5 86.328 (82.874)
Epoch: [37][4000/5005]	Time 0.657 (0.713)	Data 0.000 (0.002)	Loss 1.8049 (1.6532)	Acc@1 60.938 (61.048)	Acc@5 79.688 (82.850)
Epoch: [37][4500/5005]	Time 0.679 (0.712)	Data 0.000 (0.002)	Loss 1.7052 (1.6522)	Acc@1 62.109 (61.055)	Acc@5 81.641 (82.863)
Epoch: [37][5000/5005]	Time 0.710 (0.712)	Data 0.000 (0.002)	Loss 1.6852 (1.6523)	Acc@1 59.766 (61.067)	Acc@5 80.469 (82.869)
Test: [0/196]	Time 3.216 (3.216)	Loss 0.6685 (0.6685)	Acc@1 82.812 (82.812)	Acc@5 96.094 (96.094)
 * Acc@1 68.862 Acc@5 88.984
weight information for regulizer based pretrain
[tensor(0.0006, device='cuda:0'), tensor(0.0012, device='cuda:0'), tensor(0.0144, device='cuda:0')] [tensor(8.4977e-06, device='cuda:0'), tensor(3.9368e-05, device='cuda:0'), tensor(0.0001, device='cuda:0')]
Epoch: [38][0/5005]	Time 2.268 (2.268)	Data 2.013 (2.013)	Loss 1.7464 (1.7464)	Acc@1 57.031 (57.031)	Acc@5 81.250 (81.250)
Epoch: [38][500/5005]	Time 0.750 (0.722)	Data 0.000 (0.005)	Loss 1.7782 (1.6519)	Acc@1 57.031 (61.037)	Acc@5 80.859 (82.822)
Epoch: [38][1000/5005]	Time 0.684 (0.720)	Data 0.000 (0.003)	Loss 1.5954 (1.6503)	Acc@1 62.891 (61.083)	Acc@5 83.203 (82.911)
Epoch: [38][1500/5005]	Time 0.717 (0.719)	Data 0.000 (0.003)	Loss 1.7106 (1.6522)	Acc@1 62.891 (61.066)	Acc@5 83.594 (82.883)
Epoch: [38][2000/5005]	Time 0.713 (0.719)	Data 0.000 (0.002)	Loss 1.6635 (1.6522)	Acc@1 60.156 (61.093)	Acc@5 83.984 (82.884)
Epoch: [38][2500/5005]	Time 0.720 (0.719)	Data 0.000 (0.002)	Loss 1.6416 (1.6513)	Acc@1 60.547 (61.116)	Acc@5 83.594 (82.898)
Epoch: [38][3000/5005]	Time 0.715 (0.719)	Data 0.000 (0.002)	Loss 1.6293 (1.6535)	Acc@1 63.672 (61.069)	Acc@5 80.859 (82.847)
Epoch: [38][3500/5005]	Time 0.727 (0.719)	Data 0.000 (0.002)	Loss 1.7028 (1.6537)	Acc@1 62.500 (61.033)	Acc@5 82.422 (82.837)
Epoch: [38][4000/5005]	Time 0.706 (0.718)	Data 0.000 (0.002)	Loss 1.6895 (1.6534)	Acc@1 60.938 (61.049)	Acc@5 83.594 (82.834)
Epoch: [38][4500/5005]	Time 0.703 (0.718)	Data 0.001 (0.002)	Loss 1.8313 (1.6539)	Acc@1 52.344 (61.036)	Acc@5 80.078 (82.828)
Epoch: [38][5000/5005]	Time 0.717 (0.718)	Data 0.000 (0.002)	Loss 1.6662 (1.6525)	Acc@1 59.375 (61.046)	Acc@5 83.594 (82.843)
Test: [0/196]	Time 3.137 (3.137)	Loss 0.6685 (0.6685)	Acc@1 82.812 (82.812)	Acc@5 96.094 (96.094)
 * Acc@1 68.862 Acc@5 88.986
weight information for regulizer based pretrain
[tensor(0.0006, device='cuda:0'), tensor(0.0012, device='cuda:0'), tensor(0.0144, device='cuda:0')] [tensor(8.4977e-06, device='cuda:0'), tensor(3.9368e-05, device='cuda:0'), tensor(0.0001, device='cuda:0')]
Epoch: [39][0/5005]	Time 2.589 (2.589)	Data 2.350 (2.350)	Loss 1.4484 (1.4484)	Acc@1 65.625 (65.625)	Acc@5 83.594 (83.594)
Epoch: [39][500/5005]	Time 0.715 (0.722)	Data 0.000 (0.006)	Loss 1.6116 (1.6518)	Acc@1 64.453 (61.149)	Acc@5 83.203 (82.871)
Epoch: [39][1000/5005]	Time 0.716 (0.719)	Data 0.000 (0.004)	Loss 1.5097 (1.6564)	Acc@1 67.578 (61.042)	Acc@5 83.984 (82.771)
Epoch: [39][1500/5005]	Time 0.701 (0.718)	Data 0.000 (0.003)	Loss 1.6816 (1.6588)	Acc@1 60.547 (60.994)	Acc@5 78.906 (82.725)
Epoch: [39][2000/5005]	Time 0.754 (0.718)	Data 0.000 (0.002)	Loss 1.6122 (1.6560)	Acc@1 63.672 (61.058)	Acc@5 84.375 (82.766)
Epoch: [39][2500/5005]	Time 0.724 (0.718)	Data 0.000 (0.002)	Loss 1.8938 (1.6566)	Acc@1 51.953 (61.026)	Acc@5 80.078 (82.784)
Epoch: [39][3000/5005]	Time 0.721 (0.718)	Data 0.000 (0.002)	Loss 1.7082 (1.6550)	Acc@1 62.500 (61.065)	Acc@5 79.297 (82.794)
Epoch: [39][3500/5005]	Time 0.691 (0.718)	Data 0.000 (0.002)	Loss 1.6602 (1.6550)	Acc@1 64.453 (61.048)	Acc@5 83.203 (82.802)
Epoch: [39][4000/5005]	Time 0.707 (0.717)	Data 0.000 (0.002)	Loss 1.7499 (1.6543)	Acc@1 58.594 (61.065)	Acc@5 80.469 (82.818)
Epoch: [39][4500/5005]	Time 0.727 (0.717)	Data 0.000 (0.002)	Loss 1.6025 (1.6542)	Acc@1 60.938 (61.075)	Acc@5 82.812 (82.817)
Epoch: [39][5000/5005]	Time 0.720 (0.718)	Data 0.000 (0.002)	Loss 1.8154 (1.6537)	Acc@1 60.547 (61.077)	Acc@5 80.469 (82.820)
Test: [0/196]	Time 3.142 (3.142)	Loss 0.6685 (0.6685)	Acc@1 82.812 (82.812)	Acc@5 96.094 (96.094)
 * Acc@1 68.862 Acc@5 88.986
weight information for regulizer based pretrain
[tensor(0.0006, device='cuda:0'), tensor(0.0012, device='cuda:0'), tensor(0.0144, device='cuda:0')] [tensor(8.4977e-06, device='cuda:0'), tensor(3.9368e-05, device='cuda:0'), tensor(0.0001, device='cuda:0')]
Epoch: [40][0/5005]	Time 2.227 (2.227)	Data 1.984 (1.984)	Loss 1.5921 (1.5921)	Acc@1 60.938 (60.938)	Acc@5 85.156 (85.156)
Epoch: [40][500/5005]	Time 0.720 (0.721)	Data 0.000 (0.005)	Loss 1.6364 (1.6452)	Acc@1 61.719 (61.333)	Acc@5 83.594 (82.871)
Epoch: [40][1000/5005]	Time 0.724 (0.720)	Data 0.000 (0.003)	Loss 1.6245 (1.6492)	Acc@1 61.328 (61.208)	Acc@5 83.203 (82.876)
Epoch: [40][1500/5005]	Time 0.721 (0.719)	Data 0.000 (0.003)	Loss 1.7253 (1.6499)	Acc@1 58.984 (61.177)	Acc@5 81.250 (82.834)
Epoch: [40][2000/5005]	Time 0.717 (0.719)	Data 0.000 (0.002)	Loss 1.5277 (1.6511)	Acc@1 60.938 (61.162)	Acc@5 84.375 (82.814)
Epoch: [40][2500/5005]	Time 0.715 (0.719)	Data 0.000 (0.002)	Loss 1.6293 (1.6520)	Acc@1 58.203 (61.153)	Acc@5 85.156 (82.798)
Epoch: [40][3000/5005]	Time 0.717 (0.719)	Data 0.000 (0.002)	Loss 1.8668 (1.6520)	Acc@1 62.109 (61.143)	Acc@5 78.516 (82.806)
Epoch: [40][3500/5005]	Time 0.702 (0.719)	Data 0.000 (0.002)	Loss 1.6033 (1.6518)	Acc@1 62.891 (61.127)	Acc@5 83.203 (82.812)
Epoch: [40][4000/5005]	Time 0.704 (0.718)	Data 0.000 (0.002)	Loss 1.6386 (1.6524)	Acc@1 62.500 (61.119)	Acc@5 82.812 (82.808)
Epoch: [40][4500/5005]	Time 0.718 (0.718)	Data 0.000 (0.002)	Loss 1.5690 (1.6523)	Acc@1 61.328 (61.114)	Acc@5 85.938 (82.814)
Epoch: [40][5000/5005]	Time 0.723 (0.718)	Data 0.000 (0.002)	Loss 1.5553 (1.6539)	Acc@1 65.234 (61.081)	Acc@5 82.812 (82.792)
Test: [0/196]	Time 3.213 (3.213)	Loss 0.6685 (0.6685)	Acc@1 82.812 (82.812)	Acc@5 96.094 (96.094)
 * Acc@1 68.862 Acc@5 88.986
weight information for regulizer based pretrain
[tensor(0.0006, device='cuda:0'), tensor(0.0012, device='cuda:0'), tensor(0.0144, device='cuda:0')] [tensor(8.4977e-06, device='cuda:0'), tensor(3.9368e-05, device='cuda:0'), tensor(0.0001, device='cuda:0')]
Epoch: [41][0/5005]	Time 2.507 (2.507)	Data 2.278 (2.278)	Loss 1.6913 (1.6913)	Acc@1 60.938 (60.938)	Acc@5 80.469 (80.469)
Epoch: [41][500/5005]	Time 0.727 (0.720)	Data 0.000 (0.006)	Loss 1.5580 (1.6476)	Acc@1 61.328 (61.227)	Acc@5 84.375 (82.828)
Epoch: [41][1000/5005]	Time 0.716 (0.719)	Data 0.000 (0.004)	Loss 1.6317 (1.6530)	Acc@1 61.328 (61.148)	Acc@5 82.812 (82.781)
Epoch: [41][1500/5005]	Time 0.681 (0.718)	Data 0.000 (0.003)	Loss 1.5541 (1.6556)	Acc@1 64.844 (61.110)	Acc@5 83.594 (82.770)
Epoch: [41][2000/5005]	Time 0.722 (0.718)	Data 0.000 (0.002)	Loss 1.7116 (1.6538)	Acc@1 58.984 (61.119)	Acc@5 79.297 (82.784)
Epoch: [41][2500/5005]	Time 0.719 (0.718)	Data 0.000 (0.002)	Loss 1.7506 (1.6531)	Acc@1 55.859 (61.101)	Acc@5 83.203 (82.803)
Epoch: [41][3000/5005]	Time 0.757 (0.718)	Data 0.000 (0.002)	Loss 1.5802 (1.6520)	Acc@1 63.672 (61.095)	Acc@5 83.203 (82.828)
Epoch: [41][3500/5005]	Time 0.717 (0.718)	Data 0.000 (0.002)	Loss 1.6966 (1.6530)	Acc@1 60.156 (61.085)	Acc@5 81.641 (82.840)
Epoch: [41][4000/5005]	Time 0.712 (0.718)	Data 0.000 (0.002)	Loss 1.5881 (1.6526)	Acc@1 62.109 (61.110)	Acc@5 82.422 (82.840)
Epoch: [41][4500/5005]	Time 0.669 (0.718)	Data 0.000 (0.002)	Loss 1.6296 (1.6522)	Acc@1 58.594 (61.111)	Acc@5 83.984 (82.834)
Epoch: [41][5000/5005]	Time 0.705 (0.718)	Data 0.000 (0.002)	Loss 1.6590 (1.6520)	Acc@1 63.281 (61.119)	Acc@5 81.641 (82.834)
Test: [0/196]	Time 3.173 (3.173)	Loss 0.6685 (0.6685)	Acc@1 82.812 (82.812)	Acc@5 96.094 (96.094)
 * Acc@1 68.862 Acc@5 88.986
weight information for regulizer based pretrain
[tensor(0.0006, device='cuda:0'), tensor(0.0012, device='cuda:0'), tensor(0.0144, device='cuda:0')] [tensor(8.4977e-06, device='cuda:0'), tensor(3.9368e-05, device='cuda:0'), tensor(0.0001, device='cuda:0')]
Epoch: [42][0/5005]	Time 2.572 (2.572)	Data 2.315 (2.315)	Loss 1.4366 (1.4366)	Acc@1 67.188 (67.188)	Acc@5 85.938 (85.938)
Epoch: [42][500/5005]	Time 0.721 (0.721)	Data 0.000 (0.006)	Loss 1.8085 (1.6465)	Acc@1 56.250 (61.182)	Acc@5 81.641 (82.986)
Epoch: [42][1000/5005]	Time 0.723 (0.720)	Data 0.000 (0.004)	Loss 1.5089 (1.6524)	Acc@1 63.672 (61.071)	Acc@5 85.938 (82.888)
Epoch: [42][1500/5005]	Time 0.718 (0.719)	Data 0.000 (0.003)	Loss 1.3932 (1.6558)	Acc@1 66.406 (61.002)	Acc@5 88.281 (82.820)
Epoch: [42][2000/5005]	Time 0.718 (0.719)	Data 0.000 (0.002)	Loss 1.4761 (1.6546)	Acc@1 60.938 (61.020)	Acc@5 84.766 (82.821)
Epoch: [42][2500/5005]	Time 0.697 (0.718)	Data 0.000 (0.002)	Loss 1.7549 (1.6552)	Acc@1 60.938 (61.017)	Acc@5 81.250 (82.796)
Epoch: [42][3000/5005]	Time 0.714 (0.717)	Data 0.000 (0.002)	Loss 1.5135 (1.6537)	Acc@1 62.500 (61.036)	Acc@5 85.938 (82.844)
Epoch: [42][3500/5005]	Time 0.696 (0.715)	Data 0.000 (0.002)	Loss 1.7217 (1.6526)	Acc@1 61.328 (61.068)	Acc@5 80.469 (82.863)
Epoch: [42][4000/5005]	Time 0.743 (0.714)	Data 0.000 (0.002)	Loss 1.6087 (1.6516)	Acc@1 58.203 (61.079)	Acc@5 82.422 (82.900)
Epoch: [42][4500/5005]	Time 0.713 (0.713)	Data 0.000 (0.002)	Loss 1.7050 (1.6512)	Acc@1 60.156 (61.081)	Acc@5 81.250 (82.898)
Epoch: [42][5000/5005]	Time 0.710 (0.712)	Data 0.000 (0.002)	Loss 1.8130 (1.6504)	Acc@1 55.078 (61.103)	Acc@5 81.250 (82.905)
Test: [0/196]	Time 3.100 (3.100)	Loss 0.6685 (0.6685)	Acc@1 82.812 (82.812)	Acc@5 96.094 (96.094)
 * Acc@1 68.862 Acc@5 88.986
weight information for regulizer based pretrain
[tensor(0.0006, device='cuda:0'), tensor(0.0012, device='cuda:0'), tensor(0.0144, device='cuda:0')] [tensor(8.4977e-06, device='cuda:0'), tensor(3.9368e-05, device='cuda:0'), tensor(0.0001, device='cuda:0')]
Epoch: [43][0/5005]	Time 2.614 (2.614)	Data 2.331 (2.331)	Loss 1.7421 (1.7421)	Acc@1 60.156 (60.156)	Acc@5 81.641 (81.641)
Epoch: [43][500/5005]	Time 0.718 (0.721)	Data 0.000 (0.006)	Loss 1.3835 (1.6444)	Acc@1 64.844 (61.148)	Acc@5 87.500 (82.928)
Epoch: [43][1000/5005]	Time 0.717 (0.719)	Data 0.000 (0.004)	Loss 1.4537 (1.6450)	Acc@1 63.672 (61.188)	Acc@5 85.938 (82.923)
Epoch: [43][1500/5005]	Time 0.699 (0.719)	Data 0.000 (0.003)	Loss 1.5741 (1.6472)	Acc@1 62.500 (61.139)	Acc@5 85.156 (82.893)
Epoch: [43][2000/5005]	Time 0.717 (0.719)	Data 0.000 (0.002)	Loss 1.5092 (1.6479)	Acc@1 62.891 (61.118)	Acc@5 83.594 (82.886)
Epoch: [43][2500/5005]	Time 0.714 (0.718)	Data 0.000 (0.002)	Loss 1.6160 (1.6496)	Acc@1 60.547 (61.072)	Acc@5 82.031 (82.882)
Epoch: [43][3000/5005]	Time 0.704 (0.718)	Data 0.000 (0.002)	Loss 1.7445 (1.6502)	Acc@1 56.641 (61.061)	Acc@5 82.422 (82.856)
Epoch: [43][3500/5005]	Time 0.701 (0.717)	Data 0.000 (0.002)	Loss 1.6490 (1.6504)	Acc@1 59.375 (61.053)	Acc@5 82.422 (82.869)
Epoch: [43][4000/5005]	Time 0.696 (0.715)	Data 0.000 (0.002)	Loss 1.6775 (1.6520)	Acc@1 58.203 (61.038)	Acc@5 84.766 (82.845)
Epoch: [43][4500/5005]	Time 0.710 (0.714)	Data 0.000 (0.002)	Loss 1.3286 (1.6524)	Acc@1 68.750 (61.042)	Acc@5 87.109 (82.849)
Epoch: [43][5000/5005]	Time 0.695 (0.714)	Data 0.000 (0.002)	Loss 1.5563 (1.6528)	Acc@1 60.938 (61.041)	Acc@5 85.156 (82.851)
Test: [0/196]	Time 3.065 (3.065)	Loss 0.6685 (0.6685)	Acc@1 82.812 (82.812)	Acc@5 96.094 (96.094)
 * Acc@1 68.862 Acc@5 88.986
weight information for regulizer based pretrain
[tensor(0.0006, device='cuda:0'), tensor(0.0012, device='cuda:0'), tensor(0.0144, device='cuda:0')] [tensor(8.4977e-06, device='cuda:0'), tensor(3.9368e-05, device='cuda:0'), tensor(0.0001, device='cuda:0')]
Epoch: [44][0/5005]	Time 2.504 (2.504)	Data 2.258 (2.258)	Loss 1.7045 (1.7045)	Acc@1 57.422 (57.422)	Acc@5 82.031 (82.031)
Epoch: [44][500/5005]	Time 0.718 (0.722)	Data 0.000 (0.006)	Loss 1.6838 (1.6336)	Acc@1 60.938 (61.352)	Acc@5 80.078 (83.064)
Epoch: [44][1000/5005]	Time 0.748 (0.720)	Data 0.000 (0.003)	Loss 1.6319 (1.6473)	Acc@1 61.719 (61.125)	Acc@5 82.812 (82.923)
Epoch: [44][1500/5005]	Time 0.703 (0.720)	Data 0.000 (0.003)	Loss 1.6674 (1.6520)	Acc@1 60.938 (61.053)	Acc@5 83.594 (82.834)
Epoch: [44][2000/5005]	Time 0.701 (0.719)	Data 0.000 (0.002)	Loss 1.8547 (1.6527)	Acc@1 58.203 (61.041)	Acc@5 79.297 (82.807)
Epoch: [44][2500/5005]	Time 0.750 (0.719)	Data 0.000 (0.002)	Loss 1.4396 (1.6528)	Acc@1 67.578 (61.047)	Acc@5 87.109 (82.801)
Epoch: [44][3000/5005]	Time 0.718 (0.719)	Data 0.000 (0.002)	Loss 1.6289 (1.6544)	Acc@1 62.500 (61.005)	Acc@5 83.203 (82.790)
Epoch: [44][3500/5005]	Time 0.717 (0.719)	Data 0.000 (0.002)	Loss 1.7061 (1.6545)	Acc@1 61.328 (61.026)	Acc@5 81.641 (82.795)
Epoch: [44][4000/5005]	Time 0.734 (0.718)	Data 0.000 (0.002)	Loss 1.8248 (1.6544)	Acc@1 57.422 (61.026)	Acc@5 79.297 (82.796)
Epoch: [44][4500/5005]	Time 0.720 (0.718)	Data 0.000 (0.002)	Loss 1.6436 (1.6552)	Acc@1 60.547 (61.014)	Acc@5 82.812 (82.778)
Epoch: [44][5000/5005]	Time 0.714 (0.718)	Data 0.000 (0.002)	Loss 1.8075 (1.6555)	Acc@1 57.812 (60.998)	Acc@5 80.859 (82.784)
Test: [0/196]	Time 3.155 (3.155)	Loss 0.6685 (0.6685)	Acc@1 82.812 (82.812)	Acc@5 96.094 (96.094)
 * Acc@1 68.862 Acc@5 88.986
weight information for regulizer based pretrain
[tensor(0.0006, device='cuda:0'), tensor(0.0012, device='cuda:0'), tensor(0.0144, device='cuda:0')] [tensor(8.4977e-06, device='cuda:0'), tensor(3.9368e-05, device='cuda:0'), tensor(0.0001, device='cuda:0')]
Epoch: [45][0/5005]	Time 2.655 (2.655)	Data 2.416 (2.416)	Loss 1.8099 (1.8099)	Acc@1 56.641 (56.641)	Acc@5 79.688 (79.688)
Epoch: [45][500/5005]	Time 0.728 (0.720)	Data 0.000 (0.006)	Loss 1.8044 (1.6494)	Acc@1 56.641 (61.118)	Acc@5 80.469 (82.865)
Epoch: [45][1000/5005]	Time 0.719 (0.719)	Data 0.000 (0.004)	Loss 1.4266 (1.6530)	Acc@1 65.625 (61.067)	Acc@5 86.328 (82.848)
Epoch: [45][1500/5005]	Time 0.705 (0.719)	Data 0.000 (0.003)	Loss 1.5332 (1.6508)	Acc@1 65.234 (61.063)	Acc@5 85.938 (82.910)
Epoch: [45][2000/5005]	Time 0.715 (0.718)	Data 0.000 (0.002)	Loss 1.6739 (1.6526)	Acc@1 59.766 (61.039)	Acc@5 80.469 (82.861)
Epoch: [45][2500/5005]	Time 0.714 (0.718)	Data 0.000 (0.002)	Loss 1.7346 (1.6528)	Acc@1 58.984 (61.024)	Acc@5 83.984 (82.857)
Epoch: [45][3000/5005]	Time 0.716 (0.718)	Data 0.000 (0.002)	Loss 1.8720 (1.6548)	Acc@1 57.031 (61.000)	Acc@5 79.688 (82.834)
Epoch: [45][3500/5005]	Time 0.721 (0.718)	Data 0.000 (0.002)	Loss 1.6620 (1.6548)	Acc@1 58.984 (61.005)	Acc@5 84.375 (82.836)
Epoch: [45][4000/5005]	Time 0.700 (0.718)	Data 0.000 (0.002)	Loss 1.7664 (1.6548)	Acc@1 60.938 (60.985)	Acc@5 80.469 (82.832)
Epoch: [45][4500/5005]	Time 0.722 (0.718)	Data 0.000 (0.002)	Loss 1.6266 (1.6536)	Acc@1 64.453 (61.035)	Acc@5 83.984 (82.844)
Epoch: [45][5000/5005]	Time 0.717 (0.718)	Data 0.000 (0.002)	Loss 1.5899 (1.6528)	Acc@1 63.672 (61.062)	Acc@5 82.422 (82.862)
Test: [0/196]	Time 2.979 (2.979)	Loss 0.6685 (0.6685)	Acc@1 82.812 (82.812)	Acc@5 96.094 (96.094)
 * Acc@1 68.862 Acc@5 88.986
weight information for regulizer based pretrain
[tensor(0.0006, device='cuda:0'), tensor(0.0012, device='cuda:0'), tensor(0.0144, device='cuda:0')] [tensor(8.4977e-06, device='cuda:0'), tensor(3.9368e-05, device='cuda:0'), tensor(0.0001, device='cuda:0')]
Epoch: [46][0/5005]	Time 2.260 (2.260)	Data 2.033 (2.033)	Loss 1.7657 (1.7657)	Acc@1 61.719 (61.719)	Acc@5 83.203 (83.203)
Epoch: [46][500/5005]	Time 0.702 (0.720)	Data 0.000 (0.005)	Loss 1.6983 (1.6549)	Acc@1 62.109 (61.040)	Acc@5 82.031 (82.860)
Epoch: [46][1000/5005]	Time 0.720 (0.719)	Data 0.000 (0.003)	Loss 1.4697 (1.6525)	Acc@1 66.797 (61.111)	Acc@5 83.594 (82.839)
Epoch: [46][1500/5005]	Time 0.716 (0.719)	Data 0.000 (0.003)	Loss 1.4874 (1.6493)	Acc@1 65.234 (61.152)	Acc@5 84.766 (82.867)
Epoch: [46][2000/5005]	Time 0.723 (0.718)	Data 0.000 (0.002)	Loss 1.5840 (1.6491)	Acc@1 63.281 (61.138)	Acc@5 85.547 (82.863)
Epoch: [46][2500/5005]	Time 0.706 (0.717)	Data 0.000 (0.002)	Loss 1.6091 (1.6499)	Acc@1 61.328 (61.113)	Acc@5 80.859 (82.851)
Epoch: [46][3000/5005]	Time 0.719 (0.716)	Data 0.000 (0.002)	Loss 1.7123 (1.6515)	Acc@1 60.156 (61.108)	Acc@5 82.031 (82.828)
Epoch: [46][3500/5005]	Time 0.702 (0.715)	Data 0.000 (0.002)	Loss 1.6184 (1.6506)	Acc@1 60.938 (61.120)	Acc@5 81.641 (82.847)
Epoch: [46][4000/5005]	Time 0.705 (0.714)	Data 0.000 (0.002)	Loss 1.7174 (1.6517)	Acc@1 61.719 (61.106)	Acc@5 80.469 (82.833)
Epoch: [46][4500/5005]	Time 0.701 (0.714)	Data 0.000 (0.002)	Loss 1.7557 (1.6519)	Acc@1 58.984 (61.101)	Acc@5 79.688 (82.826)
Epoch: [46][5000/5005]	Time 0.714 (0.713)	Data 0.000 (0.002)	Loss 1.5027 (1.6528)	Acc@1 66.016 (61.085)	Acc@5 85.938 (82.811)
Test: [0/196]	Time 3.035 (3.035)	Loss 0.6685 (0.6685)	Acc@1 82.812 (82.812)	Acc@5 96.094 (96.094)
 * Acc@1 68.862 Acc@5 88.986
weight information for regulizer based pretrain
[tensor(0.0006, device='cuda:0'), tensor(0.0012, device='cuda:0'), tensor(0.0144, device='cuda:0')] [tensor(8.4977e-06, device='cuda:0'), tensor(3.9368e-05, device='cuda:0'), tensor(0.0001, device='cuda:0')]
Epoch: [47][0/5005]	Time 2.530 (2.530)	Data 2.280 (2.280)	Loss 1.7575 (1.7575)	Acc@1 57.812 (57.812)	Acc@5 83.203 (83.203)
Epoch: [47][500/5005]	Time 0.706 (0.722)	Data 0.000 (0.006)	Loss 1.7105 (1.6504)	Acc@1 62.891 (61.200)	Acc@5 81.250 (82.893)
Epoch: [47][1000/5005]	Time 0.743 (0.720)	Data 0.000 (0.004)	Loss 1.6828 (1.6487)	Acc@1 61.719 (61.155)	Acc@5 80.859 (82.915)
Epoch: [47][1500/5005]	Time 0.715 (0.720)	Data 0.000 (0.003)	Loss 1.4963 (1.6488)	Acc@1 65.234 (61.153)	Acc@5 83.984 (82.907)
Epoch: [47][2000/5005]	Time 0.724 (0.719)	Data 0.000 (0.002)	Loss 1.7118 (1.6523)	Acc@1 56.250 (61.111)	Acc@5 79.688 (82.868)
Epoch: [47][2500/5005]	Time 0.740 (0.718)	Data 0.000 (0.002)	Loss 1.6870 (1.6508)	Acc@1 58.203 (61.153)	Acc@5 83.203 (82.887)
Epoch: [47][3000/5005]	Time 0.700 (0.716)	Data 0.000 (0.002)	Loss 1.6113 (1.6514)	Acc@1 66.406 (61.140)	Acc@5 83.594 (82.860)
Epoch: [47][3500/5005]	Time 0.710 (0.715)	Data 0.000 (0.002)	Loss 1.6356 (1.6522)	Acc@1 61.328 (61.111)	Acc@5 82.422 (82.835)
Epoch: [47][4000/5005]	Time 0.712 (0.713)	Data 0.000 (0.002)	Loss 1.6328 (1.6537)	Acc@1 62.109 (61.088)	Acc@5 83.984 (82.817)
Epoch: [47][4500/5005]	Time 0.701 (0.713)	Data 0.000 (0.002)	Loss 1.8180 (1.6531)	Acc@1 53.906 (61.091)	Acc@5 82.031 (82.828)
Epoch: [47][5000/5005]	Time 0.700 (0.712)	Data 0.000 (0.002)	Loss 1.7066 (1.6522)	Acc@1 58.203 (61.115)	Acc@5 81.641 (82.854)
Test: [0/196]	Time 3.176 (3.176)	Loss 0.6685 (0.6685)	Acc@1 82.812 (82.812)	Acc@5 96.094 (96.094)
 * Acc@1 68.862 Acc@5 88.986
weight information for regulizer based pretrain
[tensor(0.0006, device='cuda:0'), tensor(0.0012, device='cuda:0'), tensor(0.0144, device='cuda:0')] [tensor(8.4977e-06, device='cuda:0'), tensor(3.9368e-05, device='cuda:0'), tensor(0.0001, device='cuda:0')]
Epoch: [48][0/5005]	Time 2.486 (2.486)	Data 2.203 (2.203)	Loss 1.4704 (1.4704)	Acc@1 65.625 (65.625)	Acc@5 87.500 (87.500)
Epoch: [48][500/5005]	Time 0.715 (0.721)	Data 0.000 (0.006)	Loss 1.4829 (1.6483)	Acc@1 65.625 (61.155)	Acc@5 84.766 (82.858)
Epoch: [48][1000/5005]	Time 0.733 (0.720)	Data 0.000 (0.003)	Loss 1.6645 (1.6492)	Acc@1 60.938 (61.177)	Acc@5 82.422 (82.838)
Epoch: [48][1500/5005]	Time 0.721 (0.719)	Data 0.000 (0.003)	Loss 1.5744 (1.6510)	Acc@1 61.328 (61.108)	Acc@5 83.984 (82.837)
Epoch: [48][2000/5005]	Time 0.719 (0.719)	Data 0.000 (0.002)	Loss 1.7919 (1.6510)	Acc@1 59.766 (61.094)	Acc@5 80.859 (82.854)
Epoch: [48][2500/5005]	Time 0.708 (0.718)	Data 0.000 (0.002)	Loss 1.6762 (1.6503)	Acc@1 57.812 (61.119)	Acc@5 84.375 (82.845)
Epoch: [48][3000/5005]	Time 0.710 (0.716)	Data 0.000 (0.002)	Loss 1.8198 (1.6502)	Acc@1 59.375 (61.122)	Acc@5 80.078 (82.864)
Epoch: [48][3500/5005]	Time 0.692 (0.715)	Data 0.000 (0.002)	Loss 1.8199 (1.6500)	Acc@1 56.250 (61.137)	Acc@5 80.078 (82.874)
Epoch: [48][4000/5005]	Time 0.692 (0.713)	Data 0.000 (0.002)	Loss 1.7374 (1.6506)	Acc@1 59.375 (61.129)	Acc@5 80.078 (82.860)
Epoch: [48][4500/5005]	Time 0.700 (0.713)	Data 0.000 (0.002)	Loss 1.6180 (1.6524)	Acc@1 62.109 (61.101)	Acc@5 84.766 (82.825)
Epoch: [48][5000/5005]	Time 0.715 (0.712)	Data 0.000 (0.002)	Loss 1.5233 (1.6536)	Acc@1 65.234 (61.076)	Acc@5 86.328 (82.809)
Test: [0/196]	Time 3.077 (3.077)	Loss 0.6685 (0.6685)	Acc@1 82.812 (82.812)	Acc@5 96.094 (96.094)
 * Acc@1 68.862 Acc@5 88.986
weight information for regulizer based pretrain
[tensor(0.0006, device='cuda:0'), tensor(0.0012, device='cuda:0'), tensor(0.0144, device='cuda:0')] [tensor(8.4977e-06, device='cuda:0'), tensor(3.9368e-05, device='cuda:0'), tensor(0.0001, device='cuda:0')]
Epoch: [49][0/5005]	Time 2.415 (2.415)	Data 2.134 (2.134)	Loss 1.6446 (1.6446)	Acc@1 61.719 (61.719)	Acc@5 82.031 (82.031)
Epoch: [49][500/5005]	Time 0.719 (0.722)	Data 0.000 (0.005)	Loss 1.6877 (1.6571)	Acc@1 60.156 (60.959)	Acc@5 82.031 (82.811)
Epoch: [49][1000/5005]	Time 0.717 (0.720)	Data 0.000 (0.003)	Loss 1.5938 (1.6588)	Acc@1 61.328 (60.941)	Acc@5 83.594 (82.776)
Epoch: [49][1500/5005]	Time 0.698 (0.716)	Data 0.000 (0.003)	Loss 1.6205 (1.6610)	Acc@1 61.719 (60.907)	Acc@5 81.641 (82.695)
Epoch: [49][2000/5005]	Time 0.710 (0.714)	Data 0.000 (0.002)	Loss 1.4588 (1.6586)	Acc@1 65.625 (60.960)	Acc@5 86.719 (82.742)
Epoch: [49][2500/5005]	Time 0.714 (0.712)	Data 0.000 (0.002)	Loss 1.4214 (1.6566)	Acc@1 65.625 (61.003)	Acc@5 86.328 (82.770)
Epoch: [49][3000/5005]	Time 0.712 (0.711)	Data 0.000 (0.002)	Loss 1.5113 (1.6557)	Acc@1 60.938 (61.028)	Acc@5 86.719 (82.774)
Epoch: [49][3500/5005]	Time 0.697 (0.711)	Data 0.000 (0.002)	Loss 1.4561 (1.6544)	Acc@1 66.797 (61.065)	Acc@5 87.891 (82.807)
Epoch: [49][4000/5005]	Time 0.671 (0.710)	Data 0.000 (0.002)	Loss 1.5372 (1.6544)	Acc@1 65.625 (61.069)	Acc@5 85.938 (82.796)
Epoch: [49][4500/5005]	Time 0.715 (0.710)	Data 0.000 (0.002)	Loss 1.5477 (1.6545)	Acc@1 60.938 (61.083)	Acc@5 85.938 (82.789)
Epoch: [49][5000/5005]	Time 0.711 (0.709)	Data 0.000 (0.002)	Loss 1.6160 (1.6527)	Acc@1 59.375 (61.109)	Acc@5 85.547 (82.826)
Test: [0/196]	Time 3.241 (3.241)	Loss 0.6685 (0.6685)	Acc@1 82.812 (82.812)	Acc@5 96.094 (96.094)
 * Acc@1 68.862 Acc@5 88.986
weight information for regulizer based pretrain
[tensor(0.0006, device='cuda:0'), tensor(0.0012, device='cuda:0'), tensor(0.0144, device='cuda:0')] [tensor(8.4977e-06, device='cuda:0'), tensor(3.9368e-05, device='cuda:0'), tensor(0.0001, device='cuda:0')]
Epoch: [50][0/5005]	Time 2.646 (2.646)	Data 2.407 (2.407)	Loss 1.7495 (1.7495)	Acc@1 56.641 (56.641)	Acc@5 79.297 (79.297)
Epoch: [50][500/5005]	Time 0.716 (0.721)	Data 0.000 (0.006)	Loss 1.6321 (1.6493)	Acc@1 62.500 (61.189)	Acc@5 85.938 (82.969)
Epoch: [50][1000/5005]	Time 0.711 (0.719)	Data 0.000 (0.004)	Loss 1.4992 (1.6499)	Acc@1 66.016 (61.163)	Acc@5 87.109 (82.916)
Epoch: [50][1500/5005]	Time 0.718 (0.718)	Data 0.000 (0.003)	Loss 1.5963 (1.6533)	Acc@1 58.984 (61.087)	Acc@5 83.594 (82.834)
Epoch: [50][2000/5005]	Time 0.714 (0.718)	Data 0.000 (0.002)	Loss 1.7181 (1.6530)	Acc@1 55.078 (61.094)	Acc@5 79.297 (82.836)
Epoch: [50][2500/5005]	Time 0.679 (0.718)	Data 0.000 (0.002)	Loss 1.6603 (1.6538)	Acc@1 64.062 (61.086)	Acc@5 82.031 (82.807)
Epoch: [50][3000/5005]	Time 0.714 (0.718)	Data 0.000 (0.002)	Loss 1.5680 (1.6544)	Acc@1 61.328 (61.087)	Acc@5 85.938 (82.796)
Epoch: [50][3500/5005]	Time 0.711 (0.718)	Data 0.000 (0.002)	Loss 1.6725 (1.6543)	Acc@1 62.109 (61.084)	Acc@5 81.250 (82.793)
Epoch: [50][4000/5005]	Time 0.714 (0.718)	Data 0.000 (0.002)	Loss 1.6239 (1.6548)	Acc@1 66.016 (61.085)	Acc@5 83.594 (82.801)
Epoch: [50][4500/5005]	Time 0.703 (0.718)	Data 0.000 (0.002)	Loss 1.7314 (1.6561)	Acc@1 56.641 (61.038)	Acc@5 82.812 (82.798)
Epoch: [50][5000/5005]	Time 0.713 (0.717)	Data 0.000 (0.002)	Loss 1.4382 (1.6557)	Acc@1 64.453 (61.052)	Acc@5 84.375 (82.796)
Test: [0/196]	Time 3.173 (3.173)	Loss 0.6685 (0.6685)	Acc@1 82.812 (82.812)	Acc@5 96.094 (96.094)
 * Acc@1 68.862 Acc@5 88.986
weight information for regulizer based pretrain
[tensor(0.0006, device='cuda:0'), tensor(0.0012, device='cuda:0'), tensor(0.0144, device='cuda:0')] [tensor(8.4977e-06, device='cuda:0'), tensor(3.9368e-05, device='cuda:0'), tensor(0.0001, device='cuda:0')]
Epoch: [51][0/5005]	Time 2.460 (2.460)	Data 2.175 (2.175)	Loss 1.6812 (1.6812)	Acc@1 62.500 (62.500)	Acc@5 83.203 (83.203)
Epoch: [51][500/5005]	Time 0.715 (0.722)	Data 0.000 (0.006)	Loss 1.5101 (1.6550)	Acc@1 62.109 (61.185)	Acc@5 85.938 (82.750)
Epoch: [51][1000/5005]	Time 0.753 (0.720)	Data 0.000 (0.003)	Loss 1.6910 (1.6537)	Acc@1 55.078 (61.104)	Acc@5 81.641 (82.807)
Epoch: [51][1500/5005]	Time 0.717 (0.720)	Data 0.000 (0.003)	Loss 1.6003 (1.6512)	Acc@1 66.406 (61.093)	Acc@5 84.375 (82.869)
Epoch: [51][2000/5005]	Time 0.724 (0.719)	Data 0.000 (0.002)	Loss 1.5483 (1.6507)	Acc@1 63.672 (61.091)	Acc@5 84.766 (82.874)
Epoch: [51][2500/5005]	Time 0.720 (0.719)	Data 0.000 (0.002)	Loss 1.5714 (1.6507)	Acc@1 63.672 (61.072)	Acc@5 82.812 (82.853)
Epoch: [51][3000/5005]	Time 0.731 (0.719)	Data 0.000 (0.002)	Loss 1.6402 (1.6504)	Acc@1 59.766 (61.065)	Acc@5 84.766 (82.856)
Epoch: [51][3500/5005]	Time 0.732 (0.718)	Data 0.000 (0.002)	Loss 1.4977 (1.6502)	Acc@1 64.062 (61.083)	Acc@5 85.156 (82.874)
Epoch: [51][4000/5005]	Time 0.717 (0.718)	Data 0.000 (0.002)	Loss 1.6706 (1.6507)	Acc@1 60.938 (61.073)	Acc@5 80.469 (82.864)
Epoch: [51][4500/5005]	Time 0.745 (0.718)	Data 0.000 (0.002)	Loss 1.6115 (1.6516)	Acc@1 60.156 (61.067)	Acc@5 83.203 (82.846)
Epoch: [51][5000/5005]	Time 0.719 (0.718)	Data 0.000 (0.002)	Loss 1.6704 (1.6519)	Acc@1 63.672 (61.064)	Acc@5 82.031 (82.842)
Test: [0/196]	Time 3.171 (3.171)	Loss 0.6685 (0.6685)	Acc@1 82.812 (82.812)	Acc@5 96.094 (96.094)
 * Acc@1 68.862 Acc@5 88.986
weight information for regulizer based pretrain
[tensor(0.0006, device='cuda:0'), tensor(0.0012, device='cuda:0'), tensor(0.0144, device='cuda:0')] [tensor(8.4977e-06, device='cuda:0'), tensor(3.9368e-05, device='cuda:0'), tensor(0.0001, device='cuda:0')]
