=> creating model 'vgg16'
=> loading checkpoint 'checkpoints/vgg-l2-25p-1/model_best.pth.tar'
=> loaded checkpoint 'checkpoints/vgg-l2-25p-1/model_best.pth.tar' 
read conf from:  conf/vgg.conf
checkpoint dir:  checkpoints/1549356948/
weight information for regulizer based pretrain
[tensor(0.0006, device='cuda:0'), tensor(0.0012, device='cuda:0'), tensor(0.0144, device='cuda:0')] [tensor(7.7997e-06, device='cuda:0'), tensor(3.4296e-05, device='cuda:0'), tensor(0.0001, device='cuda:0')]
Epoch: [0][0/5005]	Time 19.744 (19.744)	Data 2.183 (2.183)	Loss 1.7722 (1.7722)	Acc@1 59.766 (59.766)	Acc@5 83.203 (83.203)
Epoch: [0][500/5005]	Time 0.703 (0.742)	Data 0.000 (0.005)	Loss 1.6130 (1.7044)	Acc@1 64.062 (60.089)	Acc@5 83.203 (82.158)
Epoch: [0][1000/5005]	Time 0.723 (0.724)	Data 0.000 (0.003)	Loss 1.8472 (1.7026)	Acc@1 60.547 (60.134)	Acc@5 79.297 (82.215)
Epoch: [0][1500/5005]	Time 0.716 (0.721)	Data 0.000 (0.002)	Loss 1.8414 (1.7036)	Acc@1 59.375 (60.132)	Acc@5 78.125 (82.195)
Epoch: [0][2000/5005]	Time 0.724 (0.720)	Data 0.000 (0.002)	Loss 1.7375 (1.7042)	Acc@1 64.062 (60.091)	Acc@5 84.375 (82.154)
Epoch: [0][2500/5005]	Time 0.724 (0.720)	Data 0.000 (0.002)	Loss 1.6883 (1.7000)	Acc@1 62.891 (60.142)	Acc@5 80.469 (82.217)
Epoch: [0][3000/5005]	Time 0.709 (0.719)	Data 0.000 (0.002)	Loss 1.6832 (1.7000)	Acc@1 59.375 (60.120)	Acc@5 80.469 (82.211)
Epoch: [0][3500/5005]	Time 0.704 (0.719)	Data 0.000 (0.002)	Loss 1.8328 (1.6980)	Acc@1 55.859 (60.171)	Acc@5 78.906 (82.238)
Epoch: [0][4000/5005]	Time 0.698 (0.718)	Data 0.000 (0.002)	Loss 1.5252 (1.6986)	Acc@1 65.234 (60.156)	Acc@5 85.547 (82.238)
Epoch: [0][4500/5005]	Time 0.755 (0.718)	Data 0.000 (0.002)	Loss 1.5766 (1.6985)	Acc@1 60.547 (60.164)	Acc@5 82.031 (82.236)
Epoch: [0][5000/5005]	Time 0.719 (0.718)	Data 0.000 (0.002)	Loss 1.6453 (1.6981)	Acc@1 60.938 (60.156)	Acc@5 82.422 (82.242)
Test: [0/196]	Time 3.051 (3.051)	Loss 0.6785 (0.6785)	Acc@1 82.422 (82.422)	Acc@5 95.703 (95.703)
 * Acc@1 68.440 Acc@5 88.816
weight information for regulizer based pretrain
[tensor(0.0006, device='cuda:0'), tensor(0.0012, device='cuda:0'), tensor(0.0144, device='cuda:0')] [tensor(7.8133e-06, device='cuda:0'), tensor(3.4393e-05, device='cuda:0'), tensor(0.0001, device='cuda:0')]
Epoch: [1][0/5005]	Time 3.031 (3.031)	Data 2.272 (2.272)	Loss 1.7821 (1.7821)	Acc@1 56.641 (56.641)	Acc@5 81.641 (81.641)
Epoch: [1][500/5005]	Time 0.724 (0.723)	Data 0.000 (0.005)	Loss 1.9607 (1.7025)	Acc@1 54.297 (60.106)	Acc@5 78.906 (82.141)
Epoch: [1][1000/5005]	Time 0.720 (0.719)	Data 0.000 (0.003)	Loss 1.7184 (1.7057)	Acc@1 63.672 (60.043)	Acc@5 81.250 (82.131)
Epoch: [1][1500/5005]	Time 0.727 (0.719)	Data 0.000 (0.002)	Loss 1.7838 (1.7044)	Acc@1 58.203 (60.056)	Acc@5 80.859 (82.125)
Epoch: [1][2000/5005]	Time 0.722 (0.719)	Data 0.000 (0.002)	Loss 1.7550 (1.7004)	Acc@1 59.375 (60.098)	Acc@5 79.688 (82.176)
Epoch: [1][2500/5005]	Time 0.722 (0.718)	Data 0.000 (0.002)	Loss 1.5473 (1.6982)	Acc@1 66.016 (60.143)	Acc@5 85.547 (82.214)
Epoch: [1][3000/5005]	Time 0.749 (0.718)	Data 0.000 (0.002)	Loss 1.5157 (1.6991)	Acc@1 62.891 (60.128)	Acc@5 88.281 (82.212)
Epoch: [1][3500/5005]	Time 0.708 (0.718)	Data 0.000 (0.002)	Loss 1.6608 (1.6984)	Acc@1 62.109 (60.135)	Acc@5 83.203 (82.240)
Epoch: [1][4000/5005]	Time 0.709 (0.716)	Data 0.000 (0.002)	Loss 1.7464 (1.6987)	Acc@1 56.250 (60.127)	Acc@5 80.469 (82.244)
Epoch: [1][4500/5005]	Time 0.720 (0.715)	Data 0.000 (0.002)	Loss 1.4367 (1.6992)	Acc@1 66.406 (60.101)	Acc@5 86.719 (82.236)
Epoch: [1][5000/5005]	Time 0.706 (0.715)	Data 0.000 (0.002)	Loss 1.7243 (1.6993)	Acc@1 57.031 (60.110)	Acc@5 82.422 (82.235)
Test: [0/196]	Time 3.101 (3.101)	Loss 0.6786 (0.6786)	Acc@1 82.422 (82.422)	Acc@5 95.703 (95.703)
 * Acc@1 68.428 Acc@5 88.834
weight information for regulizer based pretrain
[tensor(0.0006, device='cuda:0'), tensor(0.0012, device='cuda:0'), tensor(0.0144, device='cuda:0')] [tensor(7.8267e-06, device='cuda:0'), tensor(3.4488e-05, device='cuda:0'), tensor(0.0001, device='cuda:0')]
Epoch: [2][0/5005]	Time 2.531 (2.531)	Data 2.277 (2.277)	Loss 1.5979 (1.5979)	Acc@1 64.453 (64.453)	Acc@5 83.984 (83.984)
Epoch: [2][500/5005]	Time 0.713 (0.722)	Data 0.000 (0.006)	Loss 1.6339 (1.6994)	Acc@1 58.984 (60.146)	Acc@5 82.812 (82.243)
Epoch: [2][1000/5005]	Time 0.707 (0.718)	Data 0.000 (0.003)	Loss 1.7192 (1.6980)	Acc@1 61.719 (60.110)	Acc@5 82.422 (82.284)
Epoch: [2][1500/5005]	Time 0.727 (0.717)	Data 0.000 (0.003)	Loss 1.7004 (1.6965)	Acc@1 59.766 (60.144)	Acc@5 80.859 (82.289)
Epoch: [2][2000/5005]	Time 0.698 (0.717)	Data 0.000 (0.002)	Loss 1.7009 (1.6981)	Acc@1 58.203 (60.119)	Acc@5 83.594 (82.249)
Epoch: [2][2500/5005]	Time 0.758 (0.717)	Data 0.000 (0.002)	Loss 1.8199 (1.6982)	Acc@1 60.156 (60.118)	Acc@5 79.297 (82.229)
Epoch: [2][3000/5005]	Time 0.721 (0.717)	Data 0.000 (0.002)	Loss 1.5539 (1.6977)	Acc@1 58.984 (60.129)	Acc@5 83.203 (82.244)
Epoch: [2][3500/5005]	Time 0.722 (0.717)	Data 0.000 (0.002)	Loss 1.6037 (1.6976)	Acc@1 61.719 (60.137)	Acc@5 83.984 (82.229)
Epoch: [2][4000/5005]	Time 0.699 (0.717)	Data 0.000 (0.002)	Loss 1.6282 (1.6972)	Acc@1 62.109 (60.162)	Acc@5 81.641 (82.235)
Epoch: [2][4500/5005]	Time 0.720 (0.717)	Data 0.000 (0.002)	Loss 1.5467 (1.6963)	Acc@1 62.891 (60.183)	Acc@5 83.984 (82.257)
Epoch: [2][5000/5005]	Time 0.699 (0.717)	Data 0.000 (0.002)	Loss 1.6280 (1.6961)	Acc@1 62.891 (60.180)	Acc@5 82.812 (82.258)
Test: [0/196]	Time 3.172 (3.172)	Loss 0.6783 (0.6783)	Acc@1 82.422 (82.422)	Acc@5 95.703 (95.703)
 * Acc@1 68.444 Acc@5 88.828
weight information for regulizer based pretrain
[tensor(0.0006, device='cuda:0'), tensor(0.0012, device='cuda:0'), tensor(0.0144, device='cuda:0')] [tensor(7.8402e-06, device='cuda:0'), tensor(3.4584e-05, device='cuda:0'), tensor(0.0001, device='cuda:0')]
Epoch: [3][0/5005]	Time 2.640 (2.640)	Data 2.411 (2.411)	Loss 1.8144 (1.8144)	Acc@1 59.766 (59.766)	Acc@5 77.734 (77.734)
Epoch: [3][500/5005]	Time 0.699 (0.722)	Data 0.000 (0.006)	Loss 1.6972 (1.7014)	Acc@1 62.109 (60.289)	Acc@5 82.812 (82.225)
Epoch: [3][1000/5005]	Time 0.717 (0.718)	Data 0.000 (0.004)	Loss 1.7387 (1.6966)	Acc@1 60.156 (60.275)	Acc@5 80.859 (82.345)
Epoch: [3][1500/5005]	Time 0.733 (0.718)	Data 0.000 (0.003)	Loss 1.5923 (1.6975)	Acc@1 63.281 (60.260)	Acc@5 84.375 (82.293)
Epoch: [3][2000/5005]	Time 0.730 (0.718)	Data 0.000 (0.002)	Loss 1.6618 (1.6967)	Acc@1 57.422 (60.254)	Acc@5 84.375 (82.312)
Epoch: [3][2500/5005]	Time 0.661 (0.717)	Data 0.000 (0.002)	Loss 1.8713 (1.6958)	Acc@1 55.859 (60.258)	Acc@5 79.688 (82.302)
Epoch: [3][3000/5005]	Time 0.723 (0.717)	Data 0.000 (0.002)	Loss 1.6000 (1.6973)	Acc@1 61.719 (60.218)	Acc@5 82.812 (82.272)
Epoch: [3][3500/5005]	Time 0.721 (0.717)	Data 0.000 (0.002)	Loss 1.7166 (1.6951)	Acc@1 61.328 (60.242)	Acc@5 83.203 (82.295)
Epoch: [3][4000/5005]	Time 0.696 (0.717)	Data 0.000 (0.002)	Loss 1.6775 (1.6946)	Acc@1 61.328 (60.247)	Acc@5 82.422 (82.323)
Epoch: [3][4500/5005]	Time 0.721 (0.717)	Data 0.000 (0.002)	Loss 1.5686 (1.6950)	Acc@1 64.844 (60.235)	Acc@5 84.375 (82.309)
Epoch: [3][5000/5005]	Time 0.698 (0.717)	Data 0.000 (0.002)	Loss 1.5620 (1.6945)	Acc@1 63.281 (60.245)	Acc@5 84.375 (82.309)
Test: [0/196]	Time 3.068 (3.068)	Loss 0.6793 (0.6793)	Acc@1 82.422 (82.422)	Acc@5 95.703 (95.703)
 * Acc@1 68.460 Acc@5 88.834
weight information for regulizer based pretrain
[tensor(0.0006, device='cuda:0'), tensor(0.0012, device='cuda:0'), tensor(0.0144, device='cuda:0')] [tensor(7.8535e-06, device='cuda:0'), tensor(3.4680e-05, device='cuda:0'), tensor(0.0001, device='cuda:0')]
Epoch: [4][0/5005]	Time 2.697 (2.697)	Data 2.467 (2.467)	Loss 1.8817 (1.8817)	Acc@1 55.469 (55.469)	Acc@5 82.031 (82.031)
Epoch: [4][500/5005]	Time 0.735 (0.722)	Data 0.000 (0.006)	Loss 1.6628 (1.6963)	Acc@1 62.891 (59.997)	Acc@5 82.812 (82.329)
Epoch: [4][1000/5005]	Time 0.729 (0.718)	Data 0.000 (0.004)	Loss 1.5420 (1.6990)	Acc@1 59.766 (60.083)	Acc@5 86.328 (82.245)
Epoch: [4][1500/5005]	Time 0.724 (0.718)	Data 0.000 (0.003)	Loss 1.6127 (1.6996)	Acc@1 62.891 (60.031)	Acc@5 83.594 (82.226)
Epoch: [4][2000/5005]	Time 0.727 (0.718)	Data 0.000 (0.002)	Loss 1.8146 (1.6975)	Acc@1 57.812 (60.089)	Acc@5 80.469 (82.257)
Epoch: [4][2500/5005]	Time 0.746 (0.718)	Data 0.000 (0.002)	Loss 1.7390 (1.6978)	Acc@1 58.594 (60.136)	Acc@5 83.984 (82.272)
Epoch: [4][3000/5005]	Time 0.730 (0.717)	Data 0.000 (0.002)	Loss 1.9263 (1.6965)	Acc@1 60.547 (60.142)	Acc@5 78.906 (82.304)
Epoch: [4][3500/5005]	Time 0.710 (0.717)	Data 0.000 (0.002)	Loss 1.6829 (1.6964)	Acc@1 60.156 (60.125)	Acc@5 82.031 (82.299)
Epoch: [4][4000/5005]	Time 0.714 (0.717)	Data 0.000 (0.002)	Loss 1.9324 (1.6957)	Acc@1 53.516 (60.161)	Acc@5 78.516 (82.314)
Epoch: [4][4500/5005]	Time 0.698 (0.717)	Data 0.000 (0.002)	Loss 1.7449 (1.6946)	Acc@1 61.328 (60.176)	Acc@5 80.859 (82.333)
Epoch: [4][5000/5005]	Time 0.718 (0.717)	Data 0.000 (0.002)	Loss 1.5852 (1.6935)	Acc@1 65.625 (60.205)	Acc@5 83.203 (82.347)
Test: [0/196]	Time 3.000 (3.000)	Loss 0.6776 (0.6776)	Acc@1 82.422 (82.422)	Acc@5 95.703 (95.703)
 * Acc@1 68.478 Acc@5 88.844
weight information for regulizer based pretrain
[tensor(0.0006, device='cuda:0'), tensor(0.0012, device='cuda:0'), tensor(0.0144, device='cuda:0')] [tensor(7.8669e-06, device='cuda:0'), tensor(3.4775e-05, device='cuda:0'), tensor(0.0001, device='cuda:0')]
Epoch: [5][0/5005]	Time 2.544 (2.544)	Data 2.324 (2.324)	Loss 1.6976 (1.6976)	Acc@1 63.672 (63.672)	Acc@5 83.984 (83.984)
Epoch: [5][500/5005]	Time 0.712 (0.722)	Data 0.000 (0.006)	Loss 1.7361 (1.6942)	Acc@1 58.594 (60.142)	Acc@5 82.812 (82.424)
Epoch: [5][1000/5005]	Time 0.717 (0.717)	Data 0.000 (0.004)	Loss 1.8030 (1.6939)	Acc@1 60.156 (60.260)	Acc@5 79.688 (82.402)
Epoch: [5][1500/5005]	Time 0.721 (0.717)	Data 0.000 (0.003)	Loss 1.6235 (1.6948)	Acc@1 64.062 (60.224)	Acc@5 83.203 (82.373)
Epoch: [5][2000/5005]	Time 0.696 (0.717)	Data 0.000 (0.002)	Loss 1.8283 (1.6941)	Acc@1 55.469 (60.205)	Acc@5 81.250 (82.387)
Epoch: [5][2500/5005]	Time 0.730 (0.717)	Data 0.000 (0.002)	Loss 1.6149 (1.6942)	Acc@1 63.281 (60.218)	Acc@5 82.812 (82.364)
Epoch: [5][3000/5005]	Time 0.687 (0.717)	Data 0.000 (0.002)	Loss 1.8634 (1.6939)	Acc@1 55.859 (60.222)	Acc@5 79.688 (82.345)
Epoch: [5][3500/5005]	Time 0.711 (0.717)	Data 0.000 (0.002)	Loss 1.7938 (1.6945)	Acc@1 56.250 (60.226)	Acc@5 79.297 (82.326)
Epoch: [5][4000/5005]	Time 0.702 (0.717)	Data 0.000 (0.002)	Loss 1.8476 (1.6943)	Acc@1 56.641 (60.248)	Acc@5 81.250 (82.331)
Epoch: [5][4500/5005]	Time 0.706 (0.717)	Data 0.000 (0.002)	Loss 1.5452 (1.6938)	Acc@1 61.328 (60.242)	Acc@5 85.547 (82.328)
Epoch: [5][5000/5005]	Time 0.725 (0.717)	Data 0.000 (0.002)	Loss 1.7202 (1.6931)	Acc@1 60.547 (60.250)	Acc@5 82.031 (82.338)
Test: [0/196]	Time 2.923 (2.923)	Loss 0.6773 (0.6773)	Acc@1 82.422 (82.422)	Acc@5 95.703 (95.703)
 * Acc@1 68.498 Acc@5 88.844
weight information for regulizer based pretrain
[tensor(0.0006, device='cuda:0'), tensor(0.0012, device='cuda:0'), tensor(0.0144, device='cuda:0')] [tensor(7.8801e-06, device='cuda:0'), tensor(3.4869e-05, device='cuda:0'), tensor(0.0001, device='cuda:0')]
Epoch: [6][0/5005]	Time 2.195 (2.195)	Data 1.959 (1.959)	Loss 1.7023 (1.7023)	Acc@1 58.984 (58.984)	Acc@5 82.031 (82.031)
Epoch: [6][500/5005]	Time 0.704 (0.719)	Data 0.000 (0.005)	Loss 1.7755 (1.6919)	Acc@1 56.641 (60.267)	Acc@5 82.031 (82.304)
Epoch: [6][1000/5005]	Time 0.716 (0.717)	Data 0.000 (0.003)	Loss 1.8120 (1.6916)	Acc@1 59.375 (60.269)	Acc@5 79.688 (82.351)
Epoch: [6][1500/5005]	Time 0.683 (0.717)	Data 0.000 (0.003)	Loss 1.8436 (1.6911)	Acc@1 57.812 (60.268)	Acc@5 79.297 (82.343)
Epoch: [6][2000/5005]	Time 0.704 (0.717)	Data 0.000 (0.002)	Loss 1.5987 (1.6909)	Acc@1 61.719 (60.260)	Acc@5 83.984 (82.360)
Epoch: [6][2500/5005]	Time 0.759 (0.717)	Data 0.000 (0.002)	Loss 1.6495 (1.6913)	Acc@1 58.984 (60.271)	Acc@5 81.250 (82.348)
Epoch: [6][3000/5005]	Time 0.703 (0.717)	Data 0.000 (0.002)	Loss 1.4818 (1.6893)	Acc@1 62.109 (60.327)	Acc@5 85.547 (82.383)
Epoch: [6][3500/5005]	Time 0.701 (0.717)	Data 0.000 (0.002)	Loss 1.7721 (1.6903)	Acc@1 58.984 (60.317)	Acc@5 79.688 (82.371)
Epoch: [6][4000/5005]	Time 0.722 (0.717)	Data 0.000 (0.002)	Loss 1.6994 (1.6915)	Acc@1 58.594 (60.305)	Acc@5 82.031 (82.360)
Epoch: [6][4500/5005]	Time 0.717 (0.717)	Data 0.000 (0.002)	Loss 1.8028 (1.6908)	Acc@1 56.641 (60.311)	Acc@5 81.250 (82.372)
Epoch: [6][5000/5005]	Time 0.696 (0.717)	Data 0.000 (0.002)	Loss 1.8595 (1.6908)	Acc@1 57.031 (60.320)	Acc@5 79.297 (82.375)
Test: [0/196]	Time 2.993 (2.993)	Loss 0.6778 (0.6778)	Acc@1 82.422 (82.422)	Acc@5 95.703 (95.703)
 * Acc@1 68.502 Acc@5 88.848
weight information for regulizer based pretrain
[tensor(0.0006, device='cuda:0'), tensor(0.0012, device='cuda:0'), tensor(0.0144, device='cuda:0')] [tensor(7.8932e-06, device='cuda:0'), tensor(3.4963e-05, device='cuda:0'), tensor(0.0001, device='cuda:0')]
Epoch: [7][0/5005]	Time 2.387 (2.387)	Data 2.125 (2.125)	Loss 1.7955 (1.7955)	Acc@1 53.906 (53.906)	Acc@5 78.516 (78.516)
Epoch: [7][500/5005]	Time 0.697 (0.717)	Data 0.000 (0.005)	Loss 1.6764 (1.6902)	Acc@1 60.547 (60.313)	Acc@5 83.203 (82.338)
Epoch: [7][1000/5005]	Time 0.720 (0.716)	Data 0.000 (0.003)	Loss 1.5768 (1.6892)	Acc@1 64.062 (60.322)	Acc@5 85.156 (82.356)
Epoch: [7][1500/5005]	Time 0.716 (0.717)	Data 0.000 (0.003)	Loss 1.7564 (1.6918)	Acc@1 60.156 (60.273)	Acc@5 80.469 (82.351)
Epoch: [7][2000/5005]	Time 0.719 (0.717)	Data 0.000 (0.002)	Loss 1.5768 (1.6908)	Acc@1 59.375 (60.293)	Acc@5 85.547 (82.355)
Epoch: [7][2500/5005]	Time 0.702 (0.717)	Data 0.000 (0.002)	Loss 1.6669 (1.6918)	Acc@1 60.156 (60.274)	Acc@5 83.984 (82.353)
Epoch: [7][3000/5005]	Time 0.719 (0.717)	Data 0.000 (0.002)	Loss 1.7757 (1.6925)	Acc@1 57.812 (60.250)	Acc@5 81.250 (82.331)
Epoch: [7][3500/5005]	Time 0.737 (0.717)	Data 0.000 (0.002)	Loss 1.6136 (1.6917)	Acc@1 60.938 (60.249)	Acc@5 82.422 (82.339)
Epoch: [7][4000/5005]	Time 0.735 (0.717)	Data 0.000 (0.002)	Loss 1.8291 (1.6919)	Acc@1 56.250 (60.239)	Acc@5 81.641 (82.338)
Epoch: [7][4500/5005]	Time 0.722 (0.717)	Data 0.000 (0.002)	Loss 1.7513 (1.6912)	Acc@1 58.594 (60.270)	Acc@5 81.250 (82.345)
Epoch: [7][5000/5005]	Time 0.695 (0.716)	Data 0.000 (0.002)	Loss 1.6377 (1.6919)	Acc@1 61.328 (60.248)	Acc@5 84.766 (82.336)
Test: [0/196]	Time 3.036 (3.036)	Loss 0.6781 (0.6781)	Acc@1 82.422 (82.422)	Acc@5 95.703 (95.703)
 * Acc@1 68.520 Acc@5 88.848
weight information for regulizer based pretrain
[tensor(0.0006, device='cuda:0'), tensor(0.0012, device='cuda:0'), tensor(0.0144, device='cuda:0')] [tensor(7.9062e-06, device='cuda:0'), tensor(3.5056e-05, device='cuda:0'), tensor(0.0001, device='cuda:0')]
Epoch: [8][0/5005]	Time 2.528 (2.528)	Data 2.255 (2.255)	Loss 1.8352 (1.8352)	Acc@1 55.859 (55.859)	Acc@5 79.688 (79.688)
Epoch: [8][500/5005]	Time 0.722 (0.717)	Data 0.000 (0.006)	Loss 1.7334 (1.6914)	Acc@1 59.766 (60.305)	Acc@5 84.375 (82.379)
Epoch: [8][1000/5005]	Time 0.722 (0.717)	Data 0.000 (0.003)	Loss 1.5431 (1.6918)	Acc@1 62.109 (60.229)	Acc@5 86.719 (82.351)
Epoch: [8][1500/5005]	Time 0.720 (0.717)	Data 0.000 (0.003)	Loss 1.7251 (1.6942)	Acc@1 53.516 (60.215)	Acc@5 83.594 (82.337)
Epoch: [8][2000/5005]	Time 0.725 (0.717)	Data 0.000 (0.002)	Loss 1.7585 (1.6917)	Acc@1 62.891 (60.297)	Acc@5 80.859 (82.351)
Epoch: [8][2500/5005]	Time 0.727 (0.717)	Data 0.000 (0.002)	Loss 1.7337 (1.6912)	Acc@1 63.672 (60.312)	Acc@5 80.078 (82.348)
Epoch: [8][3000/5005]	Time 0.703 (0.717)	Data 0.000 (0.002)	Loss 1.7937 (1.6913)	Acc@1 58.984 (60.305)	Acc@5 81.641 (82.354)
Epoch: [8][3500/5005]	Time 0.701 (0.717)	Data 0.000 (0.002)	Loss 1.6010 (1.6910)	Acc@1 61.328 (60.324)	Acc@5 83.984 (82.351)
Epoch: [8][4000/5005]	Time 0.720 (0.717)	Data 0.000 (0.002)	Loss 1.9804 (1.6902)	Acc@1 53.906 (60.346)	Acc@5 77.344 (82.363)
Epoch: [8][4500/5005]	Time 0.688 (0.717)	Data 0.001 (0.002)	Loss 1.5199 (1.6903)	Acc@1 68.750 (60.328)	Acc@5 86.328 (82.369)
Epoch: [8][5000/5005]	Time 0.697 (0.717)	Data 0.000 (0.002)	Loss 1.8410 (1.6902)	Acc@1 60.938 (60.322)	Acc@5 78.516 (82.358)
Test: [0/196]	Time 3.296 (3.296)	Loss 0.6783 (0.6783)	Acc@1 82.422 (82.422)	Acc@5 95.703 (95.703)
 * Acc@1 68.552 Acc@5 88.868
weight information for regulizer based pretrain
[tensor(0.0006, device='cuda:0'), tensor(0.0012, device='cuda:0'), tensor(0.0144, device='cuda:0')] [tensor(7.9192e-06, device='cuda:0'), tensor(3.5149e-05, device='cuda:0'), tensor(0.0001, device='cuda:0')]
Epoch: [9][0/5005]	Time 2.602 (2.602)	Data 2.370 (2.370)	Loss 1.5598 (1.5598)	Acc@1 66.406 (66.406)	Acc@5 84.766 (84.766)
Epoch: [9][500/5005]	Time 0.704 (0.718)	Data 0.000 (0.006)	Loss 1.6780 (1.6900)	Acc@1 63.281 (60.207)	Acc@5 81.641 (82.407)
Epoch: [9][1000/5005]	Time 0.703 (0.718)	Data 0.000 (0.004)	Loss 1.6559 (1.6882)	Acc@1 60.938 (60.267)	Acc@5 82.422 (82.329)
Epoch: [9][1500/5005]	Time 0.720 (0.718)	Data 0.000 (0.003)	Loss 1.4257 (1.6894)	Acc@1 65.625 (60.318)	Acc@5 84.766 (82.330)
Epoch: [9][2000/5005]	Time 0.716 (0.718)	Data 0.000 (0.002)	Loss 1.6341 (1.6894)	Acc@1 65.234 (60.317)	Acc@5 83.594 (82.330)
Epoch: [9][2500/5005]	Time 0.721 (0.717)	Data 0.000 (0.002)	Loss 1.7000 (1.6896)	Acc@1 60.938 (60.334)	Acc@5 81.250 (82.342)
Epoch: [9][3000/5005]	Time 0.720 (0.717)	Data 0.000 (0.002)	Loss 1.6809 (1.6896)	Acc@1 61.328 (60.340)	Acc@5 85.156 (82.346)
Epoch: [9][3500/5005]	Time 0.720 (0.717)	Data 0.000 (0.002)	Loss 1.4586 (1.6894)	Acc@1 65.625 (60.321)	Acc@5 89.062 (82.341)
Epoch: [9][4000/5005]	Time 0.755 (0.717)	Data 0.000 (0.002)	Loss 1.6360 (1.6886)	Acc@1 60.547 (60.340)	Acc@5 83.594 (82.359)
Epoch: [9][4500/5005]	Time 0.693 (0.717)	Data 0.000 (0.002)	Loss 1.8812 (1.6897)	Acc@1 60.156 (60.307)	Acc@5 79.297 (82.350)
Epoch: [9][5000/5005]	Time 0.704 (0.717)	Data 0.000 (0.002)	Loss 1.8562 (1.6907)	Acc@1 51.953 (60.286)	Acc@5 79.688 (82.347)
Test: [0/196]	Time 3.014 (3.014)	Loss 0.6783 (0.6783)	Acc@1 82.422 (82.422)	Acc@5 95.703 (95.703)
 * Acc@1 68.558 Acc@5 88.874
